#
# There is insufficient memory for the Java Runtime Environment to continue.
# Native memory allocation (mmap) failed to map 63963136 bytes for committing reserved memory.
# Possible reasons:
#   The system is out of physical RAM or swap space
#   In 32 bit mode, the process size limit was hit
# Possible solutions:
#   Reduce memory load on the system
#   Increase physical memory or swap space
#   Check if swap backing store is full
#   Use 64 bit Java on a 64 bit OS
#   Decrease Java heap size (-Xmx/-Xms)
#   Decrease number of Java threads
#   Decrease Java thread stack sizes (-Xss)
#   Set larger code cache with -XX:ReservedCodeCacheSize=
# This output file may be truncated or incomplete.
#
#  Out of Memory Error (os_linux.cpp:2630), pid=5551, tid=0x00007fe63d694700
#
# JRE version: OpenJDK Runtime Environment (8.0_121-b13) (build 1.8.0_121-8u121-b13-0ubuntu1.16.04.2-b13)
# Java VM: OpenJDK 64-Bit Server VM (25.121-b13 mixed mode linux-amd64 compressed oops)
# Failed to write core dump. Core dumps have been disabled. To enable core dumping, try "ulimit -c unlimited" before starting Java again
#

---------------  T H R E A D  ---------------

Current thread (0x00007fe660077800):  VMThread [stack: 0x00007fe63d594000,0x00007fe63d695000] [id=5559]

Stack: [0x00007fe63d594000,0x00007fe63d695000],  sp=0x00007fe63d6934c0,  free space=1021k
Native frames: (J=compiled Java code, j=interpreted, Vv=VM code, C=native code)
V  [libjvm.so+0xa6647b]
V  [libjvm.so+0x4c32dc]
V  [libjvm.so+0x8b4b60]
V  [libjvm.so+0x8aefde]
V  [libjvm.so+0x929a16]
V  [libjvm.so+0x92ad43]
V  [libjvm.so+0x9273f3]
V  [libjvm.so+0x9276bc]
V  [libjvm.so+0x8d9553]
V  [libjvm.so+0xa68132]
V  [libjvm.so+0xa6d217]
V  [libjvm.so+0xa6a9e7]
V  [libjvm.so+0xa6be6f]
V  [libjvm.so+0xa6c361]
V  [libjvm.so+0x8b2042]

VM_Operation (0x00007fe6682b9fd0): ParallelGCFailedAllocation, mode: safepoint, requested by thread 0x00007fe66000a000


---------------  P R O C E S S  ---------------

Java Threads: ( => current thread )
  0x00007fe66030f800 JavaThread "process reaper" daemon [_thread_blocked, id=5587, stack(0x00007fe63ca02000,0x00007fe63ca3b000)]
  0x00007fe6600c1000 JavaThread "Service Thread" daemon [_thread_blocked, id=5574, stack(0x00007fe63cbb5000,0x00007fe63ccb6000)]
  0x00007fe6600b1800 JavaThread "C1 CompilerThread2" daemon [_thread_blocked, id=5571, stack(0x00007fe63ccb6000,0x00007fe63cdb7000)]
  0x00007fe6600af800 JavaThread "C2 CompilerThread1" daemon [_thread_in_native, id=5570, stack(0x00007fe63cdb7000,0x00007fe63ceb8000)]
  0x00007fe6600ac800 JavaThread "C2 CompilerThread0" daemon [_thread_in_native, id=5569, stack(0x00007fe63ceb8000,0x00007fe63cfb9000)]
  0x00007fe6600aa800 JavaThread "Signal Dispatcher" daemon [_thread_blocked, id=5566, stack(0x00007fe63cfb9000,0x00007fe63d0ba000)]
  0x00007fe660083800 JavaThread "Finalizer" daemon [_thread_blocked, id=5565, stack(0x00007fe63d392000,0x00007fe63d493000)]
  0x00007fe66007f000 JavaThread "Reference Handler" daemon [_thread_blocked, id=5562, stack(0x00007fe63d493000,0x00007fe63d594000)]
  0x00007fe66000a000 JavaThread "main" [_thread_blocked, id=5554, stack(0x00007fe6681bc000,0x00007fe6682bd000)]

Other Threads:
=>0x00007fe660077800 VMThread [stack: 0x00007fe63d594000,0x00007fe63d695000] [id=5559]
  0x00007fe6600c3800 WatcherThread [stack: 0x00007fe63cab4000,0x00007fe63cbb5000] [id=5576]

VM state:at safepoint (normal execution)

VM Mutex/Monitor currently owned by a thread:  ([mutex/lock_event])
[0x00007fe6600062c0] Threads_lock - owner thread: 0x00007fe660077800
[0x00007fe6600067c0] Heap_lock - owner thread: 0x00007fe66000a000

Heap:
 PSYoungGen      total 72192K, used 4969K [0x00000000ebc00000, 0x00000000f0b00000, 0x0000000100000000)
  eden space 63488K, 0% used [0x00000000ebc00000,0x00000000ebc00000,0x00000000efa00000)
  from space 8704K, 57% used [0x00000000efa00000,0x00000000efeda688,0x00000000f0280000)
  to   space 8704K, 0% used [0x00000000f0280000,0x00000000f0280000,0x00000000f0b00000)
 ParOldGen       total 42496K, used 15872K [0x00000000c3400000, 0x00000000c5d80000, 0x00000000ebc00000)
  object space 42496K, 37% used [0x00000000c3400000,0x00000000c43801b8,0x00000000c5d80000)
 Metaspace       used 15689K, capacity 15988K, committed 16128K, reserved 1062912K
  class space    used 1643K, capacity 1740K, committed 1792K, reserved 1048576K

Card table byte_map: [0x00007fe6646a5000,0x00007fe66488c000] byte_map_base: 0x00007fe66408b000

Marking Bits: (ParMarkBitMap*) 0x00007fe66749c220
 Begin Bits: [0x00007fe63e1a0000, 0x00007fe63f0d0000)
 End Bits:   [0x00007fe63f0d0000, 0x00007fe640000000)

Polling page: 0x00007fe6682ee000

CodeCache: size=245760Kb used=12942Kb max_used=12942Kb free=232817Kb
 bounds [0x00007fe651000000, 0x00007fe651cb0000, 0x00007fe660000000]
 total_blobs=3915 nmethods=3547 adapters=281
 compilation: enabled

Compilation events (10 events):
Event: 23.100 Thread 0x00007fe6600b1800 nmethod 3793 0x00007fe651ca90d0 code [0x00007fe651ca9260, 0x00007fe651ca9568]
Event: 23.100 Thread 0x00007fe6600b1800 3794       2       org.apache.tools.ant.types.Resource::iterator (29 bytes)
Event: 23.101 Thread 0x00007fe6600b1800 nmethod 3794 0x00007fe651ca9790 code [0x00007fe651ca9940, 0x00007fe651ca9d68]
Event: 23.101 Thread 0x00007fe6600b1800 3795       2       org.apache.tools.ant.types.Resource$1::<init> (15 bytes)
Event: 23.101 Thread 0x00007fe6600b1800 nmethod 3795 0x00007fe651caa010 code [0x00007fe651caa160, 0x00007fe651caa2d0]
Event: 23.101 Thread 0x00007fe6600b1800 3796       2       org.apache.tools.ant.types.Resource$1::next (5 bytes)
Event: 23.102 Thread 0x00007fe6600b1800 nmethod 3796 0x00007fe651caa350 code [0x00007fe651caa4c0, 0x00007fe651caa6c8]
Event: 23.102 Thread 0x00007fe6600b1800 3797       2       org.apache.tools.ant.types.Resource$1::next (25 bytes)
Event: 23.102 Thread 0x00007fe6600b1800 nmethod 3797 0x00007fe651caa810 code [0x00007fe651caa980, 0x00007fe651caab88]
Event: 23.110 Thread 0x00007fe6600b1800 3799       2       org.apache.tools.ant.types.resources.FileResource::getLastModified (28 bytes)

GC Heap History (10 events):
Event: 6.925 GC heap after
Heap after GC invocations=2 (full 0):
 PSYoungGen      total 18432K, used 2542K [0x00000000ebc00000, 0x00000000ee000000, 0x0000000100000000)
  eden space 15872K, 0% used [0x00000000ebc00000,0x00000000ebc00000,0x00000000ecb80000)
  from space 2560K, 99% used [0x00000000ece00000,0x00000000ed07b958,0x00000000ed080000)
  to   space 2560K, 0% used [0x00000000ecb80000,0x00000000ecb80000,0x00000000ece00000)
 ParOldGen       total 42496K, used 2198K [0x00000000c3400000, 0x00000000c5d80000, 0x00000000ebc00000)
  object space 42496K, 5% used [0x00000000c3400000,0x00000000c3625828,0x00000000c5d80000)
 Metaspace       used 10747K, capacity 11022K, committed 11136K, reserved 1058816K
  class space    used 1255K, capacity 1323K, committed 1408K, reserved 1048576K
}
Event: 8.165 GC heap before
{Heap before GC invocations=3 (full 0):
 PSYoungGen      total 18432K, used 18414K [0x00000000ebc00000, 0x00000000ee000000, 0x0000000100000000)
  eden space 15872K, 100% used [0x00000000ebc00000,0x00000000ecb80000,0x00000000ecb80000)
  from space 2560K, 99% used [0x00000000ece00000,0x00000000ed07b958,0x00000000ed080000)
  to   space 2560K, 0% used [0x00000000ecb80000,0x00000000ecb80000,0x00000000ece00000)
 ParOldGen       total 42496K, used 2198K [0x00000000c3400000, 0x00000000c5d80000, 0x00000000ebc00000)
  object space 42496K, 5% used [0x00000000c3400000,0x00000000c3625828,0x00000000c5d80000)
 Metaspace       used 12390K, capacity 12654K, committed 12800K, reserved 1060864K
  class space    used 1415K, capacity 1483K, committed 1536K, reserved 1048576K
Event: 8.224 GC heap after
Heap after GC invocations=3 (full 0):
 PSYoungGen      total 18432K, used 2556K [0x00000000ebc00000, 0x00000000ee000000, 0x0000000100000000)
  eden space 15872K, 0% used [0x00000000ebc00000,0x00000000ebc00000,0x00000000ecb80000)
  from space 2560K, 99% used [0x00000000ecb80000,0x00000000ecdff3c0,0x00000000ece00000)
  to   space 2560K, 0% used [0x00000000edd80000,0x00000000edd80000,0x00000000ee000000)
 ParOldGen       total 42496K, used 5750K [0x00000000c3400000, 0x00000000c5d80000, 0x00000000ebc00000)
  object space 42496K, 13% used [0x00000000c3400000,0x00000000c399da00,0x00000000c5d80000)
 Metaspace       used 12390K, capacity 12654K, committed 12800K, reserved 1060864K
  class space    used 1415K, capacity 1483K, committed 1536K, reserved 1048576K
}
Event: 9.122 GC heap before
{Heap before GC invocations=4 (full 0):
 PSYoungGen      total 18432K, used 18428K [0x00000000ebc00000, 0x00000000ee000000, 0x0000000100000000)
  eden space 15872K, 100% used [0x00000000ebc00000,0x00000000ecb80000,0x00000000ecb80000)
  from space 2560K, 99% used [0x00000000ecb80000,0x00000000ecdff3c0,0x00000000ece00000)
  to   space 2560K, 0% used [0x00000000edd80000,0x00000000edd80000,0x00000000ee000000)
 ParOldGen       total 42496K, used 5750K [0x00000000c3400000, 0x00000000c5d80000, 0x00000000ebc00000)
  object space 42496K, 13% used [0x00000000c3400000,0x00000000c399da00,0x00000000c5d80000)
 Metaspace       used 12637K, capacity 12846K, committed 13056K, reserved 1060864K
  class space    used 1431K, capacity 1483K, committed 1536K, reserved 1048576K
Event: 9.173 GC heap after
Heap after GC invocations=4 (full 0):
 PSYoungGen      total 34304K, used 2535K [0x00000000ebc00000, 0x00000000ee000000, 0x0000000100000000)
  eden space 31744K, 0% used [0x00000000ebc00000,0x00000000ebc00000,0x00000000edb00000)
  from space 2560K, 99% used [0x00000000edd80000,0x00000000edff9d98,0x00000000ee000000)
  to   space 2560K, 0% used [0x00000000edb00000,0x00000000edb00000,0x00000000edd80000)
 ParOldGen       total 42496K, used 11122K [0x00000000c3400000, 0x00000000c5d80000, 0x00000000ebc00000)
  object space 42496K, 26% used [0x00000000c3400000,0x00000000c3edc8e0,0x00000000c5d80000)
 Metaspace       used 12637K, capacity 12846K, committed 13056K, reserved 1060864K
  class space    used 1431K, capacity 1483K, committed 1536K, reserved 1048576K
}
Event: 13.494 GC heap before
{Heap before GC invocations=5 (full 0):
 PSYoungGen      total 34304K, used 34279K [0x00000000ebc00000, 0x00000000ee000000, 0x0000000100000000)
  eden space 31744K, 100% used [0x00000000ebc00000,0x00000000edb00000,0x00000000edb00000)
  from space 2560K, 99% used [0x00000000edd80000,0x00000000edff9d98,0x00000000ee000000)
  to   space 2560K, 0% used [0x00000000edb00000,0x00000000edb00000,0x00000000edd80000)
 ParOldGen       total 42496K, used 11122K [0x00000000c3400000, 0x00000000c5d80000, 0x00000000ebc00000)
  object space 42496K, 26% used [0x00000000c3400000,0x00000000c3edc8e0,0x00000000c5d80000)
 Metaspace       used 14522K, capacity 14734K, committed 14976K, reserved 1062912K
  class space    used 1574K, capacity 1643K, committed 1664K, reserved 1048576K
Event: 13.554 GC heap after
Heap after GC invocations=5 (full 0):
 PSYoungGen      total 34304K, used 2551K [0x00000000ebc00000, 0x00000000f0b00000, 0x0000000100000000)
  eden space 31744K, 0% used [0x00000000ebc00000,0x00000000ebc00000,0x00000000edb00000)
  from space 2560K, 99% used [0x00000000edb00000,0x00000000edd7dd88,0x00000000edd80000)
  to   space 8704K, 0% used [0x00000000f0280000,0x00000000f0280000,0x00000000f0b00000)
 ParOldGen       total 42496K, used 14627K [0x00000000c3400000, 0x00000000c5d80000, 0x00000000ebc00000)
  object space 42496K, 34% used [0x00000000c3400000,0x00000000c4248cf8,0x00000000c5d80000)
 Metaspace       used 14522K, capacity 14734K, committed 14976K, reserved 1062912K
  class space    used 1574K, capacity 1643K, committed 1664K, reserved 1048576K
}
Event: 16.907 GC heap before
{Heap before GC invocations=6 (full 0):
 PSYoungGen      total 34304K, used 34295K [0x00000000ebc00000, 0x00000000f0b00000, 0x0000000100000000)
  eden space 31744K, 100% used [0x00000000ebc00000,0x00000000edb00000,0x00000000edb00000)
  from space 2560K, 99% used [0x00000000edb00000,0x00000000edd7dd88,0x00000000edd80000)
  to   space 8704K, 0% used [0x00000000f0280000,0x00000000f0280000,0x00000000f0b00000)
 ParOldGen       total 42496K, used 14627K [0x00000000c3400000, 0x00000000c5d80000, 0x00000000ebc00000)
  object space 42496K, 34% used [0x00000000c3400000,0x00000000c4248cf8,0x00000000c5d80000)
 Metaspace       used 14973K, capacity 15182K, committed 15232K, reserved 1062912K
  class space    used 1581K, capacity 1643K, committed 1664K, reserved 1048576K
Event: 16.957 GC heap after
Heap after GC invocations=6 (full 0):
 PSYoungGen      total 72192K, used 3447K [0x00000000ebc00000, 0x00000000f0b00000, 0x0000000100000000)
  eden space 63488K, 0% used [0x00000000ebc00000,0x00000000ebc00000,0x00000000efa00000)
  from space 8704K, 39% used [0x00000000f0280000,0x00000000f05ddd78,0x00000000f0b00000)
  to   space 8704K, 0% used [0x00000000efa00000,0x00000000efa00000,0x00000000f0280000)
 ParOldGen       total 42496K, used 14635K [0x00000000c3400000, 0x00000000c5d80000, 0x00000000ebc00000)
  object space 42496K, 34% used [0x00000000c3400000,0x00000000c424acf8,0x00000000c5d80000)
 Metaspace       used 14973K, capacity 15182K, committed 15232K, reserved 1062912K
  class space    used 1581K, capacity 1643K, committed 1664K, reserved 1048576K
}
Event: 23.110 GC heap before
{Heap before GC invocations=7 (full 0):
 PSYoungGen      total 72192K, used 66935K [0x00000000ebc00000, 0x00000000f0b00000, 0x0000000100000000)
  eden space 63488K, 100% used [0x00000000ebc00000,0x00000000efa00000,0x00000000efa00000)
  from space 8704K, 39% used [0x00000000f0280000,0x00000000f05ddd78,0x00000000f0b00000)
  to   space 8704K, 0% used [0x00000000efa00000,0x00000000efa00000,0x00000000f0280000)
 ParOldGen       total 42496K, used 14635K [0x00000000c3400000, 0x00000000c5d80000, 0x00000000ebc00000)
  object space 42496K, 34% used [0x00000000c3400000,0x00000000c424acf8,0x00000000c5d80000)
 Metaspace       used 15689K, capacity 15988K, committed 16128K, reserved 1062912K
  class space    used 1643K, capacity 1740K, committed 1792K, reserved 1048576K

Deoptimization events (10 events):
Event: 19.817 Thread 0x00007fe66000a000 Uncommon trap: reason=bimorphic action=maybe_recompile pc=0x00007fe651a80a98 method=com.sun.tools.javac.code.Types$SameTypeVisitor.visitClassType(Lcom/sun/tools/javac/code/Type$ClassType;Lcom/sun/tools/javac/code/Type;)Ljava/lang/Boolean; @ 95
Event: 19.817 Thread 0x00007fe66000a000 Uncommon trap: reason=bimorphic action=maybe_recompile pc=0x00007fe651a80a98 method=com.sun.tools.javac.code.Types$SameTypeVisitor.visitClassType(Lcom/sun/tools/javac/code/Type$ClassType;Lcom/sun/tools/javac/code/Type;)Ljava/lang/Boolean; @ 95
Event: 19.846 Thread 0x00007fe66000a000 Uncommon trap: reason=unstable_if action=reinterpret pc=0x00007fe65180983c method=com.sun.tools.javac.code.Types.isSubtype(Lcom/sun/tools/javac/code/Type;Lcom/sun/tools/javac/code/Type;Z)Z @ 28
Event: 19.857 Thread 0x00007fe66000a000 Uncommon trap: reason=class_check action=maybe_recompile pc=0x00007fe6516d4fd4 method=java.util.HashMap.putVal(ILjava/lang/Object;Ljava/lang/Object;ZZ)Ljava/lang/Object; @ 253
Event: 19.857 Thread 0x00007fe66000a000 Uncommon trap: reason=unstable_if action=reinterpret pc=0x00007fe651b3a950 method=java.util.HashSet.remove(Ljava/lang/Object;)Z @ 11
Event: 21.788 Thread 0x00007fe66000a000 Uncommon trap: reason=unstable_if action=reinterpret pc=0x00007fe651c05454 method=java.util.HashMap.removeNode(ILjava/lang/Object;Ljava/lang/Object;ZZ)Ljava/util/HashMap$Node; @ 58
Event: 21.789 Thread 0x00007fe66000a000 Uncommon trap: reason=unstable_if action=reinterpret pc=0x00007fe6511d6520 method=java.util.Date.normalize()Lsun/util/calendar/BaseCalendar$Date; @ 45
Event: 23.020 Thread 0x00007fe66000a000 Uncommon trap: reason=predicate action=maybe_recompile pc=0x00007fe651329884 method=java.util.StringTokenizer.skipDelimiters(I)I @ 17
Event: 23.020 Thread 0x00007fe66000a000 Uncommon trap: reason=unstable_if action=reinterpret pc=0x00007fe651311ae8 method=java.util.StringTokenizer.scanToken(I)I @ 96
Event: 23.028 Thread 0x00007fe66000a000 Uncommon trap: reason=unstable_if action=reinterpret pc=0x00007fe651b21dc8 method=java.lang.ref.ReferenceQueue.poll()Ljava/lang/ref/Reference; @ 4

Internal exceptions (10 events):
Event: 1.198 Thread 0x00007fe66000a000 Exception <a 'java/security/PrivilegedActionException'> (0x00000000ebc9e950) thrown at [/build/openjdk-8-YiEakL/openjdk-8-8u121-b13/src/hotspot/src/share/vm/prims/jvm.cpp, line 1390]
Event: 1.198 Thread 0x00007fe66000a000 Exception <a 'java/security/PrivilegedActionException'> (0x00000000ebc9eb60) thrown at [/build/openjdk-8-YiEakL/openjdk-8-8u121-b13/src/hotspot/src/share/vm/prims/jvm.cpp, line 1390]
Event: 1.200 Thread 0x00007fe66000a000 Exception <a 'java/security/PrivilegedActionException'> (0x00000000ebceece0) thrown at [/build/openjdk-8-YiEakL/openjdk-8-8u121-b13/src/hotspot/src/share/vm/prims/jvm.cpp, line 1390]
Event: 1.200 Thread 0x00007fe66000a000 Exception <a 'java/security/PrivilegedActionException'> (0x00000000ebceeef0) thrown at [/build/openjdk-8-YiEakL/openjdk-8-8u121-b13/src/hotspot/src/share/vm/prims/jvm.cpp, line 1390]
Event: 4.791 Thread 0x00007fe66000a000 Exception <a 'java/lang/NoSuchFieldError': method resolution failed> (0x00000000ec69ee20) thrown at [/build/openjdk-8-YiEakL/openjdk-8-8u121-b13/src/hotspot/src/share/vm/prims/methodHandles.cpp, line 1146]
Event: 4.794 Thread 0x00007fe66000a000 Exception <a 'java/lang/NoSuchFieldError': method resolution failed> (0x00000000ec6ac510) thrown at [/build/openjdk-8-YiEakL/openjdk-8-8u121-b13/src/hotspot/src/share/vm/prims/methodHandles.cpp, line 1146]
Event: 5.488 Thread 0x00007fe66000a000 Exception <a 'java/lang/ClassNotFoundException': org/apache/tools/ant/helper/DefaultExecutor> (0x00000000ec8e6268) thrown at [/build/openjdk-8-YiEakL/openjdk-8-8u121-b13/src/hotspot/src/share/vm/classfile/systemDictionary.cpp, line 210]
Event: 8.762 Thread 0x00007fe66000a000 Exception <a 'java/io/FileNotFoundException'> (0x00000000ec656650) thrown at [/build/openjdk-8-YiEakL/openjdk-8-8u121-b13/src/hotspot/src/share/vm/prims/jni.cpp, line 709]
Event: 8.799 Thread 0x00007fe66000a000 Exception <a 'java/io/FileNotFoundException'> (0x00000000ec697558) thrown at [/build/openjdk-8-YiEakL/openjdk-8-8u121-b13/src/hotspot/src/share/vm/prims/jni.cpp, line 709]
Event: 8.799 Thread 0x00007fe66000a000 Exception <a 'java/io/FileNotFoundException'> (0x00000000ec698220) thrown at [/build/openjdk-8-YiEakL/openjdk-8-8u121-b13/src/hotspot/src/share/vm/prims/jni.cpp, line 709]

Events (10 events):
Event: 23.020 Thread 0x00007fe66000a000 Uncommon trap: trap_request=0xffffff86 fr.pc=0x00007fe651329884
Event: 23.020 Thread 0x00007fe66000a000 DEOPT PACKING pc=0x00007fe651329884 sp=0x00007fe6682ba790
Event: 23.020 Thread 0x00007fe66000a000 DEOPT UNPACKING pc=0x00007fe651004f69 sp=0x00007fe6682ba750 mode 2
Event: 23.020 Thread 0x00007fe66000a000 Uncommon trap: trap_request=0xffffff65 fr.pc=0x00007fe651311ae8
Event: 23.020 Thread 0x00007fe66000a000 DEOPT PACKING pc=0x00007fe651311ae8 sp=0x00007fe6682ba780
Event: 23.020 Thread 0x00007fe66000a000 DEOPT UNPACKING pc=0x00007fe651004f69 sp=0x00007fe6682ba738 mode 2
Event: 23.028 Thread 0x00007fe66000a000 Uncommon trap: trap_request=0xffffff65 fr.pc=0x00007fe651b21dc8
Event: 23.028 Thread 0x00007fe66000a000 DEOPT PACKING pc=0x00007fe651b21dc8 sp=0x00007fe6682ba250
Event: 23.028 Thread 0x00007fe66000a000 DEOPT UNPACKING pc=0x00007fe651004f69 sp=0x00007fe6682ba0a8 mode 2
Event: 23.110 Executing VM operation: ParallelGCFailedAllocation


Dynamic libraries:
00400000-00401000 r-xp 00000000 08:04 7733285                            /usr/lib/jvm/java-8-openjdk-amd64/jre/bin/java
00600000-00601000 r--p 00000000 08:04 7733285                            /usr/lib/jvm/java-8-openjdk-amd64/jre/bin/java
00601000-00602000 rw-p 00001000 08:04 7733285                            /usr/lib/jvm/java-8-openjdk-amd64/jre/bin/java
00627000-00648000 rw-p 00000000 00:00 0                                  [heap]
c3400000-c5d80000 rw-p 00000000 00:00 0 
c5d80000-ebc00000 ---p 00000000 00:00 0 
ebc00000-f0b00000 rw-p 00000000 00:00 0 
f4800000-100000000 ---p 00000000 00:00 0 
100000000-1001c0000 rw-p 00000000 00:00 0 
1001c0000-140000000 ---p 00000000 00:00 0 
7fe608000000-7fe608021000 rw-p 00000000 00:00 0 
7fe608021000-7fe60c000000 ---p 00000000 00:00 0 
7fe60f5b7000-7fe60f5c8000 r-xp 00000000 08:04 8257742                    /usr/lib/jvm/java-8-openjdk-amd64/jre/lib/amd64/libnio.so
7fe60f5c8000-7fe60f7c8000 ---p 00011000 08:04 8257742                    /usr/lib/jvm/java-8-openjdk-amd64/jre/lib/amd64/libnio.so
7fe60f7c8000-7fe60f7c9000 r--p 00011000 08:04 8257742                    /usr/lib/jvm/java-8-openjdk-amd64/jre/lib/amd64/libnio.so
7fe60f7c9000-7fe60f7ca000 rw-p 00012000 08:04 8257742                    /usr/lib/jvm/java-8-openjdk-amd64/jre/lib/amd64/libnio.so
7fe60fae7000-7fe60fde8000 rw-p 00000000 00:00 0 
7fe60fde8000-7fe60fdff000 r-xp 00000000 08:04 8257636                    /usr/lib/jvm/java-8-openjdk-amd64/jre/lib/amd64/libnet.so
7fe60fdff000-7fe60fffe000 ---p 00017000 08:04 8257636                    /usr/lib/jvm/java-8-openjdk-amd64/jre/lib/amd64/libnet.so
7fe60fffe000-7fe60ffff000 r--p 00016000 08:04 8257636                    /usr/lib/jvm/java-8-openjdk-amd64/jre/lib/amd64/libnet.so
7fe60ffff000-7fe610000000 rw-p 00017000 08:04 8257636                    /usr/lib/jvm/java-8-openjdk-amd64/jre/lib/amd64/libnet.so
7fe610000000-7fe610021000 rw-p 00000000 00:00 0 
7fe610021000-7fe614000000 ---p 00000000 00:00 0 
7fe614000000-7fe614021000 rw-p 00000000 00:00 0 
7fe614021000-7fe618000000 ---p 00000000 00:00 0 
7fe618000000-7fe618021000 rw-p 00000000 00:00 0 
7fe618021000-7fe61c000000 ---p 00000000 00:00 0 
7fe61c000000-7fe61c021000 rw-p 00000000 00:00 0 
7fe61c021000-7fe620000000 ---p 00000000 00:00 0 
7fe620000000-7fe62116f000 rw-p 00000000 00:00 0 
7fe62116f000-7fe624000000 ---p 00000000 00:00 0 
7fe624000000-7fe6250a5000 rw-p 00000000 00:00 0 
7fe6250a5000-7fe628000000 ---p 00000000 00:00 0 
7fe628000000-7fe628021000 rw-p 00000000 00:00 0 
7fe628021000-7fe62c000000 ---p 00000000 00:00 0 
7fe62c000000-7fe62dfc0000 rw-p 00000000 00:00 0 
7fe62dfc0000-7fe630000000 ---p 00000000 00:00 0 
7fe630000000-7fe630021000 rw-p 00000000 00:00 0 
7fe630021000-7fe634000000 ---p 00000000 00:00 0 
7fe634000000-7fe634021000 rw-p 00000000 00:00 0 
7fe634021000-7fe638000000 ---p 00000000 00:00 0 
7fe638000000-7fe638021000 rw-p 00000000 00:00 0 
7fe638021000-7fe63c000000 ---p 00000000 00:00 0 
7fe63c200000-7fe63c400000 rw-p 00000000 00:00 0 
7fe63c400000-7fe63c600000 rw-p 00000000 00:00 0 
7fe63c600000-7fe63c800000 rw-p 00000000 00:00 0 
7fe63c800000-7fe63c803000 ---p 00000000 00:00 0 
7fe63c803000-7fe63c901000 rw-p 00000000 00:00 0 
7fe63c901000-7fe63c904000 ---p 00000000 00:00 0 
7fe63c904000-7fe63ca02000 rw-p 00000000 00:00 0 
7fe63ca02000-7fe63ca05000 ---p 00000000 00:00 0 
7fe63ca05000-7fe63ca3b000 rw-p 00000000 00:00 0 
7fe63ca3b000-7fe63cab4000 r--s 010fd000 08:04 7340065                    /usr/lib/jvm/java-8-openjdk-amd64/lib/tools.jar
7fe63cab4000-7fe63cab5000 ---p 00000000 00:00 0 
7fe63cab5000-7fe63cbb5000 rw-p 00000000 00:00 0 
7fe63cbb5000-7fe63cbb8000 ---p 00000000 00:00 0 
7fe63cbb8000-7fe63ccb6000 rw-p 00000000 00:00 0 
7fe63ccb6000-7fe63ccb9000 ---p 00000000 00:00 0 
7fe63ccb9000-7fe63cdb7000 rw-p 00000000 00:00 0 
7fe63cdb7000-7fe63cdba000 ---p 00000000 00:00 0 
7fe63cdba000-7fe63ceb8000 rw-p 00000000 00:00 0 
7fe63ceb8000-7fe63cebb000 ---p 00000000 00:00 0 
7fe63cebb000-7fe63cfb9000 rw-p 00000000 00:00 0 
7fe63cfb9000-7fe63cfbc000 ---p 00000000 00:00 0 
7fe63cfbc000-7fe63d0ba000 rw-p 00000000 00:00 0 
7fe63d0ba000-7fe63d392000 r--p 00000000 08:04 5243882                    /usr/lib/locale/locale-archive
7fe63d392000-7fe63d395000 ---p 00000000 00:00 0 
7fe63d395000-7fe63d493000 rw-p 00000000 00:00 0 
7fe63d493000-7fe63d496000 ---p 00000000 00:00 0 
7fe63d496000-7fe63d594000 rw-p 00000000 00:00 0 
7fe63d594000-7fe63d595000 ---p 00000000 00:00 0 
7fe63d595000-7fe640000000 rw-p 00000000 00:00 0 
7fe640000000-7fe640021000 rw-p 00000000 00:00 0 
7fe640021000-7fe644000000 ---p 00000000 00:00 0 
7fe644000000-7fe644021000 rw-p 00000000 00:00 0 
7fe644021000-7fe648000000 ---p 00000000 00:00 0 
7fe648000000-7fe648021000 rw-p 00000000 00:00 0 
7fe648021000-7fe64c000000 ---p 00000000 00:00 0 
7fe64c000000-7fe64c021000 rw-p 00000000 00:00 0 
7fe64c021000-7fe650000000 ---p 00000000 00:00 0 
7fe650008000-7fe65000b000 r--s 00014000 08:04 5647391                    /usr/share/java/ant-commons-net-1.9.6.jar
7fe65000b000-7fe65000c000 r--s 00002000 08:04 5647378                    /usr/share/java/ant-antlr-1.9.6.jar
7fe65000c000-7fe65000d000 r--s 00001000 08:04 5647383                    /usr/share/java/ant-apache-xalan2-1.9.6.jar
7fe65000d000-7fe65000f000 r--s 00002000 08:04 5647388                    /usr/share/java/ant-jmf-1.9.6.jar
7fe65000f000-7fe650010000 r--s 00006000 08:04 5647390                    /usr/share/java/ant-testutil-1.9.6.jar
7fe650010000-7fe650012000 r--s 0001b000 08:04 5647381                    /usr/share/java/ant-junit-1.9.6.jar
7fe650012000-7fe650013000 r--s 00002000 08:04 5647376                    /usr/share/java/ant-apache-regexp-1.9.6.jar
7fe650013000-7fe650014000 r--s 00002000 08:04 5647387                    /usr/share/java/ant-apache-oro-1.9.6.jar
7fe650014000-7fe650015000 r--s 00002000 08:04 5647379                    /usr/share/java/ant-apache-bsf-1.9.6.jar
7fe650015000-7fe650016000 r--s 00003000 08:04 5647380                    /usr/share/java/ant-apache-bcel-1.9.6.jar
7fe650016000-7fe650017000 r--s 00002000 08:04 5647392                    /usr/share/java/ant-apache-resolver-1.9.6.jar
7fe650017000-7fe650019000 r--s 0000a000 08:04 5647375                    /usr/share/java/ant-jsch-1.9.6.jar
7fe650019000-7fe65001b000 r--s 00002000 08:04 5647389                    /usr/share/java/ant-junit4-1.9.6.jar
7fe65001b000-7fe65001c000 r--s 00004000 08:04 5647366                    /usr/share/java/ant-launcher-1.9.6.jar
7fe65001c000-7fe65003b000 r--s 001d1000 08:04 5647365                    /usr/share/java/ant-1.9.6.jar
7fe65003b000-7fe65003d000 r--s 00001000 08:04 5647385                    /usr/share/java/ant-apache-log4j-1.9.6.jar
7fe65003d000-7fe65003e000 r--s 00002000 08:04 5647382                    /usr/share/java/ant-commons-logging-1.9.6.jar
7fe65003e000-7fe650048000 r--s 00116000 08:04 8132563                    /usr/lib/jvm/java-8-openjdk-amd64/jre/lib/ext/localedata.jar
7fe650048000-7fe65044c000 rw-p 00000000 00:00 0 
7fe65044c000-7fe65061a000 r--s 03c06000 08:04 7864358                    /usr/lib/jvm/java-8-openjdk-amd64/jre/lib/rt.jar
7fe65061a000-7fe651000000 rw-p 00000000 00:00 0 
7fe651000000-7fe651cb0000 rwxp 00000000 00:00 0 
7fe651cb0000-7fe660000000 ---p 00000000 00:00 0 
7fe660000000-7fe660556000 rw-p 00000000 00:00 0 
7fe660556000-7fe664000000 ---p 00000000 00:00 0 
7fe664000000-7fe664001000 r--s 00003000 08:04 5647384                    /usr/share/java/ant-javamail-1.9.6.jar
7fe664001000-7fe66401c000 r--s 001d6000 08:04 8132543                    /usr/lib/jvm/java-8-openjdk-amd64/jre/lib/ext/nashorn.jar
7fe66401c000-7fe664037000 r--s 00394000 08:04 8132549                    /usr/lib/jvm/java-8-openjdk-amd64/jre/lib/ext/cldrdata.jar
7fe664037000-7fe66415d000 rw-p 00000000 00:00 0 
7fe66415d000-7fe66415e000 ---p 00000000 00:00 0 
7fe66415e000-7fe66425e000 rw-p 00000000 00:00 0 
7fe66425e000-7fe66425f000 ---p 00000000 00:00 0 
7fe66425f000-7fe66435f000 rw-p 00000000 00:00 0 
7fe66435f000-7fe664360000 ---p 00000000 00:00 0 
7fe664360000-7fe664460000 rw-p 00000000 00:00 0 
7fe664460000-7fe664461000 ---p 00000000 00:00 0 
7fe664461000-7fe664576000 rw-p 00000000 00:00 0 
7fe664576000-7fe6646a5000 ---p 00000000 00:00 0 
7fe6646a5000-7fe6646ba000 rw-p 00000000 00:00 0 
7fe6646ba000-7fe6647e9000 ---p 00000000 00:00 0 
7fe6647e9000-7fe664811000 rw-p 00000000 00:00 0 
7fe664811000-7fe66488b000 ---p 00000000 00:00 0 
7fe66488b000-7fe6648bf000 rw-p 00000000 00:00 0 
7fe6648bf000-7fe664c4c000 ---p 00000000 00:00 0 
7fe664c4c000-7fe664c54000 r-xp 00000000 08:04 8257634                    /usr/lib/jvm/java-8-openjdk-amd64/jre/lib/amd64/libzip.so
7fe664c54000-7fe664e53000 ---p 00008000 08:04 8257634                    /usr/lib/jvm/java-8-openjdk-amd64/jre/lib/amd64/libzip.so
7fe664e53000-7fe664e54000 r--p 00007000 08:04 8257634                    /usr/lib/jvm/java-8-openjdk-amd64/jre/lib/amd64/libzip.so
7fe664e54000-7fe664e55000 rw-p 00008000 08:04 8257634                    /usr/lib/jvm/java-8-openjdk-amd64/jre/lib/amd64/libzip.so
7fe664e55000-7fe664e60000 r-xp 00000000 08:04 3670956                    /lib/x86_64-linux-gnu/libnss_files-2.23.so
7fe664e60000-7fe66505f000 ---p 0000b000 08:04 3670956                    /lib/x86_64-linux-gnu/libnss_files-2.23.so
7fe66505f000-7fe665060000 r--p 0000a000 08:04 3670956                    /lib/x86_64-linux-gnu/libnss_files-2.23.so
7fe665060000-7fe665061000 rw-p 0000b000 08:04 3670956                    /lib/x86_64-linux-gnu/libnss_files-2.23.so
7fe665061000-7fe665067000 rw-p 00000000 00:00 0 
7fe665067000-7fe665072000 r-xp 00000000 08:04 3670928                    /lib/x86_64-linux-gnu/libnss_nis-2.23.so
7fe665072000-7fe665271000 ---p 0000b000 08:04 3670928                    /lib/x86_64-linux-gnu/libnss_nis-2.23.so
7fe665271000-7fe665272000 r--p 0000a000 08:04 3670928                    /lib/x86_64-linux-gnu/libnss_nis-2.23.so
7fe665272000-7fe665273000 rw-p 0000b000 08:04 3670928                    /lib/x86_64-linux-gnu/libnss_nis-2.23.so
7fe665273000-7fe665289000 r-xp 00000000 08:04 3670950                    /lib/x86_64-linux-gnu/libnsl-2.23.so
7fe665289000-7fe665488000 ---p 00016000 08:04 3670950                    /lib/x86_64-linux-gnu/libnsl-2.23.so
7fe665488000-7fe665489000 r--p 00015000 08:04 3670950                    /lib/x86_64-linux-gnu/libnsl-2.23.so
7fe665489000-7fe66548a000 rw-p 00016000 08:04 3670950                    /lib/x86_64-linux-gnu/libnsl-2.23.so
7fe66548a000-7fe66548c000 rw-p 00000000 00:00 0 
7fe66548c000-7fe665494000 r-xp 00000000 08:04 3670952                    /lib/x86_64-linux-gnu/libnss_compat-2.23.so
7fe665494000-7fe665693000 ---p 00008000 08:04 3670952                    /lib/x86_64-linux-gnu/libnss_compat-2.23.so
7fe665693000-7fe665694000 r--p 00007000 08:04 3670952                    /lib/x86_64-linux-gnu/libnss_compat-2.23.so
7fe665694000-7fe665695000 rw-p 00008000 08:04 3670952                    /lib/x86_64-linux-gnu/libnss_compat-2.23.so
7fe665695000-7fe6656c2000 r-xp 00000000 08:04 8257780                    /usr/lib/jvm/java-8-openjdk-amd64/jre/lib/amd64/libjava.so
7fe6656c2000-7fe6658c1000 ---p 0002d000 08:04 8257780                    /usr/lib/jvm/java-8-openjdk-amd64/jre/lib/amd64/libjava.so
7fe6658c1000-7fe6658c2000 r--p 0002c000 08:04 8257780                    /usr/lib/jvm/java-8-openjdk-amd64/jre/lib/amd64/libjava.so
7fe6658c2000-7fe6658c4000 rw-p 0002d000 08:04 8257780                    /usr/lib/jvm/java-8-openjdk-amd64/jre/lib/amd64/libjava.so
7fe6658c4000-7fe6658d3000 r-xp 00000000 08:04 8257582                    /usr/lib/jvm/java-8-openjdk-amd64/jre/lib/amd64/libverify.so
7fe6658d3000-7fe665ad2000 ---p 0000f000 08:04 8257582                    /usr/lib/jvm/java-8-openjdk-amd64/jre/lib/amd64/libverify.so
7fe665ad2000-7fe665ad4000 r--p 0000e000 08:04 8257582                    /usr/lib/jvm/java-8-openjdk-amd64/jre/lib/amd64/libverify.so
7fe665ad4000-7fe665ad5000 rw-p 00010000 08:04 8257582                    /usr/lib/jvm/java-8-openjdk-amd64/jre/lib/amd64/libverify.so
7fe665ad5000-7fe665adc000 r-xp 00000000 08:04 3670926                    /lib/x86_64-linux-gnu/librt-2.23.so
7fe665adc000-7fe665cdb000 ---p 00007000 08:04 3670926                    /lib/x86_64-linux-gnu/librt-2.23.so
7fe665cdb000-7fe665cdc000 r--p 00006000 08:04 3670926                    /lib/x86_64-linux-gnu/librt-2.23.so
7fe665cdc000-7fe665cdd000 rw-p 00007000 08:04 3670926                    /lib/x86_64-linux-gnu/librt-2.23.so
7fe665cdd000-7fe665cf3000 r-xp 00000000 08:04 3674212                    /lib/x86_64-linux-gnu/libgcc_s.so.1
7fe665cf3000-7fe665ef2000 ---p 00016000 08:04 3674212                    /lib/x86_64-linux-gnu/libgcc_s.so.1
7fe665ef2000-7fe665ef3000 rw-p 00015000 08:04 3674212                    /lib/x86_64-linux-gnu/libgcc_s.so.1
7fe665ef3000-7fe665ffb000 r-xp 00000000 08:04 3670946                    /lib/x86_64-linux-gnu/libm-2.23.so
7fe665ffb000-7fe6661fa000 ---p 00108000 08:04 3670946                    /lib/x86_64-linux-gnu/libm-2.23.so
7fe6661fa000-7fe6661fb000 r--p 00107000 08:04 3670946                    /lib/x86_64-linux-gnu/libm-2.23.so
7fe6661fb000-7fe6661fc000 rw-p 00108000 08:04 3670946                    /lib/x86_64-linux-gnu/libm-2.23.so
7fe6661fc000-7fe66636e000 r-xp 00000000 08:04 5245011                    /usr/lib/x86_64-linux-gnu/libstdc++.so.6.0.21
7fe66636e000-7fe66656e000 ---p 00172000 08:04 5245011                    /usr/lib/x86_64-linux-gnu/libstdc++.so.6.0.21
7fe66656e000-7fe666578000 r--p 00172000 08:04 5245011                    /usr/lib/x86_64-linux-gnu/libstdc++.so.6.0.21
7fe666578000-7fe66657a000 rw-p 0017c000 08:04 5245011                    /usr/lib/x86_64-linux-gnu/libstdc++.so.6.0.21
7fe66657a000-7fe66657e000 rw-p 00000000 00:00 0 
7fe66657e000-7fe6671ce000 r-xp 00000000 08:04 8388635                    /usr/lib/jvm/java-8-openjdk-amd64/jre/lib/amd64/server/libjvm.so
7fe6671ce000-7fe6673cd000 ---p 00c50000 08:04 8388635                    /usr/lib/jvm/java-8-openjdk-amd64/jre/lib/amd64/server/libjvm.so
7fe6673cd000-7fe667460000 r--p 00c4f000 08:04 8388635                    /usr/lib/jvm/java-8-openjdk-amd64/jre/lib/amd64/server/libjvm.so
7fe667460000-7fe667489000 rw-p 00ce2000 08:04 8388635                    /usr/lib/jvm/java-8-openjdk-amd64/jre/lib/amd64/server/libjvm.so
7fe667489000-7fe6674b9000 rw-p 00000000 00:00 0 
7fe6674b9000-7fe6674d1000 r-xp 00000000 08:04 3670948                    /lib/x86_64-linux-gnu/libpthread-2.23.so
7fe6674d1000-7fe6676d0000 ---p 00018000 08:04 3670948                    /lib/x86_64-linux-gnu/libpthread-2.23.so
7fe6676d0000-7fe6676d1000 r--p 00017000 08:04 3670948                    /lib/x86_64-linux-gnu/libpthread-2.23.so
7fe6676d1000-7fe6676d2000 rw-p 00018000 08:04 3670948                    /lib/x86_64-linux-gnu/libpthread-2.23.so
7fe6676d2000-7fe6676d6000 rw-p 00000000 00:00 0 
7fe6676d6000-7fe6676d9000 r-xp 00000000 08:04 3670934                    /lib/x86_64-linux-gnu/libdl-2.23.so
7fe6676d9000-7fe6678d8000 ---p 00003000 08:04 3670934                    /lib/x86_64-linux-gnu/libdl-2.23.so
7fe6678d8000-7fe6678d9000 r--p 00002000 08:04 3670934                    /lib/x86_64-linux-gnu/libdl-2.23.so
7fe6678d9000-7fe6678da000 rw-p 00003000 08:04 3670934                    /lib/x86_64-linux-gnu/libdl-2.23.so
7fe6678da000-7fe6678f3000 r-xp 00000000 08:04 3670183                    /lib/x86_64-linux-gnu/libz.so.1.2.8
7fe6678f3000-7fe667af2000 ---p 00019000 08:04 3670183                    /lib/x86_64-linux-gnu/libz.so.1.2.8
7fe667af2000-7fe667af3000 r--p 00018000 08:04 3670183                    /lib/x86_64-linux-gnu/libz.so.1.2.8
7fe667af3000-7fe667af4000 rw-p 00019000 08:04 3670183                    /lib/x86_64-linux-gnu/libz.so.1.2.8
7fe667af4000-7fe667cb3000 r-xp 00000000 08:04 3670936                    /lib/x86_64-linux-gnu/libc-2.23.so
7fe667cb3000-7fe667eb3000 ---p 001bf000 08:04 3670936                    /lib/x86_64-linux-gnu/libc-2.23.so
7fe667eb3000-7fe667eb7000 r--p 001bf000 08:04 3670936                    /lib/x86_64-linux-gnu/libc-2.23.so
7fe667eb7000-7fe667eb9000 rw-p 001c3000 08:04 3670936                    /lib/x86_64-linux-gnu/libc-2.23.so
7fe667eb9000-7fe667ebd000 rw-p 00000000 00:00 0 
7fe667ebd000-7fe667eca000 r-xp 00000000 08:04 8519684                    /usr/lib/jvm/java-8-openjdk-amd64/jre/lib/amd64/jli/libjli.so
7fe667eca000-7fe6680ca000 ---p 0000d000 08:04 8519684                    /usr/lib/jvm/java-8-openjdk-amd64/jre/lib/amd64/jli/libjli.so
7fe6680ca000-7fe6680cb000 r--p 0000d000 08:04 8519684                    /usr/lib/jvm/java-8-openjdk-amd64/jre/lib/amd64/jli/libjli.so
7fe6680cb000-7fe6680cc000 rw-p 0000e000 08:04 8519684                    /usr/lib/jvm/java-8-openjdk-amd64/jre/lib/amd64/jli/libjli.so
7fe6680cc000-7fe6680f2000 r-xp 00000000 08:04 3670914                    /lib/x86_64-linux-gnu/ld-2.23.so
7fe6680f2000-7fe6680f7000 r--s 0003b000 08:04 8132567                    /usr/lib/jvm/java-8-openjdk-amd64/jre/lib/ext/sunjce_provider.jar
7fe6680f7000-7fe6681bc000 rw-p 00000000 00:00 0 
7fe6681bc000-7fe6681bf000 ---p 00000000 00:00 0 
7fe6681bf000-7fe6682c2000 rw-p 00000000 00:00 0 
7fe6682c2000-7fe6682c3000 r--s 00003000 08:04 5647386                    /usr/share/java/ant-jdepend-1.9.6.jar
7fe6682c3000-7fe6682c4000 r--s 00003000 08:04 5647377                    /usr/share/java/ant-swing-1.9.6.jar
7fe6682c4000-7fe6682c5000 r--s 00004000 08:04 5647366                    /usr/share/java/ant-launcher-1.9.6.jar
7fe6682c5000-7fe6682c7000 r--s 00001000 08:04 8132547                    /usr/lib/jvm/java-8-openjdk-amd64/jre/lib/ext/dnsns.jar
7fe6682c7000-7fe6682c8000 r--s 0000a000 08:04 8132570                    /usr/lib/jvm/java-8-openjdk-amd64/jre/lib/ext/jaccess.jar
7fe6682c8000-7fe6682c9000 r--s 00010000 08:04 8132556                    /usr/lib/jvm/java-8-openjdk-amd64/jre/lib/ext/zipfs.jar
7fe6682c9000-7fe6682cb000 r--s 00008000 08:04 8132531                    /usr/lib/jvm/java-8-openjdk-amd64/jre/lib/ext/sunec.jar
7fe6682cb000-7fe6682cf000 r--s 00037000 08:04 8132562                    /usr/lib/jvm/java-8-openjdk-amd64/jre/lib/ext/sunpkcs11.jar
7fe6682cf000-7fe6682d2000 r--s 0000f000 08:04 8132548                    /usr/lib/jvm/java-8-openjdk-amd64/jre/lib/ext/icedtea-sound.jar
7fe6682d2000-7fe6682e5000 rw-p 00000000 00:00 0 
7fe6682e5000-7fe6682ed000 rw-s 00000000 08:04 3670265                    /tmp/hsperfdata_saurabh/5551
7fe6682ed000-7fe6682ee000 rw-p 00000000 00:00 0 
7fe6682ee000-7fe6682ef000 ---p 00000000 00:00 0 
7fe6682ef000-7fe6682f1000 rw-p 00000000 00:00 0 
7fe6682f1000-7fe6682f2000 r--p 00025000 08:04 3670914                    /lib/x86_64-linux-gnu/ld-2.23.so
7fe6682f2000-7fe6682f3000 rw-p 00026000 08:04 3670914                    /lib/x86_64-linux-gnu/ld-2.23.so
7fe6682f3000-7fe6682f4000 rw-p 00000000 00:00 0 
7ffc89131000-7ffc89153000 rw-p 00000000 00:00 0                          [stack]
7ffc891fb000-7ffc891fd000 r--p 00000000 00:00 0                          [vvar]
7ffc891fd000-7ffc891ff000 r-xp 00000000 00:00 0                          [vdso]
ffffffffff600000-ffffffffff601000 r-xp 00000000 00:00 0                  [vsyscall]

VM Arguments:
jvm_args: -Dant.home=/usr/share/ant -Dant.library.dir=/usr/share/ant/lib 
java_command: org.apache.tools.ant.launch.Launcher -cp  java
java_class_path (initial): /usr/share/ant/lib/ant-launcher.jar
Launcher Type: SUN_STANDARD

Environment Variables:
PATH=/home/saurabh/SaurabhKumar/BeeWareVOC/PythonEnvironmets/VOC_Env/bin:/home/saurabh/anaconda2/bin:/home/saurabh/torch/install/bin:/home/saurabh/.pythonbrew/bin:/home/saurabh/.pythonbrew/bin:/home/saurabh/torch/install/bin:/usr/local/sbin:/usr/local/bin:/usr/sbin:/usr/bin:/sbin:/bin:/usr/games:/usr/local/games:/snap/bin:/usr/brlcad/bin
LD_LIBRARY_PATH=/home/saurabh/torch/install/lib:/home/saurabh/torch/install/lib:
SHELL=/bin/bash
DISPLAY=:0
DYLD_LIBRARY_PATH=/home/saurabh/torch/install/lib:/home/saurabh/torch/install/lib:

Signal Handlers:
SIGSEGV: [libjvm.so+0xa66fd0], sa_mask[0]=11111111011111111101111111111110, sa_flags=SA_RESTART|SA_SIGINFO
SIGBUS: [libjvm.so+0xa66fd0], sa_mask[0]=11111111011111111101111111111110, sa_flags=SA_RESTART|SA_SIGINFO
SIGFPE: [libjvm.so+0x8b0180], sa_mask[0]=11111111011111111101111111111110, sa_flags=SA_RESTART|SA_SIGINFO
SIGPIPE: [libjvm.so+0x8b0180], sa_mask[0]=11111111011111111101111111111110, sa_flags=SA_RESTART|SA_SIGINFO
SIGXFSZ: [libjvm.so+0x8b0180], sa_mask[0]=11111111011111111101111111111110, sa_flags=SA_RESTART|SA_SIGINFO
SIGILL: [libjvm.so+0x8b0180], sa_mask[0]=11111111011111111101111111111110, sa_flags=SA_RESTART|SA_SIGINFO
SIGUSR1: SIG_DFL, sa_mask[0]=00000000000000000000000000000000, sa_flags=none
SIGUSR2: [libjvm.so+0x8b0030], sa_mask[0]=00000000000000000000000000000000, sa_flags=SA_RESTART|SA_SIGINFO
SIGHUP: [libjvm.so+0x8b0500], sa_mask[0]=11111111011111111101111111111110, sa_flags=SA_RESTART|SA_SIGINFO
SIGINT: [libjvm.so+0x8b0500], sa_mask[0]=11111111011111111101111111111110, sa_flags=SA_RESTART|SA_SIGINFO
SIGTERM: [libjvm.so+0x8b0500], sa_mask[0]=11111111011111111101111111111110, sa_flags=SA_RESTART|SA_SIGINFO
SIGQUIT: [libjvm.so+0x8b0500], sa_mask[0]=11111111011111111101111111111110, sa_flags=SA_RESTART|SA_SIGINFO


---------------  S Y S T E M  ---------------

OS:DISTRIB_ID=Ubuntu
DISTRIB_RELEASE=16.04
DISTRIB_CODENAME=xenial
DISTRIB_DESCRIPTION="Ubuntu 16.04.2 LTS"

uname:Linux 4.4.0-65-generic #86-Ubuntu SMP Thu Feb 23 17:49:58 UTC 2017 x86_64
libc:glibc 2.23 NPTL 2.23 
rlimit: STACK 8192k, CORE 0k, NPROC 15392, NOFILE 65536, AS infinity
load average:12.36 10.72 6.18

/proc/meminfo:
MemTotal:        3980976 kB
MemFree:          118552 kB
MemAvailable:      22376 kB
Buffers:            1516 kB
Cached:           314428 kB
SwapCached:            0 kB
Active:          3381336 kB
Inactive:         280892 kB
Active(anon):    3372532 kB
Inactive(anon):   272664 kB
Active(file):       8804 kB
Inactive(file):     8228 kB
Unevictable:         176 kB
Mlocked:             176 kB
SwapTotal:             0 kB
SwapFree:              0 kB
Dirty:                92 kB
Writeback:             0 kB
AnonPages:       3346944 kB
Mapped:           119440 kB
Shmem:            298340 kB
Slab:              79504 kB
SReclaimable:      35688 kB
SUnreclaim:        43816 kB
KernelStack:       11216 kB
PageTables:        63240 kB
NFS_Unstable:          0 kB
Bounce:                0 kB
WritebackTmp:          0 kB
CommitLimit:     1990488 kB
Committed_AS:    8874292 kB
VmallocTotal:   34359738367 kB
VmallocUsed:           0 kB
VmallocChunk:          0 kB
HardwareCorrupted:     0 kB
AnonHugePages:   1251328 kB
CmaTotal:              0 kB
CmaFree:               0 kB
HugePages_Total:       0
HugePages_Free:        0
HugePages_Rsvd:        0
HugePages_Surp:        0
Hugepagesize:       2048 kB
DirectMap4k:      197312 kB
DirectMap2M:     3932160 kB
DirectMap1G:     1048576 kB


CPU:total 4 (2 cores per cpu, 2 threads per core) family 6 model 69 stepping 1, cmov, cx8, fxsr, mmx, sse, sse2, sse3, ssse3, sse4.1, sse4.2, popcnt, avx, avx2, aes, clmul, erms, lzcnt, ht, tsc, tscinvbit, bmi1, bmi2

/proc/cpuinfo:
processor	: 0
vendor_id	: GenuineIntel
cpu family	: 6
model		: 69
model name	: Intel(R) Core(TM) i3-4005U CPU @ 1.70GHz
stepping	: 1
microcode	: 0x1d
cpu MHz		: 1700.000
cache size	: 3072 KB
physical id	: 0
siblings	: 4
core id		: 0
cpu cores	: 2
apicid		: 0
initial apicid	: 0
fpu		: yes
fpu_exception	: yes
cpuid level	: 13
wp		: yes
flags		: fpu vme de pse tsc msr pae mce cx8 apic sep mtrr pge mca cmov pat pse36 clflush dts acpi mmx fxsr sse sse2 ss ht tm pbe syscall nx pdpe1gb rdtscp lm constant_tsc arch_perfmon pebs bts rep_good nopl xtopology nonstop_tsc aperfmperf eagerfpu pni pclmulqdq dtes64 monitor ds_cpl vmx est tm2 ssse3 sdbg fma cx16 xtpr pdcm pcid sse4_1 sse4_2 movbe popcnt tsc_deadline_timer aes xsave avx f16c rdrand lahf_lm abm epb tpr_shadow vnmi flexpriority ept vpid fsgsbase tsc_adjust bmi1 avx2 smep bmi2 erms invpcid xsaveopt dtherm ida arat pln pts
bugs		:
bogomips	: 3392.08
clflush size	: 64
cache_alignment	: 64
address sizes	: 39 bits physical, 48 bits virtual
power management:

processor	: 1
vendor_id	: GenuineIntel
cpu family	: 6
model		: 69
model name	: Intel(R) Core(TM) i3-4005U CPU @ 1.70GHz
stepping	: 1
microcode	: 0x1d
cpu MHz		: 1700.000
cache size	: 3072 KB
physical id	: 0
siblings	: 4
core id		: 0
cpu cores	: 2
apicid		: 1
initial apicid	: 1
fpu		: yes
fpu_exception	: yes
cpuid level	: 13
wp		: yes
flags		: fpu vme de pse tsc msr pae mce cx8 apic sep mtrr pge mca cmov pat pse36 clflush dts acpi mmx fxsr sse sse2 ss ht tm pbe syscall nx pdpe1gb rdtscp lm constant_tsc arch_perfmon pebs bts rep_good nopl xtopology nonstop_tsc aperfmperf eagerfpu pni pclmulqdq dtes64 monitor ds_cpl vmx est tm2 ssse3 sdbg fma cx16 xtpr pdcm pcid sse4_1 sse4_2 movbe popcnt tsc_deadline_timer aes xsave avx f16c rdrand lahf_lm abm epb tpr_shadow vnmi flexpriority ept vpid fsgsbase tsc_adjust bmi1 avx2 smep bmi2 erms invpcid xsaveopt dtherm ida arat pln pts
bugs		:
bogomips	: 3392.08
clflush size	: 64
cache_alignment	: 64
address sizes	: 39 bits physical, 48 bits virtual
power management:

processor	: 2
vendor_id	: GenuineIntel
cpu family	: 6
model		: 69
model name	: Intel(R) Core(TM) i3-4005U CPU @ 1.70GHz
stepping	: 1
microcode	: 0x1d
cpu MHz		: 1699.933
cache size	: 3072 KB
physical id	: 0
siblings	: 4
core id		: 1
cpu cores	: 2
apicid		: 2
initial apicid	: 2
fpu		: yes
fpu_exception	: yes
cpuid level	: 13
wp		: yes
flags		: fpu vme de pse tsc msr pae mce cx8 apic sep mtrr pge mca cmov pat pse36 clflush dts acpi mmx fxsr sse sse2 ss ht tm pbe syscall nx pdpe1gb rdtscp lm constant_tsc arch_perfmon pebs bts rep_good nopl xtopology nonstop_tsc aperfmperf eagerfpu pni pclmulqdq dtes64 monitor ds_cpl vmx est tm2 ssse3 sdbg fma cx16 xtpr pdcm pcid sse4_1 sse4_2 movbe popcnt tsc_deadline_timer aes xsave avx f16c rdrand lahf_lm abm epb tpr_shadow vnmi flexpriority ept vpid fsgsbase tsc_adjust bmi1 avx2 smep bmi2 erms invpcid xsaveopt dtherm ida arat pln pts
bugs		:
bogomips	: 3392.08
clflush size	: 64
cache_alignment	: 64
address sizes	: 39 bits physical, 48 bits virtual
power management:

processor	: 3
vendor_id	: GenuineIntel
cpu family	: 6
model		: 69
model name	: Intel(R) Core(TM) i3-4005U CPU @ 1.70GHz
stepping	: 1
microcode	: 0x1d
cpu MHz		: 1699.933
cache size	: 3072 KB
physical id	: 0
siblings	: 4
core id		: 1
cpu cores	: 2
apicid		: 3
initial apicid	: 3
fpu		: yes
fpu_exception	: yes
cpuid level	: 13
wp		: yes
flags		: fpu vme de pse tsc msr pae mce cx8 apic sep mtrr pge mca cmov pat pse36 clflush dts acpi mmx fxsr sse sse2 ss ht tm pbe syscall nx pdpe1gb rdtscp lm constant_tsc arch_perfmon pebs bts rep_good nopl xtopology nonstop_tsc aperfmperf eagerfpu pni pclmulqdq dtes64 monitor ds_cpl vmx est tm2 ssse3 sdbg fma cx16 xtpr pdcm pcid sse4_1 sse4_2 movbe popcnt tsc_deadline_timer aes xsave avx f16c rdrand lahf_lm abm epb tpr_shadow vnmi flexpriority ept vpid fsgsbase tsc_adjust bmi1 avx2 smep bmi2 erms invpcid xsaveopt dtherm ida arat pln pts
bugs		:
bogomips	: 3392.08
clflush size	: 64
cache_alignment	: 64
address sizes	: 39 bits physical, 48 bits virtual
power management:



Memory: 4k page, physical 3980976k(118428k free), swap 0k(0k free)

vm_info: OpenJDK 64-Bit Server VM (25.121-b13) for linux-amd64 JRE (1.8.0_121-8u121-b13-0ubuntu1.16.04.2-b13), built on Jan 23 2017 15:51:29 by "buildd" with gcc 5.4.0 20160609

time: Fri Mar  3 14:29:45 2017
elapsed time: 23 seconds (0d 0h 0m 23s)

