#
# There is insufficient memory for the Java Runtime Environment to continue.
# Native memory allocation (mmap) failed to map 65011712 bytes for committing reserved memory.
# Possible reasons:
#   The system is out of physical RAM or swap space
#   In 32 bit mode, the process size limit was hit
# Possible solutions:
#   Reduce memory load on the system
#   Increase physical memory or swap space
#   Check if swap backing store is full
#   Use 64 bit Java on a 64 bit OS
#   Decrease Java heap size (-Xmx/-Xms)
#   Decrease number of Java threads
#   Decrease Java thread stack sizes (-Xss)
#   Set larger code cache with -XX:ReservedCodeCacheSize=
# This output file may be truncated or incomplete.
#
#  Out of Memory Error (os_linux.cpp:2630), pid=5530, tid=0x00007f2a9ffff700
#
# JRE version: OpenJDK Runtime Environment (8.0_121-b13) (build 1.8.0_121-8u121-b13-0ubuntu1.16.04.2-b13)
# Java VM: OpenJDK 64-Bit Server VM (25.121-b13 mixed mode linux-amd64 compressed oops)
# Failed to write core dump. Core dumps have been disabled. To enable core dumping, try "ulimit -c unlimited" before starting Java again
#

---------------  T H R E A D  ---------------

Current thread (0x00007f2ac0077800):  VMThread [stack: 0x00007f2a9feff000,0x00007f2aa0000000] [id=5549]

Stack: [0x00007f2a9feff000,0x00007f2aa0000000],  sp=0x00007f2a9fffe4c0,  free space=1021k
Native frames: (J=compiled Java code, j=interpreted, Vv=VM code, C=native code)
V  [libjvm.so+0xa6647b]
V  [libjvm.so+0x4c32dc]
V  [libjvm.so+0x8b4b60]
V  [libjvm.so+0x8aefde]
V  [libjvm.so+0x929a16]
V  [libjvm.so+0x92ad43]
V  [libjvm.so+0x9273f3]
V  [libjvm.so+0x9276bc]
V  [libjvm.so+0x8d9553]
V  [libjvm.so+0xa68132]
V  [libjvm.so+0xa6d217]
V  [libjvm.so+0xa6a9e7]
V  [libjvm.so+0xa6be6f]
V  [libjvm.so+0xa6c361]
V  [libjvm.so+0x8b2042]

VM_Operation (0x00007f2ac6c0ade0): ParallelGCFailedAllocation, mode: safepoint, requested by thread 0x00007f2ac000a000


---------------  P R O C E S S  ---------------

Java Threads: ( => current thread )
  0x00007f2ac0301800 JavaThread "process reaper" daemon [_thread_blocked, id=5591, stack(0x00007f2a9f35c000,0x00007f2a9f395000)]
  0x00007f2ac00b8800 JavaThread "Service Thread" daemon [_thread_blocked, id=5579, stack(0x00007f2a9f520000,0x00007f2a9f621000)]
  0x00007f2ac00b1800 JavaThread "C1 CompilerThread2" daemon [_thread_blocked, id=5575, stack(0x00007f2a9f621000,0x00007f2a9f722000)]
  0x00007f2ac00af800 JavaThread "C2 CompilerThread1" daemon [_thread_blocked, id=5573, stack(0x00007f2a9f722000,0x00007f2a9f823000)]
  0x00007f2ac00ac800 JavaThread "C2 CompilerThread0" daemon [_thread_blocked, id=5572, stack(0x00007f2a9f823000,0x00007f2a9f924000)]
  0x00007f2ac00aa800 JavaThread "Signal Dispatcher" daemon [_thread_blocked, id=5568, stack(0x00007f2a9f924000,0x00007f2a9fa25000)]
  0x00007f2ac0083800 JavaThread "Finalizer" daemon [_thread_blocked, id=5563, stack(0x00007f2a9fcfd000,0x00007f2a9fdfe000)]
  0x00007f2ac007f000 JavaThread "Reference Handler" daemon [_thread_blocked, id=5561, stack(0x00007f2a9fdfe000,0x00007f2a9feff000)]
  0x00007f2ac000a000 JavaThread "main" [_thread_blocked, id=5538, stack(0x00007f2ac6b0e000,0x00007f2ac6c0f000)]

Other Threads:
=>0x00007f2ac0077800 VMThread [stack: 0x00007f2a9feff000,0x00007f2aa0000000] [id=5549]
  0x00007f2ac00bb000 WatcherThread [stack: 0x00007f2a9f41f000,0x00007f2a9f520000] [id=5580]

VM state:at safepoint (normal execution)

VM Mutex/Monitor currently owned by a thread:  ([mutex/lock_event])
[0x00007f2ac00062c0] Threads_lock - owner thread: 0x00007f2ac0077800
[0x00007f2ac00067c0] Heap_lock - owner thread: 0x00007f2ac000a000

Heap:
 PSYoungGen      total 72192K, used 6073K [0x00000000ebc00000, 0x00000000f0b00000, 0x0000000100000000)
  eden space 63488K, 0% used [0x00000000ebc00000,0x00000000ebc00000,0x00000000efa00000)
  from space 8704K, 69% used [0x00000000efa00000,0x00000000effee6b8,0x00000000f0280000)
  to   space 8704K, 0% used [0x00000000f0280000,0x00000000f0280000,0x00000000f0b00000)
 ParOldGen       total 42496K, used 15578K [0x00000000c3400000, 0x00000000c5d80000, 0x00000000ebc00000)
  object space 42496K, 36% used [0x00000000c3400000,0x00000000c4336870,0x00000000c5d80000)
 Metaspace       used 15719K, capacity 15972K, committed 16128K, reserved 1062912K
  class space    used 1643K, capacity 1740K, committed 1792K, reserved 1048576K

Card table byte_map: [0x00007f2aaffea000,0x00007f2ab01d1000] byte_map_base: 0x00007f2aaf9d0000

Marking Bits: (ParMarkBitMap*) 0x00007f2ac5dee220
 Begin Bits: [0x00007f2aadc42000, 0x00007f2aaeb72000)
 End Bits:   [0x00007f2aaeb72000, 0x00007f2aafaa2000)

Polling page: 0x00007f2ac6c40000

CodeCache: size=245760Kb used=13343Kb max_used=13343Kb free=232416Kb
 bounds [0x00007f2ab0591000, 0x00007f2ab12b1000, 0x00007f2abf591000]
 total_blobs=3966 nmethods=3598 adapters=281
 compilation: enabled

Compilation events (10 events):
Event: 25.977 Thread 0x00007f2ac00b1800 nmethod 3871 0x00007f2ab128c550 code [0x00007f2ab128c6e0, 0x00007f2ab128cb70]
Event: 25.977 Thread 0x00007f2ac00b1800 3872       3       java.lang.String::codePointAt (36 bytes)
Event: 25.977 Thread 0x00007f2ac00b1800 nmethod 3872 0x00007f2ab1283c90 code [0x00007f2ab1283e20, 0x00007f2ab12840d8]
Event: 25.977 Thread 0x00007f2ac00b1800 3873 %     3       com.sun.tools.javac.code.Scope::dble @ 89 (147 bytes)
Event: 25.979 Thread 0x00007f2ac00b1800 nmethod 3873% 0x00007f2ab128b110 code [0x00007f2ab128b320, 0x00007f2ab128bec8]
Event: 25.979 Thread 0x00007f2ac00b1800 3868       3       com.sun.tools.javac.file.ZipFileIndexArchive$ZipFileIndexFileObject::inferBinaryName (58 bytes)
Event: 25.981 Thread 0x00007f2ac00b1800 nmethod 3868 0x00007f2ab1288ad0 code [0x00007f2ab1288d80, 0x00007f2ab128a2d8]
Event: 25.981 Thread 0x00007f2ac00b1800 3874       3       java.util.EnumSet::of (16 bytes)
Event: 25.981 Thread 0x00007f2ac00b1800 nmethod 3874 0x00007f2ab12882d0 code [0x00007f2ab1288460, 0x00007f2ab1288928]
Event: 25.985 Thread 0x00007f2ac00b1800 3875       3       com.sun.tools.javac.util.BaseFileManager::getKind (55 bytes)

GC Heap History (10 events):
Event: 8.647 GC heap after
Heap after GC invocations=2 (full 0):
 PSYoungGen      total 18432K, used 2558K [0x00000000ebc00000, 0x00000000ee000000, 0x0000000100000000)
  eden space 15872K, 0% used [0x00000000ebc00000,0x00000000ebc00000,0x00000000ecb80000)
  from space 2560K, 99% used [0x00000000ece00000,0x00000000ed07f938,0x00000000ed080000)
  to   space 2560K, 0% used [0x00000000ecb80000,0x00000000ecb80000,0x00000000ece00000)
 ParOldGen       total 42496K, used 2210K [0x00000000c3400000, 0x00000000c5d80000, 0x00000000ebc00000)
  object space 42496K, 5% used [0x00000000c3400000,0x00000000c3628b18,0x00000000c5d80000)
 Metaspace       used 10737K, capacity 11006K, committed 11136K, reserved 1058816K
  class space    used 1255K, capacity 1323K, committed 1408K, reserved 1048576K
}
Event: 9.822 GC heap before
{Heap before GC invocations=3 (full 0):
 PSYoungGen      total 18432K, used 18430K [0x00000000ebc00000, 0x00000000ee000000, 0x0000000100000000)
  eden space 15872K, 100% used [0x00000000ebc00000,0x00000000ecb80000,0x00000000ecb80000)
  from space 2560K, 99% used [0x00000000ece00000,0x00000000ed07f938,0x00000000ed080000)
  to   space 2560K, 0% used [0x00000000ecb80000,0x00000000ecb80000,0x00000000ece00000)
 ParOldGen       total 42496K, used 2210K [0x00000000c3400000, 0x00000000c5d80000, 0x00000000ebc00000)
  object space 42496K, 5% used [0x00000000c3400000,0x00000000c3628b18,0x00000000c5d80000)
 Metaspace       used 12408K, capacity 12638K, committed 12800K, reserved 1060864K
  class space    used 1415K, capacity 1483K, committed 1536K, reserved 1048576K
Event: 9.854 GC heap after
Heap after GC invocations=3 (full 0):
 PSYoungGen      total 18432K, used 2553K [0x00000000ebc00000, 0x00000000ee000000, 0x0000000100000000)
  eden space 15872K, 0% used [0x00000000ebc00000,0x00000000ebc00000,0x00000000ecb80000)
  from space 2560K, 99% used [0x00000000ecb80000,0x00000000ecdfe588,0x00000000ece00000)
  to   space 2560K, 0% used [0x00000000edd80000,0x00000000edd80000,0x00000000ee000000)
 ParOldGen       total 42496K, used 5756K [0x00000000c3400000, 0x00000000c5d80000, 0x00000000ebc00000)
  object space 42496K, 13% used [0x00000000c3400000,0x00000000c399f148,0x00000000c5d80000)
 Metaspace       used 12408K, capacity 12638K, committed 12800K, reserved 1060864K
  class space    used 1415K, capacity 1483K, committed 1536K, reserved 1048576K
}
Event: 10.867 GC heap before
{Heap before GC invocations=4 (full 0):
 PSYoungGen      total 18432K, used 18425K [0x00000000ebc00000, 0x00000000ee000000, 0x0000000100000000)
  eden space 15872K, 100% used [0x00000000ebc00000,0x00000000ecb80000,0x00000000ecb80000)
  from space 2560K, 99% used [0x00000000ecb80000,0x00000000ecdfe588,0x00000000ece00000)
  to   space 2560K, 0% used [0x00000000edd80000,0x00000000edd80000,0x00000000ee000000)
 ParOldGen       total 42496K, used 5756K [0x00000000c3400000, 0x00000000c5d80000, 0x00000000ebc00000)
  object space 42496K, 13% used [0x00000000c3400000,0x00000000c399f148,0x00000000c5d80000)
 Metaspace       used 12636K, capacity 12830K, committed 13056K, reserved 1060864K
  class space    used 1431K, capacity 1483K, committed 1536K, reserved 1048576K
Event: 10.935 GC heap after
Heap after GC invocations=4 (full 0):
 PSYoungGen      total 34304K, used 2551K [0x00000000ebc00000, 0x00000000ee000000, 0x0000000100000000)
  eden space 31744K, 0% used [0x00000000ebc00000,0x00000000ebc00000,0x00000000edb00000)
  from space 2560K, 99% used [0x00000000edd80000,0x00000000edffdda8,0x00000000ee000000)
  to   space 2560K, 0% used [0x00000000edb00000,0x00000000edb00000,0x00000000edd80000)
 ParOldGen       total 42496K, used 11127K [0x00000000c3400000, 0x00000000c5d80000, 0x00000000ebc00000)
  object space 42496K, 26% used [0x00000000c3400000,0x00000000c3eddc78,0x00000000c5d80000)
 Metaspace       used 12636K, capacity 12830K, committed 13056K, reserved 1060864K
  class space    used 1431K, capacity 1483K, committed 1536K, reserved 1048576K
}
Event: 15.323 GC heap before
{Heap before GC invocations=5 (full 0):
 PSYoungGen      total 34304K, used 34295K [0x00000000ebc00000, 0x00000000ee000000, 0x0000000100000000)
  eden space 31744K, 100% used [0x00000000ebc00000,0x00000000edb00000,0x00000000edb00000)
  from space 2560K, 99% used [0x00000000edd80000,0x00000000edffdda8,0x00000000ee000000)
  to   space 2560K, 0% used [0x00000000edb00000,0x00000000edb00000,0x00000000edd80000)
 ParOldGen       total 42496K, used 11127K [0x00000000c3400000, 0x00000000c5d80000, 0x00000000ebc00000)
  object space 42496K, 26% used [0x00000000c3400000,0x00000000c3eddc78,0x00000000c5d80000)
 Metaspace       used 14480K, capacity 14718K, committed 14976K, reserved 1062912K
  class space    used 1574K, capacity 1643K, committed 1664K, reserved 1048576K
Event: 15.378 GC heap after
Heap after GC invocations=5 (full 0):
 PSYoungGen      total 34304K, used 2551K [0x00000000ebc00000, 0x00000000f0b00000, 0x0000000100000000)
  eden space 31744K, 0% used [0x00000000ebc00000,0x00000000ebc00000,0x00000000edb00000)
  from space 2560K, 99% used [0x00000000edb00000,0x00000000edd7dd68,0x00000000edd80000)
  to   space 8704K, 0% used [0x00000000f0280000,0x00000000f0280000,0x00000000f0b00000)
 ParOldGen       total 42496K, used 14605K [0x00000000c3400000, 0x00000000c5d80000, 0x00000000ebc00000)
  object space 42496K, 34% used [0x00000000c3400000,0x00000000c4243430,0x00000000c5d80000)
 Metaspace       used 14480K, capacity 14718K, committed 14976K, reserved 1062912K
  class space    used 1574K, capacity 1643K, committed 1664K, reserved 1048576K
}
Event: 18.681 GC heap before
{Heap before GC invocations=6 (full 0):
 PSYoungGen      total 34304K, used 34295K [0x00000000ebc00000, 0x00000000f0b00000, 0x0000000100000000)
  eden space 31744K, 100% used [0x00000000ebc00000,0x00000000edb00000,0x00000000edb00000)
  from space 2560K, 99% used [0x00000000edb00000,0x00000000edd7dd68,0x00000000edd80000)
  to   space 8704K, 0% used [0x00000000f0280000,0x00000000f0280000,0x00000000f0b00000)
 ParOldGen       total 42496K, used 14605K [0x00000000c3400000, 0x00000000c5d80000, 0x00000000ebc00000)
  object space 42496K, 34% used [0x00000000c3400000,0x00000000c4243430,0x00000000c5d80000)
 Metaspace       used 14960K, capacity 15166K, committed 15232K, reserved 1062912K
  class space    used 1581K, capacity 1643K, committed 1664K, reserved 1048576K
Event: 18.729 GC heap after
Heap after GC invocations=6 (full 0):
 PSYoungGen      total 72192K, used 3479K [0x00000000ebc00000, 0x00000000f0b00000, 0x0000000100000000)
  eden space 63488K, 0% used [0x00000000ebc00000,0x00000000ebc00000,0x00000000efa00000)
  from space 8704K, 39% used [0x00000000f0280000,0x00000000f05e5d78,0x00000000f0b00000)
  to   space 8704K, 0% used [0x00000000efa00000,0x00000000efa00000,0x00000000f0280000)
 ParOldGen       total 42496K, used 14613K [0x00000000c3400000, 0x00000000c5d80000, 0x00000000ebc00000)
  object space 42496K, 34% used [0x00000000c3400000,0x00000000c4245430,0x00000000c5d80000)
 Metaspace       used 14960K, capacity 15166K, committed 15232K, reserved 1062912K
  class space    used 1581K, capacity 1643K, committed 1664K, reserved 1048576K
}
Event: 25.986 GC heap before
{Heap before GC invocations=7 (full 0):
 PSYoungGen      total 72192K, used 66967K [0x00000000ebc00000, 0x00000000f0b00000, 0x0000000100000000)
  eden space 63488K, 100% used [0x00000000ebc00000,0x00000000efa00000,0x00000000efa00000)
  from space 8704K, 39% used [0x00000000f0280000,0x00000000f05e5d78,0x00000000f0b00000)
  to   space 8704K, 0% used [0x00000000efa00000,0x00000000efa00000,0x00000000f0280000)
 ParOldGen       total 42496K, used 14613K [0x00000000c3400000, 0x00000000c5d80000, 0x00000000ebc00000)
  object space 42496K, 34% used [0x00000000c3400000,0x00000000c4245430,0x00000000c5d80000)
 Metaspace       used 15719K, capacity 15972K, committed 16128K, reserved 1062912K
  class space    used 1643K, capacity 1740K, committed 1792K, reserved 1048576K

Deoptimization events (10 events):
Event: 24.944 Thread 0x00007f2ac000a000 Uncommon trap: reason=class_check action=maybe_recompile pc=0x00007f2ab0fc3cd4 method=java.util.regex.Pattern$BmpCharProperty.match(Ljava/util/regex/Matcher;ILjava/lang/CharSequence;)Z @ 31
Event: 24.944 Thread 0x00007f2ac000a000 Uncommon trap: reason=unstable_if action=reinterpret pc=0x00007f2ab108a7bc method=java.util.regex.Matcher.search(I)Z @ 30
Event: 24.944 Thread 0x00007f2ac000a000 Uncommon trap: reason=class_check action=maybe_recompile pc=0x00007f2ab0fc3cd4 method=java.util.regex.Pattern$BmpCharProperty.match(Ljava/util/regex/Matcher;ILjava/lang/CharSequence;)Z @ 31
Event: 24.944 Thread 0x00007f2ac000a000 Uncommon trap: reason=class_check action=maybe_recompile pc=0x00007f2ab0fc3cd4 method=java.util.regex.Pattern$BmpCharProperty.match(Ljava/util/regex/Matcher;ILjava/lang/CharSequence;)Z @ 31
Event: 24.944 Thread 0x00007f2ac000a000 Uncommon trap: reason=class_check action=maybe_recompile pc=0x00007f2ab0fc3cd4 method=java.util.regex.Pattern$BmpCharProperty.match(Ljava/util/regex/Matcher;ILjava/lang/CharSequence;)Z @ 31
Event: 24.948 Thread 0x00007f2ac000a000 Uncommon trap: reason=class_check action=maybe_recompile pc=0x00007f2ab08da448 method=sun.misc.URLClassPath.getLoader(I)Lsun/misc/URLClassPath$Loader; @ 94
Event: 24.948 Thread 0x00007f2ac000a000 Uncommon trap: reason=class_check action=maybe_recompile pc=0x00007f2ab08da448 method=sun.misc.URLClassPath.getLoader(I)Lsun/misc/URLClassPath$Loader; @ 94
Event: 24.973 Thread 0x00007f2ac000a000 Uncommon trap: reason=unstable_if action=reinterpret pc=0x00007f2ab0a32ee4 method=com.sun.tools.javac.parser.JavaTokenizer.readToken()Lcom/sun/tools/javac/parser/Tokens$Token; @ 961
Event: 25.017 Thread 0x00007f2ac000a000 Uncommon trap: reason=unstable_if action=reinterpret pc=0x00007f2ab0c5de9c method=com.sun.tools.javac.parser.JavacParser.term3()Lcom/sun/tools/javac/tree/JCTree$JCExpression; @ 1519
Event: 25.982 Thread 0x00007f2ac000a000 Uncommon trap: reason=class_check action=maybe_recompile pc=0x00007f2ab0d41620 method=com.sun.tools.javac.comp.Resolve.findIdentInPackage(Lcom/sun/tools/javac/comp/Env;Lcom/sun/tools/javac/code/Symbol$TypeSymbol;Lcom/sun/tools/javac/util/Name;I)Lcom/sun/t

Internal exceptions (10 events):
Event: 2.927 Thread 0x00007f2ac000a000 Exception <a 'java/security/PrivilegedActionException'> (0x00000000ebceeef0) thrown at [/build/openjdk-8-YiEakL/openjdk-8-8u121-b13/src/hotspot/src/share/vm/prims/jvm.cpp, line 1390]
Event: 6.536 Thread 0x00007f2ac000a000 Exception <a 'java/lang/NoSuchFieldError': method resolution failed> (0x00000000ec69e730) thrown at [/build/openjdk-8-YiEakL/openjdk-8-8u121-b13/src/hotspot/src/share/vm/prims/methodHandles.cpp, line 1146]
Event: 6.539 Thread 0x00007f2ac000a000 Exception <a 'java/lang/NoSuchFieldError': method resolution failed> (0x00000000ec6abdf0) thrown at [/build/openjdk-8-YiEakL/openjdk-8-8u121-b13/src/hotspot/src/share/vm/prims/methodHandles.cpp, line 1146]
Event: 7.208 Thread 0x00007f2ac000a000 Exception <a 'java/lang/ClassNotFoundException': org/apache/tools/ant/helper/DefaultExecutor> (0x00000000ec8e57f0) thrown at [/build/openjdk-8-YiEakL/openjdk-8-8u121-b13/src/hotspot/src/share/vm/classfile/systemDictionary.cpp, line 210]
Event: 10.487 Thread 0x00007f2ac000a000 Exception <a 'java/io/FileNotFoundException'> (0x00000000ec66c4e8) thrown at [/build/openjdk-8-YiEakL/openjdk-8-8u121-b13/src/hotspot/src/share/vm/prims/jni.cpp, line 709]
Event: 10.527 Thread 0x00007f2ac000a000 Exception <a 'java/io/FileNotFoundException'> (0x00000000ec694728) thrown at [/build/openjdk-8-YiEakL/openjdk-8-8u121-b13/src/hotspot/src/share/vm/prims/jni.cpp, line 709]
Event: 10.527 Thread 0x00007f2ac000a000 Exception <a 'java/io/FileNotFoundException'> (0x00000000ec6953f0) thrown at [/build/openjdk-8-YiEakL/openjdk-8-8u121-b13/src/hotspot/src/share/vm/prims/jni.cpp, line 709]
Event: 25.689 Thread 0x00007f2ac000a000 Exception <a 'java/io/FileNotFoundException'> (0x00000000ef949988) thrown at [/build/openjdk-8-YiEakL/openjdk-8-8u121-b13/src/hotspot/src/share/vm/prims/jni.cpp, line 709]
Event: 25.689 Thread 0x00007f2ac000a000 Exception <a 'java/io/FileNotFoundException'> (0x00000000ef94a850) thrown at [/build/openjdk-8-YiEakL/openjdk-8-8u121-b13/src/hotspot/src/share/vm/prims/jni.cpp, line 709]
Event: 25.689 Thread 0x00007f2ac000a000 Exception <a 'java/io/FileNotFoundException'> (0x00000000ef94b330) thrown at [/build/openjdk-8-YiEakL/openjdk-8-8u121-b13/src/hotspot/src/share/vm/prims/jni.cpp, line 709]

Events (10 events):
Event: 24.973 Thread 0x00007f2ac000a000 Uncommon trap: trap_request=0xffffff65 fr.pc=0x00007f2ab0a32ee4
Event: 24.973 Thread 0x00007f2ac000a000 DEOPT PACKING pc=0x00007f2ab0a32ee4 sp=0x00007f2ac6c0b540
Event: 24.973 Thread 0x00007f2ac000a000 DEOPT UNPACKING pc=0x00007f2ab0595f69 sp=0x00007f2ac6c0b528 mode 2
Event: 25.017 Thread 0x00007f2ac000a000 Uncommon trap: trap_request=0xffffff65 fr.pc=0x00007f2ab0c5de9c
Event: 25.017 Thread 0x00007f2ac000a000 DEOPT PACKING pc=0x00007f2ab0c5de9c sp=0x00007f2ac6c0a150
Event: 25.017 Thread 0x00007f2ac000a000 DEOPT UNPACKING pc=0x00007f2ab0595f69 sp=0x00007f2ac6c0a1a8 mode 2
Event: 25.982 Thread 0x00007f2ac000a000 Uncommon trap: trap_request=0xffffffde fr.pc=0x00007f2ab0d41620
Event: 25.982 Thread 0x00007f2ac000a000 DEOPT PACKING pc=0x00007f2ab0d41620 sp=0x00007f2ac6c0b330
Event: 25.982 Thread 0x00007f2ac000a000 DEOPT UNPACKING pc=0x00007f2ab0595f69 sp=0x00007f2ac6c0b310 mode 2
Event: 25.986 Executing VM operation: ParallelGCFailedAllocation


Dynamic libraries:
00400000-00401000 r-xp 00000000 08:04 7733285                            /usr/lib/jvm/java-8-openjdk-amd64/jre/bin/java
00600000-00601000 r--p 00000000 08:04 7733285                            /usr/lib/jvm/java-8-openjdk-amd64/jre/bin/java
00601000-00602000 rw-p 00001000 08:04 7733285                            /usr/lib/jvm/java-8-openjdk-amd64/jre/bin/java
01287000-012a8000 rw-p 00000000 00:00 0                                  [heap]
c3400000-c5d80000 rw-p 00000000 00:00 0 
c5d80000-ebc00000 ---p 00000000 00:00 0 
ebc00000-f0b00000 rw-p 00000000 00:00 0 
f4900000-100000000 ---p 00000000 00:00 0 
100000000-1001c0000 rw-p 00000000 00:00 0 
1001c0000-140000000 ---p 00000000 00:00 0 
7f2a64000000-7f2a64021000 rw-p 00000000 00:00 0 
7f2a64021000-7f2a68000000 ---p 00000000 00:00 0 
7f2a6c000000-7f2a6c021000 rw-p 00000000 00:00 0 
7f2a6c021000-7f2a70000000 ---p 00000000 00:00 0 
7f2a70000000-7f2a70021000 rw-p 00000000 00:00 0 
7f2a70021000-7f2a74000000 ---p 00000000 00:00 0 
7f2a74000000-7f2a74021000 rw-p 00000000 00:00 0 
7f2a74021000-7f2a78000000 ---p 00000000 00:00 0 
7f2a78000000-7f2a78021000 rw-p 00000000 00:00 0 
7f2a78021000-7f2a7c000000 ---p 00000000 00:00 0 
7f2a7c000000-7f2a7cd1c000 rw-p 00000000 00:00 0 
7f2a7cd1c000-7f2a80000000 ---p 00000000 00:00 0 
7f2a80000000-7f2a80e94000 rw-p 00000000 00:00 0 
7f2a80e94000-7f2a84000000 ---p 00000000 00:00 0 
7f2a84000000-7f2a84021000 rw-p 00000000 00:00 0 
7f2a84021000-7f2a88000000 ---p 00000000 00:00 0 
7f2a88000000-7f2a88c92000 rw-p 00000000 00:00 0 
7f2a88c92000-7f2a8c000000 ---p 00000000 00:00 0 
7f2a8c000000-7f2a8c021000 rw-p 00000000 00:00 0 
7f2a8c021000-7f2a90000000 ---p 00000000 00:00 0 
7f2a90000000-7f2a90021000 rw-p 00000000 00:00 0 
7f2a90021000-7f2a94000000 ---p 00000000 00:00 0 
7f2a94000000-7f2a94021000 rw-p 00000000 00:00 0 
7f2a94021000-7f2a98000000 ---p 00000000 00:00 0 
7f2a98000000-7f2a98021000 rw-p 00000000 00:00 0 
7f2a98021000-7f2a9c000000 ---p 00000000 00:00 0 
7f2a9e42e000-7f2a9e43f000 r-xp 00000000 08:04 8257742                    /usr/lib/jvm/java-8-openjdk-amd64/jre/lib/amd64/libnio.so
7f2a9e43f000-7f2a9e63f000 ---p 00011000 08:04 8257742                    /usr/lib/jvm/java-8-openjdk-amd64/jre/lib/amd64/libnio.so
7f2a9e63f000-7f2a9e640000 r--p 00011000 08:04 8257742                    /usr/lib/jvm/java-8-openjdk-amd64/jre/lib/amd64/libnio.so
7f2a9e640000-7f2a9e641000 rw-p 00012000 08:04 8257742                    /usr/lib/jvm/java-8-openjdk-amd64/jre/lib/amd64/libnio.so
7f2a9e641000-7f2a9e942000 rw-p 00000000 00:00 0 
7f2a9e942000-7f2a9e959000 r-xp 00000000 08:04 8257636                    /usr/lib/jvm/java-8-openjdk-amd64/jre/lib/amd64/libnet.so
7f2a9e959000-7f2a9eb58000 ---p 00017000 08:04 8257636                    /usr/lib/jvm/java-8-openjdk-amd64/jre/lib/amd64/libnet.so
7f2a9eb58000-7f2a9eb59000 r--p 00016000 08:04 8257636                    /usr/lib/jvm/java-8-openjdk-amd64/jre/lib/amd64/libnet.so
7f2a9eb59000-7f2a9eb5a000 rw-p 00017000 08:04 8257636                    /usr/lib/jvm/java-8-openjdk-amd64/jre/lib/amd64/libnet.so
7f2a9eb5a000-7f2a9ed5a000 rw-p 00000000 00:00 0 
7f2a9ed5a000-7f2a9ef5a000 rw-p 00000000 00:00 0 
7f2a9ef5a000-7f2a9f15a000 rw-p 00000000 00:00 0 
7f2a9f15a000-7f2a9f15d000 ---p 00000000 00:00 0 
7f2a9f15d000-7f2a9f25b000 rw-p 00000000 00:00 0 
7f2a9f25b000-7f2a9f25e000 ---p 00000000 00:00 0 
7f2a9f25e000-7f2a9f35c000 rw-p 00000000 00:00 0 
7f2a9f35c000-7f2a9f35f000 ---p 00000000 00:00 0 
7f2a9f35f000-7f2a9f395000 rw-p 00000000 00:00 0 
7f2a9f395000-7f2a9f40e000 r--s 010fd000 08:04 7340065                    /usr/lib/jvm/java-8-openjdk-amd64/lib/tools.jar
7f2a9f40e000-7f2a9f411000 r--s 00014000 08:04 5647391                    /usr/share/java/ant-commons-net-1.9.6.jar
7f2a9f411000-7f2a9f412000 r--s 00002000 08:04 5647378                    /usr/share/java/ant-antlr-1.9.6.jar
7f2a9f412000-7f2a9f413000 r--s 00001000 08:04 5647383                    /usr/share/java/ant-apache-xalan2-1.9.6.jar
7f2a9f413000-7f2a9f415000 r--s 00002000 08:04 5647388                    /usr/share/java/ant-jmf-1.9.6.jar
7f2a9f415000-7f2a9f416000 r--s 00006000 08:04 5647390                    /usr/share/java/ant-testutil-1.9.6.jar
7f2a9f416000-7f2a9f418000 r--s 0001b000 08:04 5647381                    /usr/share/java/ant-junit-1.9.6.jar
7f2a9f418000-7f2a9f419000 r--s 00002000 08:04 5647376                    /usr/share/java/ant-apache-regexp-1.9.6.jar
7f2a9f419000-7f2a9f41a000 r--s 00002000 08:04 5647387                    /usr/share/java/ant-apache-oro-1.9.6.jar
7f2a9f41a000-7f2a9f41b000 r--s 00002000 08:04 5647379                    /usr/share/java/ant-apache-bsf-1.9.6.jar
7f2a9f41b000-7f2a9f41c000 r--s 00003000 08:04 5647380                    /usr/share/java/ant-apache-bcel-1.9.6.jar
7f2a9f41c000-7f2a9f41d000 r--s 00002000 08:04 5647392                    /usr/share/java/ant-apache-resolver-1.9.6.jar
7f2a9f41d000-7f2a9f41f000 r--s 0000a000 08:04 5647375                    /usr/share/java/ant-jsch-1.9.6.jar
7f2a9f41f000-7f2a9f420000 ---p 00000000 00:00 0 
7f2a9f420000-7f2a9f520000 rw-p 00000000 00:00 0 
7f2a9f520000-7f2a9f523000 ---p 00000000 00:00 0 
7f2a9f523000-7f2a9f621000 rw-p 00000000 00:00 0 
7f2a9f621000-7f2a9f624000 ---p 00000000 00:00 0 
7f2a9f624000-7f2a9f722000 rw-p 00000000 00:00 0 
7f2a9f722000-7f2a9f725000 ---p 00000000 00:00 0 
7f2a9f725000-7f2a9f823000 rw-p 00000000 00:00 0 
7f2a9f823000-7f2a9f826000 ---p 00000000 00:00 0 
7f2a9f826000-7f2a9f924000 rw-p 00000000 00:00 0 
7f2a9f924000-7f2a9f927000 ---p 00000000 00:00 0 
7f2a9f927000-7f2a9fa25000 rw-p 00000000 00:00 0 
7f2a9fa25000-7f2a9fcfd000 r--p 00000000 08:04 5243882                    /usr/lib/locale/locale-archive
7f2a9fcfd000-7f2a9fd00000 ---p 00000000 00:00 0 
7f2a9fd00000-7f2a9fdfe000 rw-p 00000000 00:00 0 
7f2a9fdfe000-7f2a9fe01000 ---p 00000000 00:00 0 
7f2a9fe01000-7f2a9feff000 rw-p 00000000 00:00 0 
7f2a9feff000-7f2a9ff00000 ---p 00000000 00:00 0 
7f2a9ff00000-7f2aa0000000 rw-p 00000000 00:00 0 
7f2aa0000000-7f2aa0021000 rw-p 00000000 00:00 0 
7f2aa0021000-7f2aa4000000 ---p 00000000 00:00 0 
7f2aa4000000-7f2aa4021000 rw-p 00000000 00:00 0 
7f2aa4021000-7f2aa8000000 ---p 00000000 00:00 0 
7f2aa8000000-7f2aa8021000 rw-p 00000000 00:00 0 
7f2aa8021000-7f2aac000000 ---p 00000000 00:00 0 
7f2aac000000-7f2aac002000 r--s 00002000 08:04 5647389                    /usr/share/java/ant-junit4-1.9.6.jar
7f2aac002000-7f2aac021000 r--s 001d1000 08:04 5647365                    /usr/share/java/ant-1.9.6.jar
7f2aac021000-7f2aac023000 r--s 00001000 08:04 5647385                    /usr/share/java/ant-apache-log4j-1.9.6.jar
7f2aac023000-7f2aac03e000 r--s 001d6000 08:04 8132543                    /usr/lib/jvm/java-8-openjdk-amd64/jre/lib/ext/nashorn.jar
7f2aac03e000-7f2aac059000 r--s 00394000 08:04 8132549                    /usr/lib/jvm/java-8-openjdk-amd64/jre/lib/ext/cldrdata.jar
7f2aac059000-7f2aad018000 rw-p 00000000 00:00 0 
7f2aad018000-7f2aad1e6000 r--s 03c06000 08:04 7864358                    /usr/lib/jvm/java-8-openjdk-amd64/jre/lib/rt.jar
7f2aad1e6000-7f2aafaa2000 rw-p 00000000 00:00 0 
7f2aafaa2000-7f2aafaa3000 ---p 00000000 00:00 0 
7f2aafaa3000-7f2aafba3000 rw-p 00000000 00:00 0 
7f2aafba3000-7f2aafba4000 ---p 00000000 00:00 0 
7f2aafba4000-7f2aafca4000 rw-p 00000000 00:00 0 
7f2aafca4000-7f2aafca5000 ---p 00000000 00:00 0 
7f2aafca5000-7f2aafda5000 rw-p 00000000 00:00 0 
7f2aafda5000-7f2aafda6000 ---p 00000000 00:00 0 
7f2aafda6000-7f2aafebb000 rw-p 00000000 00:00 0 
7f2aafebb000-7f2aaffea000 ---p 00000000 00:00 0 
7f2aaffea000-7f2aaffff000 rw-p 00000000 00:00 0 
7f2aaffff000-7f2ab012e000 ---p 00000000 00:00 0 
7f2ab012e000-7f2ab0156000 rw-p 00000000 00:00 0 
7f2ab0156000-7f2ab01d0000 ---p 00000000 00:00 0 
7f2ab01d0000-7f2ab0206000 rw-p 00000000 00:00 0 
7f2ab0206000-7f2ab0591000 ---p 00000000 00:00 0 
7f2ab0591000-7f2ab12b1000 rwxp 00000000 00:00 0 
7f2ab12b1000-7f2abf591000 ---p 00000000 00:00 0 
7f2abf591000-7f2abf599000 r-xp 00000000 08:04 8257634                    /usr/lib/jvm/java-8-openjdk-amd64/jre/lib/amd64/libzip.so
7f2abf599000-7f2abf798000 ---p 00008000 08:04 8257634                    /usr/lib/jvm/java-8-openjdk-amd64/jre/lib/amd64/libzip.so
7f2abf798000-7f2abf799000 r--p 00007000 08:04 8257634                    /usr/lib/jvm/java-8-openjdk-amd64/jre/lib/amd64/libzip.so
7f2abf799000-7f2abf79a000 rw-p 00008000 08:04 8257634                    /usr/lib/jvm/java-8-openjdk-amd64/jre/lib/amd64/libzip.so
7f2abf79a000-7f2abf7a5000 r-xp 00000000 08:04 3670956                    /lib/x86_64-linux-gnu/libnss_files-2.23.so
7f2abf7a5000-7f2abf9a4000 ---p 0000b000 08:04 3670956                    /lib/x86_64-linux-gnu/libnss_files-2.23.so
7f2abf9a4000-7f2abf9a5000 r--p 0000a000 08:04 3670956                    /lib/x86_64-linux-gnu/libnss_files-2.23.so
7f2abf9a5000-7f2abf9a6000 rw-p 0000b000 08:04 3670956                    /lib/x86_64-linux-gnu/libnss_files-2.23.so
7f2abf9a6000-7f2abf9ac000 rw-p 00000000 00:00 0 
7f2abf9ac000-7f2abf9b7000 r-xp 00000000 08:04 3670928                    /lib/x86_64-linux-gnu/libnss_nis-2.23.so
7f2abf9b7000-7f2abfbb6000 ---p 0000b000 08:04 3670928                    /lib/x86_64-linux-gnu/libnss_nis-2.23.so
7f2abfbb6000-7f2abfbb7000 r--p 0000a000 08:04 3670928                    /lib/x86_64-linux-gnu/libnss_nis-2.23.so
7f2abfbb7000-7f2abfbb8000 rw-p 0000b000 08:04 3670928                    /lib/x86_64-linux-gnu/libnss_nis-2.23.so
7f2abfbb8000-7f2abfbce000 r-xp 00000000 08:04 3670950                    /lib/x86_64-linux-gnu/libnsl-2.23.so
7f2abfbce000-7f2abfdcd000 ---p 00016000 08:04 3670950                    /lib/x86_64-linux-gnu/libnsl-2.23.so
7f2abfdcd000-7f2abfdce000 r--p 00015000 08:04 3670950                    /lib/x86_64-linux-gnu/libnsl-2.23.so
7f2abfdce000-7f2abfdcf000 rw-p 00016000 08:04 3670950                    /lib/x86_64-linux-gnu/libnsl-2.23.so
7f2abfdcf000-7f2abfdd1000 rw-p 00000000 00:00 0 
7f2abfdd1000-7f2abfdfe000 r-xp 00000000 08:04 8257780                    /usr/lib/jvm/java-8-openjdk-amd64/jre/lib/amd64/libjava.so
7f2abfdfe000-7f2abfffd000 ---p 0002d000 08:04 8257780                    /usr/lib/jvm/java-8-openjdk-amd64/jre/lib/amd64/libjava.so
7f2abfffd000-7f2abfffe000 r--p 0002c000 08:04 8257780                    /usr/lib/jvm/java-8-openjdk-amd64/jre/lib/amd64/libjava.so
7f2abfffe000-7f2ac0000000 rw-p 0002d000 08:04 8257780                    /usr/lib/jvm/java-8-openjdk-amd64/jre/lib/amd64/libjava.so
7f2ac0000000-7f2ac059d000 rw-p 00000000 00:00 0 
7f2ac059d000-7f2ac4000000 ---p 00000000 00:00 0 
7f2ac4000000-7f2ac4001000 r--s 00004000 08:04 5647366                    /usr/share/java/ant-launcher-1.9.6.jar
7f2ac4001000-7f2ac4002000 r--s 00002000 08:04 5647382                    /usr/share/java/ant-commons-logging-1.9.6.jar
7f2ac4002000-7f2ac4003000 r--s 00003000 08:04 5647384                    /usr/share/java/ant-javamail-1.9.6.jar
7f2ac4003000-7f2ac400d000 r--s 00116000 08:04 8132563                    /usr/lib/jvm/java-8-openjdk-amd64/jre/lib/ext/localedata.jar
7f2ac400d000-7f2ac4015000 r-xp 00000000 08:04 3670952                    /lib/x86_64-linux-gnu/libnss_compat-2.23.so
7f2ac4015000-7f2ac4214000 ---p 00008000 08:04 3670952                    /lib/x86_64-linux-gnu/libnss_compat-2.23.so
7f2ac4214000-7f2ac4215000 r--p 00007000 08:04 3670952                    /lib/x86_64-linux-gnu/libnss_compat-2.23.so
7f2ac4215000-7f2ac4216000 rw-p 00008000 08:04 3670952                    /lib/x86_64-linux-gnu/libnss_compat-2.23.so
7f2ac4216000-7f2ac4225000 r-xp 00000000 08:04 8257582                    /usr/lib/jvm/java-8-openjdk-amd64/jre/lib/amd64/libverify.so
7f2ac4225000-7f2ac4424000 ---p 0000f000 08:04 8257582                    /usr/lib/jvm/java-8-openjdk-amd64/jre/lib/amd64/libverify.so
7f2ac4424000-7f2ac4426000 r--p 0000e000 08:04 8257582                    /usr/lib/jvm/java-8-openjdk-amd64/jre/lib/amd64/libverify.so
7f2ac4426000-7f2ac4427000 rw-p 00010000 08:04 8257582                    /usr/lib/jvm/java-8-openjdk-amd64/jre/lib/amd64/libverify.so
7f2ac4427000-7f2ac442e000 r-xp 00000000 08:04 3670926                    /lib/x86_64-linux-gnu/librt-2.23.so
7f2ac442e000-7f2ac462d000 ---p 00007000 08:04 3670926                    /lib/x86_64-linux-gnu/librt-2.23.so
7f2ac462d000-7f2ac462e000 r--p 00006000 08:04 3670926                    /lib/x86_64-linux-gnu/librt-2.23.so
7f2ac462e000-7f2ac462f000 rw-p 00007000 08:04 3670926                    /lib/x86_64-linux-gnu/librt-2.23.so
7f2ac462f000-7f2ac4645000 r-xp 00000000 08:04 3674212                    /lib/x86_64-linux-gnu/libgcc_s.so.1
7f2ac4645000-7f2ac4844000 ---p 00016000 08:04 3674212                    /lib/x86_64-linux-gnu/libgcc_s.so.1
7f2ac4844000-7f2ac4845000 rw-p 00015000 08:04 3674212                    /lib/x86_64-linux-gnu/libgcc_s.so.1
7f2ac4845000-7f2ac494d000 r-xp 00000000 08:04 3670946                    /lib/x86_64-linux-gnu/libm-2.23.so
7f2ac494d000-7f2ac4b4c000 ---p 00108000 08:04 3670946                    /lib/x86_64-linux-gnu/libm-2.23.so
7f2ac4b4c000-7f2ac4b4d000 r--p 00107000 08:04 3670946                    /lib/x86_64-linux-gnu/libm-2.23.so
7f2ac4b4d000-7f2ac4b4e000 rw-p 00108000 08:04 3670946                    /lib/x86_64-linux-gnu/libm-2.23.so
7f2ac4b4e000-7f2ac4cc0000 r-xp 00000000 08:04 5245011                    /usr/lib/x86_64-linux-gnu/libstdc++.so.6.0.21
7f2ac4cc0000-7f2ac4ec0000 ---p 00172000 08:04 5245011                    /usr/lib/x86_64-linux-gnu/libstdc++.so.6.0.21
7f2ac4ec0000-7f2ac4eca000 r--p 00172000 08:04 5245011                    /usr/lib/x86_64-linux-gnu/libstdc++.so.6.0.21
7f2ac4eca000-7f2ac4ecc000 rw-p 0017c000 08:04 5245011                    /usr/lib/x86_64-linux-gnu/libstdc++.so.6.0.21
7f2ac4ecc000-7f2ac4ed0000 rw-p 00000000 00:00 0 
7f2ac4ed0000-7f2ac5b20000 r-xp 00000000 08:04 8388635                    /usr/lib/jvm/java-8-openjdk-amd64/jre/lib/amd64/server/libjvm.so
7f2ac5b20000-7f2ac5d1f000 ---p 00c50000 08:04 8388635                    /usr/lib/jvm/java-8-openjdk-amd64/jre/lib/amd64/server/libjvm.so
7f2ac5d1f000-7f2ac5db2000 r--p 00c4f000 08:04 8388635                    /usr/lib/jvm/java-8-openjdk-amd64/jre/lib/amd64/server/libjvm.so
7f2ac5db2000-7f2ac5ddb000 rw-p 00ce2000 08:04 8388635                    /usr/lib/jvm/java-8-openjdk-amd64/jre/lib/amd64/server/libjvm.so
7f2ac5ddb000-7f2ac5e0b000 rw-p 00000000 00:00 0 
7f2ac5e0b000-7f2ac5e23000 r-xp 00000000 08:04 3670948                    /lib/x86_64-linux-gnu/libpthread-2.23.so
7f2ac5e23000-7f2ac6022000 ---p 00018000 08:04 3670948                    /lib/x86_64-linux-gnu/libpthread-2.23.so
7f2ac6022000-7f2ac6023000 r--p 00017000 08:04 3670948                    /lib/x86_64-linux-gnu/libpthread-2.23.so
7f2ac6023000-7f2ac6024000 rw-p 00018000 08:04 3670948                    /lib/x86_64-linux-gnu/libpthread-2.23.so
7f2ac6024000-7f2ac6028000 rw-p 00000000 00:00 0 
7f2ac6028000-7f2ac602b000 r-xp 00000000 08:04 3670934                    /lib/x86_64-linux-gnu/libdl-2.23.so
7f2ac602b000-7f2ac622a000 ---p 00003000 08:04 3670934                    /lib/x86_64-linux-gnu/libdl-2.23.so
7f2ac622a000-7f2ac622b000 r--p 00002000 08:04 3670934                    /lib/x86_64-linux-gnu/libdl-2.23.so
7f2ac622b000-7f2ac622c000 rw-p 00003000 08:04 3670934                    /lib/x86_64-linux-gnu/libdl-2.23.so
7f2ac622c000-7f2ac6245000 r-xp 00000000 08:04 3670183                    /lib/x86_64-linux-gnu/libz.so.1.2.8
7f2ac6245000-7f2ac6444000 ---p 00019000 08:04 3670183                    /lib/x86_64-linux-gnu/libz.so.1.2.8
7f2ac6444000-7f2ac6445000 r--p 00018000 08:04 3670183                    /lib/x86_64-linux-gnu/libz.so.1.2.8
7f2ac6445000-7f2ac6446000 rw-p 00019000 08:04 3670183                    /lib/x86_64-linux-gnu/libz.so.1.2.8
7f2ac6446000-7f2ac6605000 r-xp 00000000 08:04 3670936                    /lib/x86_64-linux-gnu/libc-2.23.so
7f2ac6605000-7f2ac6805000 ---p 001bf000 08:04 3670936                    /lib/x86_64-linux-gnu/libc-2.23.so
7f2ac6805000-7f2ac6809000 r--p 001bf000 08:04 3670936                    /lib/x86_64-linux-gnu/libc-2.23.so
7f2ac6809000-7f2ac680b000 rw-p 001c3000 08:04 3670936                    /lib/x86_64-linux-gnu/libc-2.23.so
7f2ac680b000-7f2ac680f000 rw-p 00000000 00:00 0 
7f2ac680f000-7f2ac681c000 r-xp 00000000 08:04 8519684                    /usr/lib/jvm/java-8-openjdk-amd64/jre/lib/amd64/jli/libjli.so
7f2ac681c000-7f2ac6a1c000 ---p 0000d000 08:04 8519684                    /usr/lib/jvm/java-8-openjdk-amd64/jre/lib/amd64/jli/libjli.so
7f2ac6a1c000-7f2ac6a1d000 r--p 0000d000 08:04 8519684                    /usr/lib/jvm/java-8-openjdk-amd64/jre/lib/amd64/jli/libjli.so
7f2ac6a1d000-7f2ac6a1e000 rw-p 0000e000 08:04 8519684                    /usr/lib/jvm/java-8-openjdk-amd64/jre/lib/amd64/jli/libjli.so
7f2ac6a1e000-7f2ac6a44000 r-xp 00000000 08:04 3670914                    /lib/x86_64-linux-gnu/ld-2.23.so
7f2ac6a44000-7f2ac6a49000 r--s 0003b000 08:04 8132567                    /usr/lib/jvm/java-8-openjdk-amd64/jre/lib/ext/sunjce_provider.jar
7f2ac6a49000-7f2ac6b0e000 rw-p 00000000 00:00 0 
7f2ac6b0e000-7f2ac6b11000 ---p 00000000 00:00 0 
7f2ac6b11000-7f2ac6c14000 rw-p 00000000 00:00 0 
7f2ac6c14000-7f2ac6c15000 r--s 00003000 08:04 5647386                    /usr/share/java/ant-jdepend-1.9.6.jar
7f2ac6c15000-7f2ac6c16000 r--s 00003000 08:04 5647377                    /usr/share/java/ant-swing-1.9.6.jar
7f2ac6c16000-7f2ac6c17000 r--s 00004000 08:04 5647366                    /usr/share/java/ant-launcher-1.9.6.jar
7f2ac6c17000-7f2ac6c19000 r--s 00001000 08:04 8132547                    /usr/lib/jvm/java-8-openjdk-amd64/jre/lib/ext/dnsns.jar
7f2ac6c19000-7f2ac6c1a000 r--s 0000a000 08:04 8132570                    /usr/lib/jvm/java-8-openjdk-amd64/jre/lib/ext/jaccess.jar
7f2ac6c1a000-7f2ac6c1b000 r--s 00010000 08:04 8132556                    /usr/lib/jvm/java-8-openjdk-amd64/jre/lib/ext/zipfs.jar
7f2ac6c1b000-7f2ac6c1d000 r--s 00008000 08:04 8132531                    /usr/lib/jvm/java-8-openjdk-amd64/jre/lib/ext/sunec.jar
7f2ac6c1d000-7f2ac6c21000 r--s 00037000 08:04 8132562                    /usr/lib/jvm/java-8-openjdk-amd64/jre/lib/ext/sunpkcs11.jar
7f2ac6c21000-7f2ac6c24000 r--s 0000f000 08:04 8132548                    /usr/lib/jvm/java-8-openjdk-amd64/jre/lib/ext/icedtea-sound.jar
7f2ac6c24000-7f2ac6c37000 rw-p 00000000 00:00 0 
7f2ac6c37000-7f2ac6c3f000 rw-s 00000000 08:04 3670264                    /tmp/hsperfdata_saurabh/5530
7f2ac6c3f000-7f2ac6c40000 rw-p 00000000 00:00 0 
7f2ac6c40000-7f2ac6c41000 ---p 00000000 00:00 0 
7f2ac6c41000-7f2ac6c43000 rw-p 00000000 00:00 0 
7f2ac6c43000-7f2ac6c44000 r--p 00025000 08:04 3670914                    /lib/x86_64-linux-gnu/ld-2.23.so
7f2ac6c44000-7f2ac6c45000 rw-p 00026000 08:04 3670914                    /lib/x86_64-linux-gnu/ld-2.23.so
7f2ac6c45000-7f2ac6c46000 rw-p 00000000 00:00 0 
7ffd62981000-7ffd629a3000 rw-p 00000000 00:00 0                          [stack]
7ffd629c2000-7ffd629c4000 r--p 00000000 00:00 0                          [vvar]
7ffd629c4000-7ffd629c6000 r-xp 00000000 00:00 0                          [vdso]
ffffffffff600000-ffffffffff601000 r-xp 00000000 00:00 0                  [vsyscall]

VM Arguments:
jvm_args: -Dant.home=/usr/share/ant -Dant.library.dir=/usr/share/ant/lib 
java_command: org.apache.tools.ant.launch.Launcher -cp  java
java_class_path (initial): /usr/share/ant/lib/ant-launcher.jar
Launcher Type: SUN_STANDARD

Environment Variables:
PATH=/home/saurabh/SaurabhKumar/BeeWareVOC/PythonEnvironmets/VOC_Env/bin:/home/saurabh/anaconda2/bin:/home/saurabh/torch/install/bin:/home/saurabh/.pythonbrew/bin:/home/saurabh/.pythonbrew/bin:/home/saurabh/torch/install/bin:/usr/local/sbin:/usr/local/bin:/usr/sbin:/usr/bin:/sbin:/bin:/usr/games:/usr/local/games:/snap/bin:/usr/brlcad/bin
LD_LIBRARY_PATH=/home/saurabh/torch/install/lib:/home/saurabh/torch/install/lib:
SHELL=/bin/bash
DISPLAY=:0
DYLD_LIBRARY_PATH=/home/saurabh/torch/install/lib:/home/saurabh/torch/install/lib:

Signal Handlers:
SIGSEGV: [libjvm.so+0xa66fd0], sa_mask[0]=11111111011111111101111111111110, sa_flags=SA_RESTART|SA_SIGINFO
SIGBUS: [libjvm.so+0xa66fd0], sa_mask[0]=11111111011111111101111111111110, sa_flags=SA_RESTART|SA_SIGINFO
SIGFPE: [libjvm.so+0x8b0180], sa_mask[0]=11111111011111111101111111111110, sa_flags=SA_RESTART|SA_SIGINFO
SIGPIPE: [libjvm.so+0x8b0180], sa_mask[0]=11111111011111111101111111111110, sa_flags=SA_RESTART|SA_SIGINFO
SIGXFSZ: [libjvm.so+0x8b0180], sa_mask[0]=11111111011111111101111111111110, sa_flags=SA_RESTART|SA_SIGINFO
SIGILL: [libjvm.so+0x8b0180], sa_mask[0]=11111111011111111101111111111110, sa_flags=SA_RESTART|SA_SIGINFO
SIGUSR1: SIG_DFL, sa_mask[0]=00000000000000000000000000000000, sa_flags=none
SIGUSR2: [libjvm.so+0x8b0030], sa_mask[0]=00000000000000000000000000000000, sa_flags=SA_RESTART|SA_SIGINFO
SIGHUP: [libjvm.so+0x8b0500], sa_mask[0]=11111111011111111101111111111110, sa_flags=SA_RESTART|SA_SIGINFO
SIGINT: [libjvm.so+0x8b0500], sa_mask[0]=11111111011111111101111111111110, sa_flags=SA_RESTART|SA_SIGINFO
SIGTERM: [libjvm.so+0x8b0500], sa_mask[0]=11111111011111111101111111111110, sa_flags=SA_RESTART|SA_SIGINFO
SIGQUIT: [libjvm.so+0x8b0500], sa_mask[0]=11111111011111111101111111111110, sa_flags=SA_RESTART|SA_SIGINFO


---------------  S Y S T E M  ---------------

OS:DISTRIB_ID=Ubuntu
DISTRIB_RELEASE=16.04
DISTRIB_CODENAME=xenial
DISTRIB_DESCRIPTION="Ubuntu 16.04.2 LTS"

uname:Linux 4.4.0-65-generic #86-Ubuntu SMP Thu Feb 23 17:49:58 UTC 2017 x86_64
libc:glibc 2.23 NPTL 2.23 
rlimit: STACK 8192k, CORE 0k, NPROC 15392, NOFILE 65536, AS infinity
load average:12.36 10.72 6.18

/proc/meminfo:
MemTotal:        3980976 kB
MemFree:          106536 kB
MemAvailable:      12584 kB
Buffers:            1820 kB
Cached:           318600 kB
SwapCached:            0 kB
Active:          3389500 kB
Inactive:         284460 kB
Active(anon):    3379816 kB
Inactive(anon):   272664 kB
Active(file):       9684 kB
Inactive(file):    11796 kB
Unevictable:         176 kB
Mlocked:             176 kB
SwapTotal:             0 kB
SwapFree:              0 kB
Dirty:               144 kB
Writeback:             0 kB
AnonPages:       3354516 kB
Mapped:           121832 kB
Shmem:            298340 kB
Slab:              79512 kB
SReclaimable:      35688 kB
SUnreclaim:        43824 kB
KernelStack:       11216 kB
PageTables:        63308 kB
NFS_Unstable:          0 kB
Bounce:                0 kB
WritebackTmp:          0 kB
CommitLimit:     1990488 kB
Committed_AS:    8874484 kB
VmallocTotal:   34359738367 kB
VmallocUsed:           0 kB
VmallocChunk:          0 kB
HardwareCorrupted:     0 kB
AnonHugePages:   1251328 kB
CmaTotal:              0 kB
CmaFree:               0 kB
HugePages_Total:       0
HugePages_Free:        0
HugePages_Rsvd:        0
HugePages_Surp:        0
Hugepagesize:       2048 kB
DirectMap4k:      197312 kB
DirectMap2M:     3932160 kB
DirectMap1G:     1048576 kB


CPU:total 4 (2 cores per cpu, 2 threads per core) family 6 model 69 stepping 1, cmov, cx8, fxsr, mmx, sse, sse2, sse3, ssse3, sse4.1, sse4.2, popcnt, avx, avx2, aes, clmul, erms, lzcnt, ht, tsc, tscinvbit, bmi1, bmi2

/proc/cpuinfo:
processor	: 0
vendor_id	: GenuineIntel
cpu family	: 6
model		: 69
model name	: Intel(R) Core(TM) i3-4005U CPU @ 1.70GHz
stepping	: 1
microcode	: 0x1d
cpu MHz		: 1699.933
cache size	: 3072 KB
physical id	: 0
siblings	: 4
core id		: 0
cpu cores	: 2
apicid		: 0
initial apicid	: 0
fpu		: yes
fpu_exception	: yes
cpuid level	: 13
wp		: yes
flags		: fpu vme de pse tsc msr pae mce cx8 apic sep mtrr pge mca cmov pat pse36 clflush dts acpi mmx fxsr sse sse2 ss ht tm pbe syscall nx pdpe1gb rdtscp lm constant_tsc arch_perfmon pebs bts rep_good nopl xtopology nonstop_tsc aperfmperf eagerfpu pni pclmulqdq dtes64 monitor ds_cpl vmx est tm2 ssse3 sdbg fma cx16 xtpr pdcm pcid sse4_1 sse4_2 movbe popcnt tsc_deadline_timer aes xsave avx f16c rdrand lahf_lm abm epb tpr_shadow vnmi flexpriority ept vpid fsgsbase tsc_adjust bmi1 avx2 smep bmi2 erms invpcid xsaveopt dtherm ida arat pln pts
bugs		:
bogomips	: 3392.08
clflush size	: 64
cache_alignment	: 64
address sizes	: 39 bits physical, 48 bits virtual
power management:

processor	: 1
vendor_id	: GenuineIntel
cpu family	: 6
model		: 69
model name	: Intel(R) Core(TM) i3-4005U CPU @ 1.70GHz
stepping	: 1
microcode	: 0x1d
cpu MHz		: 1700.000
cache size	: 3072 KB
physical id	: 0
siblings	: 4
core id		: 0
cpu cores	: 2
apicid		: 1
initial apicid	: 1
fpu		: yes
fpu_exception	: yes
cpuid level	: 13
wp		: yes
flags		: fpu vme de pse tsc msr pae mce cx8 apic sep mtrr pge mca cmov pat pse36 clflush dts acpi mmx fxsr sse sse2 ss ht tm pbe syscall nx pdpe1gb rdtscp lm constant_tsc arch_perfmon pebs bts rep_good nopl xtopology nonstop_tsc aperfmperf eagerfpu pni pclmulqdq dtes64 monitor ds_cpl vmx est tm2 ssse3 sdbg fma cx16 xtpr pdcm pcid sse4_1 sse4_2 movbe popcnt tsc_deadline_timer aes xsave avx f16c rdrand lahf_lm abm epb tpr_shadow vnmi flexpriority ept vpid fsgsbase tsc_adjust bmi1 avx2 smep bmi2 erms invpcid xsaveopt dtherm ida arat pln pts
bugs		:
bogomips	: 3392.08
clflush size	: 64
cache_alignment	: 64
address sizes	: 39 bits physical, 48 bits virtual
power management:

processor	: 2
vendor_id	: GenuineIntel
cpu family	: 6
model		: 69
model name	: Intel(R) Core(TM) i3-4005U CPU @ 1.70GHz
stepping	: 1
microcode	: 0x1d
cpu MHz		: 1699.933
cache size	: 3072 KB
physical id	: 0
siblings	: 4
core id		: 1
cpu cores	: 2
apicid		: 2
initial apicid	: 2
fpu		: yes
fpu_exception	: yes
cpuid level	: 13
wp		: yes
flags		: fpu vme de pse tsc msr pae mce cx8 apic sep mtrr pge mca cmov pat pse36 clflush dts acpi mmx fxsr sse sse2 ss ht tm pbe syscall nx pdpe1gb rdtscp lm constant_tsc arch_perfmon pebs bts rep_good nopl xtopology nonstop_tsc aperfmperf eagerfpu pni pclmulqdq dtes64 monitor ds_cpl vmx est tm2 ssse3 sdbg fma cx16 xtpr pdcm pcid sse4_1 sse4_2 movbe popcnt tsc_deadline_timer aes xsave avx f16c rdrand lahf_lm abm epb tpr_shadow vnmi flexpriority ept vpid fsgsbase tsc_adjust bmi1 avx2 smep bmi2 erms invpcid xsaveopt dtherm ida arat pln pts
bugs		:
bogomips	: 3392.08
clflush size	: 64
cache_alignment	: 64
address sizes	: 39 bits physical, 48 bits virtual
power management:

processor	: 3
vendor_id	: GenuineIntel
cpu family	: 6
model		: 69
model name	: Intel(R) Core(TM) i3-4005U CPU @ 1.70GHz
stepping	: 1
microcode	: 0x1d
cpu MHz		: 1699.933
cache size	: 3072 KB
physical id	: 0
siblings	: 4
core id		: 1
cpu cores	: 2
apicid		: 3
initial apicid	: 3
fpu		: yes
fpu_exception	: yes
cpuid level	: 13
wp		: yes
flags		: fpu vme de pse tsc msr pae mce cx8 apic sep mtrr pge mca cmov pat pse36 clflush dts acpi mmx fxsr sse sse2 ss ht tm pbe syscall nx pdpe1gb rdtscp lm constant_tsc arch_perfmon pebs bts rep_good nopl xtopology nonstop_tsc aperfmperf eagerfpu pni pclmulqdq dtes64 monitor ds_cpl vmx est tm2 ssse3 sdbg fma cx16 xtpr pdcm pcid sse4_1 sse4_2 movbe popcnt tsc_deadline_timer aes xsave avx f16c rdrand lahf_lm abm epb tpr_shadow vnmi flexpriority ept vpid fsgsbase tsc_adjust bmi1 avx2 smep bmi2 erms invpcid xsaveopt dtherm ida arat pln pts
bugs		:
bogomips	: 3392.08
clflush size	: 64
cache_alignment	: 64
address sizes	: 39 bits physical, 48 bits virtual
power management:



Memory: 4k page, physical 3980976k(106536k free), swap 0k(0k free)

vm_info: OpenJDK 64-Bit Server VM (25.121-b13) for linux-amd64 JRE (1.8.0_121-8u121-b13-0ubuntu1.16.04.2-b13), built on Jan 23 2017 15:51:29 by "buildd" with gcc 5.4.0 20160609

time: Fri Mar  3 14:29:45 2017
elapsed time: 26 seconds (0d 0h 0m 26s)

