#
# There is insufficient memory for the Java Runtime Environment to continue.
# Native memory allocation (mmap) failed to map 63963136 bytes for committing reserved memory.
# Possible reasons:
#   The system is out of physical RAM or swap space
#   In 32 bit mode, the process size limit was hit
# Possible solutions:
#   Reduce memory load on the system
#   Increase physical memory or swap space
#   Check if swap backing store is full
#   Use 64 bit Java on a 64 bit OS
#   Decrease Java heap size (-Xmx/-Xms)
#   Decrease number of Java threads
#   Decrease Java thread stack sizes (-Xss)
#   Set larger code cache with -XX:ReservedCodeCacheSize=
# This output file may be truncated or incomplete.
#
#  Out of Memory Error (os_linux.cpp:2630), pid=5440, tid=0x00007fe9a08c2700
#
# JRE version: OpenJDK Runtime Environment (8.0_121-b13) (build 1.8.0_121-8u121-b13-0ubuntu1.16.04.2-b13)
# Java VM: OpenJDK 64-Bit Server VM (25.121-b13 mixed mode linux-amd64 compressed oops)
# Failed to write core dump. Core dumps have been disabled. To enable core dumping, try "ulimit -c unlimited" before starting Java again
#

---------------  T H R E A D  ---------------

Current thread (0x00007fe9b8077800):  VMThread [stack: 0x00007fe9a07c2000,0x00007fe9a08c3000] [id=5471]

Stack: [0x00007fe9a07c2000,0x00007fe9a08c3000],  sp=0x00007fe9a08c14c0,  free space=1021k
Native frames: (J=compiled Java code, j=interpreted, Vv=VM code, C=native code)
V  [libjvm.so+0xa6647b]
V  [libjvm.so+0x4c32dc]
V  [libjvm.so+0x8b4b60]
V  [libjvm.so+0x8aefde]
V  [libjvm.so+0x929a16]
V  [libjvm.so+0x92ad43]
V  [libjvm.so+0x9273f3]
V  [libjvm.so+0x9276bc]
V  [libjvm.so+0x8d9553]
V  [libjvm.so+0xa68132]
V  [libjvm.so+0xa6d217]
V  [libjvm.so+0xa6a9e7]
V  [libjvm.so+0xa6be6f]
V  [libjvm.so+0xa6c361]
V  [libjvm.so+0x8b2042]

VM_Operation (0x00007fe9bf4faa10): ParallelGCFailedAllocation, mode: safepoint, requested by thread 0x00007fe9b800a000


---------------  P R O C E S S  ---------------

Java Threads: ( => current thread )
  0x00007fe9b8327800 JavaThread "process reaper" daemon [_thread_blocked, id=5511, stack(0x00007fe9a0034000,0x00007fe9a006d000)]
  0x00007fe9b80c1000 JavaThread "Service Thread" daemon [_thread_blocked, id=5501, stack(0x00007fe99bcfd000,0x00007fe99bdfe000)]
  0x00007fe9b80b1800 JavaThread "C1 CompilerThread2" daemon [_thread_blocked, id=5499, stack(0x00007fe99bdfe000,0x00007fe99beff000)]
  0x00007fe9b80af800 JavaThread "C2 CompilerThread1" daemon [_thread_blocked, id=5497, stack(0x00007fe99beff000,0x00007fe99c000000)]
  0x00007fe9b80ac800 JavaThread "C2 CompilerThread0" daemon [_thread_blocked, id=5496, stack(0x00007fe9a00e6000,0x00007fe9a01e7000)]
  0x00007fe9b80aa800 JavaThread "Signal Dispatcher" daemon [_thread_blocked, id=5481, stack(0x00007fe9a01e7000,0x00007fe9a02e8000)]
  0x00007fe9b8083800 JavaThread "Finalizer" daemon [_thread_blocked, id=5478, stack(0x00007fe9a05c0000,0x00007fe9a06c1000)]
  0x00007fe9b807f000 JavaThread "Reference Handler" daemon [_thread_blocked, id=5474, stack(0x00007fe9a06c1000,0x00007fe9a07c2000)]
  0x00007fe9b800a000 JavaThread "main" [_thread_blocked, id=5450, stack(0x00007fe9bf3fc000,0x00007fe9bf4fd000)]

Other Threads:
=>0x00007fe9b8077800 VMThread [stack: 0x00007fe9a07c2000,0x00007fe9a08c3000] [id=5471]
  0x00007fe9b80c3800 WatcherThread [stack: 0x00007fe99bbfc000,0x00007fe99bcfd000] [id=5503]

VM state:at safepoint (normal execution)

VM Mutex/Monitor currently owned by a thread:  ([mutex/lock_event])
[0x00007fe9b80062c0] Threads_lock - owner thread: 0x00007fe9b8077800
[0x00007fe9b80067c0] Heap_lock - owner thread: 0x00007fe9b800a000

Heap:
 PSYoungGen      total 72192K, used 4953K [0x00000000ebc00000, 0x00000000f0b00000, 0x0000000100000000)
  eden space 63488K, 0% used [0x00000000ebc00000,0x00000000ebc00000,0x00000000efa00000)
  from space 8704K, 56% used [0x00000000efa00000,0x00000000efed6630,0x00000000f0280000)
  to   space 8704K, 0% used [0x00000000f0280000,0x00000000f0280000,0x00000000f0b00000)
 ParOldGen       total 42496K, used 15623K [0x00000000c3400000, 0x00000000c5d80000, 0x00000000ebc00000)
  object space 42496K, 36% used [0x00000000c3400000,0x00000000c4341e40,0x00000000c5d80000)
 Metaspace       used 15673K, capacity 15972K, committed 16128K, reserved 1062912K
  class space    used 1643K, capacity 1740K, committed 1792K, reserved 1048576K

Card table byte_map: [0x00007fe9a8850000,0x00007fe9a8a37000] byte_map_base: 0x00007fe9a8236000

Marking Bits: (ParMarkBitMap*) 0x00007fe9be6dc220
 Begin Bits: [0x00007fe9a21a0000, 0x00007fe9a30d0000)
 End Bits:   [0x00007fe9a30d0000, 0x00007fe9a4000000)

Polling page: 0x00007fe9bf52e000

CodeCache: size=245760Kb used=13160Kb max_used=13172Kb free=232599Kb
 bounds [0x00007fe9a8df7000, 0x00007fe9a9ae7000, 0x00007fe9b7df7000]
 total_blobs=3985 nmethods=3617 adapters=281
 compilation: enabled

Compilation events (10 events):
Event: 22.428 Thread 0x00007fe9b80af800 nmethod 3774 0x00007fe9a9aca810 code [0x00007fe9a9aca980, 0x00007fe9a9acaac8]
Event: 22.432 Thread 0x00007fe9b80b1800 3776       3       java.io.FileInputStream::<init> (110 bytes)
Event: 22.434 Thread 0x00007fe9b80b1800 nmethod 3776 0x00007fe9a9abbe50 code [0x00007fe9a9abc080, 0x00007fe9a9abcad8]
Event: 22.437 Thread 0x00007fe9b80ac800 nmethod 3772 0x00007fe9a9ac6c10 code [0x00007fe9a9ac6da0, 0x00007fe9a9ac70f8]
Event: 23.045 Thread 0x00007fe9b80b1800 3778       3       java.lang.Math::min (46 bytes)
Event: 23.062 Thread 0x00007fe9b80b1800 nmethod 3778 0x00007fe9a9acad50 code [0x00007fe9a9acaec0, 0x00007fe9a9acb210]
Event: 23.062 Thread 0x00007fe9b80b1800 3779       3       java.util.HashMap$EntryIterator::next (5 bytes)
Event: 23.062 Thread 0x00007fe9b80b1800 nmethod 3779 0x00007fe9a9ac9590 code [0x00007fe9a9ac9700, 0x00007fe9a9ac99e8]
Event: 23.062 Thread 0x00007fe9b80b1800 3780       3       java.util.HashMap$EntryIterator::next (5 bytes)
Event: 23.063 Thread 0x00007fe9b80b1800 nmethod 3780 0x00007fe9a9ac9190 code [0x00007fe9a9ac9300, 0x00007fe9a9ac9508]

GC Heap History (10 events):
Event: 6.012 GC heap after
Heap after GC invocations=2 (full 0):
 PSYoungGen      total 18432K, used 2542K [0x00000000ebc00000, 0x00000000ed080000, 0x0000000100000000)
  eden space 15872K, 0% used [0x00000000ebc00000,0x00000000ebc00000,0x00000000ecb80000)
  from space 2560K, 99% used [0x00000000ece00000,0x00000000ed07b958,0x00000000ed080000)
  to   space 2560K, 0% used [0x00000000ecb80000,0x00000000ecb80000,0x00000000ece00000)
 ParOldGen       total 42496K, used 2208K [0x00000000c3400000, 0x00000000c5d80000, 0x00000000ebc00000)
  object space 42496K, 5% used [0x00000000c3400000,0x00000000c36283d8,0x00000000c5d80000)
 Metaspace       used 10720K, capacity 11006K, committed 11136K, reserved 1058816K
  class space    used 1254K, capacity 1323K, committed 1408K, reserved 1048576K
}
Event: 7.355 GC heap before
{Heap before GC invocations=3 (full 0):
 PSYoungGen      total 18432K, used 18414K [0x00000000ebc00000, 0x00000000ed080000, 0x0000000100000000)
  eden space 15872K, 100% used [0x00000000ebc00000,0x00000000ecb80000,0x00000000ecb80000)
  from space 2560K, 99% used [0x00000000ece00000,0x00000000ed07b958,0x00000000ed080000)
  to   space 2560K, 0% used [0x00000000ecb80000,0x00000000ecb80000,0x00000000ece00000)
 ParOldGen       total 42496K, used 2208K [0x00000000c3400000, 0x00000000c5d80000, 0x00000000ebc00000)
  object space 42496K, 5% used [0x00000000c3400000,0x00000000c36283d8,0x00000000c5d80000)
 Metaspace       used 12388K, capacity 12638K, committed 12800K, reserved 1060864K
  class space    used 1414K, capacity 1483K, committed 1536K, reserved 1048576K
Event: 7.390 GC heap after
Heap after GC invocations=3 (full 0):
 PSYoungGen      total 18432K, used 2532K [0x00000000ebc00000, 0x00000000ee000000, 0x0000000100000000)
  eden space 15872K, 0% used [0x00000000ebc00000,0x00000000ebc00000,0x00000000ecb80000)
  from space 2560K, 98% used [0x00000000ecb80000,0x00000000ecdf9390,0x00000000ece00000)
  to   space 2560K, 0% used [0x00000000edd80000,0x00000000edd80000,0x00000000ee000000)
 ParOldGen       total 42496K, used 5802K [0x00000000c3400000, 0x00000000c5d80000, 0x00000000ebc00000)
  object space 42496K, 13% used [0x00000000c3400000,0x00000000c39aaba8,0x00000000c5d80000)
 Metaspace       used 12388K, capacity 12638K, committed 12800K, reserved 1060864K
  class space    used 1414K, capacity 1483K, committed 1536K, reserved 1048576K
}
Event: 8.497 GC heap before
{Heap before GC invocations=4 (full 0):
 PSYoungGen      total 18432K, used 18404K [0x00000000ebc00000, 0x00000000ee000000, 0x0000000100000000)
  eden space 15872K, 100% used [0x00000000ebc00000,0x00000000ecb80000,0x00000000ecb80000)
  from space 2560K, 98% used [0x00000000ecb80000,0x00000000ecdf9390,0x00000000ece00000)
  to   space 2560K, 0% used [0x00000000edd80000,0x00000000edd80000,0x00000000ee000000)
 ParOldGen       total 42496K, used 5802K [0x00000000c3400000, 0x00000000c5d80000, 0x00000000ebc00000)
  object space 42496K, 13% used [0x00000000c3400000,0x00000000c39aaba8,0x00000000c5d80000)
 Metaspace       used 12604K, capacity 12830K, committed 13056K, reserved 1060864K
  class space    used 1430K, capacity 1483K, committed 1536K, reserved 1048576K
Event: 8.543 GC heap after
Heap after GC invocations=4 (full 0):
 PSYoungGen      total 34304K, used 2536K [0x00000000ebc00000, 0x00000000ee000000, 0x0000000100000000)
  eden space 31744K, 0% used [0x00000000ebc00000,0x00000000ebc00000,0x00000000edb00000)
  from space 2560K, 99% used [0x00000000edd80000,0x00000000edffa268,0x00000000ee000000)
  to   space 2560K, 0% used [0x00000000edb00000,0x00000000edb00000,0x00000000edd80000)
 ParOldGen       total 42496K, used 11150K [0x00000000c3400000, 0x00000000c5d80000, 0x00000000ebc00000)
  object space 42496K, 26% used [0x00000000c3400000,0x00000000c3ee38e8,0x00000000c5d80000)
 Metaspace       used 12604K, capacity 12830K, committed 13056K, reserved 1060864K
  class space    used 1430K, capacity 1483K, committed 1536K, reserved 1048576K
}
Event: 13.238 GC heap before
{Heap before GC invocations=5 (full 0):
 PSYoungGen      total 34304K, used 34280K [0x00000000ebc00000, 0x00000000ee000000, 0x0000000100000000)
  eden space 31744K, 100% used [0x00000000ebc00000,0x00000000edb00000,0x00000000edb00000)
  from space 2560K, 99% used [0x00000000edd80000,0x00000000edffa268,0x00000000ee000000)
  to   space 2560K, 0% used [0x00000000edb00000,0x00000000edb00000,0x00000000edd80000)
 ParOldGen       total 42496K, used 11150K [0x00000000c3400000, 0x00000000c5d80000, 0x00000000ebc00000)
  object space 42496K, 26% used [0x00000000c3400000,0x00000000c3ee38e8,0x00000000c5d80000)
 Metaspace       used 14485K, capacity 14718K, committed 14976K, reserved 1062912K
  class space    used 1574K, capacity 1643K, committed 1664K, reserved 1048576K
Event: 13.269 GC heap after
Heap after GC invocations=5 (full 0):
 PSYoungGen      total 34304K, used 2536K [0x00000000ebc00000, 0x00000000f0b00000, 0x0000000100000000)
  eden space 31744K, 0% used [0x00000000ebc00000,0x00000000ebc00000,0x00000000edb00000)
  from space 2560K, 99% used [0x00000000edb00000,0x00000000edd7a268,0x00000000edd80000)
  to   space 8704K, 0% used [0x00000000f0280000,0x00000000f0280000,0x00000000f0b00000)
 ParOldGen       total 42496K, used 14634K [0x00000000c3400000, 0x00000000c5d80000, 0x00000000ebc00000)
  object space 42496K, 34% used [0x00000000c3400000,0x00000000c424a9e0,0x00000000c5d80000)
 Metaspace       used 14485K, capacity 14718K, committed 14976K, reserved 1062912K
  class space    used 1574K, capacity 1643K, committed 1664K, reserved 1048576K
}
Event: 16.429 GC heap before
{Heap before GC invocations=6 (full 0):
 PSYoungGen      total 34304K, used 34280K [0x00000000ebc00000, 0x00000000f0b00000, 0x0000000100000000)
  eden space 31744K, 100% used [0x00000000ebc00000,0x00000000edb00000,0x00000000edb00000)
  from space 2560K, 99% used [0x00000000edb00000,0x00000000edd7a268,0x00000000edd80000)
  to   space 8704K, 0% used [0x00000000f0280000,0x00000000f0280000,0x00000000f0b00000)
 ParOldGen       total 42496K, used 14634K [0x00000000c3400000, 0x00000000c5d80000, 0x00000000ebc00000)
  object space 42496K, 34% used [0x00000000c3400000,0x00000000c424a9e0,0x00000000c5d80000)
 Metaspace       used 14955K, capacity 15166K, committed 15232K, reserved 1062912K
  class space    used 1580K, capacity 1643K, committed 1664K, reserved 1048576K
Event: 16.474 GC heap after
Heap after GC invocations=6 (full 0):
 PSYoungGen      total 72192K, used 3400K [0x00000000ebc00000, 0x00000000f0b00000, 0x0000000100000000)
  eden space 63488K, 0% used [0x00000000ebc00000,0x00000000ebc00000,0x00000000efa00000)
  from space 8704K, 39% used [0x00000000f0280000,0x00000000f05d2278,0x00000000f0b00000)
  to   space 8704K, 0% used [0x00000000efa00000,0x00000000efa00000,0x00000000f0280000)
 ParOldGen       total 42496K, used 14642K [0x00000000c3400000, 0x00000000c5d80000, 0x00000000ebc00000)
  object space 42496K, 34% used [0x00000000c3400000,0x00000000c424c9e0,0x00000000c5d80000)
 Metaspace       used 14955K, capacity 15166K, committed 15232K, reserved 1062912K
  class space    used 1580K, capacity 1643K, committed 1664K, reserved 1048576K
}
Event: 23.162 GC heap before
{Heap before GC invocations=7 (full 0):
 PSYoungGen      total 72192K, used 66888K [0x00000000ebc00000, 0x00000000f0b00000, 0x0000000100000000)
  eden space 63488K, 100% used [0x00000000ebc00000,0x00000000efa00000,0x00000000efa00000)
  from space 8704K, 39% used [0x00000000f0280000,0x00000000f05d2278,0x00000000f0b00000)
  to   space 8704K, 0% used [0x00000000efa00000,0x00000000efa00000,0x00000000f0280000)
 ParOldGen       total 42496K, used 14642K [0x00000000c3400000, 0x00000000c5d80000, 0x00000000ebc00000)
  object space 42496K, 34% used [0x00000000c3400000,0x00000000c424c9e0,0x00000000c5d80000)
 Metaspace       used 15673K, capacity 15972K, committed 16128K, reserved 1062912K
  class space    used 1643K, capacity 1740K, committed 1792K, reserved 1048576K

Deoptimization events (10 events):
Event: 18.066 Thread 0x00007fe9b800a000 Uncommon trap: reason=class_check action=maybe_recompile pc=0x00007fe9a996b3c0 method=com.sun.tools.javac.code.Types.isSubtypeUncheckedInternal(Lcom/sun/tools/javac/code/Type;Lcom/sun/tools/javac/code/Type;Lcom/sun/tools/javac/util/Warner;)Z @ 131
Event: 19.586 Thread 0x00007fe9b800a000 Uncommon trap: reason=unstable_if action=reinterpret pc=0x00007fe9a9950d9c method=com.sun.tools.javac.code.Types.isSubtype(Lcom/sun/tools/javac/code/Type;Lcom/sun/tools/javac/code/Type;Z)Z @ 28
Event: 19.587 Thread 0x00007fe9b800a000 Uncommon trap: reason=unstable_if action=reinterpret pc=0x00007fe9a9988950 method=com.sun.tools.javac.code.Types.isSubtype(Lcom/sun/tools/javac/code/Type;Lcom/sun/tools/javac/code/Type;Z)Z @ 28
Event: 19.587 Thread 0x00007fe9b800a000 Uncommon trap: reason=unstable_if action=reinterpret pc=0x00007fe9a96c5808 method=com.sun.tools.javac.code.Types.isSubtype(Lcom/sun/tools/javac/code/Type;Lcom/sun/tools/javac/code/Type;Z)Z @ 28
Event: 19.590 Thread 0x00007fe9b800a000 Uncommon trap: reason=class_check action=maybe_recompile pc=0x00007fe9a94f3164 method=java.util.HashMap.putVal(ILjava/lang/Object;Ljava/lang/Object;ZZ)Ljava/lang/Object; @ 253
Event: 19.590 Thread 0x00007fe9b800a000 Uncommon trap: reason=speculate_class_check action=maybe_recompile pc=0x00007fe9a9985364 method=java.util.HashMap.removeNode(ILjava/lang/Object;Ljava/lang/Object;ZZ)Ljava/util/HashMap$Node; @ 283
Event: 19.590 Thread 0x00007fe9b800a000 Uncommon trap: reason=speculate_class_check action=maybe_recompile pc=0x00007fe9a9985364 method=java.util.HashMap.removeNode(ILjava/lang/Object;Ljava/lang/Object;ZZ)Ljava/util/HashMap$Node; @ 283
Event: 19.590 Thread 0x00007fe9b800a000 Uncommon trap: reason=unstable_if action=reinterpret pc=0x00007fe9a9985420 method=java.util.HashMap.remove(Ljava/lang/Object;)Ljava/lang/Object; @ 14
Event: 21.762 Thread 0x00007fe9b800a000 Uncommon trap: reason=unstable_if action=reinterpret pc=0x00007fe9a9966b20 method=java.util.HashMap.removeNode(ILjava/lang/Object;Ljava/lang/Object;ZZ)Ljava/util/HashMap$Node; @ 58
Event: 21.764 Thread 0x00007fe9b800a000 Uncommon trap: reason=unstable_if action=reinterpret pc=0x00007fe9a8feb0a0 method=java.util.Date.normalize()Lsun/util/calendar/BaseCalendar$Date; @ 45

Internal exceptions (10 events):
Event: 1.201 Thread 0x00007fe9b800a000 Exception <a 'java/security/PrivilegedActionException'> (0x00000000ebc9eb60) thrown at [/build/openjdk-8-YiEakL/openjdk-8-8u121-b13/src/hotspot/src/share/vm/prims/jvm.cpp, line 1390]
Event: 1.202 Thread 0x00007fe9b800a000 Exception <a 'java/security/PrivilegedActionException'> (0x00000000ebceece0) thrown at [/build/openjdk-8-YiEakL/openjdk-8-8u121-b13/src/hotspot/src/share/vm/prims/jvm.cpp, line 1390]
Event: 1.202 Thread 0x00007fe9b800a000 Exception <a 'java/security/PrivilegedActionException'> (0x00000000ebceeef0) thrown at [/build/openjdk-8-YiEakL/openjdk-8-8u121-b13/src/hotspot/src/share/vm/prims/jvm.cpp, line 1390]
Event: 3.385 Thread 0x00007fe9b800a000 Exception <a 'java/lang/NoSuchFieldError': method resolution failed> (0x00000000ec69e160) thrown at [/build/openjdk-8-YiEakL/openjdk-8-8u121-b13/src/hotspot/src/share/vm/prims/methodHandles.cpp, line 1146]
Event: 3.407 Thread 0x00007fe9b800a000 Exception <a 'java/lang/NoSuchFieldError': method resolution failed> (0x00000000ec6ab820) thrown at [/build/openjdk-8-YiEakL/openjdk-8-8u121-b13/src/hotspot/src/share/vm/prims/methodHandles.cpp, line 1146]
Event: 4.058 Thread 0x00007fe9b800a000 Exception <a 'java/lang/ClassNotFoundException': org/apache/tools/ant/helper/DefaultExecutor> (0x00000000ec8e5800) thrown at [/build/openjdk-8-YiEakL/openjdk-8-8u121-b13/src/hotspot/src/share/vm/classfile/systemDictionary.cpp, line 210]
Event: 7.997 Thread 0x00007fe9b800a000 Exception <a 'java/io/FileNotFoundException'> (0x00000000ec656698) thrown at [/build/openjdk-8-YiEakL/openjdk-8-8u121-b13/src/hotspot/src/share/vm/prims/jni.cpp, line 709]
Event: 8.033 Thread 0x00007fe9b800a000 Exception <a 'java/io/FileNotFoundException'> (0x00000000ec697660) thrown at [/build/openjdk-8-YiEakL/openjdk-8-8u121-b13/src/hotspot/src/share/vm/prims/jni.cpp, line 709]
Event: 8.033 Thread 0x00007fe9b800a000 Exception <a 'java/io/FileNotFoundException'> (0x00000000ec698328) thrown at [/build/openjdk-8-YiEakL/openjdk-8-8u121-b13/src/hotspot/src/share/vm/prims/jni.cpp, line 709]
Event: 19.590 Thread 0x00007fe9b800a000 Implicit null exception at 0x00007fe9a998519a to 0x00007fe9a9985415

Events (10 events):
Event: 22.845 loading class sun/nio/ch/Util done
Event: 22.845 loading class sun/nio/ch/Util$2
Event: 22.958 loading class sun/nio/ch/Util$2 done
Event: 22.958 loading class sun/nio/ch/Util$1
Event: 22.958 loading class sun/nio/ch/Util$1 done
Event: 22.958 loading class sun/nio/ch/Util$5
Event: 22.972 loading class sun/nio/ch/Util$5 done
Event: 22.972 loading class java/nio/DirectByteBufferR
Event: 23.034 loading class java/nio/DirectByteBufferR done
Event: 23.096 Executing VM operation: ParallelGCFailedAllocation


Dynamic libraries:
00400000-00401000 r-xp 00000000 08:04 7733285                            /usr/lib/jvm/java-8-openjdk-amd64/jre/bin/java
00600000-00601000 r--p 00000000 08:04 7733285                            /usr/lib/jvm/java-8-openjdk-amd64/jre/bin/java
00601000-00602000 rw-p 00001000 08:04 7733285                            /usr/lib/jvm/java-8-openjdk-amd64/jre/bin/java
01b08000-01b29000 rw-p 00000000 00:00 0                                  [heap]
c3400000-c5d80000 rw-p 00000000 00:00 0 
c5d80000-ebc00000 ---p 00000000 00:00 0 
ebc00000-f0b00000 rw-p 00000000 00:00 0 
f4800000-100000000 ---p 00000000 00:00 0 
100000000-1001c0000 rw-p 00000000 00:00 0 
1001c0000-140000000 ---p 00000000 00:00 0 
7fe95c000000-7fe95c021000 rw-p 00000000 00:00 0 
7fe95c021000-7fe960000000 ---p 00000000 00:00 0 
7fe964000000-7fe964021000 rw-p 00000000 00:00 0 
7fe964021000-7fe968000000 ---p 00000000 00:00 0 
7fe968000000-7fe968021000 rw-p 00000000 00:00 0 
7fe968021000-7fe96c000000 ---p 00000000 00:00 0 
7fe96c000000-7fe96c021000 rw-p 00000000 00:00 0 
7fe96c021000-7fe970000000 ---p 00000000 00:00 0 
7fe970000000-7fe970021000 rw-p 00000000 00:00 0 
7fe970021000-7fe974000000 ---p 00000000 00:00 0 
7fe974000000-7fe974a1d000 rw-p 00000000 00:00 0 
7fe974a1d000-7fe978000000 ---p 00000000 00:00 0 
7fe978000000-7fe978d4d000 rw-p 00000000 00:00 0 
7fe978d4d000-7fe97c000000 ---p 00000000 00:00 0 
7fe97c000000-7fe97c021000 rw-p 00000000 00:00 0 
7fe97c021000-7fe980000000 ---p 00000000 00:00 0 
7fe980000000-7fe981140000 rw-p 00000000 00:00 0 
7fe981140000-7fe984000000 ---p 00000000 00:00 0 
7fe984000000-7fe984021000 rw-p 00000000 00:00 0 
7fe984021000-7fe988000000 ---p 00000000 00:00 0 
7fe988000000-7fe988021000 rw-p 00000000 00:00 0 
7fe988021000-7fe98c000000 ---p 00000000 00:00 0 
7fe98c000000-7fe98c021000 rw-p 00000000 00:00 0 
7fe98c021000-7fe990000000 ---p 00000000 00:00 0 
7fe990000000-7fe990039000 rw-p 00000000 00:00 0 
7fe990039000-7fe994000000 ---p 00000000 00:00 0 
7fe994000000-7fe994021000 rw-p 00000000 00:00 0 
7fe994021000-7fe998000000 ---p 00000000 00:00 0 
7fe99acce000-7fe99acdf000 r-xp 00000000 08:04 8257742                    /usr/lib/jvm/java-8-openjdk-amd64/jre/lib/amd64/libnio.so
7fe99acdf000-7fe99aedf000 ---p 00011000 08:04 8257742                    /usr/lib/jvm/java-8-openjdk-amd64/jre/lib/amd64/libnio.so
7fe99aedf000-7fe99aee0000 r--p 00011000 08:04 8257742                    /usr/lib/jvm/java-8-openjdk-amd64/jre/lib/amd64/libnio.so
7fe99aee0000-7fe99aee1000 rw-p 00012000 08:04 8257742                    /usr/lib/jvm/java-8-openjdk-amd64/jre/lib/amd64/libnio.so
7fe99aee1000-7fe99b1e2000 rw-p 00000000 00:00 0 
7fe99b1e2000-7fe99b1f9000 r-xp 00000000 08:04 8257636                    /usr/lib/jvm/java-8-openjdk-amd64/jre/lib/amd64/libnet.so
7fe99b1f9000-7fe99b3f8000 ---p 00017000 08:04 8257636                    /usr/lib/jvm/java-8-openjdk-amd64/jre/lib/amd64/libnet.so
7fe99b3f8000-7fe99b3f9000 r--p 00016000 08:04 8257636                    /usr/lib/jvm/java-8-openjdk-amd64/jre/lib/amd64/libnet.so
7fe99b3f9000-7fe99b3fa000 rw-p 00017000 08:04 8257636                    /usr/lib/jvm/java-8-openjdk-amd64/jre/lib/amd64/libnet.so
7fe99b3fa000-7fe99b5fa000 rw-p 00000000 00:00 0 
7fe99b5fa000-7fe99b7fa000 rw-p 00000000 00:00 0 
7fe99b7fa000-7fe99b9fa000 rw-p 00000000 00:00 0 
7fe99b9fa000-7fe99b9fd000 ---p 00000000 00:00 0 
7fe99b9fd000-7fe99bafb000 rw-p 00000000 00:00 0 
7fe99bafb000-7fe99bafe000 ---p 00000000 00:00 0 
7fe99bafe000-7fe99bbfc000 rw-p 00000000 00:00 0 
7fe99bbfc000-7fe99bbfd000 ---p 00000000 00:00 0 
7fe99bbfd000-7fe99bcfd000 rw-p 00000000 00:00 0 
7fe99bcfd000-7fe99bd00000 ---p 00000000 00:00 0 
7fe99bd00000-7fe99bdfe000 rw-p 00000000 00:00 0 
7fe99bdfe000-7fe99be01000 ---p 00000000 00:00 0 
7fe99be01000-7fe99beff000 rw-p 00000000 00:00 0 
7fe99beff000-7fe99bf02000 ---p 00000000 00:00 0 
7fe99bf02000-7fe99c000000 rw-p 00000000 00:00 0 
7fe99c000000-7fe99c021000 rw-p 00000000 00:00 0 
7fe99c021000-7fe9a0000000 ---p 00000000 00:00 0 
7fe9a0034000-7fe9a0037000 ---p 00000000 00:00 0 
7fe9a0037000-7fe9a006d000 rw-p 00000000 00:00 0 
7fe9a006d000-7fe9a00e6000 r--s 010fd000 08:04 7340065                    /usr/lib/jvm/java-8-openjdk-amd64/lib/tools.jar
7fe9a00e6000-7fe9a00e9000 ---p 00000000 00:00 0 
7fe9a00e9000-7fe9a01e7000 rw-p 00000000 00:00 0 
7fe9a01e7000-7fe9a01ea000 ---p 00000000 00:00 0 
7fe9a01ea000-7fe9a02e8000 rw-p 00000000 00:00 0 
7fe9a02e8000-7fe9a05c0000 r--p 00000000 08:04 5243882                    /usr/lib/locale/locale-archive
7fe9a05c0000-7fe9a05c3000 ---p 00000000 00:00 0 
7fe9a05c3000-7fe9a06c1000 rw-p 00000000 00:00 0 
7fe9a06c1000-7fe9a06c4000 ---p 00000000 00:00 0 
7fe9a06c4000-7fe9a07c2000 rw-p 00000000 00:00 0 
7fe9a07c2000-7fe9a07c3000 ---p 00000000 00:00 0 
7fe9a07c3000-7fe9a17d2000 rw-p 00000000 00:00 0 
7fe9a17d2000-7fe9a19a0000 r--s 03c06000 08:04 7864358                    /usr/lib/jvm/java-8-openjdk-amd64/jre/lib/rt.jar
7fe9a19a0000-7fe9a4000000 rw-p 00000000 00:00 0 
7fe9a4000000-7fe9a4021000 rw-p 00000000 00:00 0 
7fe9a4021000-7fe9a8000000 ---p 00000000 00:00 0 
7fe9a801a000-7fe9a801d000 r--s 00014000 08:04 5647391                    /usr/share/java/ant-commons-net-1.9.6.jar
7fe9a801d000-7fe9a801e000 r--s 00002000 08:04 5647378                    /usr/share/java/ant-antlr-1.9.6.jar
7fe9a801e000-7fe9a801f000 r--s 00001000 08:04 5647383                    /usr/share/java/ant-apache-xalan2-1.9.6.jar
7fe9a801f000-7fe9a8021000 r--s 00002000 08:04 5647388                    /usr/share/java/ant-jmf-1.9.6.jar
7fe9a8021000-7fe9a8022000 r--s 00006000 08:04 5647390                    /usr/share/java/ant-testutil-1.9.6.jar
7fe9a8022000-7fe9a8024000 r--s 0001b000 08:04 5647381                    /usr/share/java/ant-junit-1.9.6.jar
7fe9a8024000-7fe9a8025000 r--s 00002000 08:04 5647376                    /usr/share/java/ant-apache-regexp-1.9.6.jar
7fe9a8025000-7fe9a8026000 r--s 00002000 08:04 5647387                    /usr/share/java/ant-apache-oro-1.9.6.jar
7fe9a8026000-7fe9a8027000 r--s 00002000 08:04 5647379                    /usr/share/java/ant-apache-bsf-1.9.6.jar
7fe9a8027000-7fe9a8028000 r--s 00003000 08:04 5647380                    /usr/share/java/ant-apache-bcel-1.9.6.jar
7fe9a8028000-7fe9a8029000 r--s 00002000 08:04 5647392                    /usr/share/java/ant-apache-resolver-1.9.6.jar
7fe9a8029000-7fe9a802b000 r--s 0000a000 08:04 5647375                    /usr/share/java/ant-jsch-1.9.6.jar
7fe9a802b000-7fe9a802d000 r--s 00002000 08:04 5647389                    /usr/share/java/ant-junit4-1.9.6.jar
7fe9a802d000-7fe9a802e000 r--s 00004000 08:04 5647366                    /usr/share/java/ant-launcher-1.9.6.jar
7fe9a802e000-7fe9a804d000 r--s 001d1000 08:04 5647365                    /usr/share/java/ant-1.9.6.jar
7fe9a804d000-7fe9a8057000 r--s 00116000 08:04 8132563                    /usr/lib/jvm/java-8-openjdk-amd64/jre/lib/ext/localedata.jar
7fe9a8057000-7fe9a8072000 r--s 001d6000 08:04 8132543                    /usr/lib/jvm/java-8-openjdk-amd64/jre/lib/ext/nashorn.jar
7fe9a8072000-7fe9a8308000 rw-p 00000000 00:00 0 
7fe9a8308000-7fe9a8309000 ---p 00000000 00:00 0 
7fe9a8309000-7fe9a8409000 rw-p 00000000 00:00 0 
7fe9a8409000-7fe9a840a000 ---p 00000000 00:00 0 
7fe9a840a000-7fe9a850a000 rw-p 00000000 00:00 0 
7fe9a850a000-7fe9a850b000 ---p 00000000 00:00 0 
7fe9a850b000-7fe9a860b000 rw-p 00000000 00:00 0 
7fe9a860b000-7fe9a860c000 ---p 00000000 00:00 0 
7fe9a860c000-7fe9a8721000 rw-p 00000000 00:00 0 
7fe9a8721000-7fe9a8850000 ---p 00000000 00:00 0 
7fe9a8850000-7fe9a8865000 rw-p 00000000 00:00 0 
7fe9a8865000-7fe9a8994000 ---p 00000000 00:00 0 
7fe9a8994000-7fe9a89bc000 rw-p 00000000 00:00 0 
7fe9a89bc000-7fe9a8a36000 ---p 00000000 00:00 0 
7fe9a8a36000-7fe9a8a6b000 rw-p 00000000 00:00 0 
7fe9a8a6b000-7fe9a8df7000 ---p 00000000 00:00 0 
7fe9a8df7000-7fe9a9ae7000 rwxp 00000000 00:00 0 
7fe9a9ae7000-7fe9b7df7000 ---p 00000000 00:00 0 
7fe9b7df7000-7fe9b7dff000 r-xp 00000000 08:04 8257634                    /usr/lib/jvm/java-8-openjdk-amd64/jre/lib/amd64/libzip.so
7fe9b7dff000-7fe9b7ffe000 ---p 00008000 08:04 8257634                    /usr/lib/jvm/java-8-openjdk-amd64/jre/lib/amd64/libzip.so
7fe9b7ffe000-7fe9b7fff000 r--p 00007000 08:04 8257634                    /usr/lib/jvm/java-8-openjdk-amd64/jre/lib/amd64/libzip.so
7fe9b7fff000-7fe9b8000000 rw-p 00008000 08:04 8257634                    /usr/lib/jvm/java-8-openjdk-amd64/jre/lib/amd64/libzip.so
7fe9b8000000-7fe9b85dd000 rw-p 00000000 00:00 0 
7fe9b85dd000-7fe9bc000000 ---p 00000000 00:00 0 
7fe9bc000000-7fe9bc002000 r--s 00001000 08:04 5647385                    /usr/share/java/ant-apache-log4j-1.9.6.jar
7fe9bc002000-7fe9bc003000 r--s 00002000 08:04 5647382                    /usr/share/java/ant-commons-logging-1.9.6.jar
7fe9bc003000-7fe9bc004000 r--s 00003000 08:04 5647384                    /usr/share/java/ant-javamail-1.9.6.jar
7fe9bc004000-7fe9bc01f000 r--s 00394000 08:04 8132549                    /usr/lib/jvm/java-8-openjdk-amd64/jre/lib/ext/cldrdata.jar
7fe9bc01f000-7fe9bc095000 rw-p 00000000 00:00 0 
7fe9bc095000-7fe9bc0a0000 r-xp 00000000 08:04 3670956                    /lib/x86_64-linux-gnu/libnss_files-2.23.so
7fe9bc0a0000-7fe9bc29f000 ---p 0000b000 08:04 3670956                    /lib/x86_64-linux-gnu/libnss_files-2.23.so
7fe9bc29f000-7fe9bc2a0000 r--p 0000a000 08:04 3670956                    /lib/x86_64-linux-gnu/libnss_files-2.23.so
7fe9bc2a0000-7fe9bc2a1000 rw-p 0000b000 08:04 3670956                    /lib/x86_64-linux-gnu/libnss_files-2.23.so
7fe9bc2a1000-7fe9bc2a7000 rw-p 00000000 00:00 0 
7fe9bc2a7000-7fe9bc2b2000 r-xp 00000000 08:04 3670928                    /lib/x86_64-linux-gnu/libnss_nis-2.23.so
7fe9bc2b2000-7fe9bc4b1000 ---p 0000b000 08:04 3670928                    /lib/x86_64-linux-gnu/libnss_nis-2.23.so
7fe9bc4b1000-7fe9bc4b2000 r--p 0000a000 08:04 3670928                    /lib/x86_64-linux-gnu/libnss_nis-2.23.so
7fe9bc4b2000-7fe9bc4b3000 rw-p 0000b000 08:04 3670928                    /lib/x86_64-linux-gnu/libnss_nis-2.23.so
7fe9bc4b3000-7fe9bc4c9000 r-xp 00000000 08:04 3670950                    /lib/x86_64-linux-gnu/libnsl-2.23.so
7fe9bc4c9000-7fe9bc6c8000 ---p 00016000 08:04 3670950                    /lib/x86_64-linux-gnu/libnsl-2.23.so
7fe9bc6c8000-7fe9bc6c9000 r--p 00015000 08:04 3670950                    /lib/x86_64-linux-gnu/libnsl-2.23.so
7fe9bc6c9000-7fe9bc6ca000 rw-p 00016000 08:04 3670950                    /lib/x86_64-linux-gnu/libnsl-2.23.so
7fe9bc6ca000-7fe9bc6cc000 rw-p 00000000 00:00 0 
7fe9bc6cc000-7fe9bc6d4000 r-xp 00000000 08:04 3670952                    /lib/x86_64-linux-gnu/libnss_compat-2.23.so
7fe9bc6d4000-7fe9bc8d3000 ---p 00008000 08:04 3670952                    /lib/x86_64-linux-gnu/libnss_compat-2.23.so
7fe9bc8d3000-7fe9bc8d4000 r--p 00007000 08:04 3670952                    /lib/x86_64-linux-gnu/libnss_compat-2.23.so
7fe9bc8d4000-7fe9bc8d5000 rw-p 00008000 08:04 3670952                    /lib/x86_64-linux-gnu/libnss_compat-2.23.so
7fe9bc8d5000-7fe9bc902000 r-xp 00000000 08:04 8257780                    /usr/lib/jvm/java-8-openjdk-amd64/jre/lib/amd64/libjava.so
7fe9bc902000-7fe9bcb01000 ---p 0002d000 08:04 8257780                    /usr/lib/jvm/java-8-openjdk-amd64/jre/lib/amd64/libjava.so
7fe9bcb01000-7fe9bcb02000 r--p 0002c000 08:04 8257780                    /usr/lib/jvm/java-8-openjdk-amd64/jre/lib/amd64/libjava.so
7fe9bcb02000-7fe9bcb04000 rw-p 0002d000 08:04 8257780                    /usr/lib/jvm/java-8-openjdk-amd64/jre/lib/amd64/libjava.so
7fe9bcb04000-7fe9bcb13000 r-xp 00000000 08:04 8257582                    /usr/lib/jvm/java-8-openjdk-amd64/jre/lib/amd64/libverify.so
7fe9bcb13000-7fe9bcd12000 ---p 0000f000 08:04 8257582                    /usr/lib/jvm/java-8-openjdk-amd64/jre/lib/amd64/libverify.so
7fe9bcd12000-7fe9bcd14000 r--p 0000e000 08:04 8257582                    /usr/lib/jvm/java-8-openjdk-amd64/jre/lib/amd64/libverify.so
7fe9bcd14000-7fe9bcd15000 rw-p 00010000 08:04 8257582                    /usr/lib/jvm/java-8-openjdk-amd64/jre/lib/amd64/libverify.so
7fe9bcd15000-7fe9bcd1c000 r-xp 00000000 08:04 3670926                    /lib/x86_64-linux-gnu/librt-2.23.so
7fe9bcd1c000-7fe9bcf1b000 ---p 00007000 08:04 3670926                    /lib/x86_64-linux-gnu/librt-2.23.so
7fe9bcf1b000-7fe9bcf1c000 r--p 00006000 08:04 3670926                    /lib/x86_64-linux-gnu/librt-2.23.so
7fe9bcf1c000-7fe9bcf1d000 rw-p 00007000 08:04 3670926                    /lib/x86_64-linux-gnu/librt-2.23.so
7fe9bcf1d000-7fe9bcf33000 r-xp 00000000 08:04 3674212                    /lib/x86_64-linux-gnu/libgcc_s.so.1
7fe9bcf33000-7fe9bd132000 ---p 00016000 08:04 3674212                    /lib/x86_64-linux-gnu/libgcc_s.so.1
7fe9bd132000-7fe9bd133000 rw-p 00015000 08:04 3674212                    /lib/x86_64-linux-gnu/libgcc_s.so.1
7fe9bd133000-7fe9bd23b000 r-xp 00000000 08:04 3670946                    /lib/x86_64-linux-gnu/libm-2.23.so
7fe9bd23b000-7fe9bd43a000 ---p 00108000 08:04 3670946                    /lib/x86_64-linux-gnu/libm-2.23.so
7fe9bd43a000-7fe9bd43b000 r--p 00107000 08:04 3670946                    /lib/x86_64-linux-gnu/libm-2.23.so
7fe9bd43b000-7fe9bd43c000 rw-p 00108000 08:04 3670946                    /lib/x86_64-linux-gnu/libm-2.23.so
7fe9bd43c000-7fe9bd5ae000 r-xp 00000000 08:04 5245011                    /usr/lib/x86_64-linux-gnu/libstdc++.so.6.0.21
7fe9bd5ae000-7fe9bd7ae000 ---p 00172000 08:04 5245011                    /usr/lib/x86_64-linux-gnu/libstdc++.so.6.0.21
7fe9bd7ae000-7fe9bd7b8000 r--p 00172000 08:04 5245011                    /usr/lib/x86_64-linux-gnu/libstdc++.so.6.0.21
7fe9bd7b8000-7fe9bd7ba000 rw-p 0017c000 08:04 5245011                    /usr/lib/x86_64-linux-gnu/libstdc++.so.6.0.21
7fe9bd7ba000-7fe9bd7be000 rw-p 00000000 00:00 0 
7fe9bd7be000-7fe9be40e000 r-xp 00000000 08:04 8388635                    /usr/lib/jvm/java-8-openjdk-amd64/jre/lib/amd64/server/libjvm.so
7fe9be40e000-7fe9be60d000 ---p 00c50000 08:04 8388635                    /usr/lib/jvm/java-8-openjdk-amd64/jre/lib/amd64/server/libjvm.so
7fe9be60d000-7fe9be6a0000 r--p 00c4f000 08:04 8388635                    /usr/lib/jvm/java-8-openjdk-amd64/jre/lib/amd64/server/libjvm.so
7fe9be6a0000-7fe9be6c9000 rw-p 00ce2000 08:04 8388635                    /usr/lib/jvm/java-8-openjdk-amd64/jre/lib/amd64/server/libjvm.so
7fe9be6c9000-7fe9be6f9000 rw-p 00000000 00:00 0 
7fe9be6f9000-7fe9be711000 r-xp 00000000 08:04 3670948                    /lib/x86_64-linux-gnu/libpthread-2.23.so
7fe9be711000-7fe9be910000 ---p 00018000 08:04 3670948                    /lib/x86_64-linux-gnu/libpthread-2.23.so
7fe9be910000-7fe9be911000 r--p 00017000 08:04 3670948                    /lib/x86_64-linux-gnu/libpthread-2.23.so
7fe9be911000-7fe9be912000 rw-p 00018000 08:04 3670948                    /lib/x86_64-linux-gnu/libpthread-2.23.so
7fe9be912000-7fe9be916000 rw-p 00000000 00:00 0 
7fe9be916000-7fe9be919000 r-xp 00000000 08:04 3670934                    /lib/x86_64-linux-gnu/libdl-2.23.so
7fe9be919000-7fe9beb18000 ---p 00003000 08:04 3670934                    /lib/x86_64-linux-gnu/libdl-2.23.so
7fe9beb18000-7fe9beb19000 r--p 00002000 08:04 3670934                    /lib/x86_64-linux-gnu/libdl-2.23.so
7fe9beb19000-7fe9beb1a000 rw-p 00003000 08:04 3670934                    /lib/x86_64-linux-gnu/libdl-2.23.so
7fe9beb1a000-7fe9beb33000 r-xp 00000000 08:04 3670183                    /lib/x86_64-linux-gnu/libz.so.1.2.8
7fe9beb33000-7fe9bed32000 ---p 00019000 08:04 3670183                    /lib/x86_64-linux-gnu/libz.so.1.2.8
7fe9bed32000-7fe9bed33000 r--p 00018000 08:04 3670183                    /lib/x86_64-linux-gnu/libz.so.1.2.8
7fe9bed33000-7fe9bed34000 rw-p 00019000 08:04 3670183                    /lib/x86_64-linux-gnu/libz.so.1.2.8
7fe9bed34000-7fe9beef3000 r-xp 00000000 08:04 3670936                    /lib/x86_64-linux-gnu/libc-2.23.so
7fe9beef3000-7fe9bf0f3000 ---p 001bf000 08:04 3670936                    /lib/x86_64-linux-gnu/libc-2.23.so
7fe9bf0f3000-7fe9bf0f7000 r--p 001bf000 08:04 3670936                    /lib/x86_64-linux-gnu/libc-2.23.so
7fe9bf0f7000-7fe9bf0f9000 rw-p 001c3000 08:04 3670936                    /lib/x86_64-linux-gnu/libc-2.23.so
7fe9bf0f9000-7fe9bf0fd000 rw-p 00000000 00:00 0 
7fe9bf0fd000-7fe9bf10a000 r-xp 00000000 08:04 8519684                    /usr/lib/jvm/java-8-openjdk-amd64/jre/lib/amd64/jli/libjli.so
7fe9bf10a000-7fe9bf30a000 ---p 0000d000 08:04 8519684                    /usr/lib/jvm/java-8-openjdk-amd64/jre/lib/amd64/jli/libjli.so
7fe9bf30a000-7fe9bf30b000 r--p 0000d000 08:04 8519684                    /usr/lib/jvm/java-8-openjdk-amd64/jre/lib/amd64/jli/libjli.so
7fe9bf30b000-7fe9bf30c000 rw-p 0000e000 08:04 8519684                    /usr/lib/jvm/java-8-openjdk-amd64/jre/lib/amd64/jli/libjli.so
7fe9bf30c000-7fe9bf332000 r-xp 00000000 08:04 3670914                    /lib/x86_64-linux-gnu/ld-2.23.so
7fe9bf332000-7fe9bf337000 r--s 0003b000 08:04 8132567                    /usr/lib/jvm/java-8-openjdk-amd64/jre/lib/ext/sunjce_provider.jar
7fe9bf337000-7fe9bf3fc000 rw-p 00000000 00:00 0 
7fe9bf3fc000-7fe9bf3ff000 ---p 00000000 00:00 0 
7fe9bf3ff000-7fe9bf502000 rw-p 00000000 00:00 0 
7fe9bf502000-7fe9bf503000 r--s 00003000 08:04 5647386                    /usr/share/java/ant-jdepend-1.9.6.jar
7fe9bf503000-7fe9bf504000 r--s 00003000 08:04 5647377                    /usr/share/java/ant-swing-1.9.6.jar
7fe9bf504000-7fe9bf505000 r--s 00004000 08:04 5647366                    /usr/share/java/ant-launcher-1.9.6.jar
7fe9bf505000-7fe9bf507000 r--s 00001000 08:04 8132547                    /usr/lib/jvm/java-8-openjdk-amd64/jre/lib/ext/dnsns.jar
7fe9bf507000-7fe9bf508000 r--s 0000a000 08:04 8132570                    /usr/lib/jvm/java-8-openjdk-amd64/jre/lib/ext/jaccess.jar
7fe9bf508000-7fe9bf509000 r--s 00010000 08:04 8132556                    /usr/lib/jvm/java-8-openjdk-amd64/jre/lib/ext/zipfs.jar
7fe9bf509000-7fe9bf50b000 r--s 00008000 08:04 8132531                    /usr/lib/jvm/java-8-openjdk-amd64/jre/lib/ext/sunec.jar
7fe9bf50b000-7fe9bf50f000 r--s 00037000 08:04 8132562                    /usr/lib/jvm/java-8-openjdk-amd64/jre/lib/ext/sunpkcs11.jar
7fe9bf50f000-7fe9bf512000 r--s 0000f000 08:04 8132548                    /usr/lib/jvm/java-8-openjdk-amd64/jre/lib/ext/icedtea-sound.jar
7fe9bf512000-7fe9bf525000 rw-p 00000000 00:00 0 
7fe9bf525000-7fe9bf52d000 rw-s 00000000 08:04 3670264                    /tmp/hsperfdata_saurabh/5440
7fe9bf52d000-7fe9bf52e000 rw-p 00000000 00:00 0 
7fe9bf52e000-7fe9bf52f000 ---p 00000000 00:00 0 
7fe9bf52f000-7fe9bf531000 rw-p 00000000 00:00 0 
7fe9bf531000-7fe9bf532000 r--p 00025000 08:04 3670914                    /lib/x86_64-linux-gnu/ld-2.23.so
7fe9bf532000-7fe9bf533000 rw-p 00026000 08:04 3670914                    /lib/x86_64-linux-gnu/ld-2.23.so
7fe9bf533000-7fe9bf534000 rw-p 00000000 00:00 0 
7ffc35890000-7ffc358b2000 rw-p 00000000 00:00 0                          [stack]
7ffc3592d000-7ffc3592f000 r--p 00000000 00:00 0                          [vvar]
7ffc3592f000-7ffc35931000 r-xp 00000000 00:00 0                          [vdso]
ffffffffff600000-ffffffffff601000 r-xp 00000000 00:00 0                  [vsyscall]

VM Arguments:
jvm_args: -Dant.home=/usr/share/ant -Dant.library.dir=/usr/share/ant/lib 
java_command: org.apache.tools.ant.launch.Launcher -cp  java
java_class_path (initial): /usr/share/ant/lib/ant-launcher.jar
Launcher Type: SUN_STANDARD

Environment Variables:
PATH=/home/saurabh/SaurabhKumar/BeeWareVOC/PythonEnvironmets/VOC_Env/bin:/home/saurabh/anaconda2/bin:/home/saurabh/torch/install/bin:/home/saurabh/.pythonbrew/bin:/home/saurabh/.pythonbrew/bin:/home/saurabh/torch/install/bin:/usr/local/sbin:/usr/local/bin:/usr/sbin:/usr/bin:/sbin:/bin:/usr/games:/usr/local/games:/snap/bin:/usr/brlcad/bin
LD_LIBRARY_PATH=/home/saurabh/torch/install/lib:/home/saurabh/torch/install/lib:
SHELL=/bin/bash
DISPLAY=:0
DYLD_LIBRARY_PATH=/home/saurabh/torch/install/lib:/home/saurabh/torch/install/lib:

Signal Handlers:
SIGSEGV: [libjvm.so+0xa66fd0], sa_mask[0]=11111111011111111101111111111110, sa_flags=SA_RESTART|SA_SIGINFO
SIGBUS: [libjvm.so+0xa66fd0], sa_mask[0]=11111111011111111101111111111110, sa_flags=SA_RESTART|SA_SIGINFO
SIGFPE: [libjvm.so+0x8b0180], sa_mask[0]=11111111011111111101111111111110, sa_flags=SA_RESTART|SA_SIGINFO
SIGPIPE: [libjvm.so+0x8b0180], sa_mask[0]=11111111011111111101111111111110, sa_flags=SA_RESTART|SA_SIGINFO
SIGXFSZ: [libjvm.so+0x8b0180], sa_mask[0]=11111111011111111101111111111110, sa_flags=SA_RESTART|SA_SIGINFO
SIGILL: [libjvm.so+0x8b0180], sa_mask[0]=11111111011111111101111111111110, sa_flags=SA_RESTART|SA_SIGINFO
SIGUSR1: SIG_DFL, sa_mask[0]=00000000000000000000000000000000, sa_flags=none
SIGUSR2: [libjvm.so+0x8b0030], sa_mask[0]=00000000000000000000000000000000, sa_flags=SA_RESTART|SA_SIGINFO
SIGHUP: [libjvm.so+0x8b0500], sa_mask[0]=11111111011111111101111111111110, sa_flags=SA_RESTART|SA_SIGINFO
SIGINT: [libjvm.so+0x8b0500], sa_mask[0]=11111111011111111101111111111110, sa_flags=SA_RESTART|SA_SIGINFO
SIGTERM: [libjvm.so+0x8b0500], sa_mask[0]=11111111011111111101111111111110, sa_flags=SA_RESTART|SA_SIGINFO
SIGQUIT: [libjvm.so+0x8b0500], sa_mask[0]=11111111011111111101111111111110, sa_flags=SA_RESTART|SA_SIGINFO


---------------  S Y S T E M  ---------------

OS:DISTRIB_ID=Ubuntu
DISTRIB_RELEASE=16.04
DISTRIB_CODENAME=xenial
DISTRIB_DESCRIPTION="Ubuntu 16.04.2 LTS"

uname:Linux 4.4.0-65-generic #86-Ubuntu SMP Thu Feb 23 17:49:58 UTC 2017 x86_64
libc:glibc 2.23 NPTL 2.23 
rlimit: STACK 8192k, CORE 0k, NPROC 15392, NOFILE 65536, AS infinity
load average:13.34 10.70 5.99

/proc/meminfo:
MemTotal:        3980976 kB
MemFree:          115900 kB
MemAvailable:      28952 kB
Buffers:             904 kB
Cached:           333492 kB
SwapCached:            0 kB
Active:          3359564 kB
Inactive:         305552 kB
Active(anon):    3356888 kB
Inactive(anon):   272816 kB
Active(file):       2676 kB
Inactive(file):    32736 kB
Unevictable:         176 kB
Mlocked:             176 kB
SwapTotal:             0 kB
SwapFree:              0 kB
Dirty:                64 kB
Writeback:             0 kB
AnonPages:       3331472 kB
Mapped:           132884 kB
Shmem:            298456 kB
Slab:              79444 kB
SReclaimable:      35760 kB
SUnreclaim:        43684 kB
KernelStack:       11216 kB
PageTables:        63308 kB
NFS_Unstable:          0 kB
Bounce:                0 kB
WritebackTmp:          0 kB
CommitLimit:     1990488 kB
Committed_AS:    8820920 kB
VmallocTotal:   34359738367 kB
VmallocUsed:           0 kB
VmallocChunk:          0 kB
HardwareCorrupted:     0 kB
AnonHugePages:   1247232 kB
CmaTotal:              0 kB
CmaFree:               0 kB
HugePages_Total:       0
HugePages_Free:        0
HugePages_Rsvd:        0
HugePages_Surp:        0
Hugepagesize:       2048 kB
DirectMap4k:      197312 kB
DirectMap2M:     3932160 kB
DirectMap1G:     1048576 kB


CPU:total 4 (2 cores per cpu, 2 threads per core) family 6 model 69 stepping 1, cmov, cx8, fxsr, mmx, sse, sse2, sse3, ssse3, sse4.1, sse4.2, popcnt, avx, avx2, aes, clmul, erms, lzcnt, ht, tsc, tscinvbit, bmi1, bmi2

/proc/cpuinfo:
processor	: 0
vendor_id	: GenuineIntel
cpu family	: 6
model		: 69
model name	: Intel(R) Core(TM) i3-4005U CPU @ 1.70GHz
stepping	: 1
microcode	: 0x1d
cpu MHz		: 1657.433
cache size	: 3072 KB
physical id	: 0
siblings	: 4
core id		: 0
cpu cores	: 2
apicid		: 0
initial apicid	: 0
fpu		: yes
fpu_exception	: yes
cpuid level	: 13
wp		: yes
flags		: fpu vme de pse tsc msr pae mce cx8 apic sep mtrr pge mca cmov pat pse36 clflush dts acpi mmx fxsr sse sse2 ss ht tm pbe syscall nx pdpe1gb rdtscp lm constant_tsc arch_perfmon pebs bts rep_good nopl xtopology nonstop_tsc aperfmperf eagerfpu pni pclmulqdq dtes64 monitor ds_cpl vmx est tm2 ssse3 sdbg fma cx16 xtpr pdcm pcid sse4_1 sse4_2 movbe popcnt tsc_deadline_timer aes xsave avx f16c rdrand lahf_lm abm epb tpr_shadow vnmi flexpriority ept vpid fsgsbase tsc_adjust bmi1 avx2 smep bmi2 erms invpcid xsaveopt dtherm ida arat pln pts
bugs		:
bogomips	: 3392.08
clflush size	: 64
cache_alignment	: 64
address sizes	: 39 bits physical, 48 bits virtual
power management:

processor	: 1
vendor_id	: GenuineIntel
cpu family	: 6
model		: 69
model name	: Intel(R) Core(TM) i3-4005U CPU @ 1.70GHz
stepping	: 1
microcode	: 0x1d
cpu MHz		: 1538.433
cache size	: 3072 KB
physical id	: 0
siblings	: 4
core id		: 0
cpu cores	: 2
apicid		: 1
initial apicid	: 1
fpu		: yes
fpu_exception	: yes
cpuid level	: 13
wp		: yes
flags		: fpu vme de pse tsc msr pae mce cx8 apic sep mtrr pge mca cmov pat pse36 clflush dts acpi mmx fxsr sse sse2 ss ht tm pbe syscall nx pdpe1gb rdtscp lm constant_tsc arch_perfmon pebs bts rep_good nopl xtopology nonstop_tsc aperfmperf eagerfpu pni pclmulqdq dtes64 monitor ds_cpl vmx est tm2 ssse3 sdbg fma cx16 xtpr pdcm pcid sse4_1 sse4_2 movbe popcnt tsc_deadline_timer aes xsave avx f16c rdrand lahf_lm abm epb tpr_shadow vnmi flexpriority ept vpid fsgsbase tsc_adjust bmi1 avx2 smep bmi2 erms invpcid xsaveopt dtherm ida arat pln pts
bugs		:
bogomips	: 3392.08
clflush size	: 64
cache_alignment	: 64
address sizes	: 39 bits physical, 48 bits virtual
power management:

processor	: 2
vendor_id	: GenuineIntel
cpu family	: 6
model		: 69
model name	: Intel(R) Core(TM) i3-4005U CPU @ 1.70GHz
stepping	: 1
microcode	: 0x1d
cpu MHz		: 858.765
cache size	: 3072 KB
physical id	: 0
siblings	: 4
core id		: 1
cpu cores	: 2
apicid		: 2
initial apicid	: 2
fpu		: yes
fpu_exception	: yes
cpuid level	: 13
wp		: yes
flags		: fpu vme de pse tsc msr pae mce cx8 apic sep mtrr pge mca cmov pat pse36 clflush dts acpi mmx fxsr sse sse2 ss ht tm pbe syscall nx pdpe1gb rdtscp lm constant_tsc arch_perfmon pebs bts rep_good nopl xtopology nonstop_tsc aperfmperf eagerfpu pni pclmulqdq dtes64 monitor ds_cpl vmx est tm2 ssse3 sdbg fma cx16 xtpr pdcm pcid sse4_1 sse4_2 movbe popcnt tsc_deadline_timer aes xsave avx f16c rdrand lahf_lm abm epb tpr_shadow vnmi flexpriority ept vpid fsgsbase tsc_adjust bmi1 avx2 smep bmi2 erms invpcid xsaveopt dtherm ida arat pln pts
bugs		:
bogomips	: 3392.08
clflush size	: 64
cache_alignment	: 64
address sizes	: 39 bits physical, 48 bits virtual
power management:

processor	: 3
vendor_id	: GenuineIntel
cpu family	: 6
model		: 69
model name	: Intel(R) Core(TM) i3-4005U CPU @ 1.70GHz
stepping	: 1
microcode	: 0x1d
cpu MHz		: 1699.535
cache size	: 3072 KB
physical id	: 0
siblings	: 4
core id		: 1
cpu cores	: 2
apicid		: 3
initial apicid	: 3
fpu		: yes
fpu_exception	: yes
cpuid level	: 13
wp		: yes
flags		: fpu vme de pse tsc msr pae mce cx8 apic sep mtrr pge mca cmov pat pse36 clflush dts acpi mmx fxsr sse sse2 ss ht tm pbe syscall nx pdpe1gb rdtscp lm constant_tsc arch_perfmon pebs bts rep_good nopl xtopology nonstop_tsc aperfmperf eagerfpu pni pclmulqdq dtes64 monitor ds_cpl vmx est tm2 ssse3 sdbg fma cx16 xtpr pdcm pcid sse4_1 sse4_2 movbe popcnt tsc_deadline_timer aes xsave avx f16c rdrand lahf_lm abm epb tpr_shadow vnmi flexpriority ept vpid fsgsbase tsc_adjust bmi1 avx2 smep bmi2 erms invpcid xsaveopt dtherm ida arat pln pts
bugs		:
bogomips	: 3392.08
clflush size	: 64
cache_alignment	: 64
address sizes	: 39 bits physical, 48 bits virtual
power management:



Memory: 4k page, physical 3980976k(115900k free), swap 0k(0k free)

vm_info: OpenJDK 64-Bit Server VM (25.121-b13) for linux-amd64 JRE (1.8.0_121-8u121-b13-0ubuntu1.16.04.2-b13), built on Jan 23 2017 15:51:29 by "buildd" with gcc 5.4.0 20160609

time: Fri Mar  3 14:29:11 2017
elapsed time: 29 seconds (0d 0h 0m 29s)

