#
# There is insufficient memory for the Java Runtime Environment to continue.
# Native memory allocation (mmap) failed to map 65011712 bytes for committing reserved memory.
# Possible reasons:
#   The system is out of physical RAM or swap space
#   In 32 bit mode, the process size limit was hit
# Possible solutions:
#   Reduce memory load on the system
#   Increase physical memory or swap space
#   Check if swap backing store is full
#   Use 64 bit Java on a 64 bit OS
#   Decrease Java heap size (-Xmx/-Xms)
#   Decrease number of Java threads
#   Decrease Java thread stack sizes (-Xss)
#   Set larger code cache with -XX:ReservedCodeCacheSize=
# This output file may be truncated or incomplete.
#
#  Out of Memory Error (os_linux.cpp:2630), pid=5340, tid=0x00007f34dc2f2700
#
# JRE version: OpenJDK Runtime Environment (8.0_121-b13) (build 1.8.0_121-8u121-b13-0ubuntu1.16.04.2-b13)
# Java VM: OpenJDK 64-Bit Server VM (25.121-b13 mixed mode linux-amd64 compressed oops)
# Failed to write core dump. Core dumps have been disabled. To enable core dumping, try "ulimit -c unlimited" before starting Java again
#

---------------  T H R E A D  ---------------

Current thread (0x00007f34ec077800):  VMThread [stack: 0x00007f34dc1f2000,0x00007f34dc2f3000] [id=5375]

Stack: [0x00007f34dc1f2000,0x00007f34dc2f3000],  sp=0x00007f34dc2f14c0,  free space=1021k
Native frames: (J=compiled Java code, j=interpreted, Vv=VM code, C=native code)
V  [libjvm.so+0xa6647b]
V  [libjvm.so+0x4c32dc]
V  [libjvm.so+0x8b4b60]
V  [libjvm.so+0x8aefde]
V  [libjvm.so+0x929a16]
V  [libjvm.so+0x92ad43]
V  [libjvm.so+0x9273f3]
V  [libjvm.so+0x9276bc]
V  [libjvm.so+0x8d9553]
V  [libjvm.so+0xa68132]
V  [libjvm.so+0xa6d217]
V  [libjvm.so+0xa6a9e7]
V  [libjvm.so+0xa6be6f]
V  [libjvm.so+0xa6c361]
V  [libjvm.so+0x8b2042]

VM_Operation (0x00007f34f5094f20): ParallelGCFailedAllocation, mode: safepoint, requested by thread 0x00007f34ec00a000


---------------  P R O C E S S  ---------------

Java Threads: ( => current thread )
  0x00007f34ec31a000 JavaThread "process reaper" daemon [_thread_blocked, id=5415, stack(0x00007f34dc020000,0x00007f34dc059000)]
  0x00007f34ec0c1000 JavaThread "Service Thread" daemon [_thread_blocked, id=5401, stack(0x00007f34d58c2000,0x00007f34d59c3000)]
  0x00007f34ec0b1800 JavaThread "C1 CompilerThread2" daemon [_thread_blocked, id=5399, stack(0x00007f34d59c3000,0x00007f34d5ac4000)]
  0x00007f34ec0af800 JavaThread "C2 CompilerThread1" daemon [_thread_blocked, id=5396, stack(0x00007f34d5ac4000,0x00007f34d5bc5000)]
  0x00007f34ec0ac800 JavaThread "C2 CompilerThread0" daemon [_thread_blocked, id=5395, stack(0x00007f34d5bc5000,0x00007f34d5cc6000)]
  0x00007f34ec0aa800 JavaThread "Signal Dispatcher" daemon [_thread_blocked, id=5387, stack(0x00007f34d5cc6000,0x00007f34d5dc7000)]
  0x00007f34ec083800 JavaThread "Finalizer" daemon [_thread_blocked, id=5381, stack(0x00007f34d609f000,0x00007f34d61a0000)]
  0x00007f34ec07f000 JavaThread "Reference Handler" daemon [_thread_blocked, id=5377, stack(0x00007f34dc0f1000,0x00007f34dc1f2000)]
  0x00007f34ec00a000 JavaThread "main" [_thread_blocked, id=5352, stack(0x00007f34f4f98000,0x00007f34f5099000)]

Other Threads:
=>0x00007f34ec077800 VMThread [stack: 0x00007f34dc1f2000,0x00007f34dc2f3000] [id=5375]
  0x00007f34ec0c3800 WatcherThread [stack: 0x00007f34d57c1000,0x00007f34d58c2000] [id=5404]

VM state:at safepoint (normal execution)

VM Mutex/Monitor currently owned by a thread:  ([mutex/lock_event])
[0x00007f34ec0062c0] Threads_lock - owner thread: 0x00007f34ec077800
[0x00007f34ec0067c0] Heap_lock - owner thread: 0x00007f34ec00a000

Heap:
 PSYoungGen      total 72704K, used 6333K [0x00000000ebc00000, 0x00000000f0c00000, 0x0000000100000000)
  eden space 63488K, 0% used [0x00000000ebc00000,0x00000000ebc00000,0x00000000efa00000)
  from space 9216K, 68% used [0x00000000efa00000,0x00000000f002f6b8,0x00000000f0300000)
  to   space 9216K, 0% used [0x00000000f0300000,0x00000000f0300000,0x00000000f0c00000)
 ParOldGen       total 42496K, used 14811K [0x00000000c3400000, 0x00000000c5d80000, 0x00000000ebc00000)
  object space 42496K, 34% used [0x00000000c3400000,0x00000000c4276cc8,0x00000000c5d80000)
 Metaspace       used 15695K, capacity 15972K, committed 16128K, reserved 1062912K
  class space    used 1643K, capacity 1740K, committed 1792K, reserved 1048576K

Card table byte_map: [0x00007f34f1481000,0x00007f34f1668000] byte_map_base: 0x00007f34f0e67000

Marking Bits: (ParMarkBitMap*) 0x00007f34f4278220
 Begin Bits: [0x00007f34d61a0000, 0x00007f34d70d0000)
 End Bits:   [0x00007f34d70d0000, 0x00007f34d8000000)

Polling page: 0x00007f34f50ca000

CodeCache: size=245760Kb used=14545Kb max_used=14580Kb free=231214Kb
 bounds [0x00007f34dd000000, 0x00007f34dde50000, 0x00007f34ec000000]
 total_blobs=4174 nmethods=3806 adapters=281
 compilation: enabled

Compilation events (10 events):
Event: 23.991 Thread 0x00007f34ec0af800 nmethod 3950 0x00007f34dde1d910 code [0x00007f34dde1daa0, 0x00007f34dde1df48]
Event: 23.991 Thread 0x00007f34ec0af800 3953       4       com.sun.tools.javac.code.Symbol::<init> (43 bytes)
Event: 23.992 Thread 0x00007f34ec0af800 nmethod 3953 0x00007f34dddbb950 code [0x00007f34dddbbaa0, 0x00007f34dddbbb38]
Event: 23.992 Thread 0x00007f34ec0af800 3960       4       com.sun.tools.javac.code.Symbol$PackageSymbol::exists (19 bytes)
Event: 23.992 Thread 0x00007f34ec0af800 nmethod 3960 0x00007f34ddd94dd0 code [0x00007f34ddd94f20, 0x00007f34ddd94f98]
Event: 24.121 Thread 0x00007f34ec0ac800 nmethod 3935 0x00007f34dde2d1d0 code [0x00007f34dde2e440, 0x00007f34dde36098]
Event: 24.191 Thread 0x00007f34ec0af800 3962       4       java.lang.String::codePointAt (36 bytes)
Event: 24.193 Thread 0x00007f34ec0af800 nmethod 3962 0x00007f34dde1d590 code [0x00007f34dde1d6e0, 0x00007f34dde1d7d8]
Event: 24.193 Thread 0x00007f34ec0af800 3961       4       com.sun.tools.javac.code.Type$ClassType::<init> (36 bytes)
Event: 24.194 Thread 0x00007f34ec0af800 nmethod 3961 0x00007f34ddddc750 code [0x00007f34ddddc8a0, 0x00007f34ddddc938]

GC Heap History (10 events):
Event: 6.793 GC heap after
Heap after GC invocations=2 (full 0):
 PSYoungGen      total 18432K, used 2542K [0x00000000ebc00000, 0x00000000ed080000, 0x0000000100000000)
  eden space 15872K, 0% used [0x00000000ebc00000,0x00000000ebc00000,0x00000000ecb80000)
  from space 2560K, 99% used [0x00000000ece00000,0x00000000ed07b968,0x00000000ed080000)
  to   space 2560K, 0% used [0x00000000ecb80000,0x00000000ecb80000,0x00000000ece00000)
 ParOldGen       total 42496K, used 1857K [0x00000000c3400000, 0x00000000c5d80000, 0x00000000ebc00000)
  object space 42496K, 4% used [0x00000000c3400000,0x00000000c35d0688,0x00000000c5d80000)
 Metaspace       used 10725K, capacity 11006K, committed 11136K, reserved 1058816K
  class space    used 1254K, capacity 1323K, committed 1408K, reserved 1048576K
}
Event: 8.229 GC heap before
{Heap before GC invocations=3 (full 0):
 PSYoungGen      total 18432K, used 18414K [0x00000000ebc00000, 0x00000000ed080000, 0x0000000100000000)
  eden space 15872K, 100% used [0x00000000ebc00000,0x00000000ecb80000,0x00000000ecb80000)
  from space 2560K, 99% used [0x00000000ece00000,0x00000000ed07b968,0x00000000ed080000)
  to   space 2560K, 0% used [0x00000000ecb80000,0x00000000ecb80000,0x00000000ece00000)
 ParOldGen       total 42496K, used 1857K [0x00000000c3400000, 0x00000000c5d80000, 0x00000000ebc00000)
  object space 42496K, 4% used [0x00000000c3400000,0x00000000c35d0688,0x00000000c5d80000)
 Metaspace       used 12368K, capacity 12638K, committed 12800K, reserved 1060864K
  class space    used 1414K, capacity 1483K, committed 1536K, reserved 1048576K
Event: 8.313 GC heap after
Heap after GC invocations=3 (full 0):
 PSYoungGen      total 18432K, used 2535K [0x00000000ebc00000, 0x00000000ee000000, 0x0000000100000000)
  eden space 15872K, 0% used [0x00000000ebc00000,0x00000000ebc00000,0x00000000ecb80000)
  from space 2560K, 99% used [0x00000000ecb80000,0x00000000ecdf9c00,0x00000000ece00000)
  to   space 2560K, 0% used [0x00000000edd80000,0x00000000edd80000,0x00000000ee000000)
 ParOldGen       total 42496K, used 5336K [0x00000000c3400000, 0x00000000c5d80000, 0x00000000ebc00000)
  object space 42496K, 12% used [0x00000000c3400000,0x00000000c39360a0,0x00000000c5d80000)
 Metaspace       used 12368K, capacity 12638K, committed 12800K, reserved 1060864K
  class space    used 1414K, capacity 1483K, committed 1536K, reserved 1048576K
}
Event: 9.379 GC heap before
{Heap before GC invocations=4 (full 0):
 PSYoungGen      total 18432K, used 18407K [0x00000000ebc00000, 0x00000000ee000000, 0x0000000100000000)
  eden space 15872K, 100% used [0x00000000ebc00000,0x00000000ecb80000,0x00000000ecb80000)
  from space 2560K, 99% used [0x00000000ecb80000,0x00000000ecdf9c00,0x00000000ece00000)
  to   space 2560K, 0% used [0x00000000edd80000,0x00000000edd80000,0x00000000ee000000)
 ParOldGen       total 42496K, used 5336K [0x00000000c3400000, 0x00000000c5d80000, 0x00000000ebc00000)
  object space 42496K, 12% used [0x00000000c3400000,0x00000000c39360a0,0x00000000c5d80000)
 Metaspace       used 12602K, capacity 12830K, committed 13056K, reserved 1060864K
  class space    used 1430K, capacity 1483K, committed 1536K, reserved 1048576K
Event: 9.434 GC heap after
Heap after GC invocations=4 (full 0):
 PSYoungGen      total 34304K, used 2551K [0x00000000ebc00000, 0x00000000ee000000, 0x0000000100000000)
  eden space 31744K, 0% used [0x00000000ebc00000,0x00000000ebc00000,0x00000000edb00000)
  from space 2560K, 99% used [0x00000000edd80000,0x00000000edffdda8,0x00000000ee000000)
  to   space 2560K, 0% used [0x00000000edb00000,0x00000000edb00000,0x00000000edd80000)
 ParOldGen       total 42496K, used 10684K [0x00000000c3400000, 0x00000000c5d80000, 0x00000000ebc00000)
  object space 42496K, 25% used [0x00000000c3400000,0x00000000c3e6f088,0x00000000c5d80000)
 Metaspace       used 12602K, capacity 12830K, committed 13056K, reserved 1060864K
  class space    used 1430K, capacity 1483K, committed 1536K, reserved 1048576K
}
Event: 13.972 GC heap before
{Heap before GC invocations=5 (full 0):
 PSYoungGen      total 34304K, used 34295K [0x00000000ebc00000, 0x00000000ee000000, 0x0000000100000000)
  eden space 31744K, 100% used [0x00000000ebc00000,0x00000000edb00000,0x00000000edb00000)
  from space 2560K, 99% used [0x00000000edd80000,0x00000000edffdda8,0x00000000ee000000)
  to   space 2560K, 0% used [0x00000000edb00000,0x00000000edb00000,0x00000000edd80000)
 ParOldGen       total 42496K, used 10684K [0x00000000c3400000, 0x00000000c5d80000, 0x00000000ebc00000)
  object space 42496K, 25% used [0x00000000c3400000,0x00000000c3e6f088,0x00000000c5d80000)
 Metaspace       used 14470K, capacity 14718K, committed 14976K, reserved 1062912K
  class space    used 1574K, capacity 1643K, committed 1664K, reserved 1048576K
Event: 14.044 GC heap after
Heap after GC invocations=5 (full 0):
 PSYoungGen      total 34304K, used 2551K [0x00000000ebc00000, 0x00000000f0c00000, 0x0000000100000000)
  eden space 31744K, 0% used [0x00000000ebc00000,0x00000000ebc00000,0x00000000edb00000)
  from space 2560K, 99% used [0x00000000edb00000,0x00000000edd7dd88,0x00000000edd80000)
  to   space 9216K, 0% used [0x00000000f0300000,0x00000000f0300000,0x00000000f0c00000)
 ParOldGen       total 42496K, used 14150K [0x00000000c3400000, 0x00000000c5d80000, 0x00000000ebc00000)
  object space 42496K, 33% used [0x00000000c3400000,0x00000000c41d1878,0x00000000c5d80000)
 Metaspace       used 14470K, capacity 14718K, committed 14976K, reserved 1062912K
  class space    used 1574K, capacity 1643K, committed 1664K, reserved 1048576K
}
Event: 17.484 GC heap before
{Heap before GC invocations=6 (full 0):
 PSYoungGen      total 34304K, used 34295K [0x00000000ebc00000, 0x00000000f0c00000, 0x0000000100000000)
  eden space 31744K, 100% used [0x00000000ebc00000,0x00000000edb00000,0x00000000edb00000)
  from space 2560K, 99% used [0x00000000edb00000,0x00000000edd7dd88,0x00000000edd80000)
  to   space 9216K, 0% used [0x00000000f0300000,0x00000000f0300000,0x00000000f0c00000)
 ParOldGen       total 42496K, used 14150K [0x00000000c3400000, 0x00000000c5d80000, 0x00000000ebc00000)
  object space 42496K, 33% used [0x00000000c3400000,0x00000000c41d1878,0x00000000c5d80000)
 Metaspace       used 14971K, capacity 15230K, committed 15488K, reserved 1062912K
  class space    used 1580K, capacity 1643K, committed 1664K, reserved 1048576K
Event: 17.530 GC heap after
Heap after GC invocations=6 (full 0):
 PSYoungGen      total 72704K, used 3287K [0x00000000ebc00000, 0x00000000f0c00000, 0x0000000100000000)
  eden space 63488K, 0% used [0x00000000ebc00000,0x00000000ebc00000,0x00000000efa00000)
  from space 9216K, 35% used [0x00000000f0300000,0x00000000f0635d88,0x00000000f0c00000)
  to   space 9216K, 0% used [0x00000000efa00000,0x00000000efa00000,0x00000000f0300000)
 ParOldGen       total 42496K, used 14158K [0x00000000c3400000, 0x00000000c5d80000, 0x00000000ebc00000)
  object space 42496K, 33% used [0x00000000c3400000,0x00000000c41d3878,0x00000000c5d80000)
 Metaspace       used 14971K, capacity 15230K, committed 15488K, reserved 1062912K
  class space    used 1580K, capacity 1643K, committed 1664K, reserved 1048576K
}
Event: 24.425 GC heap before
{Heap before GC invocations=7 (full 0):
 PSYoungGen      total 72704K, used 66775K [0x00000000ebc00000, 0x00000000f0c00000, 0x0000000100000000)
  eden space 63488K, 100% used [0x00000000ebc00000,0x00000000efa00000,0x00000000efa00000)
  from space 9216K, 35% used [0x00000000f0300000,0x00000000f0635d88,0x00000000f0c00000)
  to   space 9216K, 0% used [0x00000000efa00000,0x00000000efa00000,0x00000000f0300000)
 ParOldGen       total 42496K, used 14158K [0x00000000c3400000, 0x00000000c5d80000, 0x00000000ebc00000)
  object space 42496K, 33% used [0x00000000c3400000,0x00000000c41d3878,0x00000000c5d80000)
 Metaspace       used 15695K, capacity 15972K, committed 16128K, reserved 1062912K
  class space    used 1643K, capacity 1740K, committed 1792K, reserved 1048576K

Deoptimization events (10 events):
Event: 23.070 Thread 0x00007f34ec00a000 Uncommon trap: reason=class_check action=maybe_recompile pc=0x00007f34dda9b314 method=java.util.regex.Matcher.search(I)Z @ 86
Event: 23.070 Thread 0x00007f34ec00a000 Uncommon trap: reason=predicate action=maybe_recompile pc=0x00007f34dda9b380 method=java.util.regex.Pattern$Start.match(Ljava/util/regex/Matcher;ILjava/lang/CharSequence;)Z @ 37
Event: 23.070 Thread 0x00007f34ec00a000 Uncommon trap: reason=class_check action=maybe_recompile pc=0x00007f34dd766eb4 method=java.util.regex.Pattern$BmpCharProperty.match(Ljava/util/regex/Matcher;ILjava/lang/CharSequence;)Z @ 31
Event: 23.070 Thread 0x00007f34ec00a000 Uncommon trap: reason=class_check action=maybe_recompile pc=0x00007f34dd766eb4 method=java.util.regex.Pattern$BmpCharProperty.match(Ljava/util/regex/Matcher;ILjava/lang/CharSequence;)Z @ 31
Event: 23.070 Thread 0x00007f34ec00a000 Uncommon trap: reason=class_check action=maybe_recompile pc=0x00007f34dd766eb4 method=java.util.regex.Pattern$BmpCharProperty.match(Ljava/util/regex/Matcher;ILjava/lang/CharSequence;)Z @ 31
Event: 23.070 Thread 0x00007f34ec00a000 Uncommon trap: reason=class_check action=maybe_recompile pc=0x00007f34dd766eb4 method=java.util.regex.Pattern$BmpCharProperty.match(Ljava/util/regex/Matcher;ILjava/lang/CharSequence;)Z @ 31
Event: 23.081 Thread 0x00007f34ec00a000 Uncommon trap: reason=class_check action=maybe_recompile pc=0x00007f34dd2d48cc method=sun.misc.URLClassPath.getLoader(I)Lsun/misc/URLClassPath$Loader; @ 94
Event: 23.081 Thread 0x00007f34ec00a000 Uncommon trap: reason=class_check action=maybe_recompile pc=0x00007f34dd2d48cc method=sun.misc.URLClassPath.getLoader(I)Lsun/misc/URLClassPath$Loader; @ 94
Event: 23.087 Thread 0x00007f34ec00a000 Uncommon trap: reason=unstable_if action=reinterpret pc=0x00007f34dd507f34 method=com.sun.tools.javac.parser.JavaTokenizer.readToken()Lcom/sun/tools/javac/parser/Tokens$Token; @ 961
Event: 23.179 Thread 0x00007f34ec00a000 Uncommon trap: reason=unstable_if action=reinterpret pc=0x00007f34dd5e9c30 method=com.sun.tools.javac.parser.JavacParser.term3()Lcom/sun/tools/javac/tree/JCTree$JCExpression; @ 1519

Internal exceptions (10 events):
Event: 2.046 Thread 0x00007f34ec00a000 Exception <a 'java/security/PrivilegedActionException'> (0x00000000ebceeef0) thrown at [/build/openjdk-8-YiEakL/openjdk-8-8u121-b13/src/hotspot/src/share/vm/prims/jvm.cpp, line 1390]
Event: 4.482 Thread 0x00007f34ec00a000 Exception <a 'java/lang/NoSuchFieldError': method resolution failed> (0x00000000ec69f9a8) thrown at [/build/openjdk-8-YiEakL/openjdk-8-8u121-b13/src/hotspot/src/share/vm/prims/methodHandles.cpp, line 1146]
Event: 4.485 Thread 0x00007f34ec00a000 Exception <a 'java/lang/NoSuchFieldError': method resolution failed> (0x00000000ec6ad098) thrown at [/build/openjdk-8-YiEakL/openjdk-8-8u121-b13/src/hotspot/src/share/vm/prims/methodHandles.cpp, line 1146]
Event: 5.166 Thread 0x00007f34ec00a000 Exception <a 'java/lang/ClassNotFoundException': org/apache/tools/ant/helper/DefaultExecutor> (0x00000000ec8e6e08) thrown at [/build/openjdk-8-YiEakL/openjdk-8-8u121-b13/src/hotspot/src/share/vm/classfile/systemDictionary.cpp, line 210]
Event: 9.016 Thread 0x00007f34ec00a000 Exception <a 'java/io/FileNotFoundException'> (0x00000000ec66e8a0) thrown at [/build/openjdk-8-YiEakL/openjdk-8-8u121-b13/src/hotspot/src/share/vm/prims/jni.cpp, line 709]
Event: 9.056 Thread 0x00007f34ec00a000 Exception <a 'java/io/FileNotFoundException'> (0x00000000ec696ae0) thrown at [/build/openjdk-8-YiEakL/openjdk-8-8u121-b13/src/hotspot/src/share/vm/prims/jni.cpp, line 709]
Event: 9.056 Thread 0x00007f34ec00a000 Exception <a 'java/io/FileNotFoundException'> (0x00000000ec6977a8) thrown at [/build/openjdk-8-YiEakL/openjdk-8-8u121-b13/src/hotspot/src/share/vm/prims/jni.cpp, line 709]
Event: 23.924 Thread 0x00007f34ec00a000 Exception <a 'java/io/FileNotFoundException'> (0x00000000ef88e7f8) thrown at [/build/openjdk-8-YiEakL/openjdk-8-8u121-b13/src/hotspot/src/share/vm/prims/jni.cpp, line 709]
Event: 23.924 Thread 0x00007f34ec00a000 Exception <a 'java/io/FileNotFoundException'> (0x00000000ef88f6c0) thrown at [/build/openjdk-8-YiEakL/openjdk-8-8u121-b13/src/hotspot/src/share/vm/prims/jni.cpp, line 709]
Event: 23.925 Thread 0x00007f34ec00a000 Exception <a 'java/io/FileNotFoundException'> (0x00000000ef8901a0) thrown at [/build/openjdk-8-YiEakL/openjdk-8-8u121-b13/src/hotspot/src/share/vm/prims/jni.cpp, line 709]

Events (10 events):
Event: 23.081 Thread 0x00007f34ec00a000 DEOPT UNPACKING pc=0x00007f34dd004f69 sp=0x00007f34f5095088 mode 2
Event: 23.087 Thread 0x00007f34ec00a000 Uncommon trap: trap_request=0xffffff65 fr.pc=0x00007f34dd507f34
Event: 23.087 Thread 0x00007f34ec00a000 DEOPT PACKING pc=0x00007f34dd507f34 sp=0x00007f34f5095540
Event: 23.087 Thread 0x00007f34ec00a000 DEOPT UNPACKING pc=0x00007f34dd004f69 sp=0x00007f34f5095538 mode 2
Event: 23.109 Thread 0x00007f34ec00a000 DEOPT PACKING pc=0x00007f34dd457778 sp=0x00007f34f5095cc0
Event: 23.109 Thread 0x00007f34ec00a000 DEOPT UNPACKING pc=0x00007f34dd047373 sp=0x00007f34f5095a10 mode 0
Event: 23.179 Thread 0x00007f34ec00a000 Uncommon trap: trap_request=0xffffff65 fr.pc=0x00007f34dd5e9c30
Event: 23.179 Thread 0x00007f34ec00a000 DEOPT PACKING pc=0x00007f34dd5e9c30 sp=0x00007f34f5094190
Event: 23.179 Thread 0x00007f34ec00a000 DEOPT UNPACKING pc=0x00007f34dd004f69 sp=0x00007f34f50941e8 mode 2
Event: 24.270 Executing VM operation: ParallelGCFailedAllocation


Dynamic libraries:
00400000-00401000 r-xp 00000000 08:04 7733285                            /usr/lib/jvm/java-8-openjdk-amd64/jre/bin/java
00600000-00601000 r--p 00000000 08:04 7733285                            /usr/lib/jvm/java-8-openjdk-amd64/jre/bin/java
00601000-00602000 rw-p 00001000 08:04 7733285                            /usr/lib/jvm/java-8-openjdk-amd64/jre/bin/java
00adf000-00b00000 rw-p 00000000 00:00 0                                  [heap]
c3400000-c5d80000 rw-p 00000000 00:00 0 
c5d80000-ebc00000 ---p 00000000 00:00 0 
ebc00000-f0c00000 rw-p 00000000 00:00 0 
f4a00000-100000000 ---p 00000000 00:00 0 
100000000-1001c0000 rw-p 00000000 00:00 0 
1001c0000-140000000 ---p 00000000 00:00 0 
7f3494000000-7f3494021000 rw-p 00000000 00:00 0 
7f3494021000-7f3498000000 ---p 00000000 00:00 0 
7f349c000000-7f349c021000 rw-p 00000000 00:00 0 
7f349c021000-7f34a0000000 ---p 00000000 00:00 0 
7f34a0000000-7f34a0021000 rw-p 00000000 00:00 0 
7f34a0021000-7f34a4000000 ---p 00000000 00:00 0 
7f34a4000000-7f34a4021000 rw-p 00000000 00:00 0 
7f34a4021000-7f34a8000000 ---p 00000000 00:00 0 
7f34a8000000-7f34a8021000 rw-p 00000000 00:00 0 
7f34a8021000-7f34ac000000 ---p 00000000 00:00 0 
7f34ac000000-7f34aceb6000 rw-p 00000000 00:00 0 
7f34aceb6000-7f34b0000000 ---p 00000000 00:00 0 
7f34b0000000-7f34b0fdd000 rw-p 00000000 00:00 0 
7f34b0fdd000-7f34b4000000 ---p 00000000 00:00 0 
7f34b4000000-7f34b4021000 rw-p 00000000 00:00 0 
7f34b4021000-7f34b8000000 ---p 00000000 00:00 0 
7f34b8000000-7f34b9a9a000 rw-p 00000000 00:00 0 
7f34b9a9a000-7f34bc000000 ---p 00000000 00:00 0 
7f34bc000000-7f34bc021000 rw-p 00000000 00:00 0 
7f34bc021000-7f34c0000000 ---p 00000000 00:00 0 
7f34c0000000-7f34c0021000 rw-p 00000000 00:00 0 
7f34c0021000-7f34c4000000 ---p 00000000 00:00 0 
7f34c4000000-7f34c4021000 rw-p 00000000 00:00 0 
7f34c4021000-7f34c8000000 ---p 00000000 00:00 0 
7f34c8000000-7f34c8021000 rw-p 00000000 00:00 0 
7f34c8021000-7f34cc000000 ---p 00000000 00:00 0 
7f34cc000000-7f34cc021000 rw-p 00000000 00:00 0 
7f34cc021000-7f34d0000000 ---p 00000000 00:00 0 
7f34d0000000-7f34d0021000 rw-p 00000000 00:00 0 
7f34d0021000-7f34d4000000 ---p 00000000 00:00 0 
7f34d4893000-7f34d48a4000 r-xp 00000000 08:04 8257742                    /usr/lib/jvm/java-8-openjdk-amd64/jre/lib/amd64/libnio.so
7f34d48a4000-7f34d4aa4000 ---p 00011000 08:04 8257742                    /usr/lib/jvm/java-8-openjdk-amd64/jre/lib/amd64/libnio.so
7f34d4aa4000-7f34d4aa5000 r--p 00011000 08:04 8257742                    /usr/lib/jvm/java-8-openjdk-amd64/jre/lib/amd64/libnio.so
7f34d4aa5000-7f34d4aa6000 rw-p 00012000 08:04 8257742                    /usr/lib/jvm/java-8-openjdk-amd64/jre/lib/amd64/libnio.so
7f34d4aa6000-7f34d4da7000 rw-p 00000000 00:00 0 
7f34d4da7000-7f34d4dbe000 r-xp 00000000 08:04 8257636                    /usr/lib/jvm/java-8-openjdk-amd64/jre/lib/amd64/libnet.so
7f34d4dbe000-7f34d4fbd000 ---p 00017000 08:04 8257636                    /usr/lib/jvm/java-8-openjdk-amd64/jre/lib/amd64/libnet.so
7f34d4fbd000-7f34d4fbe000 r--p 00016000 08:04 8257636                    /usr/lib/jvm/java-8-openjdk-amd64/jre/lib/amd64/libnet.so
7f34d4fbe000-7f34d4fbf000 rw-p 00017000 08:04 8257636                    /usr/lib/jvm/java-8-openjdk-amd64/jre/lib/amd64/libnet.so
7f34d4fbf000-7f34d51bf000 rw-p 00000000 00:00 0 
7f34d51bf000-7f34d53bf000 rw-p 00000000 00:00 0 
7f34d53bf000-7f34d55bf000 rw-p 00000000 00:00 0 
7f34d55bf000-7f34d55c2000 ---p 00000000 00:00 0 
7f34d55c2000-7f34d56c0000 rw-p 00000000 00:00 0 
7f34d56c0000-7f34d56c3000 ---p 00000000 00:00 0 
7f34d56c3000-7f34d57c1000 rw-p 00000000 00:00 0 
7f34d57c1000-7f34d57c2000 ---p 00000000 00:00 0 
7f34d57c2000-7f34d58c2000 rw-p 00000000 00:00 0 
7f34d58c2000-7f34d58c5000 ---p 00000000 00:00 0 
7f34d58c5000-7f34d59c3000 rw-p 00000000 00:00 0 
7f34d59c3000-7f34d59c6000 ---p 00000000 00:00 0 
7f34d59c6000-7f34d5ac4000 rw-p 00000000 00:00 0 
7f34d5ac4000-7f34d5ac7000 ---p 00000000 00:00 0 
7f34d5ac7000-7f34d5bc5000 rw-p 00000000 00:00 0 
7f34d5bc5000-7f34d5bc8000 ---p 00000000 00:00 0 
7f34d5bc8000-7f34d5cc6000 rw-p 00000000 00:00 0 
7f34d5cc6000-7f34d5cc9000 ---p 00000000 00:00 0 
7f34d5cc9000-7f34d5dc7000 rw-p 00000000 00:00 0 
7f34d5dc7000-7f34d609f000 r--p 00000000 08:04 5243882                    /usr/lib/locale/locale-archive
7f34d609f000-7f34d60a2000 ---p 00000000 00:00 0 
7f34d60a2000-7f34d8000000 rw-p 00000000 00:00 0 
7f34d8000000-7f34d8021000 rw-p 00000000 00:00 0 
7f34d8021000-7f34dc000000 ---p 00000000 00:00 0 
7f34dc020000-7f34dc023000 ---p 00000000 00:00 0 
7f34dc023000-7f34dc059000 rw-p 00000000 00:00 0 
7f34dc059000-7f34dc0d2000 r--s 010fd000 08:04 7340065                    /usr/lib/jvm/java-8-openjdk-amd64/lib/tools.jar
7f34dc0d2000-7f34dc0f1000 r--s 001d1000 08:04 5647365                    /usr/share/java/ant-1.9.6.jar
7f34dc0f1000-7f34dc0f4000 ---p 00000000 00:00 0 
7f34dc0f4000-7f34dc1f2000 rw-p 00000000 00:00 0 
7f34dc1f2000-7f34dc1f3000 ---p 00000000 00:00 0 
7f34dc1f3000-7f34dd000000 rw-p 00000000 00:00 0 
7f34dd000000-7f34dde50000 rwxp 00000000 00:00 0 
7f34dde50000-7f34ec000000 ---p 00000000 00:00 0 
7f34ec000000-7f34ec5a4000 rw-p 00000000 00:00 0 
7f34ec5a4000-7f34f0000000 ---p 00000000 00:00 0 
7f34f0005000-7f34f0008000 r--s 00014000 08:04 5647391                    /usr/share/java/ant-commons-net-1.9.6.jar
7f34f0008000-7f34f0009000 r--s 00002000 08:04 5647378                    /usr/share/java/ant-antlr-1.9.6.jar
7f34f0009000-7f34f000a000 r--s 00001000 08:04 5647383                    /usr/share/java/ant-apache-xalan2-1.9.6.jar
7f34f000a000-7f34f000c000 r--s 00002000 08:04 5647388                    /usr/share/java/ant-jmf-1.9.6.jar
7f34f000c000-7f34f000d000 r--s 00006000 08:04 5647390                    /usr/share/java/ant-testutil-1.9.6.jar
7f34f000d000-7f34f000f000 r--s 0001b000 08:04 5647381                    /usr/share/java/ant-junit-1.9.6.jar
7f34f000f000-7f34f0010000 r--s 00002000 08:04 5647376                    /usr/share/java/ant-apache-regexp-1.9.6.jar
7f34f0010000-7f34f0011000 r--s 00002000 08:04 5647387                    /usr/share/java/ant-apache-oro-1.9.6.jar
7f34f0011000-7f34f0012000 r--s 00002000 08:04 5647379                    /usr/share/java/ant-apache-bsf-1.9.6.jar
7f34f0012000-7f34f0013000 r--s 00003000 08:04 5647380                    /usr/share/java/ant-apache-bcel-1.9.6.jar
7f34f0013000-7f34f0014000 r--s 00002000 08:04 5647392                    /usr/share/java/ant-apache-resolver-1.9.6.jar
7f34f0014000-7f34f0016000 r--s 0000a000 08:04 5647375                    /usr/share/java/ant-jsch-1.9.6.jar
7f34f0016000-7f34f0018000 r--s 00002000 08:04 5647389                    /usr/share/java/ant-junit4-1.9.6.jar
7f34f0018000-7f34f0019000 r--s 00004000 08:04 5647366                    /usr/share/java/ant-launcher-1.9.6.jar
7f34f0019000-7f34f001b000 r--s 00001000 08:04 5647385                    /usr/share/java/ant-apache-log4j-1.9.6.jar
7f34f001b000-7f34f001c000 r--s 00002000 08:04 5647382                    /usr/share/java/ant-commons-logging-1.9.6.jar
7f34f001c000-7f34f001d000 r--s 00003000 08:04 5647384                    /usr/share/java/ant-javamail-1.9.6.jar
7f34f001d000-7f34f0027000 r--s 00116000 08:04 8132563                    /usr/lib/jvm/java-8-openjdk-amd64/jre/lib/ext/localedata.jar
7f34f0027000-7f34f0042000 r--s 001d6000 08:04 8132543                    /usr/lib/jvm/java-8-openjdk-amd64/jre/lib/ext/nashorn.jar
7f34f0042000-7f34f005d000 r--s 00394000 08:04 8132549                    /usr/lib/jvm/java-8-openjdk-amd64/jre/lib/ext/cldrdata.jar
7f34f005d000-7f34f030f000 rw-p 00000000 00:00 0 
7f34f030f000-7f34f04dd000 r--s 03c06000 08:04 7864358                    /usr/lib/jvm/java-8-openjdk-amd64/jre/lib/rt.jar
7f34f04dd000-7f34f0f39000 rw-p 00000000 00:00 0 
7f34f0f39000-7f34f0f3a000 ---p 00000000 00:00 0 
7f34f0f3a000-7f34f103a000 rw-p 00000000 00:00 0 
7f34f103a000-7f34f103b000 ---p 00000000 00:00 0 
7f34f103b000-7f34f113b000 rw-p 00000000 00:00 0 
7f34f113b000-7f34f113c000 ---p 00000000 00:00 0 
7f34f113c000-7f34f123c000 rw-p 00000000 00:00 0 
7f34f123c000-7f34f123d000 ---p 00000000 00:00 0 
7f34f123d000-7f34f1352000 rw-p 00000000 00:00 0 
7f34f1352000-7f34f1481000 ---p 00000000 00:00 0 
7f34f1481000-7f34f1496000 rw-p 00000000 00:00 0 
7f34f1496000-7f34f15c5000 ---p 00000000 00:00 0 
7f34f15c5000-7f34f15ed000 rw-p 00000000 00:00 0 
7f34f15ed000-7f34f1667000 ---p 00000000 00:00 0 
7f34f1667000-7f34f16a2000 rw-p 00000000 00:00 0 
7f34f16a2000-7f34f1a28000 ---p 00000000 00:00 0 
7f34f1a28000-7f34f1a30000 r-xp 00000000 08:04 8257634                    /usr/lib/jvm/java-8-openjdk-amd64/jre/lib/amd64/libzip.so
7f34f1a30000-7f34f1c2f000 ---p 00008000 08:04 8257634                    /usr/lib/jvm/java-8-openjdk-amd64/jre/lib/amd64/libzip.so
7f34f1c2f000-7f34f1c30000 r--p 00007000 08:04 8257634                    /usr/lib/jvm/java-8-openjdk-amd64/jre/lib/amd64/libzip.so
7f34f1c30000-7f34f1c31000 rw-p 00008000 08:04 8257634                    /usr/lib/jvm/java-8-openjdk-amd64/jre/lib/amd64/libzip.so
7f34f1c31000-7f34f1c3c000 r-xp 00000000 08:04 3670956                    /lib/x86_64-linux-gnu/libnss_files-2.23.so
7f34f1c3c000-7f34f1e3b000 ---p 0000b000 08:04 3670956                    /lib/x86_64-linux-gnu/libnss_files-2.23.so
7f34f1e3b000-7f34f1e3c000 r--p 0000a000 08:04 3670956                    /lib/x86_64-linux-gnu/libnss_files-2.23.so
7f34f1e3c000-7f34f1e3d000 rw-p 0000b000 08:04 3670956                    /lib/x86_64-linux-gnu/libnss_files-2.23.so
7f34f1e3d000-7f34f1e43000 rw-p 00000000 00:00 0 
7f34f1e43000-7f34f1e4e000 r-xp 00000000 08:04 3670928                    /lib/x86_64-linux-gnu/libnss_nis-2.23.so
7f34f1e4e000-7f34f204d000 ---p 0000b000 08:04 3670928                    /lib/x86_64-linux-gnu/libnss_nis-2.23.so
7f34f204d000-7f34f204e000 r--p 0000a000 08:04 3670928                    /lib/x86_64-linux-gnu/libnss_nis-2.23.so
7f34f204e000-7f34f204f000 rw-p 0000b000 08:04 3670928                    /lib/x86_64-linux-gnu/libnss_nis-2.23.so
7f34f204f000-7f34f2065000 r-xp 00000000 08:04 3670950                    /lib/x86_64-linux-gnu/libnsl-2.23.so
7f34f2065000-7f34f2264000 ---p 00016000 08:04 3670950                    /lib/x86_64-linux-gnu/libnsl-2.23.so
7f34f2264000-7f34f2265000 r--p 00015000 08:04 3670950                    /lib/x86_64-linux-gnu/libnsl-2.23.so
7f34f2265000-7f34f2266000 rw-p 00016000 08:04 3670950                    /lib/x86_64-linux-gnu/libnsl-2.23.so
7f34f2266000-7f34f2268000 rw-p 00000000 00:00 0 
7f34f2268000-7f34f2270000 r-xp 00000000 08:04 3670952                    /lib/x86_64-linux-gnu/libnss_compat-2.23.so
7f34f2270000-7f34f246f000 ---p 00008000 08:04 3670952                    /lib/x86_64-linux-gnu/libnss_compat-2.23.so
7f34f246f000-7f34f2470000 r--p 00007000 08:04 3670952                    /lib/x86_64-linux-gnu/libnss_compat-2.23.so
7f34f2470000-7f34f2471000 rw-p 00008000 08:04 3670952                    /lib/x86_64-linux-gnu/libnss_compat-2.23.so
7f34f2471000-7f34f249e000 r-xp 00000000 08:04 8257780                    /usr/lib/jvm/java-8-openjdk-amd64/jre/lib/amd64/libjava.so
7f34f249e000-7f34f269d000 ---p 0002d000 08:04 8257780                    /usr/lib/jvm/java-8-openjdk-amd64/jre/lib/amd64/libjava.so
7f34f269d000-7f34f269e000 r--p 0002c000 08:04 8257780                    /usr/lib/jvm/java-8-openjdk-amd64/jre/lib/amd64/libjava.so
7f34f269e000-7f34f26a0000 rw-p 0002d000 08:04 8257780                    /usr/lib/jvm/java-8-openjdk-amd64/jre/lib/amd64/libjava.so
7f34f26a0000-7f34f26af000 r-xp 00000000 08:04 8257582                    /usr/lib/jvm/java-8-openjdk-amd64/jre/lib/amd64/libverify.so
7f34f26af000-7f34f28ae000 ---p 0000f000 08:04 8257582                    /usr/lib/jvm/java-8-openjdk-amd64/jre/lib/amd64/libverify.so
7f34f28ae000-7f34f28b0000 r--p 0000e000 08:04 8257582                    /usr/lib/jvm/java-8-openjdk-amd64/jre/lib/amd64/libverify.so
7f34f28b0000-7f34f28b1000 rw-p 00010000 08:04 8257582                    /usr/lib/jvm/java-8-openjdk-amd64/jre/lib/amd64/libverify.so
7f34f28b1000-7f34f28b8000 r-xp 00000000 08:04 3670926                    /lib/x86_64-linux-gnu/librt-2.23.so
7f34f28b8000-7f34f2ab7000 ---p 00007000 08:04 3670926                    /lib/x86_64-linux-gnu/librt-2.23.so
7f34f2ab7000-7f34f2ab8000 r--p 00006000 08:04 3670926                    /lib/x86_64-linux-gnu/librt-2.23.so
7f34f2ab8000-7f34f2ab9000 rw-p 00007000 08:04 3670926                    /lib/x86_64-linux-gnu/librt-2.23.so
7f34f2ab9000-7f34f2acf000 r-xp 00000000 08:04 3674212                    /lib/x86_64-linux-gnu/libgcc_s.so.1
7f34f2acf000-7f34f2cce000 ---p 00016000 08:04 3674212                    /lib/x86_64-linux-gnu/libgcc_s.so.1
7f34f2cce000-7f34f2ccf000 rw-p 00015000 08:04 3674212                    /lib/x86_64-linux-gnu/libgcc_s.so.1
7f34f2ccf000-7f34f2dd7000 r-xp 00000000 08:04 3670946                    /lib/x86_64-linux-gnu/libm-2.23.so
7f34f2dd7000-7f34f2fd6000 ---p 00108000 08:04 3670946                    /lib/x86_64-linux-gnu/libm-2.23.so
7f34f2fd6000-7f34f2fd7000 r--p 00107000 08:04 3670946                    /lib/x86_64-linux-gnu/libm-2.23.so
7f34f2fd7000-7f34f2fd8000 rw-p 00108000 08:04 3670946                    /lib/x86_64-linux-gnu/libm-2.23.so
7f34f2fd8000-7f34f314a000 r-xp 00000000 08:04 5245011                    /usr/lib/x86_64-linux-gnu/libstdc++.so.6.0.21
7f34f314a000-7f34f334a000 ---p 00172000 08:04 5245011                    /usr/lib/x86_64-linux-gnu/libstdc++.so.6.0.21
7f34f334a000-7f34f3354000 r--p 00172000 08:04 5245011                    /usr/lib/x86_64-linux-gnu/libstdc++.so.6.0.21
7f34f3354000-7f34f3356000 rw-p 0017c000 08:04 5245011                    /usr/lib/x86_64-linux-gnu/libstdc++.so.6.0.21
7f34f3356000-7f34f335a000 rw-p 00000000 00:00 0 
7f34f335a000-7f34f3faa000 r-xp 00000000 08:04 8388635                    /usr/lib/jvm/java-8-openjdk-amd64/jre/lib/amd64/server/libjvm.so
7f34f3faa000-7f34f41a9000 ---p 00c50000 08:04 8388635                    /usr/lib/jvm/java-8-openjdk-amd64/jre/lib/amd64/server/libjvm.so
7f34f41a9000-7f34f423c000 r--p 00c4f000 08:04 8388635                    /usr/lib/jvm/java-8-openjdk-amd64/jre/lib/amd64/server/libjvm.so
7f34f423c000-7f34f4265000 rw-p 00ce2000 08:04 8388635                    /usr/lib/jvm/java-8-openjdk-amd64/jre/lib/amd64/server/libjvm.so
7f34f4265000-7f34f4295000 rw-p 00000000 00:00 0 
7f34f4295000-7f34f42ad000 r-xp 00000000 08:04 3670948                    /lib/x86_64-linux-gnu/libpthread-2.23.so
7f34f42ad000-7f34f44ac000 ---p 00018000 08:04 3670948                    /lib/x86_64-linux-gnu/libpthread-2.23.so
7f34f44ac000-7f34f44ad000 r--p 00017000 08:04 3670948                    /lib/x86_64-linux-gnu/libpthread-2.23.so
7f34f44ad000-7f34f44ae000 rw-p 00018000 08:04 3670948                    /lib/x86_64-linux-gnu/libpthread-2.23.so
7f34f44ae000-7f34f44b2000 rw-p 00000000 00:00 0 
7f34f44b2000-7f34f44b5000 r-xp 00000000 08:04 3670934                    /lib/x86_64-linux-gnu/libdl-2.23.so
7f34f44b5000-7f34f46b4000 ---p 00003000 08:04 3670934                    /lib/x86_64-linux-gnu/libdl-2.23.so
7f34f46b4000-7f34f46b5000 r--p 00002000 08:04 3670934                    /lib/x86_64-linux-gnu/libdl-2.23.so
7f34f46b5000-7f34f46b6000 rw-p 00003000 08:04 3670934                    /lib/x86_64-linux-gnu/libdl-2.23.so
7f34f46b6000-7f34f46cf000 r-xp 00000000 08:04 3670183                    /lib/x86_64-linux-gnu/libz.so.1.2.8
7f34f46cf000-7f34f48ce000 ---p 00019000 08:04 3670183                    /lib/x86_64-linux-gnu/libz.so.1.2.8
7f34f48ce000-7f34f48cf000 r--p 00018000 08:04 3670183                    /lib/x86_64-linux-gnu/libz.so.1.2.8
7f34f48cf000-7f34f48d0000 rw-p 00019000 08:04 3670183                    /lib/x86_64-linux-gnu/libz.so.1.2.8
7f34f48d0000-7f34f4a8f000 r-xp 00000000 08:04 3670936                    /lib/x86_64-linux-gnu/libc-2.23.so
7f34f4a8f000-7f34f4c8f000 ---p 001bf000 08:04 3670936                    /lib/x86_64-linux-gnu/libc-2.23.so
7f34f4c8f000-7f34f4c93000 r--p 001bf000 08:04 3670936                    /lib/x86_64-linux-gnu/libc-2.23.so
7f34f4c93000-7f34f4c95000 rw-p 001c3000 08:04 3670936                    /lib/x86_64-linux-gnu/libc-2.23.so
7f34f4c95000-7f34f4c99000 rw-p 00000000 00:00 0 
7f34f4c99000-7f34f4ca6000 r-xp 00000000 08:04 8519684                    /usr/lib/jvm/java-8-openjdk-amd64/jre/lib/amd64/jli/libjli.so
7f34f4ca6000-7f34f4ea6000 ---p 0000d000 08:04 8519684                    /usr/lib/jvm/java-8-openjdk-amd64/jre/lib/amd64/jli/libjli.so
7f34f4ea6000-7f34f4ea7000 r--p 0000d000 08:04 8519684                    /usr/lib/jvm/java-8-openjdk-amd64/jre/lib/amd64/jli/libjli.so
7f34f4ea7000-7f34f4ea8000 rw-p 0000e000 08:04 8519684                    /usr/lib/jvm/java-8-openjdk-amd64/jre/lib/amd64/jli/libjli.so
7f34f4ea8000-7f34f4ece000 r-xp 00000000 08:04 3670914                    /lib/x86_64-linux-gnu/ld-2.23.so
7f34f4ece000-7f34f4ed3000 r--s 0003b000 08:04 8132567                    /usr/lib/jvm/java-8-openjdk-amd64/jre/lib/ext/sunjce_provider.jar
7f34f4ed3000-7f34f4f98000 rw-p 00000000 00:00 0 
7f34f4f98000-7f34f4f9b000 ---p 00000000 00:00 0 
7f34f4f9b000-7f34f509e000 rw-p 00000000 00:00 0 
7f34f509e000-7f34f509f000 r--s 00003000 08:04 5647386                    /usr/share/java/ant-jdepend-1.9.6.jar
7f34f509f000-7f34f50a0000 r--s 00003000 08:04 5647377                    /usr/share/java/ant-swing-1.9.6.jar
7f34f50a0000-7f34f50a1000 r--s 00004000 08:04 5647366                    /usr/share/java/ant-launcher-1.9.6.jar
7f34f50a1000-7f34f50a3000 r--s 00001000 08:04 8132547                    /usr/lib/jvm/java-8-openjdk-amd64/jre/lib/ext/dnsns.jar
7f34f50a3000-7f34f50a4000 r--s 0000a000 08:04 8132570                    /usr/lib/jvm/java-8-openjdk-amd64/jre/lib/ext/jaccess.jar
7f34f50a4000-7f34f50a5000 r--s 00010000 08:04 8132556                    /usr/lib/jvm/java-8-openjdk-amd64/jre/lib/ext/zipfs.jar
7f34f50a5000-7f34f50a7000 r--s 00008000 08:04 8132531                    /usr/lib/jvm/java-8-openjdk-amd64/jre/lib/ext/sunec.jar
7f34f50a7000-7f34f50ab000 r--s 00037000 08:04 8132562                    /usr/lib/jvm/java-8-openjdk-amd64/jre/lib/ext/sunpkcs11.jar
7f34f50ab000-7f34f50ae000 r--s 0000f000 08:04 8132548                    /usr/lib/jvm/java-8-openjdk-amd64/jre/lib/ext/icedtea-sound.jar
7f34f50ae000-7f34f50c1000 rw-p 00000000 00:00 0 
7f34f50c1000-7f34f50c9000 rw-s 00000000 08:04 3670267                    /tmp/hsperfdata_saurabh/5340
7f34f50c9000-7f34f50ca000 rw-p 00000000 00:00 0 
7f34f50ca000-7f34f50cb000 ---p 00000000 00:00 0 
7f34f50cb000-7f34f50cd000 rw-p 00000000 00:00 0 
7f34f50cd000-7f34f50ce000 r--p 00025000 08:04 3670914                    /lib/x86_64-linux-gnu/ld-2.23.so
7f34f50ce000-7f34f50cf000 rw-p 00026000 08:04 3670914                    /lib/x86_64-linux-gnu/ld-2.23.so
7f34f50cf000-7f34f50d0000 rw-p 00000000 00:00 0 
7ffee774e000-7ffee7770000 rw-p 00000000 00:00 0                          [stack]
7ffee77e3000-7ffee77e5000 r--p 00000000 00:00 0                          [vvar]
7ffee77e5000-7ffee77e7000 r-xp 00000000 00:00 0                          [vdso]
ffffffffff600000-ffffffffff601000 r-xp 00000000 00:00 0                  [vsyscall]

VM Arguments:
jvm_args: -Dant.home=/usr/share/ant -Dant.library.dir=/usr/share/ant/lib 
java_command: org.apache.tools.ant.launch.Launcher -cp  java
java_class_path (initial): /usr/share/ant/lib/ant-launcher.jar
Launcher Type: SUN_STANDARD

Environment Variables:
PATH=/home/saurabh/SaurabhKumar/BeeWareVOC/PythonEnvironmets/VOC_Env/bin:/home/saurabh/anaconda2/bin:/home/saurabh/torch/install/bin:/home/saurabh/.pythonbrew/bin:/home/saurabh/.pythonbrew/bin:/home/saurabh/torch/install/bin:/usr/local/sbin:/usr/local/bin:/usr/sbin:/usr/bin:/sbin:/bin:/usr/games:/usr/local/games:/snap/bin:/usr/brlcad/bin
LD_LIBRARY_PATH=/home/saurabh/torch/install/lib:/home/saurabh/torch/install/lib:
SHELL=/bin/bash
DISPLAY=:0
DYLD_LIBRARY_PATH=/home/saurabh/torch/install/lib:/home/saurabh/torch/install/lib:

Signal Handlers:
SIGSEGV: [libjvm.so+0xa66fd0], sa_mask[0]=11111111011111111101111111111110, sa_flags=SA_RESTART|SA_SIGINFO
SIGBUS: [libjvm.so+0xa66fd0], sa_mask[0]=11111111011111111101111111111110, sa_flags=SA_RESTART|SA_SIGINFO
SIGFPE: [libjvm.so+0x8b0180], sa_mask[0]=11111111011111111101111111111110, sa_flags=SA_RESTART|SA_SIGINFO
SIGPIPE: [libjvm.so+0x8b0180], sa_mask[0]=11111111011111111101111111111110, sa_flags=SA_RESTART|SA_SIGINFO
SIGXFSZ: [libjvm.so+0x8b0180], sa_mask[0]=11111111011111111101111111111110, sa_flags=SA_RESTART|SA_SIGINFO
SIGILL: [libjvm.so+0x8b0180], sa_mask[0]=11111111011111111101111111111110, sa_flags=SA_RESTART|SA_SIGINFO
SIGUSR1: SIG_DFL, sa_mask[0]=00000000000000000000000000000000, sa_flags=none
SIGUSR2: [libjvm.so+0x8b0030], sa_mask[0]=00000000000000000000000000000000, sa_flags=SA_RESTART|SA_SIGINFO
SIGHUP: [libjvm.so+0x8b0500], sa_mask[0]=11111111011111111101111111111110, sa_flags=SA_RESTART|SA_SIGINFO
SIGINT: [libjvm.so+0x8b0500], sa_mask[0]=11111111011111111101111111111110, sa_flags=SA_RESTART|SA_SIGINFO
SIGTERM: [libjvm.so+0x8b0500], sa_mask[0]=11111111011111111101111111111110, sa_flags=SA_RESTART|SA_SIGINFO
SIGQUIT: [libjvm.so+0x8b0500], sa_mask[0]=11111111011111111101111111111110, sa_flags=SA_RESTART|SA_SIGINFO


---------------  S Y S T E M  ---------------

OS:DISTRIB_ID=Ubuntu
DISTRIB_RELEASE=16.04
DISTRIB_CODENAME=xenial
DISTRIB_DESCRIPTION="Ubuntu 16.04.2 LTS"

uname:Linux 4.4.0-65-generic #86-Ubuntu SMP Thu Feb 23 17:49:58 UTC 2017 x86_64
libc:glibc 2.23 NPTL 2.23 
rlimit: STACK 8192k, CORE 0k, NPROC 15392, NOFILE 65536, AS infinity
load average:13.02 10.32 5.67

/proc/meminfo:
MemTotal:        3980976 kB
MemFree:          113316 kB
MemAvailable:      20048 kB
Buffers:             804 kB
Cached:           321240 kB
SwapCached:            0 kB
Active:          3376000 kB
Inactive:         290332 kB
Active(anon):    3370848 kB
Inactive(anon):   272708 kB
Active(file):       5152 kB
Inactive(file):    17624 kB
Unevictable:         176 kB
Mlocked:             176 kB
SwapTotal:             0 kB
SwapFree:              0 kB
Dirty:              1680 kB
Writeback:             0 kB
AnonPages:       3345396 kB
Mapped:           121932 kB
Shmem:            298336 kB
Slab:              79424 kB
SReclaimable:      35760 kB
SUnreclaim:        43664 kB
KernelStack:       11248 kB
PageTables:        63320 kB
NFS_Unstable:          0 kB
Bounce:                0 kB
WritebackTmp:          0 kB
CommitLimit:     1990488 kB
Committed_AS:    8830568 kB
VmallocTotal:   34359738367 kB
VmallocUsed:           0 kB
VmallocChunk:          0 kB
HardwareCorrupted:     0 kB
AnonHugePages:   1263616 kB
CmaTotal:              0 kB
CmaFree:               0 kB
HugePages_Total:       0
HugePages_Free:        0
HugePages_Rsvd:        0
HugePages_Surp:        0
Hugepagesize:       2048 kB
DirectMap4k:      197312 kB
DirectMap2M:     3932160 kB
DirectMap1G:     1048576 kB


CPU:total 4 (2 cores per cpu, 2 threads per core) family 6 model 69 stepping 1, cmov, cx8, fxsr, mmx, sse, sse2, sse3, ssse3, sse4.1, sse4.2, popcnt, avx, avx2, aes, clmul, erms, lzcnt, ht, tsc, tscinvbit, bmi1, bmi2

/proc/cpuinfo:
processor	: 0
vendor_id	: GenuineIntel
cpu family	: 6
model		: 69
model name	: Intel(R) Core(TM) i3-4005U CPU @ 1.70GHz
stepping	: 1
microcode	: 0x1d
cpu MHz		: 894.890
cache size	: 3072 KB
physical id	: 0
siblings	: 4
core id		: 0
cpu cores	: 2
apicid		: 0
initial apicid	: 0
fpu		: yes
fpu_exception	: yes
cpuid level	: 13
wp		: yes
flags		: fpu vme de pse tsc msr pae mce cx8 apic sep mtrr pge mca cmov pat pse36 clflush dts acpi mmx fxsr sse sse2 ss ht tm pbe syscall nx pdpe1gb rdtscp lm constant_tsc arch_perfmon pebs bts rep_good nopl xtopology nonstop_tsc aperfmperf eagerfpu pni pclmulqdq dtes64 monitor ds_cpl vmx est tm2 ssse3 sdbg fma cx16 xtpr pdcm pcid sse4_1 sse4_2 movbe popcnt tsc_deadline_timer aes xsave avx f16c rdrand lahf_lm abm epb tpr_shadow vnmi flexpriority ept vpid fsgsbase tsc_adjust bmi1 avx2 smep bmi2 erms invpcid xsaveopt dtherm ida arat pln pts
bugs		:
bogomips	: 3392.08
clflush size	: 64
cache_alignment	: 64
address sizes	: 39 bits physical, 48 bits virtual
power management:

processor	: 1
vendor_id	: GenuineIntel
cpu family	: 6
model		: 69
model name	: Intel(R) Core(TM) i3-4005U CPU @ 1.70GHz
stepping	: 1
microcode	: 0x1d
cpu MHz		: 805.574
cache size	: 3072 KB
physical id	: 0
siblings	: 4
core id		: 0
cpu cores	: 2
apicid		: 1
initial apicid	: 1
fpu		: yes
fpu_exception	: yes
cpuid level	: 13
wp		: yes
flags		: fpu vme de pse tsc msr pae mce cx8 apic sep mtrr pge mca cmov pat pse36 clflush dts acpi mmx fxsr sse sse2 ss ht tm pbe syscall nx pdpe1gb rdtscp lm constant_tsc arch_perfmon pebs bts rep_good nopl xtopology nonstop_tsc aperfmperf eagerfpu pni pclmulqdq dtes64 monitor ds_cpl vmx est tm2 ssse3 sdbg fma cx16 xtpr pdcm pcid sse4_1 sse4_2 movbe popcnt tsc_deadline_timer aes xsave avx f16c rdrand lahf_lm abm epb tpr_shadow vnmi flexpriority ept vpid fsgsbase tsc_adjust bmi1 avx2 smep bmi2 erms invpcid xsaveopt dtherm ida arat pln pts
bugs		:
bogomips	: 3392.08
clflush size	: 64
cache_alignment	: 64
address sizes	: 39 bits physical, 48 bits virtual
power management:

processor	: 2
vendor_id	: GenuineIntel
cpu family	: 6
model		: 69
model name	: Intel(R) Core(TM) i3-4005U CPU @ 1.70GHz
stepping	: 1
microcode	: 0x1d
cpu MHz		: 891.304
cache size	: 3072 KB
physical id	: 0
siblings	: 4
core id		: 1
cpu cores	: 2
apicid		: 2
initial apicid	: 2
fpu		: yes
fpu_exception	: yes
cpuid level	: 13
wp		: yes
flags		: fpu vme de pse tsc msr pae mce cx8 apic sep mtrr pge mca cmov pat pse36 clflush dts acpi mmx fxsr sse sse2 ss ht tm pbe syscall nx pdpe1gb rdtscp lm constant_tsc arch_perfmon pebs bts rep_good nopl xtopology nonstop_tsc aperfmperf eagerfpu pni pclmulqdq dtes64 monitor ds_cpl vmx est tm2 ssse3 sdbg fma cx16 xtpr pdcm pcid sse4_1 sse4_2 movbe popcnt tsc_deadline_timer aes xsave avx f16c rdrand lahf_lm abm epb tpr_shadow vnmi flexpriority ept vpid fsgsbase tsc_adjust bmi1 avx2 smep bmi2 erms invpcid xsaveopt dtherm ida arat pln pts
bugs		:
bogomips	: 3392.08
clflush size	: 64
cache_alignment	: 64
address sizes	: 39 bits physical, 48 bits virtual
power management:

processor	: 3
vendor_id	: GenuineIntel
cpu family	: 6
model		: 69
model name	: Intel(R) Core(TM) i3-4005U CPU @ 1.70GHz
stepping	: 1
microcode	: 0x1d
cpu MHz		: 820.914
cache size	: 3072 KB
physical id	: 0
siblings	: 4
core id		: 1
cpu cores	: 2
apicid		: 3
initial apicid	: 3
fpu		: yes
fpu_exception	: yes
cpuid level	: 13
wp		: yes
flags		: fpu vme de pse tsc msr pae mce cx8 apic sep mtrr pge mca cmov pat pse36 clflush dts acpi mmx fxsr sse sse2 ss ht tm pbe syscall nx pdpe1gb rdtscp lm constant_tsc arch_perfmon pebs bts rep_good nopl xtopology nonstop_tsc aperfmperf eagerfpu pni pclmulqdq dtes64 monitor ds_cpl vmx est tm2 ssse3 sdbg fma cx16 xtpr pdcm pcid sse4_1 sse4_2 movbe popcnt tsc_deadline_timer aes xsave avx f16c rdrand lahf_lm abm epb tpr_shadow vnmi flexpriority ept vpid fsgsbase tsc_adjust bmi1 avx2 smep bmi2 erms invpcid xsaveopt dtherm ida arat pln pts
bugs		:
bogomips	: 3392.08
clflush size	: 64
cache_alignment	: 64
address sizes	: 39 bits physical, 48 bits virtual
power management:



Memory: 4k page, physical 3980976k(113316k free), swap 0k(0k free)

vm_info: OpenJDK 64-Bit Server VM (25.121-b13) for linux-amd64 JRE (1.8.0_121-8u121-b13-0ubuntu1.16.04.2-b13), built on Jan 23 2017 15:51:29 by "buildd" with gcc 5.4.0 20160609

time: Fri Mar  3 14:28:29 2017
elapsed time: 30 seconds (0d 0h 0m 30s)

