#
# There is insufficient memory for the Java Runtime Environment to continue.
# Native memory allocation (mmap) failed to map 65011712 bytes for committing reserved memory.
# Possible reasons:
#   The system is out of physical RAM or swap space
#   In 32 bit mode, the process size limit was hit
# Possible solutions:
#   Reduce memory load on the system
#   Increase physical memory or swap space
#   Check if swap backing store is full
#   Use 64 bit Java on a 64 bit OS
#   Decrease Java heap size (-Xmx/-Xms)
#   Decrease number of Java threads
#   Decrease Java thread stack sizes (-Xss)
#   Set larger code cache with -XX:ReservedCodeCacheSize=
# This output file may be truncated or incomplete.
#
#  Out of Memory Error (os_linux.cpp:2630), pid=4482, tid=0x00007f237418e700
#
# JRE version: OpenJDK Runtime Environment (8.0_121-b13) (build 1.8.0_121-8u121-b13-0ubuntu1.16.04.2-b13)
# Java VM: OpenJDK 64-Bit Server VM (25.121-b13 mixed mode linux-amd64 compressed oops)
# Failed to write core dump. Core dumps have been disabled. To enable core dumping, try "ulimit -c unlimited" before starting Java again
#

---------------  T H R E A D  ---------------

Current thread (0x00007f2384077800):  VMThread [stack: 0x00007f237408e000,0x00007f237418f000] [id=4516]

Stack: [0x00007f237408e000,0x00007f237418f000],  sp=0x00007f237418d4c0,  free space=1021k
Native frames: (J=compiled Java code, j=interpreted, Vv=VM code, C=native code)
V  [libjvm.so+0xa6647b]
V  [libjvm.so+0x4c32dc]
V  [libjvm.so+0x8b4b60]
V  [libjvm.so+0x8aefde]
V  [libjvm.so+0x929a16]
V  [libjvm.so+0x92ad43]
V  [libjvm.so+0x9273f3]
V  [libjvm.so+0x9276bc]
V  [libjvm.so+0x8d9553]
V  [libjvm.so+0xa68132]
V  [libjvm.so+0xa6d217]
V  [libjvm.so+0xa6a9e7]
V  [libjvm.so+0xa6be6f]
V  [libjvm.so+0xa6c361]
V  [libjvm.so+0x8b2042]

VM_Operation (0x00007f238cedd010): ParallelGCFailedAllocation, mode: safepoint, requested by thread 0x00007f238400a000


---------------  P R O C E S S  ---------------

Java Threads: ( => current thread )
  0x00007f2384311800 JavaThread "process reaper" daemon [_thread_blocked, id=4555, stack(0x00007f236560e000,0x00007f2365647000)]
  0x00007f23840d1000 JavaThread "Service Thread" daemon [_thread_blocked, id=4544, stack(0x00007f23657c1000,0x00007f23658c2000)]
  0x00007f23840b1800 JavaThread "C1 CompilerThread2" daemon [_thread_blocked, id=4535, stack(0x00007f23658c2000,0x00007f23659c3000)]
  0x00007f23840af800 JavaThread "C2 CompilerThread1" daemon [_thread_blocked, id=4533, stack(0x00007f23659c3000,0x00007f2365ac4000)]
  0x00007f23840ac800 JavaThread "C2 CompilerThread0" daemon [_thread_blocked, id=4531, stack(0x00007f2365ac4000,0x00007f2365bc5000)]
  0x00007f23840aa800 JavaThread "Signal Dispatcher" daemon [_thread_blocked, id=4528, stack(0x00007f2365bc5000,0x00007f2365cc6000)]
  0x00007f2384083800 JavaThread "Finalizer" daemon [_thread_blocked, id=4523, stack(0x00007f2365f9e000,0x00007f236609f000)]
  0x00007f238407f000 JavaThread "Reference Handler" daemon [_thread_blocked, id=4520, stack(0x00007f236609f000,0x00007f23661a0000)]
  0x00007f238400a000 JavaThread "main" [_thread_blocked, id=4491, stack(0x00007f238cde0000,0x00007f238cee1000)]

Other Threads:
=>0x00007f2384077800 VMThread [stack: 0x00007f237408e000,0x00007f237418f000] [id=4516]
  0x00007f23840d3800 WatcherThread [stack: 0x00007f23656c0000,0x00007f23657c1000] [id=4545]

VM state:at safepoint (normal execution)

VM Mutex/Monitor currently owned by a thread:  ([mutex/lock_event])
[0x00007f23840062c0] Threads_lock - owner thread: 0x00007f2384077800
[0x00007f23840067c0] Heap_lock - owner thread: 0x00007f238400a000

Heap:
 PSYoungGen      total 72704K, used 6292K [0x00000000ebc00000, 0x00000000f0c00000, 0x0000000100000000)
  eden space 63488K, 0% used [0x00000000ebc00000,0x00000000ebc00000,0x00000000efa00000)
  from space 9216K, 68% used [0x00000000efa00000,0x00000000f00253d8,0x00000000f0300000)
  to   space 9216K, 0% used [0x00000000f0300000,0x00000000f0300000,0x00000000f0c00000)
 ParOldGen       total 42496K, used 14749K [0x00000000c3400000, 0x00000000c5d80000, 0x00000000ebc00000)
  object space 42496K, 34% used [0x00000000c3400000,0x00000000c4267490,0x00000000c5d80000)
 Metaspace       used 15708K, capacity 15988K, committed 16128K, reserved 1062912K
  class space    used 1643K, capacity 1740K, committed 1792K, reserved 1048576K

Card table byte_map: [0x00007f23892c9000,0x00007f23894b0000] byte_map_base: 0x00007f2388caf000

Marking Bits: (ParMarkBitMap*) 0x00007f238c0c0220
 Begin Bits: [0x00007f23661a0000, 0x00007f23670d0000)
 End Bits:   [0x00007f23670d0000, 0x00007f2368000000)

Polling page: 0x00007f238cf12000

CodeCache: size=245760Kb used=13349Kb max_used=13596Kb free=232410Kb
 bounds [0x00007f2375000000, 0x00007f2375d60000, 0x00007f2384000000]
 total_blobs=3977 nmethods=3609 adapters=281
 compilation: enabled

Compilation events (10 events):
Event: 29.283 Thread 0x00007f23840b1800 nmethod 3943 0x00007f2375125910 code [0x00007f2375125b60, 0x00007f23751267f8]
Event: 29.283 Thread 0x00007f23840ac800 3944       4       com.sun.tools.javac.jvm.ClassReader::enterClass (30 bytes)
Event: 29.287 Thread 0x00007f23840b1800 3945       3       com.sun.tools.javac.jvm.ClassReader::readClass (474 bytes)
Event: 29.291 Thread 0x00007f23840b1800 nmethod 3945 0x00007f23754364d0 code [0x00007f2375436a00, 0x00007f23754390c8]
Event: 29.292 Thread 0x00007f23840b1800 3946       3       java.util.HashMap::put (13 bytes)
Event: 29.292 Thread 0x00007f23840b1800 nmethod 3946 0x00007f23753916d0 code [0x00007f2375391860, 0x00007f2375391c18]
Event: 29.293 Thread 0x00007f23840ac800 nmethod 3944 0x00007f23753f8ad0 code [0x00007f23753f8c60, 0x00007f23753f8f48]
Event: 29.315 Thread 0x00007f23840af800 3947       4       com.sun.tools.javac.code.Scope::enter (145 bytes)
Event: 29.317 Thread 0x00007f23840b1800 3948       3       com.sun.tools.javac.code.Types::isSignaturePolymorphic (119 bytes)
Event: 29.318 Thread 0x00007f23840b1800 nmethod 3948 0x00007f23753f7cd0 code [0x00007f23753f7ea0, 0x00007f23753f8768]

GC Heap History (10 events):
Event: 8.718 GC heap after
Heap after GC invocations=2 (full 0):
 PSYoungGen      total 18432K, used 2559K [0x00000000ebc00000, 0x00000000ee000000, 0x0000000100000000)
  eden space 15872K, 0% used [0x00000000ebc00000,0x00000000ebc00000,0x00000000ecb80000)
  from space 2560K, 99% used [0x00000000ece00000,0x00000000ed07fc30,0x00000000ed080000)
  to   space 2560K, 0% used [0x00000000ecb80000,0x00000000ecb80000,0x00000000ece00000)
 ParOldGen       total 42496K, used 1814K [0x00000000c3400000, 0x00000000c5d80000, 0x00000000ebc00000)
  object space 42496K, 4% used [0x00000000c3400000,0x00000000c35c5be8,0x00000000c5d80000)
 Metaspace       used 10683K, capacity 10894K, committed 11136K, reserved 1058816K
  class space    used 1255K, capacity 1323K, committed 1408K, reserved 1048576K
}
Event: 10.159 GC heap before
{Heap before GC invocations=3 (full 0):
 PSYoungGen      total 18432K, used 18431K [0x00000000ebc00000, 0x00000000ee000000, 0x0000000100000000)
  eden space 15872K, 100% used [0x00000000ebc00000,0x00000000ecb80000,0x00000000ecb80000)
  from space 2560K, 99% used [0x00000000ece00000,0x00000000ed07fc30,0x00000000ed080000)
  to   space 2560K, 0% used [0x00000000ecb80000,0x00000000ecb80000,0x00000000ece00000)
 ParOldGen       total 42496K, used 1814K [0x00000000c3400000, 0x00000000c5d80000, 0x00000000ebc00000)
  object space 42496K, 4% used [0x00000000c3400000,0x00000000c35c5be8,0x00000000c5d80000)
 Metaspace       used 12354K, capacity 12590K, committed 12800K, reserved 1060864K
  class space    used 1415K, capacity 1483K, committed 1536K, reserved 1048576K
Event: 10.197 GC heap after
Heap after GC invocations=3 (full 0):
 PSYoungGen      total 18432K, used 2531K [0x00000000ebc00000, 0x00000000ee000000, 0x0000000100000000)
  eden space 15872K, 0% used [0x00000000ebc00000,0x00000000ebc00000,0x00000000ecb80000)
  from space 2560K, 98% used [0x00000000ecb80000,0x00000000ecdf8ee0,0x00000000ece00000)
  to   space 2560K, 0% used [0x00000000edd80000,0x00000000edd80000,0x00000000ee000000)
 ParOldGen       total 42496K, used 5402K [0x00000000c3400000, 0x00000000c5d80000, 0x00000000ebc00000)
  object space 42496K, 12% used [0x00000000c3400000,0x00000000c3946818,0x00000000c5d80000)
 Metaspace       used 12354K, capacity 12590K, committed 12800K, reserved 1060864K
  class space    used 1415K, capacity 1483K, committed 1536K, reserved 1048576K
}
Event: 11.187 GC heap before
{Heap before GC invocations=4 (full 0):
 PSYoungGen      total 18432K, used 18403K [0x00000000ebc00000, 0x00000000ee000000, 0x0000000100000000)
  eden space 15872K, 100% used [0x00000000ebc00000,0x00000000ecb80000,0x00000000ecb80000)
  from space 2560K, 98% used [0x00000000ecb80000,0x00000000ecdf8ee0,0x00000000ece00000)
  to   space 2560K, 0% used [0x00000000edd80000,0x00000000edd80000,0x00000000ee000000)
 ParOldGen       total 42496K, used 5402K [0x00000000c3400000, 0x00000000c5d80000, 0x00000000ebc00000)
  object space 42496K, 12% used [0x00000000c3400000,0x00000000c3946818,0x00000000c5d80000)
 Metaspace       used 12597K, capacity 12846K, committed 13056K, reserved 1060864K
  class space    used 1431K, capacity 1483K, committed 1536K, reserved 1048576K
Event: 11.241 GC heap after
Heap after GC invocations=4 (full 0):
 PSYoungGen      total 34304K, used 2536K [0x00000000ebc00000, 0x00000000ee000000, 0x0000000100000000)
  eden space 31744K, 0% used [0x00000000ebc00000,0x00000000ebc00000,0x00000000edb00000)
  from space 2560K, 99% used [0x00000000edd80000,0x00000000edffa0f8,0x00000000ee000000)
  to   space 2560K, 0% used [0x00000000edb00000,0x00000000edb00000,0x00000000edd80000)
 ParOldGen       total 42496K, used 10701K [0x00000000c3400000, 0x00000000c5d80000, 0x00000000ebc00000)
  object space 42496K, 25% used [0x00000000c3400000,0x00000000c3e73578,0x00000000c5d80000)
 Metaspace       used 12597K, capacity 12846K, committed 13056K, reserved 1060864K
  class space    used 1431K, capacity 1483K, committed 1536K, reserved 1048576K
}
Event: 16.134 GC heap before
{Heap before GC invocations=5 (full 0):
 PSYoungGen      total 34304K, used 34280K [0x00000000ebc00000, 0x00000000ee000000, 0x0000000100000000)
  eden space 31744K, 100% used [0x00000000ebc00000,0x00000000edb00000,0x00000000edb00000)
  from space 2560K, 99% used [0x00000000edd80000,0x00000000edffa0f8,0x00000000ee000000)
  to   space 2560K, 0% used [0x00000000edb00000,0x00000000edb00000,0x00000000edd80000)
 ParOldGen       total 42496K, used 10701K [0x00000000c3400000, 0x00000000c5d80000, 0x00000000ebc00000)
  object space 42496K, 25% used [0x00000000c3400000,0x00000000c3e73578,0x00000000c5d80000)
 Metaspace       used 14464K, capacity 14734K, committed 14976K, reserved 1062912K
  class space    used 1574K, capacity 1643K, committed 1664K, reserved 1048576K
Event: 16.198 GC heap after
Heap after GC invocations=5 (full 0):
 PSYoungGen      total 34304K, used 2532K [0x00000000ebc00000, 0x00000000f0c00000, 0x0000000100000000)
  eden space 31744K, 0% used [0x00000000ebc00000,0x00000000ebc00000,0x00000000edb00000)
  from space 2560K, 98% used [0x00000000edb00000,0x00000000edd79200,0x00000000edd80000)
  to   space 9216K, 0% used [0x00000000f0300000,0x00000000f0300000,0x00000000f0c00000)
 ParOldGen       total 42496K, used 14184K [0x00000000c3400000, 0x00000000c5d80000, 0x00000000ebc00000)
  object space 42496K, 33% used [0x00000000c3400000,0x00000000c41da040,0x00000000c5d80000)
 Metaspace       used 14464K, capacity 14734K, committed 14976K, reserved 1062912K
  class space    used 1574K, capacity 1643K, committed 1664K, reserved 1048576K
}
Event: 19.820 GC heap before
{Heap before GC invocations=6 (full 0):
 PSYoungGen      total 34304K, used 34276K [0x00000000ebc00000, 0x00000000f0c00000, 0x0000000100000000)
  eden space 31744K, 100% used [0x00000000ebc00000,0x00000000edb00000,0x00000000edb00000)
  from space 2560K, 98% used [0x00000000edb00000,0x00000000edd79200,0x00000000edd80000)
  to   space 9216K, 0% used [0x00000000f0300000,0x00000000f0300000,0x00000000f0c00000)
 ParOldGen       total 42496K, used 14184K [0x00000000c3400000, 0x00000000c5d80000, 0x00000000ebc00000)
  object space 42496K, 33% used [0x00000000c3400000,0x00000000c41da040,0x00000000c5d80000)
 Metaspace       used 14955K, capacity 15182K, committed 15232K, reserved 1062912K
  class space    used 1580K, capacity 1643K, committed 1664K, reserved 1048576K
Event: 19.877 GC heap after
Heap after GC invocations=6 (full 0):
 PSYoungGen      total 72704K, used 3428K [0x00000000ebc00000, 0x00000000f0c00000, 0x0000000100000000)
  eden space 63488K, 0% used [0x00000000ebc00000,0x00000000ebc00000,0x00000000efa00000)
  from space 9216K, 37% used [0x00000000f0300000,0x00000000f0659210,0x00000000f0c00000)
  to   space 9216K, 0% used [0x00000000efa00000,0x00000000efa00000,0x00000000f0300000)
 ParOldGen       total 42496K, used 14192K [0x00000000c3400000, 0x00000000c5d80000, 0x00000000ebc00000)
  object space 42496K, 33% used [0x00000000c3400000,0x00000000c41dc040,0x00000000c5d80000)
 Metaspace       used 14955K, capacity 15182K, committed 15232K, reserved 1062912K
  class space    used 1580K, capacity 1643K, committed 1664K, reserved 1048576K
}
Event: 29.369 GC heap before
{Heap before GC invocations=7 (full 0):
 PSYoungGen      total 72704K, used 66916K [0x00000000ebc00000, 0x00000000f0c00000, 0x0000000100000000)
  eden space 63488K, 100% used [0x00000000ebc00000,0x00000000efa00000,0x00000000efa00000)
  from space 9216K, 37% used [0x00000000f0300000,0x00000000f0659210,0x00000000f0c00000)
  to   space 9216K, 0% used [0x00000000efa00000,0x00000000efa00000,0x00000000f0300000)
 ParOldGen       total 42496K, used 14192K [0x00000000c3400000, 0x00000000c5d80000, 0x00000000ebc00000)
  object space 42496K, 33% used [0x00000000c3400000,0x00000000c41dc040,0x00000000c5d80000)
 Metaspace       used 15708K, capacity 15988K, committed 16128K, reserved 1062912K
  class space    used 1643K, capacity 1740K, committed 1792K, reserved 1048576K

Deoptimization events (10 events):
Event: 25.728 Thread 0x00007f238400a000 Uncommon trap: reason=class_check action=maybe_recompile pc=0x00007f2375a7d360 method=java.util.regex.Pattern$Start.match(Ljava/util/regex/Matcher;ILjava/lang/CharSequence;)Z @ 44
Event: 25.728 Thread 0x00007f238400a000 Uncommon trap: reason=class_check action=maybe_recompile pc=0x00007f237579c688 method=java.util.regex.Pattern$BmpCharProperty.match(Ljava/util/regex/Matcher;ILjava/lang/CharSequence;)Z @ 31
Event: 25.728 Thread 0x00007f238400a000 Uncommon trap: reason=unstable_if action=reinterpret pc=0x00007f2375a7d3fc method=java.util.regex.Matcher.search(I)Z @ 30
Event: 25.728 Thread 0x00007f238400a000 Uncommon trap: reason=class_check action=maybe_recompile pc=0x00007f237579c688 method=java.util.regex.Pattern$BmpCharProperty.match(Ljava/util/regex/Matcher;ILjava/lang/CharSequence;)Z @ 31
Event: 25.728 Thread 0x00007f238400a000 Uncommon trap: reason=class_check action=maybe_recompile pc=0x00007f237579c688 method=java.util.regex.Pattern$BmpCharProperty.match(Ljava/util/regex/Matcher;ILjava/lang/CharSequence;)Z @ 31
Event: 25.728 Thread 0x00007f238400a000 Uncommon trap: reason=class_check action=maybe_recompile pc=0x00007f237579c688 method=java.util.regex.Pattern$BmpCharProperty.match(Ljava/util/regex/Matcher;ILjava/lang/CharSequence;)Z @ 31
Event: 25.733 Thread 0x00007f238400a000 Uncommon trap: reason=class_check action=maybe_recompile pc=0x00007f23752ef954 method=sun.misc.URLClassPath.getLoader(I)Lsun/misc/URLClassPath$Loader; @ 94
Event: 25.733 Thread 0x00007f238400a000 Uncommon trap: reason=class_check action=maybe_recompile pc=0x00007f23752ef954 method=sun.misc.URLClassPath.getLoader(I)Lsun/misc/URLClassPath$Loader; @ 94
Event: 25.758 Thread 0x00007f238400a000 Uncommon trap: reason=unstable_if action=reinterpret pc=0x00007f23754ee84c method=com.sun.tools.javac.parser.JavaTokenizer.readToken()Lcom/sun/tools/javac/parser/Tokens$Token; @ 961
Event: 25.783 Thread 0x00007f238400a000 Uncommon trap: reason=unstable_if action=reinterpret pc=0x00007f23755e3d48 method=com.sun.tools.javac.parser.JavacParser.term3()Lcom/sun/tools/javac/tree/JCTree$JCExpression; @ 1519

Internal exceptions (10 events):
Event: 6.294 Thread 0x00007f238400a000 Exception <a 'java/lang/NoSuchFieldError': method resolution failed> (0x00000000ec69f940) thrown at [/build/openjdk-8-YiEakL/openjdk-8-8u121-b13/src/hotspot/src/share/vm/prims/methodHandles.cpp, line 1146]
Event: 6.298 Thread 0x00007f238400a000 Exception <a 'java/lang/NoSuchFieldError': method resolution failed> (0x00000000ec6ad000) thrown at [/build/openjdk-8-YiEakL/openjdk-8-8u121-b13/src/hotspot/src/share/vm/prims/methodHandles.cpp, line 1146]
Event: 7.209 Thread 0x00007f238400a000 Exception <a 'java/lang/ClassNotFoundException': org/apache/tools/ant/helper/DefaultExecutor> (0x00000000ec8e6f78) thrown at [/build/openjdk-8-YiEakL/openjdk-8-8u121-b13/src/hotspot/src/share/vm/classfile/systemDictionary.cpp, line 210]
Event: 10.788 Thread 0x00007f238400a000 Exception <a 'java/io/FileNotFoundException'> (0x00000000ec6754f8) thrown at [/build/openjdk-8-YiEakL/openjdk-8-8u121-b13/src/hotspot/src/share/vm/prims/jni.cpp, line 709]
Event: 10.822 Thread 0x00007f238400a000 Exception <a 'java/io/FileNotFoundException'> (0x00000000ec6b63b0) thrown at [/build/openjdk-8-YiEakL/openjdk-8-8u121-b13/src/hotspot/src/share/vm/prims/jni.cpp, line 709]
Event: 10.822 Thread 0x00007f238400a000 Exception <a 'java/io/FileNotFoundException'> (0x00000000ec6b7078) thrown at [/build/openjdk-8-YiEakL/openjdk-8-8u121-b13/src/hotspot/src/share/vm/prims/jni.cpp, line 709]
Event: 22.479 Thread 0x00007f238400a000 Implicit null exception at 0x00007f2375b902ba to 0x00007f2375b905c1
Event: 28.669 Thread 0x00007f238400a000 Exception <a 'java/io/FileNotFoundException'> (0x00000000ef89a3e8) thrown at [/build/openjdk-8-YiEakL/openjdk-8-8u121-b13/src/hotspot/src/share/vm/prims/jni.cpp, line 709]
Event: 28.669 Thread 0x00007f238400a000 Exception <a 'java/io/FileNotFoundException'> (0x00000000ef89b2b0) thrown at [/build/openjdk-8-YiEakL/openjdk-8-8u121-b13/src/hotspot/src/share/vm/prims/jni.cpp, line 709]
Event: 28.669 Thread 0x00007f238400a000 Exception <a 'java/io/FileNotFoundException'> (0x00000000ef89bd90) thrown at [/build/openjdk-8-YiEakL/openjdk-8-8u121-b13/src/hotspot/src/share/vm/prims/jni.cpp, line 709]

Events (10 events):
Event: 26.139 Thread 0x00007f23840b1800 flushing nmethod 0x00007f23754282d0
Event: 26.139 Thread 0x00007f23840b1800 flushing nmethod 0x00007f2375433790
Event: 26.225 Thread 0x00007f23840ac800 flushing nmethod 0x00007f2375488cd0
Event: 26.225 Thread 0x00007f23840ac800 flushing nmethod 0x00007f237548b1d0
Event: 26.226 Thread 0x00007f23840ac800 flushing nmethod 0x00007f237549de90
Event: 26.226 Thread 0x00007f23840ac800 flushing nmethod 0x00007f23754a09d0
Event: 26.226 Thread 0x00007f23840ac800 flushing nmethod 0x00007f23754c7a50
Event: 26.226 Thread 0x00007f23840ac800 flushing nmethod 0x00007f23754c8090
Event: 26.226 Thread 0x00007f23840ac800 flushing nmethod 0x00007f23754c89d0
Event: 29.329 Executing VM operation: ParallelGCFailedAllocation


Dynamic libraries:
00400000-00401000 r-xp 00000000 08:04 7733285                            /usr/lib/jvm/java-8-openjdk-amd64/jre/bin/java
00600000-00601000 r--p 00000000 08:04 7733285                            /usr/lib/jvm/java-8-openjdk-amd64/jre/bin/java
00601000-00602000 rw-p 00001000 08:04 7733285                            /usr/lib/jvm/java-8-openjdk-amd64/jre/bin/java
00d8b000-00dac000 rw-p 00000000 00:00 0                                  [heap]
c3400000-c5d80000 rw-p 00000000 00:00 0 
c5d80000-ebc00000 ---p 00000000 00:00 0 
ebc00000-f0c00000 rw-p 00000000 00:00 0 
f4a00000-100000000 ---p 00000000 00:00 0 
100000000-1001c0000 rw-p 00000000 00:00 0 
1001c0000-140000000 ---p 00000000 00:00 0 
7f232c000000-7f232c021000 rw-p 00000000 00:00 0 
7f232c021000-7f2330000000 ---p 00000000 00:00 0 
7f2330000000-7f2330021000 rw-p 00000000 00:00 0 
7f2330021000-7f2334000000 ---p 00000000 00:00 0 
7f2334000000-7f2334021000 rw-p 00000000 00:00 0 
7f2334021000-7f2338000000 ---p 00000000 00:00 0 
7f233c000000-7f233c021000 rw-p 00000000 00:00 0 
7f233c021000-7f2340000000 ---p 00000000 00:00 0 
7f2340000000-7f2340021000 rw-p 00000000 00:00 0 
7f2340021000-7f2344000000 ---p 00000000 00:00 0 
7f2344000000-7f2344bf6000 rw-p 00000000 00:00 0 
7f2344bf6000-7f2348000000 ---p 00000000 00:00 0 
7f2348000000-7f2348d39000 rw-p 00000000 00:00 0 
7f2348d39000-7f234c000000 ---p 00000000 00:00 0 
7f234c000000-7f234c021000 rw-p 00000000 00:00 0 
7f234c021000-7f2350000000 ---p 00000000 00:00 0 
7f2350000000-7f2351f72000 rw-p 00000000 00:00 0 
7f2351f72000-7f2354000000 ---p 00000000 00:00 0 
7f2354000000-7f2354021000 rw-p 00000000 00:00 0 
7f2354021000-7f2358000000 ---p 00000000 00:00 0 
7f2358000000-7f2358021000 rw-p 00000000 00:00 0 
7f2358021000-7f235c000000 ---p 00000000 00:00 0 
7f235c000000-7f235c021000 rw-p 00000000 00:00 0 
7f235c021000-7f2360000000 ---p 00000000 00:00 0 
7f2360000000-7f2360021000 rw-p 00000000 00:00 0 
7f2360021000-7f2364000000 ---p 00000000 00:00 0 
7f23643c7000-7f23646c8000 rw-p 00000000 00:00 0 
7f23649d0000-7f23649e7000 r-xp 00000000 08:04 8257636                    /usr/lib/jvm/java-8-openjdk-amd64/jre/lib/amd64/libnet.so
7f23649e7000-7f2364be6000 ---p 00017000 08:04 8257636                    /usr/lib/jvm/java-8-openjdk-amd64/jre/lib/amd64/libnet.so
7f2364be6000-7f2364be7000 r--p 00016000 08:04 8257636                    /usr/lib/jvm/java-8-openjdk-amd64/jre/lib/amd64/libnet.so
7f2364be7000-7f2364be8000 rw-p 00017000 08:04 8257636                    /usr/lib/jvm/java-8-openjdk-amd64/jre/lib/amd64/libnet.so
7f2364bf9000-7f2364c0a000 r-xp 00000000 08:04 8257742                    /usr/lib/jvm/java-8-openjdk-amd64/jre/lib/amd64/libnio.so
7f2364c0a000-7f2364e0a000 ---p 00011000 08:04 8257742                    /usr/lib/jvm/java-8-openjdk-amd64/jre/lib/amd64/libnio.so
7f2364e0a000-7f2364e0b000 r--p 00011000 08:04 8257742                    /usr/lib/jvm/java-8-openjdk-amd64/jre/lib/amd64/libnio.so
7f2364e0b000-7f2364e0c000 rw-p 00012000 08:04 8257742                    /usr/lib/jvm/java-8-openjdk-amd64/jre/lib/amd64/libnio.so
7f2364e0c000-7f236500c000 rw-p 00000000 00:00 0 
7f236500c000-7f236520c000 rw-p 00000000 00:00 0 
7f236520c000-7f236540c000 rw-p 00000000 00:00 0 
7f236540c000-7f236540f000 ---p 00000000 00:00 0 
7f236540f000-7f236550d000 rw-p 00000000 00:00 0 
7f236550d000-7f2365510000 ---p 00000000 00:00 0 
7f2365510000-7f236560e000 rw-p 00000000 00:00 0 
7f236560e000-7f2365611000 ---p 00000000 00:00 0 
7f2365611000-7f2365647000 rw-p 00000000 00:00 0 
7f2365647000-7f23656c0000 r--s 010fd000 08:04 7340065                    /usr/lib/jvm/java-8-openjdk-amd64/lib/tools.jar
7f23656c0000-7f23656c1000 ---p 00000000 00:00 0 
7f23656c1000-7f23657c1000 rw-p 00000000 00:00 0 
7f23657c1000-7f23657c4000 ---p 00000000 00:00 0 
7f23657c4000-7f23658c2000 rw-p 00000000 00:00 0 
7f23658c2000-7f23658c5000 ---p 00000000 00:00 0 
7f23658c5000-7f23659c3000 rw-p 00000000 00:00 0 
7f23659c3000-7f23659c6000 ---p 00000000 00:00 0 
7f23659c6000-7f2365ac4000 rw-p 00000000 00:00 0 
7f2365ac4000-7f2365ac7000 ---p 00000000 00:00 0 
7f2365ac7000-7f2365bc5000 rw-p 00000000 00:00 0 
7f2365bc5000-7f2365bc8000 ---p 00000000 00:00 0 
7f2365bc8000-7f2365cc6000 rw-p 00000000 00:00 0 
7f2365cc6000-7f2365f9e000 r--p 00000000 08:04 5243882                    /usr/lib/locale/locale-archive
7f2365f9e000-7f2365fa1000 ---p 00000000 00:00 0 
7f2365fa1000-7f236609f000 rw-p 00000000 00:00 0 
7f236609f000-7f23660a2000 ---p 00000000 00:00 0 
7f23660a2000-7f2368000000 rw-p 00000000 00:00 0 
7f2368000000-7f2368021000 rw-p 00000000 00:00 0 
7f2368021000-7f236c000000 ---p 00000000 00:00 0 
7f236c000000-7f236c021000 rw-p 00000000 00:00 0 
7f236c021000-7f2370000000 ---p 00000000 00:00 0 
7f2370000000-7f2370021000 rw-p 00000000 00:00 0 
7f2370021000-7f2374000000 ---p 00000000 00:00 0 
7f2374020000-7f2374023000 r--s 00014000 08:04 5647391                    /usr/share/java/ant-commons-net-1.9.6.jar
7f2374023000-7f2374024000 r--s 00002000 08:04 5647378                    /usr/share/java/ant-antlr-1.9.6.jar
7f2374024000-7f2374025000 r--s 00001000 08:04 5647383                    /usr/share/java/ant-apache-xalan2-1.9.6.jar
7f2374025000-7f2374027000 r--s 00002000 08:04 5647388                    /usr/share/java/ant-jmf-1.9.6.jar
7f2374027000-7f2374028000 r--s 00006000 08:04 5647390                    /usr/share/java/ant-testutil-1.9.6.jar
7f2374028000-7f237402a000 r--s 0001b000 08:04 5647381                    /usr/share/java/ant-junit-1.9.6.jar
7f237402a000-7f237402b000 r--s 00002000 08:04 5647376                    /usr/share/java/ant-apache-regexp-1.9.6.jar
7f237402b000-7f237402c000 r--s 00002000 08:04 5647387                    /usr/share/java/ant-apache-oro-1.9.6.jar
7f237402c000-7f237402d000 r--s 00002000 08:04 5647379                    /usr/share/java/ant-apache-bsf-1.9.6.jar
7f237402d000-7f237402e000 r--s 00003000 08:04 5647380                    /usr/share/java/ant-apache-bcel-1.9.6.jar
7f237402e000-7f237402f000 r--s 00002000 08:04 5647392                    /usr/share/java/ant-apache-resolver-1.9.6.jar
7f237402f000-7f237404e000 r--s 001d1000 08:04 5647365                    /usr/share/java/ant-1.9.6.jar
7f237404e000-7f2374058000 r--s 00116000 08:04 8132563                    /usr/lib/jvm/java-8-openjdk-amd64/jre/lib/ext/localedata.jar
7f2374058000-7f2374073000 r--s 001d6000 08:04 8132543                    /usr/lib/jvm/java-8-openjdk-amd64/jre/lib/ext/nashorn.jar
7f2374073000-7f237408e000 r--s 00394000 08:04 8132549                    /usr/lib/jvm/java-8-openjdk-amd64/jre/lib/ext/cldrdata.jar
7f237408e000-7f237408f000 ---p 00000000 00:00 0 
7f237408f000-7f2375000000 rw-p 00000000 00:00 0 
7f2375000000-7f2375d60000 rwxp 00000000 00:00 0 
7f2375d60000-7f2384000000 ---p 00000000 00:00 0 
7f2384000000-7f23845a7000 rw-p 00000000 00:00 0 
7f23845a7000-7f2388000000 ---p 00000000 00:00 0 
7f2388000000-7f2388002000 r--s 0000a000 08:04 5647375                    /usr/share/java/ant-jsch-1.9.6.jar
7f2388002000-7f2388004000 r--s 00002000 08:04 5647389                    /usr/share/java/ant-junit4-1.9.6.jar
7f2388004000-7f2388005000 r--s 00004000 08:04 5647366                    /usr/share/java/ant-launcher-1.9.6.jar
7f2388005000-7f2388007000 r--s 00001000 08:04 5647385                    /usr/share/java/ant-apache-log4j-1.9.6.jar
7f2388007000-7f2388008000 r--s 00002000 08:04 5647382                    /usr/share/java/ant-commons-logging-1.9.6.jar
7f2388008000-7f2388009000 r--s 00003000 08:04 5647384                    /usr/share/java/ant-javamail-1.9.6.jar
7f2388009000-7f2388157000 rw-p 00000000 00:00 0 
7f2388157000-7f2388325000 r--s 03c06000 08:04 7864358                    /usr/lib/jvm/java-8-openjdk-amd64/jre/lib/rt.jar
7f2388325000-7f2388d81000 rw-p 00000000 00:00 0 
7f2388d81000-7f2388d82000 ---p 00000000 00:00 0 
7f2388d82000-7f2388e82000 rw-p 00000000 00:00 0 
7f2388e82000-7f2388e83000 ---p 00000000 00:00 0 
7f2388e83000-7f2388f83000 rw-p 00000000 00:00 0 
7f2388f83000-7f2388f84000 ---p 00000000 00:00 0 
7f2388f84000-7f2389084000 rw-p 00000000 00:00 0 
7f2389084000-7f2389085000 ---p 00000000 00:00 0 
7f2389085000-7f238919a000 rw-p 00000000 00:00 0 
7f238919a000-7f23892c9000 ---p 00000000 00:00 0 
7f23892c9000-7f23892de000 rw-p 00000000 00:00 0 
7f23892de000-7f238940d000 ---p 00000000 00:00 0 
7f238940d000-7f2389435000 rw-p 00000000 00:00 0 
7f2389435000-7f23894af000 ---p 00000000 00:00 0 
7f23894af000-7f23894e6000 rw-p 00000000 00:00 0 
7f23894e6000-7f2389870000 ---p 00000000 00:00 0 
7f2389870000-7f2389878000 r-xp 00000000 08:04 8257634                    /usr/lib/jvm/java-8-openjdk-amd64/jre/lib/amd64/libzip.so
7f2389878000-7f2389a77000 ---p 00008000 08:04 8257634                    /usr/lib/jvm/java-8-openjdk-amd64/jre/lib/amd64/libzip.so
7f2389a77000-7f2389a78000 r--p 00007000 08:04 8257634                    /usr/lib/jvm/java-8-openjdk-amd64/jre/lib/amd64/libzip.so
7f2389a78000-7f2389a79000 rw-p 00008000 08:04 8257634                    /usr/lib/jvm/java-8-openjdk-amd64/jre/lib/amd64/libzip.so
7f2389a79000-7f2389a84000 r-xp 00000000 08:04 3670956                    /lib/x86_64-linux-gnu/libnss_files-2.23.so
7f2389a84000-7f2389c83000 ---p 0000b000 08:04 3670956                    /lib/x86_64-linux-gnu/libnss_files-2.23.so
7f2389c83000-7f2389c84000 r--p 0000a000 08:04 3670956                    /lib/x86_64-linux-gnu/libnss_files-2.23.so
7f2389c84000-7f2389c85000 rw-p 0000b000 08:04 3670956                    /lib/x86_64-linux-gnu/libnss_files-2.23.so
7f2389c85000-7f2389c8b000 rw-p 00000000 00:00 0 
7f2389c8b000-7f2389c96000 r-xp 00000000 08:04 3670928                    /lib/x86_64-linux-gnu/libnss_nis-2.23.so
7f2389c96000-7f2389e95000 ---p 0000b000 08:04 3670928                    /lib/x86_64-linux-gnu/libnss_nis-2.23.so
7f2389e95000-7f2389e96000 r--p 0000a000 08:04 3670928                    /lib/x86_64-linux-gnu/libnss_nis-2.23.so
7f2389e96000-7f2389e97000 rw-p 0000b000 08:04 3670928                    /lib/x86_64-linux-gnu/libnss_nis-2.23.so
7f2389e97000-7f2389ead000 r-xp 00000000 08:04 3670950                    /lib/x86_64-linux-gnu/libnsl-2.23.so
7f2389ead000-7f238a0ac000 ---p 00016000 08:04 3670950                    /lib/x86_64-linux-gnu/libnsl-2.23.so
7f238a0ac000-7f238a0ad000 r--p 00015000 08:04 3670950                    /lib/x86_64-linux-gnu/libnsl-2.23.so
7f238a0ad000-7f238a0ae000 rw-p 00016000 08:04 3670950                    /lib/x86_64-linux-gnu/libnsl-2.23.so
7f238a0ae000-7f238a0b0000 rw-p 00000000 00:00 0 
7f238a0b0000-7f238a0b8000 r-xp 00000000 08:04 3670952                    /lib/x86_64-linux-gnu/libnss_compat-2.23.so
7f238a0b8000-7f238a2b7000 ---p 00008000 08:04 3670952                    /lib/x86_64-linux-gnu/libnss_compat-2.23.so
7f238a2b7000-7f238a2b8000 r--p 00007000 08:04 3670952                    /lib/x86_64-linux-gnu/libnss_compat-2.23.so
7f238a2b8000-7f238a2b9000 rw-p 00008000 08:04 3670952                    /lib/x86_64-linux-gnu/libnss_compat-2.23.so
7f238a2b9000-7f238a2e6000 r-xp 00000000 08:04 8257780                    /usr/lib/jvm/java-8-openjdk-amd64/jre/lib/amd64/libjava.so
7f238a2e6000-7f238a4e5000 ---p 0002d000 08:04 8257780                    /usr/lib/jvm/java-8-openjdk-amd64/jre/lib/amd64/libjava.so
7f238a4e5000-7f238a4e6000 r--p 0002c000 08:04 8257780                    /usr/lib/jvm/java-8-openjdk-amd64/jre/lib/amd64/libjava.so
7f238a4e6000-7f238a4e8000 rw-p 0002d000 08:04 8257780                    /usr/lib/jvm/java-8-openjdk-amd64/jre/lib/amd64/libjava.so
7f238a4e8000-7f238a4f7000 r-xp 00000000 08:04 8257582                    /usr/lib/jvm/java-8-openjdk-amd64/jre/lib/amd64/libverify.so
7f238a4f7000-7f238a6f6000 ---p 0000f000 08:04 8257582                    /usr/lib/jvm/java-8-openjdk-amd64/jre/lib/amd64/libverify.so
7f238a6f6000-7f238a6f8000 r--p 0000e000 08:04 8257582                    /usr/lib/jvm/java-8-openjdk-amd64/jre/lib/amd64/libverify.so
7f238a6f8000-7f238a6f9000 rw-p 00010000 08:04 8257582                    /usr/lib/jvm/java-8-openjdk-amd64/jre/lib/amd64/libverify.so
7f238a6f9000-7f238a700000 r-xp 00000000 08:04 3670926                    /lib/x86_64-linux-gnu/librt-2.23.so
7f238a700000-7f238a8ff000 ---p 00007000 08:04 3670926                    /lib/x86_64-linux-gnu/librt-2.23.so
7f238a8ff000-7f238a900000 r--p 00006000 08:04 3670926                    /lib/x86_64-linux-gnu/librt-2.23.so
7f238a900000-7f238a901000 rw-p 00007000 08:04 3670926                    /lib/x86_64-linux-gnu/librt-2.23.so
7f238a901000-7f238a917000 r-xp 00000000 08:04 3674212                    /lib/x86_64-linux-gnu/libgcc_s.so.1
7f238a917000-7f238ab16000 ---p 00016000 08:04 3674212                    /lib/x86_64-linux-gnu/libgcc_s.so.1
7f238ab16000-7f238ab17000 rw-p 00015000 08:04 3674212                    /lib/x86_64-linux-gnu/libgcc_s.so.1
7f238ab17000-7f238ac1f000 r-xp 00000000 08:04 3670946                    /lib/x86_64-linux-gnu/libm-2.23.so
7f238ac1f000-7f238ae1e000 ---p 00108000 08:04 3670946                    /lib/x86_64-linux-gnu/libm-2.23.so
7f238ae1e000-7f238ae1f000 r--p 00107000 08:04 3670946                    /lib/x86_64-linux-gnu/libm-2.23.so
7f238ae1f000-7f238ae20000 rw-p 00108000 08:04 3670946                    /lib/x86_64-linux-gnu/libm-2.23.so
7f238ae20000-7f238af92000 r-xp 00000000 08:04 5245011                    /usr/lib/x86_64-linux-gnu/libstdc++.so.6.0.21
7f238af92000-7f238b192000 ---p 00172000 08:04 5245011                    /usr/lib/x86_64-linux-gnu/libstdc++.so.6.0.21
7f238b192000-7f238b19c000 r--p 00172000 08:04 5245011                    /usr/lib/x86_64-linux-gnu/libstdc++.so.6.0.21
7f238b19c000-7f238b19e000 rw-p 0017c000 08:04 5245011                    /usr/lib/x86_64-linux-gnu/libstdc++.so.6.0.21
7f238b19e000-7f238b1a2000 rw-p 00000000 00:00 0 
7f238b1a2000-7f238bdf2000 r-xp 00000000 08:04 8388635                    /usr/lib/jvm/java-8-openjdk-amd64/jre/lib/amd64/server/libjvm.so
7f238bdf2000-7f238bff1000 ---p 00c50000 08:04 8388635                    /usr/lib/jvm/java-8-openjdk-amd64/jre/lib/amd64/server/libjvm.so
7f238bff1000-7f238c084000 r--p 00c4f000 08:04 8388635                    /usr/lib/jvm/java-8-openjdk-amd64/jre/lib/amd64/server/libjvm.so
7f238c084000-7f238c0ad000 rw-p 00ce2000 08:04 8388635                    /usr/lib/jvm/java-8-openjdk-amd64/jre/lib/amd64/server/libjvm.so
7f238c0ad000-7f238c0dd000 rw-p 00000000 00:00 0 
7f238c0dd000-7f238c0f5000 r-xp 00000000 08:04 3670948                    /lib/x86_64-linux-gnu/libpthread-2.23.so
7f238c0f5000-7f238c2f4000 ---p 00018000 08:04 3670948                    /lib/x86_64-linux-gnu/libpthread-2.23.so
7f238c2f4000-7f238c2f5000 r--p 00017000 08:04 3670948                    /lib/x86_64-linux-gnu/libpthread-2.23.so
7f238c2f5000-7f238c2f6000 rw-p 00018000 08:04 3670948                    /lib/x86_64-linux-gnu/libpthread-2.23.so
7f238c2f6000-7f238c2fa000 rw-p 00000000 00:00 0 
7f238c2fa000-7f238c2fd000 r-xp 00000000 08:04 3670934                    /lib/x86_64-linux-gnu/libdl-2.23.so
7f238c2fd000-7f238c4fc000 ---p 00003000 08:04 3670934                    /lib/x86_64-linux-gnu/libdl-2.23.so
7f238c4fc000-7f238c4fd000 r--p 00002000 08:04 3670934                    /lib/x86_64-linux-gnu/libdl-2.23.so
7f238c4fd000-7f238c4fe000 rw-p 00003000 08:04 3670934                    /lib/x86_64-linux-gnu/libdl-2.23.so
7f238c4fe000-7f238c517000 r-xp 00000000 08:04 3670183                    /lib/x86_64-linux-gnu/libz.so.1.2.8
7f238c517000-7f238c716000 ---p 00019000 08:04 3670183                    /lib/x86_64-linux-gnu/libz.so.1.2.8
7f238c716000-7f238c717000 r--p 00018000 08:04 3670183                    /lib/x86_64-linux-gnu/libz.so.1.2.8
7f238c717000-7f238c718000 rw-p 00019000 08:04 3670183                    /lib/x86_64-linux-gnu/libz.so.1.2.8
7f238c718000-7f238c8d7000 r-xp 00000000 08:04 3670936                    /lib/x86_64-linux-gnu/libc-2.23.so
7f238c8d7000-7f238cad7000 ---p 001bf000 08:04 3670936                    /lib/x86_64-linux-gnu/libc-2.23.so
7f238cad7000-7f238cadb000 r--p 001bf000 08:04 3670936                    /lib/x86_64-linux-gnu/libc-2.23.so
7f238cadb000-7f238cadd000 rw-p 001c3000 08:04 3670936                    /lib/x86_64-linux-gnu/libc-2.23.so
7f238cadd000-7f238cae1000 rw-p 00000000 00:00 0 
7f238cae1000-7f238caee000 r-xp 00000000 08:04 8519684                    /usr/lib/jvm/java-8-openjdk-amd64/jre/lib/amd64/jli/libjli.so
7f238caee000-7f238ccee000 ---p 0000d000 08:04 8519684                    /usr/lib/jvm/java-8-openjdk-amd64/jre/lib/amd64/jli/libjli.so
7f238ccee000-7f238ccef000 r--p 0000d000 08:04 8519684                    /usr/lib/jvm/java-8-openjdk-amd64/jre/lib/amd64/jli/libjli.so
7f238ccef000-7f238ccf0000 rw-p 0000e000 08:04 8519684                    /usr/lib/jvm/java-8-openjdk-amd64/jre/lib/amd64/jli/libjli.so
7f238ccf0000-7f238cd16000 r-xp 00000000 08:04 3670914                    /lib/x86_64-linux-gnu/ld-2.23.so
7f238cd16000-7f238cd1b000 r--s 0003b000 08:04 8132567                    /usr/lib/jvm/java-8-openjdk-amd64/jre/lib/ext/sunjce_provider.jar
7f238cd1b000-7f238cde0000 rw-p 00000000 00:00 0 
7f238cde0000-7f238cde3000 ---p 00000000 00:00 0 
7f238cde3000-7f238cee6000 rw-p 00000000 00:00 0 
7f238cee6000-7f238cee7000 r--s 00003000 08:04 5647386                    /usr/share/java/ant-jdepend-1.9.6.jar
7f238cee7000-7f238cee8000 r--s 00003000 08:04 5647377                    /usr/share/java/ant-swing-1.9.6.jar
7f238cee8000-7f238cee9000 r--s 00004000 08:04 5647366                    /usr/share/java/ant-launcher-1.9.6.jar
7f238cee9000-7f238ceeb000 r--s 00001000 08:04 8132547                    /usr/lib/jvm/java-8-openjdk-amd64/jre/lib/ext/dnsns.jar
7f238ceeb000-7f238ceec000 r--s 0000a000 08:04 8132570                    /usr/lib/jvm/java-8-openjdk-amd64/jre/lib/ext/jaccess.jar
7f238ceec000-7f238ceed000 r--s 00010000 08:04 8132556                    /usr/lib/jvm/java-8-openjdk-amd64/jre/lib/ext/zipfs.jar
7f238ceed000-7f238ceef000 r--s 00008000 08:04 8132531                    /usr/lib/jvm/java-8-openjdk-amd64/jre/lib/ext/sunec.jar
7f238ceef000-7f238cef3000 r--s 00037000 08:04 8132562                    /usr/lib/jvm/java-8-openjdk-amd64/jre/lib/ext/sunpkcs11.jar
7f238cef3000-7f238cef6000 r--s 0000f000 08:04 8132548                    /usr/lib/jvm/java-8-openjdk-amd64/jre/lib/ext/icedtea-sound.jar
7f238cef6000-7f238cf09000 rw-p 00000000 00:00 0 
7f238cf09000-7f238cf11000 rw-s 00000000 08:04 3670267                    /tmp/hsperfdata_saurabh/4482
7f238cf11000-7f238cf12000 rw-p 00000000 00:00 0 
7f238cf12000-7f238cf13000 ---p 00000000 00:00 0 
7f238cf13000-7f238cf15000 rw-p 00000000 00:00 0 
7f238cf15000-7f238cf16000 r--p 00025000 08:04 3670914                    /lib/x86_64-linux-gnu/ld-2.23.so
7f238cf16000-7f238cf17000 rw-p 00026000 08:04 3670914                    /lib/x86_64-linux-gnu/ld-2.23.so
7f238cf17000-7f238cf18000 rw-p 00000000 00:00 0 
7ffda2f1e000-7ffda2f40000 rw-p 00000000 00:00 0                          [stack]
7ffda2fd6000-7ffda2fd8000 r--p 00000000 00:00 0                          [vvar]
7ffda2fd8000-7ffda2fda000 r-xp 00000000 00:00 0                          [vdso]
ffffffffff600000-ffffffffff601000 r-xp 00000000 00:00 0                  [vsyscall]

VM Arguments:
jvm_args: -Dant.home=/usr/share/ant -Dant.library.dir=/usr/share/ant/lib 
java_command: org.apache.tools.ant.launch.Launcher -cp  java
java_class_path (initial): /usr/share/ant/lib/ant-launcher.jar
Launcher Type: SUN_STANDARD

Environment Variables:
PATH=/home/saurabh/SaurabhKumar/BeeWareVOC/PythonEnvironmets/VOC_Env/bin:/home/saurabh/anaconda2/bin:/home/saurabh/torch/install/bin:/home/saurabh/.pythonbrew/bin:/home/saurabh/.pythonbrew/bin:/home/saurabh/torch/install/bin:/usr/local/sbin:/usr/local/bin:/usr/sbin:/usr/bin:/sbin:/bin:/usr/games:/usr/local/games:/snap/bin:/usr/brlcad/bin
LD_LIBRARY_PATH=/home/saurabh/torch/install/lib:/home/saurabh/torch/install/lib:
SHELL=/bin/bash
DISPLAY=:0
DYLD_LIBRARY_PATH=/home/saurabh/torch/install/lib:/home/saurabh/torch/install/lib:

Signal Handlers:
SIGSEGV: [libjvm.so+0xa66fd0], sa_mask[0]=11111111011111111101111111111110, sa_flags=SA_RESTART|SA_SIGINFO
SIGBUS: [libjvm.so+0xa66fd0], sa_mask[0]=11111111011111111101111111111110, sa_flags=SA_RESTART|SA_SIGINFO
SIGFPE: [libjvm.so+0x8b0180], sa_mask[0]=11111111011111111101111111111110, sa_flags=SA_RESTART|SA_SIGINFO
SIGPIPE: [libjvm.so+0x8b0180], sa_mask[0]=11111111011111111101111111111110, sa_flags=SA_RESTART|SA_SIGINFO
SIGXFSZ: [libjvm.so+0x8b0180], sa_mask[0]=11111111011111111101111111111110, sa_flags=SA_RESTART|SA_SIGINFO
SIGILL: [libjvm.so+0x8b0180], sa_mask[0]=11111111011111111101111111111110, sa_flags=SA_RESTART|SA_SIGINFO
SIGUSR1: SIG_DFL, sa_mask[0]=00000000000000000000000000000000, sa_flags=none
SIGUSR2: [libjvm.so+0x8b0030], sa_mask[0]=00000000000000000000000000000000, sa_flags=SA_RESTART|SA_SIGINFO
SIGHUP: [libjvm.so+0x8b0500], sa_mask[0]=11111111011111111101111111111110, sa_flags=SA_RESTART|SA_SIGINFO
SIGINT: [libjvm.so+0x8b0500], sa_mask[0]=11111111011111111101111111111110, sa_flags=SA_RESTART|SA_SIGINFO
SIGTERM: [libjvm.so+0x8b0500], sa_mask[0]=11111111011111111101111111111110, sa_flags=SA_RESTART|SA_SIGINFO
SIGQUIT: [libjvm.so+0x8b0500], sa_mask[0]=11111111011111111101111111111110, sa_flags=SA_RESTART|SA_SIGINFO


---------------  S Y S T E M  ---------------

OS:DISTRIB_ID=Ubuntu
DISTRIB_RELEASE=16.04
DISTRIB_CODENAME=xenial
DISTRIB_DESCRIPTION="Ubuntu 16.04.2 LTS"

uname:Linux 4.4.0-65-generic #86-Ubuntu SMP Thu Feb 23 17:49:58 UTC 2017 x86_64
libc:glibc 2.23 NPTL 2.23 
rlimit: STACK 8192k, CORE 0k, NPROC 15392, NOFILE 65536, AS infinity
load average:11.86 6.53 3.06

/proc/meminfo:
MemTotal:        3980976 kB
MemFree:          112252 kB
MemAvailable:      28344 kB
Buffers:            1484 kB
Cached:           325968 kB
SwapCached:            0 kB
Active:          3371704 kB
Inactive:         297460 kB
Active(anon):    3363324 kB
Inactive(anon):   264340 kB
Active(file):       8380 kB
Inactive(file):    33120 kB
Unevictable:         176 kB
Mlocked:             176 kB
SwapTotal:             0 kB
SwapFree:              0 kB
Dirty:               136 kB
Writeback:             0 kB
AnonPages:       3342012 kB
Mapped:           131196 kB
Shmem:            285840 kB
Slab:              79468 kB
SReclaimable:      35752 kB
SUnreclaim:        43716 kB
KernelStack:       11328 kB
PageTables:        63312 kB
NFS_Unstable:          0 kB
Bounce:                0 kB
WritebackTmp:          0 kB
CommitLimit:     1990488 kB
Committed_AS:    8813780 kB
VmallocTotal:   34359738367 kB
VmallocUsed:           0 kB
VmallocChunk:          0 kB
HardwareCorrupted:     0 kB
AnonHugePages:   1241088 kB
CmaTotal:              0 kB
CmaFree:               0 kB
HugePages_Total:       0
HugePages_Free:        0
HugePages_Rsvd:        0
HugePages_Surp:        0
Hugepagesize:       2048 kB
DirectMap4k:      197312 kB
DirectMap2M:     3932160 kB
DirectMap1G:     1048576 kB


CPU:total 4 (2 cores per cpu, 2 threads per core) family 6 model 69 stepping 1, cmov, cx8, fxsr, mmx, sse, sse2, sse3, ssse3, sse4.1, sse4.2, popcnt, avx, avx2, aes, clmul, erms, lzcnt, ht, tsc, tscinvbit, bmi1, bmi2

/proc/cpuinfo:
processor	: 0
vendor_id	: GenuineIntel
cpu family	: 6
model		: 69
model name	: Intel(R) Core(TM) i3-4005U CPU @ 1.70GHz
stepping	: 1
microcode	: 0x1d
cpu MHz		: 1699.933
cache size	: 3072 KB
physical id	: 0
siblings	: 4
core id		: 0
cpu cores	: 2
apicid		: 0
initial apicid	: 0
fpu		: yes
fpu_exception	: yes
cpuid level	: 13
wp		: yes
flags		: fpu vme de pse tsc msr pae mce cx8 apic sep mtrr pge mca cmov pat pse36 clflush dts acpi mmx fxsr sse sse2 ss ht tm pbe syscall nx pdpe1gb rdtscp lm constant_tsc arch_perfmon pebs bts rep_good nopl xtopology nonstop_tsc aperfmperf eagerfpu pni pclmulqdq dtes64 monitor ds_cpl vmx est tm2 ssse3 sdbg fma cx16 xtpr pdcm pcid sse4_1 sse4_2 movbe popcnt tsc_deadline_timer aes xsave avx f16c rdrand lahf_lm abm epb tpr_shadow vnmi flexpriority ept vpid fsgsbase tsc_adjust bmi1 avx2 smep bmi2 erms invpcid xsaveopt dtherm ida arat pln pts
bugs		:
bogomips	: 3392.08
clflush size	: 64
cache_alignment	: 64
address sizes	: 39 bits physical, 48 bits virtual
power management:

processor	: 1
vendor_id	: GenuineIntel
cpu family	: 6
model		: 69
model name	: Intel(R) Core(TM) i3-4005U CPU @ 1.70GHz
stepping	: 1
microcode	: 0x1d
cpu MHz		: 1699.933
cache size	: 3072 KB
physical id	: 0
siblings	: 4
core id		: 0
cpu cores	: 2
apicid		: 1
initial apicid	: 1
fpu		: yes
fpu_exception	: yes
cpuid level	: 13
wp		: yes
flags		: fpu vme de pse tsc msr pae mce cx8 apic sep mtrr pge mca cmov pat pse36 clflush dts acpi mmx fxsr sse sse2 ss ht tm pbe syscall nx pdpe1gb rdtscp lm constant_tsc arch_perfmon pebs bts rep_good nopl xtopology nonstop_tsc aperfmperf eagerfpu pni pclmulqdq dtes64 monitor ds_cpl vmx est tm2 ssse3 sdbg fma cx16 xtpr pdcm pcid sse4_1 sse4_2 movbe popcnt tsc_deadline_timer aes xsave avx f16c rdrand lahf_lm abm epb tpr_shadow vnmi flexpriority ept vpid fsgsbase tsc_adjust bmi1 avx2 smep bmi2 erms invpcid xsaveopt dtherm ida arat pln pts
bugs		:
bogomips	: 3392.08
clflush size	: 64
cache_alignment	: 64
address sizes	: 39 bits physical, 48 bits virtual
power management:

processor	: 2
vendor_id	: GenuineIntel
cpu family	: 6
model		: 69
model name	: Intel(R) Core(TM) i3-4005U CPU @ 1.70GHz
stepping	: 1
microcode	: 0x1d
cpu MHz		: 1699.933
cache size	: 3072 KB
physical id	: 0
siblings	: 4
core id		: 1
cpu cores	: 2
apicid		: 2
initial apicid	: 2
fpu		: yes
fpu_exception	: yes
cpuid level	: 13
wp		: yes
flags		: fpu vme de pse tsc msr pae mce cx8 apic sep mtrr pge mca cmov pat pse36 clflush dts acpi mmx fxsr sse sse2 ss ht tm pbe syscall nx pdpe1gb rdtscp lm constant_tsc arch_perfmon pebs bts rep_good nopl xtopology nonstop_tsc aperfmperf eagerfpu pni pclmulqdq dtes64 monitor ds_cpl vmx est tm2 ssse3 sdbg fma cx16 xtpr pdcm pcid sse4_1 sse4_2 movbe popcnt tsc_deadline_timer aes xsave avx f16c rdrand lahf_lm abm epb tpr_shadow vnmi flexpriority ept vpid fsgsbase tsc_adjust bmi1 avx2 smep bmi2 erms invpcid xsaveopt dtherm ida arat pln pts
bugs		:
bogomips	: 3392.08
clflush size	: 64
cache_alignment	: 64
address sizes	: 39 bits physical, 48 bits virtual
power management:

processor	: 3
vendor_id	: GenuineIntel
cpu family	: 6
model		: 69
model name	: Intel(R) Core(TM) i3-4005U CPU @ 1.70GHz
stepping	: 1
microcode	: 0x1d
cpu MHz		: 1699.933
cache size	: 3072 KB
physical id	: 0
siblings	: 4
core id		: 1
cpu cores	: 2
apicid		: 3
initial apicid	: 3
fpu		: yes
fpu_exception	: yes
cpuid level	: 13
wp		: yes
flags		: fpu vme de pse tsc msr pae mce cx8 apic sep mtrr pge mca cmov pat pse36 clflush dts acpi mmx fxsr sse sse2 ss ht tm pbe syscall nx pdpe1gb rdtscp lm constant_tsc arch_perfmon pebs bts rep_good nopl xtopology nonstop_tsc aperfmperf eagerfpu pni pclmulqdq dtes64 monitor ds_cpl vmx est tm2 ssse3 sdbg fma cx16 xtpr pdcm pcid sse4_1 sse4_2 movbe popcnt tsc_deadline_timer aes xsave avx f16c rdrand lahf_lm abm epb tpr_shadow vnmi flexpriority ept vpid fsgsbase tsc_adjust bmi1 avx2 smep bmi2 erms invpcid xsaveopt dtherm ida arat pln pts
bugs		:
bogomips	: 3392.08
clflush size	: 64
cache_alignment	: 64
address sizes	: 39 bits physical, 48 bits virtual
power management:



Memory: 4k page, physical 3980976k(112252k free), swap 0k(0k free)

vm_info: OpenJDK 64-Bit Server VM (25.121-b13) for linux-amd64 JRE (1.8.0_121-8u121-b13-0ubuntu1.16.04.2-b13), built on Jan 23 2017 15:51:29 by "buildd" with gcc 5.4.0 20160609

time: Fri Mar  3 14:23:24 2017
elapsed time: 29 seconds (0d 0h 0m 29s)

