#
# There is insufficient memory for the Java Runtime Environment to continue.
# Native memory allocation (mmap) failed to map 63963136 bytes for committing reserved memory.
# Possible reasons:
#   The system is out of physical RAM or swap space
#   In 32 bit mode, the process size limit was hit
# Possible solutions:
#   Reduce memory load on the system
#   Increase physical memory or swap space
#   Check if swap backing store is full
#   Use 64 bit Java on a 64 bit OS
#   Decrease Java heap size (-Xmx/-Xms)
#   Decrease number of Java threads
#   Decrease Java thread stack sizes (-Xss)
#   Set larger code cache with -XX:ReservedCodeCacheSize=
# This output file may be truncated or incomplete.
#
#  Out of Memory Error (os_linux.cpp:2630), pid=4479, tid=0x00007f1a68115700
#
# JRE version: OpenJDK Runtime Environment (8.0_121-b13) (build 1.8.0_121-8u121-b13-0ubuntu1.16.04.2-b13)
# Java VM: OpenJDK 64-Bit Server VM (25.121-b13 mixed mode linux-amd64 compressed oops)
# Failed to write core dump. Core dumps have been disabled. To enable core dumping, try "ulimit -c unlimited" before starting Java again
#

---------------  T H R E A D  ---------------

Current thread (0x00007f1a7c077800):  VMThread [stack: 0x00007f1a68015000,0x00007f1a68116000] [id=4517]

Stack: [0x00007f1a68015000,0x00007f1a68116000],  sp=0x00007f1a681144c0,  free space=1021k
Native frames: (J=compiled Java code, j=interpreted, Vv=VM code, C=native code)
V  [libjvm.so+0xa6647b]
V  [libjvm.so+0x4c32dc]
V  [libjvm.so+0x8b4b60]
V  [libjvm.so+0x8aefde]
V  [libjvm.so+0x929a16]
V  [libjvm.so+0x92ad43]
V  [libjvm.so+0x9273f3]
V  [libjvm.so+0x9276bc]
V  [libjvm.so+0x8d9553]
V  [libjvm.so+0xa68132]
V  [libjvm.so+0xa6d217]
V  [libjvm.so+0xa6a9e7]
V  [libjvm.so+0xa6be6f]
V  [libjvm.so+0xa6c361]
V  [libjvm.so+0x8b2042]

VM_Operation (0x00007f1a82cc77a0): ParallelGCFailedAllocation, mode: safepoint, requested by thread 0x00007f1a7c00a000


---------------  P R O C E S S  ---------------

Java Threads: ( => current thread )
  0x00007f1a7c301800 JavaThread "process reaper" daemon [_thread_blocked, id=4558, stack(0x00007f1a53416000,0x00007f1a5344f000)]
  0x00007f1a7c0c1000 JavaThread "Service Thread" daemon [_thread_blocked, id=4543, stack(0x00007f1a53621000,0x00007f1a53722000)]
  0x00007f1a7c0b1800 JavaThread "C1 CompilerThread2" daemon [_thread_blocked, id=4542, stack(0x00007f1a53722000,0x00007f1a53823000)]
  0x00007f1a7c0af800 JavaThread "C2 CompilerThread1" daemon [_thread_blocked, id=4541, stack(0x00007f1a53823000,0x00007f1a53924000)]
  0x00007f1a7c0ac800 JavaThread "C2 CompilerThread0" daemon [_thread_blocked, id=4538, stack(0x00007f1a53924000,0x00007f1a53a25000)]
  0x00007f1a7c0aa800 JavaThread "Signal Dispatcher" daemon [_thread_blocked, id=4530, stack(0x00007f1a53a25000,0x00007f1a53b26000)]
  0x00007f1a7c083800 JavaThread "Finalizer" daemon [_thread_blocked, id=4524, stack(0x00007f1a53dfe000,0x00007f1a53eff000)]
  0x00007f1a7c07f000 JavaThread "Reference Handler" daemon [_thread_blocked, id=4519, stack(0x00007f1a53eff000,0x00007f1a54000000)]
  0x00007f1a7c00a000 JavaThread "main" [_thread_blocked, id=4492, stack(0x00007f1a82bca000,0x00007f1a82ccb000)]

Other Threads:
=>0x00007f1a7c077800 VMThread [stack: 0x00007f1a68015000,0x00007f1a68116000] [id=4517]
  0x00007f1a7c0c3800 WatcherThread [stack: 0x00007f1a53520000,0x00007f1a53621000] [id=4547]

VM state:at safepoint (normal execution)

VM Mutex/Monitor currently owned by a thread:  ([mutex/lock_event])
[0x00007f1a7c0062c0] Threads_lock - owner thread: 0x00007f1a7c077800
[0x00007f1a7c0067c0] Heap_lock - owner thread: 0x00007f1a7c00a000

Heap:
 PSYoungGen      total 72192K, used 5081K [0x00000000ebc00000, 0x00000000f0b00000, 0x0000000100000000)
  eden space 63488K, 0% used [0x00000000ebc00000,0x00000000ebc00000,0x00000000efa00000)
  from space 8704K, 58% used [0x00000000efa00000,0x00000000efef6698,0x00000000f0280000)
  to   space 8704K, 0% used [0x00000000f0280000,0x00000000f0280000,0x00000000f0b00000)
 ParOldGen       total 42496K, used 15706K [0x00000000c3400000, 0x00000000c5d80000, 0x00000000ebc00000)
  object space 42496K, 36% used [0x00000000c3400000,0x00000000c43568e8,0x00000000c5d80000)
 Metaspace       used 15652K, capacity 15908K, committed 16128K, reserved 1062912K
  class space    used 1643K, capacity 1740K, committed 1792K, reserved 1048576K

Card table byte_map: [0x00007f1a6c010000,0x00007f1a6c1f7000] byte_map_base: 0x00007f1a6b9f6000

Marking Bits: (ParMarkBitMap*) 0x00007f1a81eaa220
 Begin Bits: [0x00007f1a69c68000, 0x00007f1a6ab98000)
 End Bits:   [0x00007f1a6ab98000, 0x00007f1a6bac8000)

Polling page: 0x00007f1a82cfc000

CodeCache: size=245760Kb used=13356Kb max_used=13356Kb free=232403Kb
 bounds [0x00007f1a6c5b7000, 0x00007f1a6d2d7000, 0x00007f1a7b5b7000]
 total_blobs=3889 nmethods=3521 adapters=281
 compilation: enabled

Compilation events (10 events):
Event: 25.396 Thread 0x00007f1a7c0b1800 3801       3       org.apache.tools.ant.types.selectors.TokenizedPattern::withoutLastToken (99 bytes)
Event: 25.397 Thread 0x00007f1a7c0b1800 nmethod 3801 0x00007f1a6d2c3190 code [0x00007f1a6d2c3380, 0x00007f1a6d2c3c18]
Event: 25.404 Thread 0x00007f1a7c0b1800 3802       3       org.apache.tools.ant.DirectoryScanner::isIncluded (89 bytes)
Event: 25.405 Thread 0x00007f1a7c0b1800 nmethod 3802 0x00007f1a6d2c4090 code [0x00007f1a6d2c42a0, 0x00007f1a6d2c4fc8]
Event: 25.405 Thread 0x00007f1a7c0b1800 3803       3       org.apache.tools.ant.DirectoryScanner::isSelected (48 bytes)
Event: 25.406 Thread 0x00007f1a7c0b1800 nmethod 3803 0x00007f1a6d2c5390 code [0x00007f1a6d2c5520, 0x00007f1a6d2c58c8]
Event: 25.406 Thread 0x00007f1a7c0b1800 3804  s    3       org.apache.tools.ant.util.VectorSet::add (24 bytes)
Event: 25.407 Thread 0x00007f1a7c0b1800 nmethod 3804 0x00007f1a6d2c5a10 code [0x00007f1a6d2c5be0, 0x00007f1a6d2c6648]
Event: 25.407 Thread 0x00007f1a7c0b1800 3805       3       org.apache.tools.ant.types.selectors.TokenizedPath::<init> (139 bytes)
Event: 25.409 Thread 0x00007f1a7c0b1800 nmethod 3805 0x00007f1a6d2c6990 code [0x00007f1a6d2c6c80, 0x00007f1a6d2c8658]

GC Heap History (10 events):
Event: 8.728 GC heap after
Heap after GC invocations=2 (full 0):
 PSYoungGen      total 18432K, used 2559K [0x00000000ebc00000, 0x00000000ee000000, 0x0000000100000000)
  eden space 15872K, 0% used [0x00000000ebc00000,0x00000000ebc00000,0x00000000ecb80000)
  from space 2560K, 99% used [0x00000000ece00000,0x00000000ed07fc40,0x00000000ed080000)
  to   space 2560K, 0% used [0x00000000ecb80000,0x00000000ecb80000,0x00000000ece00000)
 ParOldGen       total 42496K, used 2198K [0x00000000c3400000, 0x00000000c5d80000, 0x00000000ebc00000)
  object space 42496K, 5% used [0x00000000c3400000,0x00000000c3625858,0x00000000c5d80000)
 Metaspace       used 10708K, capacity 10942K, committed 11136K, reserved 1058816K
  class space    used 1255K, capacity 1323K, committed 1408K, reserved 1048576K
}
Event: 10.083 GC heap before
{Heap before GC invocations=3 (full 0):
 PSYoungGen      total 18432K, used 18431K [0x00000000ebc00000, 0x00000000ee000000, 0x0000000100000000)
  eden space 15872K, 100% used [0x00000000ebc00000,0x00000000ecb80000,0x00000000ecb80000)
  from space 2560K, 99% used [0x00000000ece00000,0x00000000ed07fc40,0x00000000ed080000)
  to   space 2560K, 0% used [0x00000000ecb80000,0x00000000ecb80000,0x00000000ece00000)
 ParOldGen       total 42496K, used 2198K [0x00000000c3400000, 0x00000000c5d80000, 0x00000000ebc00000)
  object space 42496K, 5% used [0x00000000c3400000,0x00000000c3625858,0x00000000c5d80000)
 Metaspace       used 12366K, capacity 12638K, committed 12800K, reserved 1060864K
  class space    used 1415K, capacity 1483K, committed 1536K, reserved 1048576K
Event: 10.116 GC heap after
Heap after GC invocations=3 (full 0):
 PSYoungGen      total 18432K, used 2545K [0x00000000ebc00000, 0x00000000ee000000, 0x0000000100000000)
  eden space 15872K, 0% used [0x00000000ebc00000,0x00000000ebc00000,0x00000000ecb80000)
  from space 2560K, 99% used [0x00000000ecb80000,0x00000000ecdfc690,0x00000000ece00000)
  to   space 2560K, 0% used [0x00000000edd80000,0x00000000edd80000,0x00000000ee000000)
 ParOldGen       total 42496K, used 5817K [0x00000000c3400000, 0x00000000c5d80000, 0x00000000ebc00000)
  object space 42496K, 13% used [0x00000000c3400000,0x00000000c39ae5a0,0x00000000c5d80000)
 Metaspace       used 12366K, capacity 12638K, committed 12800K, reserved 1060864K
  class space    used 1415K, capacity 1483K, committed 1536K, reserved 1048576K
}
Event: 11.112 GC heap before
{Heap before GC invocations=4 (full 0):
 PSYoungGen      total 18432K, used 18417K [0x00000000ebc00000, 0x00000000ee000000, 0x0000000100000000)
  eden space 15872K, 100% used [0x00000000ebc00000,0x00000000ecb80000,0x00000000ecb80000)
  from space 2560K, 99% used [0x00000000ecb80000,0x00000000ecdfc690,0x00000000ece00000)
  to   space 2560K, 0% used [0x00000000edd80000,0x00000000edd80000,0x00000000ee000000)
 ParOldGen       total 42496K, used 5817K [0x00000000c3400000, 0x00000000c5d80000, 0x00000000ebc00000)
  object space 42496K, 13% used [0x00000000c3400000,0x00000000c39ae5a0,0x00000000c5d80000)
 Metaspace       used 12610K, capacity 12830K, committed 13056K, reserved 1060864K
  class space    used 1431K, capacity 1483K, committed 1536K, reserved 1048576K
Event: 11.184 GC heap after
Heap after GC invocations=4 (full 0):
 PSYoungGen      total 34304K, used 2535K [0x00000000ebc00000, 0x00000000ee000000, 0x0000000100000000)
  eden space 31744K, 0% used [0x00000000ebc00000,0x00000000ebc00000,0x00000000edb00000)
  from space 2560K, 99% used [0x00000000edd80000,0x00000000edff9d88,0x00000000ee000000)
  to   space 2560K, 0% used [0x00000000edb00000,0x00000000edb00000,0x00000000edd80000)
 ParOldGen       total 42496K, used 11141K [0x00000000c3400000, 0x00000000c5d80000, 0x00000000ebc00000)
  object space 42496K, 26% used [0x00000000c3400000,0x00000000c3ee1780,0x00000000c5d80000)
 Metaspace       used 12610K, capacity 12830K, committed 13056K, reserved 1060864K
  class space    used 1431K, capacity 1483K, committed 1536K, reserved 1048576K
}
Event: 15.926 GC heap before
{Heap before GC invocations=5 (full 0):
 PSYoungGen      total 34304K, used 34279K [0x00000000ebc00000, 0x00000000ee000000, 0x0000000100000000)
  eden space 31744K, 100% used [0x00000000ebc00000,0x00000000edb00000,0x00000000edb00000)
  from space 2560K, 99% used [0x00000000edd80000,0x00000000edff9d88,0x00000000ee000000)
  to   space 2560K, 0% used [0x00000000edb00000,0x00000000edb00000,0x00000000edd80000)
 ParOldGen       total 42496K, used 11141K [0x00000000c3400000, 0x00000000c5d80000, 0x00000000ebc00000)
  object space 42496K, 26% used [0x00000000c3400000,0x00000000c3ee1780,0x00000000c5d80000)
 Metaspace       used 14466K, capacity 14718K, committed 14976K, reserved 1062912K
  class space    used 1574K, capacity 1643K, committed 1664K, reserved 1048576K
Event: 16.012 GC heap after
Heap after GC invocations=5 (full 0):
 PSYoungGen      total 34304K, used 2551K [0x00000000ebc00000, 0x00000000f0b00000, 0x0000000100000000)
  eden space 31744K, 0% used [0x00000000ebc00000,0x00000000ebc00000,0x00000000edb00000)
  from space 2560K, 99% used [0x00000000edb00000,0x00000000edd7dd78,0x00000000edd80000)
  to   space 8704K, 0% used [0x00000000f0280000,0x00000000f0280000,0x00000000f0b00000)
 ParOldGen       total 42496K, used 14618K [0x00000000c3400000, 0x00000000c5d80000, 0x00000000ebc00000)
  object space 42496K, 34% used [0x00000000c3400000,0x00000000c4246868,0x00000000c5d80000)
 Metaspace       used 14466K, capacity 14718K, committed 14976K, reserved 1062912K
  class space    used 1574K, capacity 1643K, committed 1664K, reserved 1048576K
}
Event: 19.343 GC heap before
{Heap before GC invocations=6 (full 0):
 PSYoungGen      total 34304K, used 34295K [0x00000000ebc00000, 0x00000000f0b00000, 0x0000000100000000)
  eden space 31744K, 100% used [0x00000000ebc00000,0x00000000edb00000,0x00000000edb00000)
  from space 2560K, 99% used [0x00000000edb00000,0x00000000edd7dd78,0x00000000edd80000)
  to   space 8704K, 0% used [0x00000000f0280000,0x00000000f0280000,0x00000000f0b00000)
 ParOldGen       total 42496K, used 14618K [0x00000000c3400000, 0x00000000c5d80000, 0x00000000ebc00000)
  object space 42496K, 34% used [0x00000000c3400000,0x00000000c4246868,0x00000000c5d80000)
 Metaspace       used 14945K, capacity 15166K, committed 15232K, reserved 1062912K
  class space    used 1580K, capacity 1643K, committed 1664K, reserved 1048576K
Event: 19.389 GC heap after
Heap after GC invocations=6 (full 0):
 PSYoungGen      total 72192K, used 3447K [0x00000000ebc00000, 0x00000000f0b00000, 0x0000000100000000)
  eden space 63488K, 0% used [0x00000000ebc00000,0x00000000ebc00000,0x00000000efa00000)
  from space 8704K, 39% used [0x00000000f0280000,0x00000000f05ddda8,0x00000000f0b00000)
  to   space 8704K, 0% used [0x00000000efa00000,0x00000000efa00000,0x00000000f0280000)
 ParOldGen       total 42496K, used 14626K [0x00000000c3400000, 0x00000000c5d80000, 0x00000000ebc00000)
  object space 42496K, 34% used [0x00000000c3400000,0x00000000c4248868,0x00000000c5d80000)
 Metaspace       used 14945K, capacity 15166K, committed 15232K, reserved 1062912K
  class space    used 1580K, capacity 1643K, committed 1664K, reserved 1048576K
}
Event: 25.435 GC heap before
{Heap before GC invocations=7 (full 0):
 PSYoungGen      total 72192K, used 66935K [0x00000000ebc00000, 0x00000000f0b00000, 0x0000000100000000)
  eden space 63488K, 100% used [0x00000000ebc00000,0x00000000efa00000,0x00000000efa00000)
  from space 8704K, 39% used [0x00000000f0280000,0x00000000f05ddda8,0x00000000f0b00000)
  to   space 8704K, 0% used [0x00000000efa00000,0x00000000efa00000,0x00000000f0280000)
 ParOldGen       total 42496K, used 14626K [0x00000000c3400000, 0x00000000c5d80000, 0x00000000ebc00000)
  object space 42496K, 34% used [0x00000000c3400000,0x00000000c4248868,0x00000000c5d80000)
 Metaspace       used 15652K, capacity 15908K, committed 16128K, reserved 1062912K
  class space    used 1643K, capacity 1740K, committed 1792K, reserved 1048576K

Deoptimization events (10 events):
Event: 22.884 Thread 0x00007f1a7c00a000 Uncommon trap: reason=bimorphic action=maybe_recompile pc=0x00007f1a6d110684 method=com.sun.tools.javac.code.Types$14.visitClassType(Lcom/sun/tools/javac/code/Type$ClassType;Lcom/sun/tools/javac/code/Symbol;)Lcom/sun/tools/javac/code/Type; @ 82
Event: 22.892 Thread 0x00007f1a7c00a000 Uncommon trap: reason=bimorphic action=maybe_recompile pc=0x00007f1a6d110684 method=com.sun.tools.javac.code.Types$14.visitClassType(Lcom/sun/tools/javac/code/Type$ClassType;Lcom/sun/tools/javac/code/Symbol;)Lcom/sun/tools/javac/code/Type; @ 82
Event: 22.892 Thread 0x00007f1a7c00a000 Uncommon trap: reason=bimorphic action=maybe_recompile pc=0x00007f1a6d110684 method=com.sun.tools.javac.code.Types$14.visitClassType(Lcom/sun/tools/javac/code/Type$ClassType;Lcom/sun/tools/javac/code/Symbol;)Lcom/sun/tools/javac/code/Type; @ 82
Event: 23.541 Thread 0x00007f1a7c00a000 Uncommon trap: reason=unstable_if action=reinterpret pc=0x00007f1a6cd2e838 method=com.sun.tools.javac.code.Symbol$PackageSymbol.flags()J @ 4
Event: 23.979 Thread 0x00007f1a7c00a000 Uncommon trap: reason=unstable_if action=reinterpret pc=0x00007f1a6d16ea60 method=java.util.HashMap.removeNode(ILjava/lang/Object;Ljava/lang/Object;ZZ)Ljava/util/HashMap$Node; @ 58
Event: 23.987 Thread 0x00007f1a7c00a000 Uncommon trap: reason=unstable_if action=reinterpret pc=0x00007f1a6c7a8320 method=java.util.Date.normalize()Lsun/util/calendar/BaseCalendar$Date; @ 45
Event: 25.337 Thread 0x00007f1a7c00a000 Uncommon trap: reason=predicate action=maybe_recompile pc=0x00007f1a6d26cd44 method=java.util.StringTokenizer.skipDelimiters(I)I @ 17
Event: 25.337 Thread 0x00007f1a7c00a000 Uncommon trap: reason=unstable_if action=reinterpret pc=0x00007f1a6c8e81e0 method=java.util.StringTokenizer.scanToken(I)I @ 96
Event: 25.352 Thread 0x00007f1a7c00a000 Uncommon trap: reason=unstable_if action=reinterpret pc=0x00007f1a6c8cdbe8 method=java.util.StringTokenizer.scanToken(I)I @ 96
Event: 25.364 Thread 0x00007f1a7c00a000 Uncommon trap: reason=unstable_if action=reinterpret pc=0x00007f1a6d16d788 method=java.lang.ref.ReferenceQueue.poll()Ljava/lang/ref/Reference; @ 4

Internal exceptions (10 events):
Event: 3.853 Thread 0x00007f1a7c00a000 Exception <a 'java/security/PrivilegedActionException'> (0x00000000ebc9e950) thrown at [/build/openjdk-8-YiEakL/openjdk-8-8u121-b13/src/hotspot/src/share/vm/prims/jvm.cpp, line 1390]
Event: 3.853 Thread 0x00007f1a7c00a000 Exception <a 'java/security/PrivilegedActionException'> (0x00000000ebc9eb60) thrown at [/build/openjdk-8-YiEakL/openjdk-8-8u121-b13/src/hotspot/src/share/vm/prims/jvm.cpp, line 1390]
Event: 3.855 Thread 0x00007f1a7c00a000 Exception <a 'java/security/PrivilegedActionException'> (0x00000000ebceece0) thrown at [/build/openjdk-8-YiEakL/openjdk-8-8u121-b13/src/hotspot/src/share/vm/prims/jvm.cpp, line 1390]
Event: 3.855 Thread 0x00007f1a7c00a000 Exception <a 'java/security/PrivilegedActionException'> (0x00000000ebceeef0) thrown at [/build/openjdk-8-YiEakL/openjdk-8-8u121-b13/src/hotspot/src/share/vm/prims/jvm.cpp, line 1390]
Event: 6.248 Thread 0x00007f1a7c00a000 Exception <a 'java/lang/NoSuchFieldError': method resolution failed> (0x00000000ec69f970) thrown at [/build/openjdk-8-YiEakL/openjdk-8-8u121-b13/src/hotspot/src/share/vm/prims/methodHandles.cpp, line 1146]
Event: 6.252 Thread 0x00007f1a7c00a000 Exception <a 'java/lang/NoSuchFieldError': method resolution failed> (0x00000000ec6ad030) thrown at [/build/openjdk-8-YiEakL/openjdk-8-8u121-b13/src/hotspot/src/share/vm/prims/methodHandles.cpp, line 1146]
Event: 7.217 Thread 0x00007f1a7c00a000 Exception <a 'java/lang/ClassNotFoundException': org/apache/tools/ant/helper/DefaultExecutor> (0x00000000ec8e7370) thrown at [/build/openjdk-8-YiEakL/openjdk-8-8u121-b13/src/hotspot/src/share/vm/classfile/systemDictionary.cpp, line 210]
Event: 10.789 Thread 0x00007f1a7c00a000 Exception <a 'java/io/FileNotFoundException'> (0x00000000ec662038) thrown at [/build/openjdk-8-YiEakL/openjdk-8-8u121-b13/src/hotspot/src/share/vm/prims/jni.cpp, line 709]
Event: 10.828 Thread 0x00007f1a7c00a000 Exception <a 'java/io/FileNotFoundException'> (0x00000000ec6b7850) thrown at [/build/openjdk-8-YiEakL/openjdk-8-8u121-b13/src/hotspot/src/share/vm/prims/jni.cpp, line 709]
Event: 10.828 Thread 0x00007f1a7c00a000 Exception <a 'java/io/FileNotFoundException'> (0x00000000ec6b8518) thrown at [/build/openjdk-8-YiEakL/openjdk-8-8u121-b13/src/hotspot/src/share/vm/prims/jni.cpp, line 709]

Events (10 events):
Event: 25.337 Thread 0x00007f1a7c00a000 Uncommon trap: trap_request=0xffffff65 fr.pc=0x00007f1a6c8e81e0
Event: 25.337 Thread 0x00007f1a7c00a000 DEOPT PACKING pc=0x00007f1a6c8e81e0 sp=0x00007f1a82cc87b0
Event: 25.337 Thread 0x00007f1a7c00a000 DEOPT UNPACKING pc=0x00007f1a6c5bbf69 sp=0x00007f1a82cc8728 mode 2
Event: 25.352 Thread 0x00007f1a7c00a000 Uncommon trap: trap_request=0xffffff65 fr.pc=0x00007f1a6c8cdbe8
Event: 25.352 Thread 0x00007f1a7c00a000 DEOPT PACKING pc=0x00007f1a6c8cdbe8 sp=0x00007f1a82cc8760
Event: 25.352 Thread 0x00007f1a7c00a000 DEOPT UNPACKING pc=0x00007f1a6c5bbf69 sp=0x00007f1a82cc8728 mode 2
Event: 25.364 Thread 0x00007f1a7c00a000 Uncommon trap: trap_request=0xffffff65 fr.pc=0x00007f1a6d16d788
Event: 25.364 Thread 0x00007f1a7c00a000 DEOPT PACKING pc=0x00007f1a6d16d788 sp=0x00007f1a82cc8250
Event: 25.364 Thread 0x00007f1a7c00a000 DEOPT UNPACKING pc=0x00007f1a6c5bbf69 sp=0x00007f1a82cc80a8 mode 2
Event: 25.435 Executing VM operation: ParallelGCFailedAllocation


Dynamic libraries:
00400000-00401000 r-xp 00000000 08:04 7733285                            /usr/lib/jvm/java-8-openjdk-amd64/jre/bin/java
00600000-00601000 r--p 00000000 08:04 7733285                            /usr/lib/jvm/java-8-openjdk-amd64/jre/bin/java
00601000-00602000 rw-p 00001000 08:04 7733285                            /usr/lib/jvm/java-8-openjdk-amd64/jre/bin/java
00c4c000-00c6d000 rw-p 00000000 00:00 0                                  [heap]
c3400000-c5d80000 rw-p 00000000 00:00 0 
c5d80000-ebc00000 ---p 00000000 00:00 0 
ebc00000-f0b00000 rw-p 00000000 00:00 0 
f4800000-100000000 ---p 00000000 00:00 0 
100000000-1001c0000 rw-p 00000000 00:00 0 
1001c0000-140000000 ---p 00000000 00:00 0 
7f1a24000000-7f1a24021000 rw-p 00000000 00:00 0 
7f1a24021000-7f1a28000000 ---p 00000000 00:00 0 
7f1a28000000-7f1a28021000 rw-p 00000000 00:00 0 
7f1a28021000-7f1a2c000000 ---p 00000000 00:00 0 
7f1a2c000000-7f1a2c021000 rw-p 00000000 00:00 0 
7f1a2c021000-7f1a30000000 ---p 00000000 00:00 0 
7f1a30000000-7f1a30021000 rw-p 00000000 00:00 0 
7f1a30021000-7f1a34000000 ---p 00000000 00:00 0 
7f1a34000000-7f1a35491000 rw-p 00000000 00:00 0 
7f1a35491000-7f1a38000000 ---p 00000000 00:00 0 
7f1a38000000-7f1a38021000 rw-p 00000000 00:00 0 
7f1a38021000-7f1a3c000000 ---p 00000000 00:00 0 
7f1a3c000000-7f1a3d766000 rw-p 00000000 00:00 0 
7f1a3d766000-7f1a40000000 ---p 00000000 00:00 0 
7f1a40000000-7f1a418d8000 rw-p 00000000 00:00 0 
7f1a418d8000-7f1a44000000 ---p 00000000 00:00 0 
7f1a44000000-7f1a44021000 rw-p 00000000 00:00 0 
7f1a44021000-7f1a48000000 ---p 00000000 00:00 0 
7f1a48000000-7f1a48021000 rw-p 00000000 00:00 0 
7f1a48021000-7f1a4c000000 ---p 00000000 00:00 0 
7f1a4c000000-7f1a4c021000 rw-p 00000000 00:00 0 
7f1a4c021000-7f1a50000000 ---p 00000000 00:00 0 
7f1a524e8000-7f1a524f9000 r-xp 00000000 08:04 8257742                    /usr/lib/jvm/java-8-openjdk-amd64/jre/lib/amd64/libnio.so
7f1a524f9000-7f1a526f9000 ---p 00011000 08:04 8257742                    /usr/lib/jvm/java-8-openjdk-amd64/jre/lib/amd64/libnio.so
7f1a526f9000-7f1a526fa000 r--p 00011000 08:04 8257742                    /usr/lib/jvm/java-8-openjdk-amd64/jre/lib/amd64/libnio.so
7f1a526fa000-7f1a526fb000 rw-p 00012000 08:04 8257742                    /usr/lib/jvm/java-8-openjdk-amd64/jre/lib/amd64/libnio.so
7f1a526fb000-7f1a529fc000 rw-p 00000000 00:00 0 
7f1a529fc000-7f1a52a13000 r-xp 00000000 08:04 8257636                    /usr/lib/jvm/java-8-openjdk-amd64/jre/lib/amd64/libnet.so
7f1a52a13000-7f1a52c12000 ---p 00017000 08:04 8257636                    /usr/lib/jvm/java-8-openjdk-amd64/jre/lib/amd64/libnet.so
7f1a52c12000-7f1a52c13000 r--p 00016000 08:04 8257636                    /usr/lib/jvm/java-8-openjdk-amd64/jre/lib/amd64/libnet.so
7f1a52c13000-7f1a52c14000 rw-p 00017000 08:04 8257636                    /usr/lib/jvm/java-8-openjdk-amd64/jre/lib/amd64/libnet.so
7f1a52c14000-7f1a52e14000 rw-p 00000000 00:00 0 
7f1a52e14000-7f1a53014000 rw-p 00000000 00:00 0 
7f1a53014000-7f1a53214000 rw-p 00000000 00:00 0 
7f1a53214000-7f1a53217000 ---p 00000000 00:00 0 
7f1a53217000-7f1a53315000 rw-p 00000000 00:00 0 
7f1a53315000-7f1a53318000 ---p 00000000 00:00 0 
7f1a53318000-7f1a53416000 rw-p 00000000 00:00 0 
7f1a53416000-7f1a53419000 ---p 00000000 00:00 0 
7f1a53419000-7f1a5344f000 rw-p 00000000 00:00 0 
7f1a5344f000-7f1a534c8000 r--s 010fd000 08:04 7340065                    /usr/lib/jvm/java-8-openjdk-amd64/lib/tools.jar
7f1a534c8000-7f1a534cb000 r--s 00014000 08:04 5647391                    /usr/share/java/ant-commons-net-1.9.6.jar
7f1a534cb000-7f1a534ea000 r--s 001d1000 08:04 5647365                    /usr/share/java/ant-1.9.6.jar
7f1a534ea000-7f1a53505000 r--s 001d6000 08:04 8132543                    /usr/lib/jvm/java-8-openjdk-amd64/jre/lib/ext/nashorn.jar
7f1a53505000-7f1a53520000 r--s 00394000 08:04 8132549                    /usr/lib/jvm/java-8-openjdk-amd64/jre/lib/ext/cldrdata.jar
7f1a53520000-7f1a53521000 ---p 00000000 00:00 0 
7f1a53521000-7f1a53621000 rw-p 00000000 00:00 0 
7f1a53621000-7f1a53624000 ---p 00000000 00:00 0 
7f1a53624000-7f1a53722000 rw-p 00000000 00:00 0 
7f1a53722000-7f1a53725000 ---p 00000000 00:00 0 
7f1a53725000-7f1a53823000 rw-p 00000000 00:00 0 
7f1a53823000-7f1a53826000 ---p 00000000 00:00 0 
7f1a53826000-7f1a53924000 rw-p 00000000 00:00 0 
7f1a53924000-7f1a53927000 ---p 00000000 00:00 0 
7f1a53927000-7f1a53a25000 rw-p 00000000 00:00 0 
7f1a53a25000-7f1a53a28000 ---p 00000000 00:00 0 
7f1a53a28000-7f1a53b26000 rw-p 00000000 00:00 0 
7f1a53b26000-7f1a53dfe000 r--p 00000000 08:04 5243882                    /usr/lib/locale/locale-archive
7f1a53dfe000-7f1a53e01000 ---p 00000000 00:00 0 
7f1a53e01000-7f1a53eff000 rw-p 00000000 00:00 0 
7f1a53eff000-7f1a53f02000 ---p 00000000 00:00 0 
7f1a53f02000-7f1a54000000 rw-p 00000000 00:00 0 
7f1a54000000-7f1a54021000 rw-p 00000000 00:00 0 
7f1a54021000-7f1a58000000 ---p 00000000 00:00 0 
7f1a58000000-7f1a58021000 rw-p 00000000 00:00 0 
7f1a58021000-7f1a5c000000 ---p 00000000 00:00 0 
7f1a5c000000-7f1a5c021000 rw-p 00000000 00:00 0 
7f1a5c021000-7f1a60000000 ---p 00000000 00:00 0 
7f1a60000000-7f1a60021000 rw-p 00000000 00:00 0 
7f1a60021000-7f1a64000000 ---p 00000000 00:00 0 
7f1a64000000-7f1a64021000 rw-p 00000000 00:00 0 
7f1a64021000-7f1a68000000 ---p 00000000 00:00 0 
7f1a68002000-7f1a68003000 r--s 00002000 08:04 5647378                    /usr/share/java/ant-antlr-1.9.6.jar
7f1a68003000-7f1a68004000 r--s 00001000 08:04 5647383                    /usr/share/java/ant-apache-xalan2-1.9.6.jar
7f1a68004000-7f1a68006000 r--s 00002000 08:04 5647388                    /usr/share/java/ant-jmf-1.9.6.jar
7f1a68006000-7f1a68007000 r--s 00006000 08:04 5647390                    /usr/share/java/ant-testutil-1.9.6.jar
7f1a68007000-7f1a68009000 r--s 0001b000 08:04 5647381                    /usr/share/java/ant-junit-1.9.6.jar
7f1a68009000-7f1a6800a000 r--s 00002000 08:04 5647376                    /usr/share/java/ant-apache-regexp-1.9.6.jar
7f1a6800a000-7f1a6800b000 r--s 00002000 08:04 5647387                    /usr/share/java/ant-apache-oro-1.9.6.jar
7f1a6800b000-7f1a6800c000 r--s 00002000 08:04 5647379                    /usr/share/java/ant-apache-bsf-1.9.6.jar
7f1a6800c000-7f1a6800d000 r--s 00003000 08:04 5647380                    /usr/share/java/ant-apache-bcel-1.9.6.jar
7f1a6800d000-7f1a6800e000 r--s 00002000 08:04 5647392                    /usr/share/java/ant-apache-resolver-1.9.6.jar
7f1a6800e000-7f1a68010000 r--s 0000a000 08:04 5647375                    /usr/share/java/ant-jsch-1.9.6.jar
7f1a68010000-7f1a68012000 r--s 00002000 08:04 5647389                    /usr/share/java/ant-junit4-1.9.6.jar
7f1a68012000-7f1a68013000 r--s 00004000 08:04 5647366                    /usr/share/java/ant-launcher-1.9.6.jar
7f1a68013000-7f1a68015000 r--s 00001000 08:04 5647385                    /usr/share/java/ant-apache-log4j-1.9.6.jar
7f1a68015000-7f1a68016000 ---p 00000000 00:00 0 
7f1a68016000-7f1a690b4000 rw-p 00000000 00:00 0 
7f1a690b4000-7f1a69282000 r--s 03c06000 08:04 7864358                    /usr/lib/jvm/java-8-openjdk-amd64/jre/lib/rt.jar
7f1a69282000-7f1a6bac8000 rw-p 00000000 00:00 0 
7f1a6bac8000-7f1a6bac9000 ---p 00000000 00:00 0 
7f1a6bac9000-7f1a6bbc9000 rw-p 00000000 00:00 0 
7f1a6bbc9000-7f1a6bbca000 ---p 00000000 00:00 0 
7f1a6bbca000-7f1a6bcca000 rw-p 00000000 00:00 0 
7f1a6bcca000-7f1a6bccb000 ---p 00000000 00:00 0 
7f1a6bccb000-7f1a6bdcb000 rw-p 00000000 00:00 0 
7f1a6bdcb000-7f1a6bdcc000 ---p 00000000 00:00 0 
7f1a6bdcc000-7f1a6bee1000 rw-p 00000000 00:00 0 
7f1a6bee1000-7f1a6c010000 ---p 00000000 00:00 0 
7f1a6c010000-7f1a6c025000 rw-p 00000000 00:00 0 
7f1a6c025000-7f1a6c154000 ---p 00000000 00:00 0 
7f1a6c154000-7f1a6c17c000 rw-p 00000000 00:00 0 
7f1a6c17c000-7f1a6c1f6000 ---p 00000000 00:00 0 
7f1a6c1f6000-7f1a6c22c000 rw-p 00000000 00:00 0 
7f1a6c22c000-7f1a6c5b7000 ---p 00000000 00:00 0 
7f1a6c5b7000-7f1a6d2d7000 rwxp 00000000 00:00 0 
7f1a6d2d7000-7f1a7b5b7000 ---p 00000000 00:00 0 
7f1a7b5b7000-7f1a7b5bf000 r-xp 00000000 08:04 8257634                    /usr/lib/jvm/java-8-openjdk-amd64/jre/lib/amd64/libzip.so
7f1a7b5bf000-7f1a7b7be000 ---p 00008000 08:04 8257634                    /usr/lib/jvm/java-8-openjdk-amd64/jre/lib/amd64/libzip.so
7f1a7b7be000-7f1a7b7bf000 r--p 00007000 08:04 8257634                    /usr/lib/jvm/java-8-openjdk-amd64/jre/lib/amd64/libzip.so
7f1a7b7bf000-7f1a7b7c0000 rw-p 00008000 08:04 8257634                    /usr/lib/jvm/java-8-openjdk-amd64/jre/lib/amd64/libzip.so
7f1a7b7c0000-7f1a7b7cb000 r-xp 00000000 08:04 3670956                    /lib/x86_64-linux-gnu/libnss_files-2.23.so
7f1a7b7cb000-7f1a7b9ca000 ---p 0000b000 08:04 3670956                    /lib/x86_64-linux-gnu/libnss_files-2.23.so
7f1a7b9ca000-7f1a7b9cb000 r--p 0000a000 08:04 3670956                    /lib/x86_64-linux-gnu/libnss_files-2.23.so
7f1a7b9cb000-7f1a7b9cc000 rw-p 0000b000 08:04 3670956                    /lib/x86_64-linux-gnu/libnss_files-2.23.so
7f1a7b9cc000-7f1a7b9d2000 rw-p 00000000 00:00 0 
7f1a7b9d2000-7f1a7b9dd000 r-xp 00000000 08:04 3670928                    /lib/x86_64-linux-gnu/libnss_nis-2.23.so
7f1a7b9dd000-7f1a7bbdc000 ---p 0000b000 08:04 3670928                    /lib/x86_64-linux-gnu/libnss_nis-2.23.so
7f1a7bbdc000-7f1a7bbdd000 r--p 0000a000 08:04 3670928                    /lib/x86_64-linux-gnu/libnss_nis-2.23.so
7f1a7bbdd000-7f1a7bbde000 rw-p 0000b000 08:04 3670928                    /lib/x86_64-linux-gnu/libnss_nis-2.23.so
7f1a7bbde000-7f1a7bbf4000 r-xp 00000000 08:04 3670950                    /lib/x86_64-linux-gnu/libnsl-2.23.so
7f1a7bbf4000-7f1a7bdf3000 ---p 00016000 08:04 3670950                    /lib/x86_64-linux-gnu/libnsl-2.23.so
7f1a7bdf3000-7f1a7bdf4000 r--p 00015000 08:04 3670950                    /lib/x86_64-linux-gnu/libnsl-2.23.so
7f1a7bdf4000-7f1a7bdf5000 rw-p 00016000 08:04 3670950                    /lib/x86_64-linux-gnu/libnsl-2.23.so
7f1a7bdf5000-7f1a7bdf7000 rw-p 00000000 00:00 0 
7f1a7bdf7000-7f1a7bdff000 r-xp 00000000 08:04 3670952                    /lib/x86_64-linux-gnu/libnss_compat-2.23.so
7f1a7bdff000-7f1a7bffe000 ---p 00008000 08:04 3670952                    /lib/x86_64-linux-gnu/libnss_compat-2.23.so
7f1a7bffe000-7f1a7bfff000 r--p 00007000 08:04 3670952                    /lib/x86_64-linux-gnu/libnss_compat-2.23.so
7f1a7bfff000-7f1a7c000000 rw-p 00008000 08:04 3670952                    /lib/x86_64-linux-gnu/libnss_compat-2.23.so
7f1a7c000000-7f1a7c532000 rw-p 00000000 00:00 0 
7f1a7c532000-7f1a80000000 ---p 00000000 00:00 0 
7f1a80000000-7f1a80001000 r--s 00002000 08:04 5647382                    /usr/share/java/ant-commons-logging-1.9.6.jar
7f1a80001000-7f1a80002000 r--s 00003000 08:04 5647384                    /usr/share/java/ant-javamail-1.9.6.jar
7f1a80002000-7f1a8000c000 r--s 00116000 08:04 8132563                    /usr/lib/jvm/java-8-openjdk-amd64/jre/lib/ext/localedata.jar
7f1a8000c000-7f1a800a3000 rw-p 00000000 00:00 0 
7f1a800a3000-7f1a800d0000 r-xp 00000000 08:04 8257780                    /usr/lib/jvm/java-8-openjdk-amd64/jre/lib/amd64/libjava.so
7f1a800d0000-7f1a802cf000 ---p 0002d000 08:04 8257780                    /usr/lib/jvm/java-8-openjdk-amd64/jre/lib/amd64/libjava.so
7f1a802cf000-7f1a802d0000 r--p 0002c000 08:04 8257780                    /usr/lib/jvm/java-8-openjdk-amd64/jre/lib/amd64/libjava.so
7f1a802d0000-7f1a802d2000 rw-p 0002d000 08:04 8257780                    /usr/lib/jvm/java-8-openjdk-amd64/jre/lib/amd64/libjava.so
7f1a802d2000-7f1a802e1000 r-xp 00000000 08:04 8257582                    /usr/lib/jvm/java-8-openjdk-amd64/jre/lib/amd64/libverify.so
7f1a802e1000-7f1a804e0000 ---p 0000f000 08:04 8257582                    /usr/lib/jvm/java-8-openjdk-amd64/jre/lib/amd64/libverify.so
7f1a804e0000-7f1a804e2000 r--p 0000e000 08:04 8257582                    /usr/lib/jvm/java-8-openjdk-amd64/jre/lib/amd64/libverify.so
7f1a804e2000-7f1a804e3000 rw-p 00010000 08:04 8257582                    /usr/lib/jvm/java-8-openjdk-amd64/jre/lib/amd64/libverify.so
7f1a804e3000-7f1a804ea000 r-xp 00000000 08:04 3670926                    /lib/x86_64-linux-gnu/librt-2.23.so
7f1a804ea000-7f1a806e9000 ---p 00007000 08:04 3670926                    /lib/x86_64-linux-gnu/librt-2.23.so
7f1a806e9000-7f1a806ea000 r--p 00006000 08:04 3670926                    /lib/x86_64-linux-gnu/librt-2.23.so
7f1a806ea000-7f1a806eb000 rw-p 00007000 08:04 3670926                    /lib/x86_64-linux-gnu/librt-2.23.so
7f1a806eb000-7f1a80701000 r-xp 00000000 08:04 3674212                    /lib/x86_64-linux-gnu/libgcc_s.so.1
7f1a80701000-7f1a80900000 ---p 00016000 08:04 3674212                    /lib/x86_64-linux-gnu/libgcc_s.so.1
7f1a80900000-7f1a80901000 rw-p 00015000 08:04 3674212                    /lib/x86_64-linux-gnu/libgcc_s.so.1
7f1a80901000-7f1a80a09000 r-xp 00000000 08:04 3670946                    /lib/x86_64-linux-gnu/libm-2.23.so
7f1a80a09000-7f1a80c08000 ---p 00108000 08:04 3670946                    /lib/x86_64-linux-gnu/libm-2.23.so
7f1a80c08000-7f1a80c09000 r--p 00107000 08:04 3670946                    /lib/x86_64-linux-gnu/libm-2.23.so
7f1a80c09000-7f1a80c0a000 rw-p 00108000 08:04 3670946                    /lib/x86_64-linux-gnu/libm-2.23.so
7f1a80c0a000-7f1a80d7c000 r-xp 00000000 08:04 5245011                    /usr/lib/x86_64-linux-gnu/libstdc++.so.6.0.21
7f1a80d7c000-7f1a80f7c000 ---p 00172000 08:04 5245011                    /usr/lib/x86_64-linux-gnu/libstdc++.so.6.0.21
7f1a80f7c000-7f1a80f86000 r--p 00172000 08:04 5245011                    /usr/lib/x86_64-linux-gnu/libstdc++.so.6.0.21
7f1a80f86000-7f1a80f88000 rw-p 0017c000 08:04 5245011                    /usr/lib/x86_64-linux-gnu/libstdc++.so.6.0.21
7f1a80f88000-7f1a80f8c000 rw-p 00000000 00:00 0 
7f1a80f8c000-7f1a81bdc000 r-xp 00000000 08:04 8388635                    /usr/lib/jvm/java-8-openjdk-amd64/jre/lib/amd64/server/libjvm.so
7f1a81bdc000-7f1a81ddb000 ---p 00c50000 08:04 8388635                    /usr/lib/jvm/java-8-openjdk-amd64/jre/lib/amd64/server/libjvm.so
7f1a81ddb000-7f1a81e6e000 r--p 00c4f000 08:04 8388635                    /usr/lib/jvm/java-8-openjdk-amd64/jre/lib/amd64/server/libjvm.so
7f1a81e6e000-7f1a81e97000 rw-p 00ce2000 08:04 8388635                    /usr/lib/jvm/java-8-openjdk-amd64/jre/lib/amd64/server/libjvm.so
7f1a81e97000-7f1a81ec7000 rw-p 00000000 00:00 0 
7f1a81ec7000-7f1a81edf000 r-xp 00000000 08:04 3670948                    /lib/x86_64-linux-gnu/libpthread-2.23.so
7f1a81edf000-7f1a820de000 ---p 00018000 08:04 3670948                    /lib/x86_64-linux-gnu/libpthread-2.23.so
7f1a820de000-7f1a820df000 r--p 00017000 08:04 3670948                    /lib/x86_64-linux-gnu/libpthread-2.23.so
7f1a820df000-7f1a820e0000 rw-p 00018000 08:04 3670948                    /lib/x86_64-linux-gnu/libpthread-2.23.so
7f1a820e0000-7f1a820e4000 rw-p 00000000 00:00 0 
7f1a820e4000-7f1a820e7000 r-xp 00000000 08:04 3670934                    /lib/x86_64-linux-gnu/libdl-2.23.so
7f1a820e7000-7f1a822e6000 ---p 00003000 08:04 3670934                    /lib/x86_64-linux-gnu/libdl-2.23.so
7f1a822e6000-7f1a822e7000 r--p 00002000 08:04 3670934                    /lib/x86_64-linux-gnu/libdl-2.23.so
7f1a822e7000-7f1a822e8000 rw-p 00003000 08:04 3670934                    /lib/x86_64-linux-gnu/libdl-2.23.so
7f1a822e8000-7f1a82301000 r-xp 00000000 08:04 3670183                    /lib/x86_64-linux-gnu/libz.so.1.2.8
7f1a82301000-7f1a82500000 ---p 00019000 08:04 3670183                    /lib/x86_64-linux-gnu/libz.so.1.2.8
7f1a82500000-7f1a82501000 r--p 00018000 08:04 3670183                    /lib/x86_64-linux-gnu/libz.so.1.2.8
7f1a82501000-7f1a82502000 rw-p 00019000 08:04 3670183                    /lib/x86_64-linux-gnu/libz.so.1.2.8
7f1a82502000-7f1a826c1000 r-xp 00000000 08:04 3670936                    /lib/x86_64-linux-gnu/libc-2.23.so
7f1a826c1000-7f1a828c1000 ---p 001bf000 08:04 3670936                    /lib/x86_64-linux-gnu/libc-2.23.so
7f1a828c1000-7f1a828c5000 r--p 001bf000 08:04 3670936                    /lib/x86_64-linux-gnu/libc-2.23.so
7f1a828c5000-7f1a828c7000 rw-p 001c3000 08:04 3670936                    /lib/x86_64-linux-gnu/libc-2.23.so
7f1a828c7000-7f1a828cb000 rw-p 00000000 00:00 0 
7f1a828cb000-7f1a828d8000 r-xp 00000000 08:04 8519684                    /usr/lib/jvm/java-8-openjdk-amd64/jre/lib/amd64/jli/libjli.so
7f1a828d8000-7f1a82ad8000 ---p 0000d000 08:04 8519684                    /usr/lib/jvm/java-8-openjdk-amd64/jre/lib/amd64/jli/libjli.so
7f1a82ad8000-7f1a82ad9000 r--p 0000d000 08:04 8519684                    /usr/lib/jvm/java-8-openjdk-amd64/jre/lib/amd64/jli/libjli.so
7f1a82ad9000-7f1a82ada000 rw-p 0000e000 08:04 8519684                    /usr/lib/jvm/java-8-openjdk-amd64/jre/lib/amd64/jli/libjli.so
7f1a82ada000-7f1a82b00000 r-xp 00000000 08:04 3670914                    /lib/x86_64-linux-gnu/ld-2.23.so
7f1a82b00000-7f1a82b05000 r--s 0003b000 08:04 8132567                    /usr/lib/jvm/java-8-openjdk-amd64/jre/lib/ext/sunjce_provider.jar
7f1a82b05000-7f1a82bca000 rw-p 00000000 00:00 0 
7f1a82bca000-7f1a82bcd000 ---p 00000000 00:00 0 
7f1a82bcd000-7f1a82cd0000 rw-p 00000000 00:00 0 
7f1a82cd0000-7f1a82cd1000 r--s 00003000 08:04 5647386                    /usr/share/java/ant-jdepend-1.9.6.jar
7f1a82cd1000-7f1a82cd2000 r--s 00003000 08:04 5647377                    /usr/share/java/ant-swing-1.9.6.jar
7f1a82cd2000-7f1a82cd3000 r--s 00004000 08:04 5647366                    /usr/share/java/ant-launcher-1.9.6.jar
7f1a82cd3000-7f1a82cd5000 r--s 00001000 08:04 8132547                    /usr/lib/jvm/java-8-openjdk-amd64/jre/lib/ext/dnsns.jar
7f1a82cd5000-7f1a82cd6000 r--s 0000a000 08:04 8132570                    /usr/lib/jvm/java-8-openjdk-amd64/jre/lib/ext/jaccess.jar
7f1a82cd6000-7f1a82cd7000 r--s 00010000 08:04 8132556                    /usr/lib/jvm/java-8-openjdk-amd64/jre/lib/ext/zipfs.jar
7f1a82cd7000-7f1a82cd9000 r--s 00008000 08:04 8132531                    /usr/lib/jvm/java-8-openjdk-amd64/jre/lib/ext/sunec.jar
7f1a82cd9000-7f1a82cdd000 r--s 00037000 08:04 8132562                    /usr/lib/jvm/java-8-openjdk-amd64/jre/lib/ext/sunpkcs11.jar
7f1a82cdd000-7f1a82ce0000 r--s 0000f000 08:04 8132548                    /usr/lib/jvm/java-8-openjdk-amd64/jre/lib/ext/icedtea-sound.jar
7f1a82ce0000-7f1a82cf3000 rw-p 00000000 00:00 0 
7f1a82cf3000-7f1a82cfb000 rw-s 00000000 08:04 3670265                    /tmp/hsperfdata_saurabh/4479
7f1a82cfb000-7f1a82cfc000 rw-p 00000000 00:00 0 
7f1a82cfc000-7f1a82cfd000 ---p 00000000 00:00 0 
7f1a82cfd000-7f1a82cff000 rw-p 00000000 00:00 0 
7f1a82cff000-7f1a82d00000 r--p 00025000 08:04 3670914                    /lib/x86_64-linux-gnu/ld-2.23.so
7f1a82d00000-7f1a82d01000 rw-p 00026000 08:04 3670914                    /lib/x86_64-linux-gnu/ld-2.23.so
7f1a82d01000-7f1a82d02000 rw-p 00000000 00:00 0 
7fff6eccc000-7fff6ecee000 rw-p 00000000 00:00 0                          [stack]
7fff6ed43000-7fff6ed45000 r--p 00000000 00:00 0                          [vvar]
7fff6ed45000-7fff6ed47000 r-xp 00000000 00:00 0                          [vdso]
ffffffffff600000-ffffffffff601000 r-xp 00000000 00:00 0                  [vsyscall]

VM Arguments:
jvm_args: -Dant.home=/usr/share/ant -Dant.library.dir=/usr/share/ant/lib 
java_command: org.apache.tools.ant.launch.Launcher -cp  java
java_class_path (initial): /usr/share/ant/lib/ant-launcher.jar
Launcher Type: SUN_STANDARD

Environment Variables:
PATH=/home/saurabh/SaurabhKumar/BeeWareVOC/PythonEnvironmets/VOC_Env/bin:/home/saurabh/anaconda2/bin:/home/saurabh/torch/install/bin:/home/saurabh/.pythonbrew/bin:/home/saurabh/.pythonbrew/bin:/home/saurabh/torch/install/bin:/usr/local/sbin:/usr/local/bin:/usr/sbin:/usr/bin:/sbin:/bin:/usr/games:/usr/local/games:/snap/bin:/usr/brlcad/bin
LD_LIBRARY_PATH=/home/saurabh/torch/install/lib:/home/saurabh/torch/install/lib:
SHELL=/bin/bash
DISPLAY=:0
DYLD_LIBRARY_PATH=/home/saurabh/torch/install/lib:/home/saurabh/torch/install/lib:

Signal Handlers:
SIGSEGV: [libjvm.so+0xa66fd0], sa_mask[0]=11111111011111111101111111111110, sa_flags=SA_RESTART|SA_SIGINFO
SIGBUS: [libjvm.so+0xa66fd0], sa_mask[0]=11111111011111111101111111111110, sa_flags=SA_RESTART|SA_SIGINFO
SIGFPE: [libjvm.so+0x8b0180], sa_mask[0]=11111111011111111101111111111110, sa_flags=SA_RESTART|SA_SIGINFO
SIGPIPE: [libjvm.so+0x8b0180], sa_mask[0]=11111111011111111101111111111110, sa_flags=SA_RESTART|SA_SIGINFO
SIGXFSZ: [libjvm.so+0x8b0180], sa_mask[0]=11111111011111111101111111111110, sa_flags=SA_RESTART|SA_SIGINFO
SIGILL: [libjvm.so+0x8b0180], sa_mask[0]=11111111011111111101111111111110, sa_flags=SA_RESTART|SA_SIGINFO
SIGUSR1: SIG_DFL, sa_mask[0]=00000000000000000000000000000000, sa_flags=none
SIGUSR2: [libjvm.so+0x8b0030], sa_mask[0]=00000000000000000000000000000000, sa_flags=SA_RESTART|SA_SIGINFO
SIGHUP: [libjvm.so+0x8b0500], sa_mask[0]=11111111011111111101111111111110, sa_flags=SA_RESTART|SA_SIGINFO
SIGINT: [libjvm.so+0x8b0500], sa_mask[0]=11111111011111111101111111111110, sa_flags=SA_RESTART|SA_SIGINFO
SIGTERM: [libjvm.so+0x8b0500], sa_mask[0]=11111111011111111101111111111110, sa_flags=SA_RESTART|SA_SIGINFO
SIGQUIT: [libjvm.so+0x8b0500], sa_mask[0]=11111111011111111101111111111110, sa_flags=SA_RESTART|SA_SIGINFO


---------------  S Y S T E M  ---------------

OS:DISTRIB_ID=Ubuntu
DISTRIB_RELEASE=16.04
DISTRIB_CODENAME=xenial
DISTRIB_DESCRIPTION="Ubuntu 16.04.2 LTS"

uname:Linux 4.4.0-65-generic #86-Ubuntu SMP Thu Feb 23 17:49:58 UTC 2017 x86_64
libc:glibc 2.23 NPTL 2.23 
rlimit: STACK 8192k, CORE 0k, NPROC 15392, NOFILE 65536, AS infinity
load average:11.86 6.53 3.06

/proc/meminfo:
MemTotal:        3980976 kB
MemFree:          120676 kB
MemAvailable:      35792 kB
Buffers:            1468 kB
Cached:           324028 kB
SwapCached:            0 kB
Active:          3364088 kB
Inactive:         295780 kB
Active(anon):    3355976 kB
Inactive(anon):   264340 kB
Active(file):       8112 kB
Inactive(file):    31440 kB
Unevictable:         176 kB
Mlocked:             176 kB
SwapTotal:             0 kB
SwapFree:              0 kB
Dirty:               120 kB
Writeback:             0 kB
AnonPages:       3334652 kB
Mapped:           129684 kB
Shmem:            285840 kB
Slab:              79468 kB
SReclaimable:      35752 kB
SUnreclaim:        43716 kB
KernelStack:       11328 kB
PageTables:        63296 kB
NFS_Unstable:          0 kB
Bounce:                0 kB
WritebackTmp:          0 kB
CommitLimit:     1990488 kB
Committed_AS:    8815948 kB
VmallocTotal:   34359738367 kB
VmallocUsed:           0 kB
VmallocChunk:          0 kB
HardwareCorrupted:     0 kB
AnonHugePages:   1241088 kB
CmaTotal:              0 kB
CmaFree:               0 kB
HugePages_Total:       0
HugePages_Free:        0
HugePages_Rsvd:        0
HugePages_Surp:        0
Hugepagesize:       2048 kB
DirectMap4k:      197312 kB
DirectMap2M:     3932160 kB
DirectMap1G:     1048576 kB


CPU:total 4 (2 cores per cpu, 2 threads per core) family 6 model 69 stepping 1, cmov, cx8, fxsr, mmx, sse, sse2, sse3, ssse3, sse4.1, sse4.2, popcnt, avx, avx2, aes, clmul, erms, lzcnt, ht, tsc, tscinvbit, bmi1, bmi2

/proc/cpuinfo:
processor	: 0
vendor_id	: GenuineIntel
cpu family	: 6
model		: 69
model name	: Intel(R) Core(TM) i3-4005U CPU @ 1.70GHz
stepping	: 1
microcode	: 0x1d
cpu MHz		: 1206.535
cache size	: 3072 KB
physical id	: 0
siblings	: 4
core id		: 0
cpu cores	: 2
apicid		: 0
initial apicid	: 0
fpu		: yes
fpu_exception	: yes
cpuid level	: 13
wp		: yes
flags		: fpu vme de pse tsc msr pae mce cx8 apic sep mtrr pge mca cmov pat pse36 clflush dts acpi mmx fxsr sse sse2 ss ht tm pbe syscall nx pdpe1gb rdtscp lm constant_tsc arch_perfmon pebs bts rep_good nopl xtopology nonstop_tsc aperfmperf eagerfpu pni pclmulqdq dtes64 monitor ds_cpl vmx est tm2 ssse3 sdbg fma cx16 xtpr pdcm pcid sse4_1 sse4_2 movbe popcnt tsc_deadline_timer aes xsave avx f16c rdrand lahf_lm abm epb tpr_shadow vnmi flexpriority ept vpid fsgsbase tsc_adjust bmi1 avx2 smep bmi2 erms invpcid xsaveopt dtherm ida arat pln pts
bugs		:
bogomips	: 3392.08
clflush size	: 64
cache_alignment	: 64
address sizes	: 39 bits physical, 48 bits virtual
power management:

processor	: 1
vendor_id	: GenuineIntel
cpu family	: 6
model		: 69
model name	: Intel(R) Core(TM) i3-4005U CPU @ 1.70GHz
stepping	: 1
microcode	: 0x1d
cpu MHz		: 1398.980
cache size	: 3072 KB
physical id	: 0
siblings	: 4
core id		: 0
cpu cores	: 2
apicid		: 1
initial apicid	: 1
fpu		: yes
fpu_exception	: yes
cpuid level	: 13
wp		: yes
flags		: fpu vme de pse tsc msr pae mce cx8 apic sep mtrr pge mca cmov pat pse36 clflush dts acpi mmx fxsr sse sse2 ss ht tm pbe syscall nx pdpe1gb rdtscp lm constant_tsc arch_perfmon pebs bts rep_good nopl xtopology nonstop_tsc aperfmperf eagerfpu pni pclmulqdq dtes64 monitor ds_cpl vmx est tm2 ssse3 sdbg fma cx16 xtpr pdcm pcid sse4_1 sse4_2 movbe popcnt tsc_deadline_timer aes xsave avx f16c rdrand lahf_lm abm epb tpr_shadow vnmi flexpriority ept vpid fsgsbase tsc_adjust bmi1 avx2 smep bmi2 erms invpcid xsaveopt dtherm ida arat pln pts
bugs		:
bogomips	: 3392.08
clflush size	: 64
cache_alignment	: 64
address sizes	: 39 bits physical, 48 bits virtual
power management:

processor	: 2
vendor_id	: GenuineIntel
cpu family	: 6
model		: 69
model name	: Intel(R) Core(TM) i3-4005U CPU @ 1.70GHz
stepping	: 1
microcode	: 0x1d
cpu MHz		: 1399.910
cache size	: 3072 KB
physical id	: 0
siblings	: 4
core id		: 1
cpu cores	: 2
apicid		: 2
initial apicid	: 2
fpu		: yes
fpu_exception	: yes
cpuid level	: 13
wp		: yes
flags		: fpu vme de pse tsc msr pae mce cx8 apic sep mtrr pge mca cmov pat pse36 clflush dts acpi mmx fxsr sse sse2 ss ht tm pbe syscall nx pdpe1gb rdtscp lm constant_tsc arch_perfmon pebs bts rep_good nopl xtopology nonstop_tsc aperfmperf eagerfpu pni pclmulqdq dtes64 monitor ds_cpl vmx est tm2 ssse3 sdbg fma cx16 xtpr pdcm pcid sse4_1 sse4_2 movbe popcnt tsc_deadline_timer aes xsave avx f16c rdrand lahf_lm abm epb tpr_shadow vnmi flexpriority ept vpid fsgsbase tsc_adjust bmi1 avx2 smep bmi2 erms invpcid xsaveopt dtherm ida arat pln pts
bugs		:
bogomips	: 3392.08
clflush size	: 64
cache_alignment	: 64
address sizes	: 39 bits physical, 48 bits virtual
power management:

processor	: 3
vendor_id	: GenuineIntel
cpu family	: 6
model		: 69
model name	: Intel(R) Core(TM) i3-4005U CPU @ 1.70GHz
stepping	: 1
microcode	: 0x1d
cpu MHz		: 1374.011
cache size	: 3072 KB
physical id	: 0
siblings	: 4
core id		: 1
cpu cores	: 2
apicid		: 3
initial apicid	: 3
fpu		: yes
fpu_exception	: yes
cpuid level	: 13
wp		: yes
flags		: fpu vme de pse tsc msr pae mce cx8 apic sep mtrr pge mca cmov pat pse36 clflush dts acpi mmx fxsr sse sse2 ss ht tm pbe syscall nx pdpe1gb rdtscp lm constant_tsc arch_perfmon pebs bts rep_good nopl xtopology nonstop_tsc aperfmperf eagerfpu pni pclmulqdq dtes64 monitor ds_cpl vmx est tm2 ssse3 sdbg fma cx16 xtpr pdcm pcid sse4_1 sse4_2 movbe popcnt tsc_deadline_timer aes xsave avx f16c rdrand lahf_lm abm epb tpr_shadow vnmi flexpriority ept vpid fsgsbase tsc_adjust bmi1 avx2 smep bmi2 erms invpcid xsaveopt dtherm ida arat pln pts
bugs		:
bogomips	: 3392.08
clflush size	: 64
cache_alignment	: 64
address sizes	: 39 bits physical, 48 bits virtual
power management:



Memory: 4k page, physical 3980976k(120676k free), swap 0k(0k free)

vm_info: OpenJDK 64-Bit Server VM (25.121-b13) for linux-amd64 JRE (1.8.0_121-8u121-b13-0ubuntu1.16.04.2-b13), built on Jan 23 2017 15:51:29 by "buildd" with gcc 5.4.0 20160609

time: Fri Mar  3 14:23:24 2017
elapsed time: 29 seconds (0d 0h 0m 29s)

