#
# There is insufficient memory for the Java Runtime Environment to continue.
# Native memory allocation (mmap) failed to map 63963136 bytes for committing reserved memory.
# Possible reasons:
#   The system is out of physical RAM or swap space
#   In 32 bit mode, the process size limit was hit
# Possible solutions:
#   Reduce memory load on the system
#   Increase physical memory or swap space
#   Check if swap backing store is full
#   Use 64 bit Java on a 64 bit OS
#   Decrease Java heap size (-Xmx/-Xms)
#   Decrease number of Java threads
#   Decrease Java thread stack sizes (-Xss)
#   Set larger code cache with -XX:ReservedCodeCacheSize=
# This output file may be truncated or incomplete.
#
#  Out of Memory Error (os_linux.cpp:2630), pid=4582, tid=0x00007f7c81e9c700
#
# JRE version: OpenJDK Runtime Environment (8.0_121-b13) (build 1.8.0_121-8u121-b13-0ubuntu1.16.04.2-b13)
# Java VM: OpenJDK 64-Bit Server VM (25.121-b13 mixed mode linux-amd64 compressed oops)
# Failed to write core dump. Core dumps have been disabled. To enable core dumping, try "ulimit -c unlimited" before starting Java again
#

---------------  T H R E A D  ---------------

Current thread (0x00007f7ca0077800):  VMThread [stack: 0x00007f7c81d9c000,0x00007f7c81e9d000] [id=4616]

Stack: [0x00007f7c81d9c000,0x00007f7c81e9d000],  sp=0x00007f7c81e9b4c0,  free space=1021k
Native frames: (J=compiled Java code, j=interpreted, Vv=VM code, C=native code)
V  [libjvm.so+0xa6647b]
V  [libjvm.so+0x4c32dc]
V  [libjvm.so+0x8b4b60]
V  [libjvm.so+0x8aefde]
V  [libjvm.so+0x929a16]
V  [libjvm.so+0x92ad43]
V  [libjvm.so+0x9273f3]
V  [libjvm.so+0x9276bc]
V  [libjvm.so+0x8d9553]
V  [libjvm.so+0xa68132]
V  [libjvm.so+0xa6d217]
V  [libjvm.so+0xa6a9e7]
V  [libjvm.so+0xa6be6f]
V  [libjvm.so+0xa6c361]
V  [libjvm.so+0x8b2042]

VM_Operation (0x00007f7ca8b28570): ParallelGCFailedAllocation, mode: safepoint, requested by thread 0x00007f7ca000a000


---------------  P R O C E S S  ---------------

Java Threads: ( => current thread )
  0x00007f7ca030a000 JavaThread "process reaper" daemon [_thread_blocked, id=4656, stack(0x00007f7c90035000,0x00007f7c9006e000)]
  0x00007f7ca00c1000 JavaThread "Service Thread" daemon [_thread_blocked, id=4647, stack(0x00007f7c813bd000,0x00007f7c814be000)]
  0x00007f7ca00b1800 JavaThread "C1 CompilerThread2" daemon [_thread_blocked, id=4633, stack(0x00007f7c814be000,0x00007f7c815bf000)]
  0x00007f7ca00af800 JavaThread "C2 CompilerThread1" daemon [_thread_blocked, id=4632, stack(0x00007f7c815bf000,0x00007f7c816c0000)]
  0x00007f7ca00ac800 JavaThread "C2 CompilerThread0" daemon [_thread_blocked, id=4631, stack(0x00007f7c816c0000,0x00007f7c817c1000)]
  0x00007f7ca00aa800 JavaThread "Signal Dispatcher" daemon [_thread_blocked, id=4627, stack(0x00007f7c817c1000,0x00007f7c818c2000)]
  0x00007f7ca0083800 JavaThread "Finalizer" daemon [_thread_blocked, id=4625, stack(0x00007f7c81b9a000,0x00007f7c81c9b000)]
  0x00007f7ca007f000 JavaThread "Reference Handler" daemon [_thread_blocked, id=4621, stack(0x00007f7c81c9b000,0x00007f7c81d9c000)]
  0x00007f7ca000a000 JavaThread "main" [_thread_blocked, id=4595, stack(0x00007f7ca8a2a000,0x00007f7ca8b2b000)]

Other Threads:
=>0x00007f7ca0077800 VMThread [stack: 0x00007f7c81d9c000,0x00007f7c81e9d000] [id=4616]
  0x00007f7ca00c3800 WatcherThread [stack: 0x00007f7c812bc000,0x00007f7c813bd000] [id=4648]

VM state:at safepoint (normal execution)

VM Mutex/Monitor currently owned by a thread:  ([mutex/lock_event])
[0x00007f7ca00062c0] Threads_lock - owner thread: 0x00007f7ca0077800
[0x00007f7ca00067c0] Heap_lock - owner thread: 0x00007f7ca000a000

Heap:
 PSYoungGen      total 72192K, used 5065K [0x00000000ebc00000, 0x00000000f0b00000, 0x0000000100000000)
  eden space 63488K, 0% used [0x00000000ebc00000,0x00000000ebc00000,0x00000000efa00000)
  from space 8704K, 58% used [0x00000000efa00000,0x00000000efef2688,0x00000000f0280000)
  to   space 8704K, 0% used [0x00000000f0280000,0x00000000f0280000,0x00000000f0b00000)
 ParOldGen       total 42496K, used 15408K [0x00000000c3400000, 0x00000000c5d80000, 0x00000000ebc00000)
  object space 42496K, 36% used [0x00000000c3400000,0x00000000c430c2f8,0x00000000c5d80000)
 Metaspace       used 15727K, capacity 15972K, committed 16128K, reserved 1062912K
  class space    used 1640K, capacity 1740K, committed 1792K, reserved 1048576K

Card table byte_map: [0x00007f7ca4f13000,0x00007f7ca50fa000] byte_map_base: 0x00007f7ca48f9000

Marking Bits: (ParMarkBitMap*) 0x00007f7ca7d0a220
 Begin Bits: [0x00007f7c821a0000, 0x00007f7c830d0000)
 End Bits:   [0x00007f7c830d0000, 0x00007f7c84000000)

Polling page: 0x00007f7ca8b5c000

CodeCache: size=245760Kb used=11436Kb max_used=12628Kb free=234323Kb
 bounds [0x00007f7c91000000, 0x00007f7c91ca0000, 0x00007f7ca0000000]
 total_blobs=3510 nmethods=3143 adapters=281
 compilation: enabled

Compilation events (10 events):
Event: 25.411 Thread 0x00007f7ca00ac800 3808       4       java.lang.ThreadLocal$ThreadLocalMap::getEntry (42 bytes)
Event: 25.415 Thread 0x00007f7ca00ac800 nmethod 3808 0x00007f7c917eaa10 code [0x00007f7c917eab60, 0x00007f7c917eac88]
Event: 25.415 Thread 0x00007f7ca00b1800 nmethod 3805 0x00007f7c919ce7d0 code [0x00007f7c919ceb80, 0x00007f7c919d1498]
Event: 25.415 Thread 0x00007f7ca00b1800 3811  s    3       org.apache.tools.ant.types.resources.BaseResourceCollectionContainer::cacheCollection (27 bytes)
Event: 25.416 Thread 0x00007f7ca00b1800 nmethod 3811 0x00007f7c91597c50 code [0x00007f7c91597de0, 0x00007f7c91598408]
Event: 25.416 Thread 0x00007f7ca00b1800 3810  s    1       org.apache.tools.ant.types.resources.BaseResourceCollectionContainer::isCache (5 bytes)
Event: 25.417 Thread 0x00007f7ca00b1800 nmethod 3810 0x00007f7c9158a490 code [0x00007f7c9158a5e0, 0x00007f7c9158a850]
Event: 25.417 Thread 0x00007f7ca00b1800 3802       3       org.apache.tools.ant.types.resources.LazyResourceCollectionWrapper::createIterator (71 bytes)
Event: 25.422 Thread 0x00007f7ca00b1800 nmethod 3802 0x00007f7c917633d0 code [0x00007f7c91763740, 0x00007f7c91765978]
Event: 25.451 Thread 0x00007f7ca00af800 nmethod 3806 0x00007f7c91752e90 code [0x00007f7c91753060, 0x00007f7c91753ec8]

GC Heap History (10 events):
Event: 7.089 GC heap after
Heap after GC invocations=2 (full 0):
 PSYoungGen      total 18432K, used 2543K [0x00000000ebc00000, 0x00000000ee000000, 0x0000000100000000)
  eden space 15872K, 0% used [0x00000000ebc00000,0x00000000ebc00000,0x00000000ecb80000)
  from space 2560K, 99% used [0x00000000ece00000,0x00000000ed07bc40,0x00000000ed080000)
  to   space 2560K, 0% used [0x00000000ecb80000,0x00000000ecb80000,0x00000000ece00000)
 ParOldGen       total 42496K, used 2208K [0x00000000c3400000, 0x00000000c5d80000, 0x00000000ebc00000)
  object space 42496K, 5% used [0x00000000c3400000,0x00000000c3628108,0x00000000c5d80000)
 Metaspace       used 10743K, capacity 10942K, committed 11136K, reserved 1058816K
  class space    used 1253K, capacity 1323K, committed 1408K, reserved 1048576K
}
Event: 8.577 GC heap before
{Heap before GC invocations=3 (full 0):
 PSYoungGen      total 18432K, used 18415K [0x00000000ebc00000, 0x00000000ee000000, 0x0000000100000000)
  eden space 15872K, 100% used [0x00000000ebc00000,0x00000000ecb80000,0x00000000ecb80000)
  from space 2560K, 99% used [0x00000000ece00000,0x00000000ed07bc40,0x00000000ed080000)
  to   space 2560K, 0% used [0x00000000ecb80000,0x00000000ecb80000,0x00000000ece00000)
 ParOldGen       total 42496K, used 2208K [0x00000000c3400000, 0x00000000c5d80000, 0x00000000ebc00000)
  object space 42496K, 5% used [0x00000000c3400000,0x00000000c3628108,0x00000000c5d80000)
 Metaspace       used 12427K, capacity 12638K, committed 12800K, reserved 1060864K
  class space    used 1412K, capacity 1483K, committed 1536K, reserved 1048576K
Event: 8.606 GC heap after
Heap after GC invocations=3 (full 0):
 PSYoungGen      total 18432K, used 2540K [0x00000000ebc00000, 0x00000000ee000000, 0x0000000100000000)
  eden space 15872K, 0% used [0x00000000ebc00000,0x00000000ebc00000,0x00000000ecb80000)
  from space 2560K, 99% used [0x00000000ecb80000,0x00000000ecdfb3d8,0x00000000ece00000)
  to   space 2560K, 0% used [0x00000000edd80000,0x00000000edd80000,0x00000000ee000000)
 ParOldGen       total 42496K, used 5799K [0x00000000c3400000, 0x00000000c5d80000, 0x00000000ebc00000)
  object space 42496K, 13% used [0x00000000c3400000,0x00000000c39a9df8,0x00000000c5d80000)
 Metaspace       used 12427K, capacity 12638K, committed 12800K, reserved 1060864K
  class space    used 1412K, capacity 1483K, committed 1536K, reserved 1048576K
}
Event: 9.605 GC heap before
{Heap before GC invocations=4 (full 0):
 PSYoungGen      total 18432K, used 18412K [0x00000000ebc00000, 0x00000000ee000000, 0x0000000100000000)
  eden space 15872K, 100% used [0x00000000ebc00000,0x00000000ecb80000,0x00000000ecb80000)
  from space 2560K, 99% used [0x00000000ecb80000,0x00000000ecdfb3d8,0x00000000ece00000)
  to   space 2560K, 0% used [0x00000000edd80000,0x00000000edd80000,0x00000000ee000000)
 ParOldGen       total 42496K, used 5799K [0x00000000c3400000, 0x00000000c5d80000, 0x00000000ebc00000)
  object space 42496K, 13% used [0x00000000c3400000,0x00000000c39a9df8,0x00000000c5d80000)
 Metaspace       used 12657K, capacity 12894K, committed 13056K, reserved 1060864K
  class space    used 1428K, capacity 1483K, committed 1536K, reserved 1048576K
Event: 9.681 GC heap after
Heap after GC invocations=4 (full 0):
 PSYoungGen      total 34304K, used 2535K [0x00000000ebc00000, 0x00000000ee000000, 0x0000000100000000)
  eden space 31744K, 0% used [0x00000000ebc00000,0x00000000ebc00000,0x00000000edb00000)
  from space 2560K, 99% used [0x00000000edd80000,0x00000000edff9d98,0x00000000ee000000)
  to   space 2560K, 0% used [0x00000000edb00000,0x00000000edb00000,0x00000000edd80000)
 ParOldGen       total 42496K, used 11141K [0x00000000c3400000, 0x00000000c5d80000, 0x00000000ebc00000)
  object space 42496K, 26% used [0x00000000c3400000,0x00000000c3ee1538,0x00000000c5d80000)
 Metaspace       used 12657K, capacity 12894K, committed 13056K, reserved 1060864K
  class space    used 1428K, capacity 1483K, committed 1536K, reserved 1048576K
}
Event: 14.525 GC heap before
{Heap before GC invocations=5 (full 0):
 PSYoungGen      total 34304K, used 34279K [0x00000000ebc00000, 0x00000000ee000000, 0x0000000100000000)
  eden space 31744K, 100% used [0x00000000ebc00000,0x00000000edb00000,0x00000000edb00000)
  from space 2560K, 99% used [0x00000000edd80000,0x00000000edff9d98,0x00000000ee000000)
  to   space 2560K, 0% used [0x00000000edb00000,0x00000000edb00000,0x00000000edd80000)
 ParOldGen       total 42496K, used 11141K [0x00000000c3400000, 0x00000000c5d80000, 0x00000000ebc00000)
  object space 42496K, 26% used [0x00000000c3400000,0x00000000c3ee1538,0x00000000c5d80000)
 Metaspace       used 14545K, capacity 14782K, committed 14976K, reserved 1062912K
  class space    used 1571K, capacity 1643K, committed 1664K, reserved 1048576K
Event: 14.569 GC heap after
Heap after GC invocations=5 (full 0):
 PSYoungGen      total 34304K, used 2551K [0x00000000ebc00000, 0x00000000f0b00000, 0x0000000100000000)
  eden space 31744K, 0% used [0x00000000ebc00000,0x00000000ebc00000,0x00000000edb00000)
  from space 2560K, 99% used [0x00000000edb00000,0x00000000edd7dd68,0x00000000edd80000)
  to   space 8704K, 0% used [0x00000000f0280000,0x00000000f0280000,0x00000000f0b00000)
 ParOldGen       total 42496K, used 14235K [0x00000000c3400000, 0x00000000c5d80000, 0x00000000ebc00000)
  object space 42496K, 33% used [0x00000000c3400000,0x00000000c41e6eb8,0x00000000c5d80000)
 Metaspace       used 14545K, capacity 14782K, committed 14976K, reserved 1062912K
  class space    used 1571K, capacity 1643K, committed 1664K, reserved 1048576K
}
Event: 17.922 GC heap before
{Heap before GC invocations=6 (full 0):
 PSYoungGen      total 34304K, used 34295K [0x00000000ebc00000, 0x00000000f0b00000, 0x0000000100000000)
  eden space 31744K, 100% used [0x00000000ebc00000,0x00000000edb00000,0x00000000edb00000)
  from space 2560K, 99% used [0x00000000edb00000,0x00000000edd7dd68,0x00000000edd80000)
  to   space 8704K, 0% used [0x00000000f0280000,0x00000000f0280000,0x00000000f0b00000)
 ParOldGen       total 42496K, used 14235K [0x00000000c3400000, 0x00000000c5d80000, 0x00000000ebc00000)
  object space 42496K, 33% used [0x00000000c3400000,0x00000000c41e6eb8,0x00000000c5d80000)
 Metaspace       used 15008K, capacity 15294K, committed 15488K, reserved 1062912K
  class space    used 1578K, capacity 1643K, committed 1664K, reserved 1048576K
Event: 17.976 GC heap after
Heap after GC invocations=6 (full 0):
 PSYoungGen      total 72192K, used 3447K [0x00000000ebc00000, 0x00000000f0b00000, 0x0000000100000000)
  eden space 63488K, 0% used [0x00000000ebc00000,0x00000000ebc00000,0x00000000efa00000)
  from space 8704K, 39% used [0x00000000f0280000,0x00000000f05ddd78,0x00000000f0b00000)
  to   space 8704K, 0% used [0x00000000efa00000,0x00000000efa00000,0x00000000f0280000)
 ParOldGen       total 42496K, used 14243K [0x00000000c3400000, 0x00000000c5d80000, 0x00000000ebc00000)
  object space 42496K, 33% used [0x00000000c3400000,0x00000000c41e8eb8,0x00000000c5d80000)
 Metaspace       used 15008K, capacity 15294K, committed 15488K, reserved 1062912K
  class space    used 1578K, capacity 1643K, committed 1664K, reserved 1048576K
}
Event: 25.462 GC heap before
{Heap before GC invocations=7 (full 0):
 PSYoungGen      total 72192K, used 66935K [0x00000000ebc00000, 0x00000000f0b00000, 0x0000000100000000)
  eden space 63488K, 100% used [0x00000000ebc00000,0x00000000efa00000,0x00000000efa00000)
  from space 8704K, 39% used [0x00000000f0280000,0x00000000f05ddd78,0x00000000f0b00000)
  to   space 8704K, 0% used [0x00000000efa00000,0x00000000efa00000,0x00000000f0280000)
 ParOldGen       total 42496K, used 14243K [0x00000000c3400000, 0x00000000c5d80000, 0x00000000ebc00000)
  object space 42496K, 33% used [0x00000000c3400000,0x00000000c41e8eb8,0x00000000c5d80000)
 Metaspace       used 15727K, capacity 15972K, committed 16128K, reserved 1062912K
  class space    used 1640K, capacity 1740K, committed 1792K, reserved 1048576K

Deoptimization events (10 events):
Event: 21.380 Thread 0x00007f7ca000a000 Uncommon trap: reason=bimorphic action=maybe_recompile pc=0x00007f7c91b3d31c method=com.sun.tools.javac.code.Types$14.visitClassType(Lcom/sun/tools/javac/code/Type$ClassType;Lcom/sun/tools/javac/code/Symbol;)Lcom/sun/tools/javac/code/Type; @ 82
Event: 21.383 Thread 0x00007f7ca000a000 Uncommon trap: reason=bimorphic action=maybe_recompile pc=0x00007f7c91b29d28 method=com.sun.tools.javac.code.Types$14.visitClassType(Lcom/sun/tools/javac/code/Type$ClassType;Lcom/sun/tools/javac/code/Symbol;)Lcom/sun/tools/javac/code/Type; @ 82
Event: 22.070 Thread 0x00007f7ca000a000 Uncommon trap: reason=unstable_if action=reinterpret pc=0x00007f7c91794a78 method=com.sun.tools.javac.code.Symbol$PackageSymbol.flags()J @ 4
Event: 22.095 Thread 0x00007f7ca000a000 Uncommon trap: reason=unstable_if action=reinterpret pc=0x00007f7c9183ede4 method=com.sun.tools.javac.code.Scope.getIndex(Lcom/sun/tools/javac/util/Name;)I @ 65
Event: 22.410 Thread 0x00007f7ca000a000 Uncommon trap: reason=unstable_if action=reinterpret pc=0x00007f7c91b9afd8 method=java.util.HashMap.removeNode(ILjava/lang/Object;Ljava/lang/Object;ZZ)Ljava/util/HashMap$Node; @ 58
Event: 22.431 Thread 0x00007f7ca000a000 Uncommon trap: reason=unstable_if action=reinterpret pc=0x00007f7c911f28e0 method=java.util.Date.normalize()Lsun/util/calendar/BaseCalendar$Date; @ 45
Event: 24.554 Thread 0x00007f7ca000a000 Uncommon trap: reason=predicate action=maybe_recompile pc=0x00007f7c9131de04 method=java.util.StringTokenizer.skipDelimiters(I)I @ 17
Event: 24.554 Thread 0x00007f7ca000a000 Uncommon trap: reason=unstable_if action=reinterpret pc=0x00007f7c9132e024 method=java.util.StringTokenizer.scanToken(I)I @ 96
Event: 24.555 Thread 0x00007f7ca000a000 Uncommon trap: reason=unstable_if action=reinterpret pc=0x00007f7c913103a8 method=java.util.StringTokenizer.scanToken(I)I @ 96
Event: 24.746 Thread 0x00007f7ca000a000 Uncommon trap: reason=unstable_if action=reinterpret pc=0x00007f7c91b9a708 method=java.lang.ref.ReferenceQueue.poll()Ljava/lang/ref/Reference; @ 4

Internal exceptions (10 events):
Event: 2.390 Thread 0x00007f7ca000a000 Exception <a 'java/security/PrivilegedActionException'> (0x00000000ebc9e950) thrown at [/build/openjdk-8-YiEakL/openjdk-8-8u121-b13/src/hotspot/src/share/vm/prims/jvm.cpp, line 1390]
Event: 2.390 Thread 0x00007f7ca000a000 Exception <a 'java/security/PrivilegedActionException'> (0x00000000ebc9eb60) thrown at [/build/openjdk-8-YiEakL/openjdk-8-8u121-b13/src/hotspot/src/share/vm/prims/jvm.cpp, line 1390]
Event: 2.390 Thread 0x00007f7ca000a000 Exception <a 'java/security/PrivilegedActionException'> (0x00000000ebceece0) thrown at [/build/openjdk-8-YiEakL/openjdk-8-8u121-b13/src/hotspot/src/share/vm/prims/jvm.cpp, line 1390]
Event: 2.390 Thread 0x00007f7ca000a000 Exception <a 'java/security/PrivilegedActionException'> (0x00000000ebceeef0) thrown at [/build/openjdk-8-YiEakL/openjdk-8-8u121-b13/src/hotspot/src/share/vm/prims/jvm.cpp, line 1390]
Event: 4.661 Thread 0x00007f7ca000a000 Exception <a 'java/lang/NoSuchFieldError': method resolution failed> (0x00000000ec69f940) thrown at [/build/openjdk-8-YiEakL/openjdk-8-8u121-b13/src/hotspot/src/share/vm/prims/methodHandles.cpp, line 1146]
Event: 4.684 Thread 0x00007f7ca000a000 Exception <a 'java/lang/NoSuchFieldError': method resolution failed> (0x00000000ec6ad000) thrown at [/build/openjdk-8-YiEakL/openjdk-8-8u121-b13/src/hotspot/src/share/vm/prims/methodHandles.cpp, line 1146]
Event: 5.656 Thread 0x00007f7ca000a000 Exception <a 'java/lang/ClassNotFoundException': org/apache/tools/ant/helper/DefaultExecutor> (0x00000000ec8e7400) thrown at [/build/openjdk-8-YiEakL/openjdk-8-8u121-b13/src/hotspot/src/share/vm/classfile/systemDictionary.cpp, line 210]
Event: 9.242 Thread 0x00007f7ca000a000 Exception <a 'java/io/FileNotFoundException'> (0x00000000ec68e7d0) thrown at [/build/openjdk-8-YiEakL/openjdk-8-8u121-b13/src/hotspot/src/share/vm/prims/jni.cpp, line 709]
Event: 9.292 Thread 0x00007f7ca000a000 Exception <a 'java/io/FileNotFoundException'> (0x00000000ec6b6a10) thrown at [/build/openjdk-8-YiEakL/openjdk-8-8u121-b13/src/hotspot/src/share/vm/prims/jni.cpp, line 709]
Event: 9.292 Thread 0x00007f7ca000a000 Exception <a 'java/io/FileNotFoundException'> (0x00000000ec6b76d8) thrown at [/build/openjdk-8-YiEakL/openjdk-8-8u121-b13/src/hotspot/src/share/vm/prims/jni.cpp, line 709]

Events (10 events):
Event: 24.554 Thread 0x00007f7ca000a000 DEOPT UNPACKING pc=0x00007f7c91004f69 sp=0x00007f7ca8b28658 mode 2
Event: 24.555 Thread 0x00007f7ca000a000 Uncommon trap: trap_request=0xffffff65 fr.pc=0x00007f7c913103a8
Event: 24.555 Thread 0x00007f7ca000a000 DEOPT PACKING pc=0x00007f7c913103a8 sp=0x00007f7ca8b28690
Event: 24.555 Thread 0x00007f7ca000a000 DEOPT UNPACKING pc=0x00007f7c91004f69 sp=0x00007f7ca8b28658 mode 2
Event: 24.746 Thread 0x00007f7ca000a000 Uncommon trap: trap_request=0xffffff65 fr.pc=0x00007f7c91b9a708
Event: 24.746 Thread 0x00007f7ca000a000 DEOPT PACKING pc=0x00007f7c91b9a708 sp=0x00007f7ca8b28220
Event: 24.746 Thread 0x00007f7ca000a000 DEOPT UNPACKING pc=0x00007f7c91004f69 sp=0x00007f7ca8b28088 mode 2
Event: 25.401 Thread 0x00007f7ca000a000 DEOPT PACKING pc=0x00007f7c914aa0bd sp=0x00007f7ca8b283d0
Event: 25.402 Thread 0x00007f7ca000a000 DEOPT UNPACKING pc=0x00007f7c91047373 sp=0x00007f7ca8b28140 mode 0
Event: 25.457 Executing VM operation: ParallelGCFailedAllocation


Dynamic libraries:
00400000-00401000 r-xp 00000000 08:04 7733285                            /usr/lib/jvm/java-8-openjdk-amd64/jre/bin/java
00600000-00601000 r--p 00000000 08:04 7733285                            /usr/lib/jvm/java-8-openjdk-amd64/jre/bin/java
00601000-00602000 rw-p 00001000 08:04 7733285                            /usr/lib/jvm/java-8-openjdk-amd64/jre/bin/java
02036000-02057000 rw-p 00000000 00:00 0                                  [heap]
c3400000-c5d80000 rw-p 00000000 00:00 0 
c5d80000-ebc00000 ---p 00000000 00:00 0 
ebc00000-f0b00000 rw-p 00000000 00:00 0 
f4800000-100000000 ---p 00000000 00:00 0 
100000000-1001c0000 rw-p 00000000 00:00 0 
1001c0000-140000000 ---p 00000000 00:00 0 
7f7c4c000000-7f7c4c021000 rw-p 00000000 00:00 0 
7f7c4c021000-7f7c50000000 ---p 00000000 00:00 0 
7f7c50000000-7f7c50021000 rw-p 00000000 00:00 0 
7f7c50021000-7f7c54000000 ---p 00000000 00:00 0 
7f7c54000000-7f7c54021000 rw-p 00000000 00:00 0 
7f7c54021000-7f7c58000000 ---p 00000000 00:00 0 
7f7c58000000-7f7c58021000 rw-p 00000000 00:00 0 
7f7c58021000-7f7c5c000000 ---p 00000000 00:00 0 
7f7c5c000000-7f7c5cca6000 rw-p 00000000 00:00 0 
7f7c5cca6000-7f7c60000000 ---p 00000000 00:00 0 
7f7c60000000-7f7c60021000 rw-p 00000000 00:00 0 
7f7c60021000-7f7c64000000 ---p 00000000 00:00 0 
7f7c64000000-7f7c65ca0000 rw-p 00000000 00:00 0 
7f7c65ca0000-7f7c68000000 ---p 00000000 00:00 0 
7f7c68000000-7f7c68f53000 rw-p 00000000 00:00 0 
7f7c68f53000-7f7c6c000000 ---p 00000000 00:00 0 
7f7c6c000000-7f7c6c021000 rw-p 00000000 00:00 0 
7f7c6c021000-7f7c70000000 ---p 00000000 00:00 0 
7f7c70000000-7f7c70021000 rw-p 00000000 00:00 0 
7f7c70021000-7f7c74000000 ---p 00000000 00:00 0 
7f7c74000000-7f7c74021000 rw-p 00000000 00:00 0 
7f7c74021000-7f7c78000000 ---p 00000000 00:00 0 
7f7c78000000-7f7c78021000 rw-p 00000000 00:00 0 
7f7c78021000-7f7c7c000000 ---p 00000000 00:00 0 
7f7c7c000000-7f7c7c021000 rw-p 00000000 00:00 0 
7f7c7c021000-7f7c80000000 ---p 00000000 00:00 0 
7f7c80315000-7f7c80326000 r-xp 00000000 08:04 8257742                    /usr/lib/jvm/java-8-openjdk-amd64/jre/lib/amd64/libnio.so
7f7c80326000-7f7c80526000 ---p 00011000 08:04 8257742                    /usr/lib/jvm/java-8-openjdk-amd64/jre/lib/amd64/libnio.so
7f7c80526000-7f7c80527000 r--p 00011000 08:04 8257742                    /usr/lib/jvm/java-8-openjdk-amd64/jre/lib/amd64/libnio.so
7f7c80527000-7f7c80528000 rw-p 00012000 08:04 8257742                    /usr/lib/jvm/java-8-openjdk-amd64/jre/lib/amd64/libnio.so
7f7c80528000-7f7c80829000 rw-p 00000000 00:00 0 
7f7c80829000-7f7c80840000 r-xp 00000000 08:04 8257636                    /usr/lib/jvm/java-8-openjdk-amd64/jre/lib/amd64/libnet.so
7f7c80840000-7f7c80a3f000 ---p 00017000 08:04 8257636                    /usr/lib/jvm/java-8-openjdk-amd64/jre/lib/amd64/libnet.so
7f7c80a3f000-7f7c80a40000 r--p 00016000 08:04 8257636                    /usr/lib/jvm/java-8-openjdk-amd64/jre/lib/amd64/libnet.so
7f7c80a40000-7f7c80a41000 rw-p 00017000 08:04 8257636                    /usr/lib/jvm/java-8-openjdk-amd64/jre/lib/amd64/libnet.so
7f7c80a41000-7f7c80c41000 rw-p 00000000 00:00 0 
7f7c80c41000-7f7c80e41000 rw-p 00000000 00:00 0 
7f7c80e41000-7f7c81041000 rw-p 00000000 00:00 0 
7f7c81041000-7f7c81044000 ---p 00000000 00:00 0 
7f7c81044000-7f7c81142000 rw-p 00000000 00:00 0 
7f7c81142000-7f7c81145000 ---p 00000000 00:00 0 
7f7c81145000-7f7c81243000 rw-p 00000000 00:00 0 
7f7c81243000-7f7c812bc000 r--s 010fd000 08:04 7340065                    /usr/lib/jvm/java-8-openjdk-amd64/lib/tools.jar
7f7c812bc000-7f7c812bd000 ---p 00000000 00:00 0 
7f7c812bd000-7f7c813bd000 rw-p 00000000 00:00 0 
7f7c813bd000-7f7c813c0000 ---p 00000000 00:00 0 
7f7c813c0000-7f7c814be000 rw-p 00000000 00:00 0 
7f7c814be000-7f7c814c1000 ---p 00000000 00:00 0 
7f7c814c1000-7f7c815bf000 rw-p 00000000 00:00 0 
7f7c815bf000-7f7c815c2000 ---p 00000000 00:00 0 
7f7c815c2000-7f7c816c0000 rw-p 00000000 00:00 0 
7f7c816c0000-7f7c816c3000 ---p 00000000 00:00 0 
7f7c816c3000-7f7c817c1000 rw-p 00000000 00:00 0 
7f7c817c1000-7f7c817c4000 ---p 00000000 00:00 0 
7f7c817c4000-7f7c818c2000 rw-p 00000000 00:00 0 
7f7c818c2000-7f7c81b9a000 r--p 00000000 08:04 5243882                    /usr/lib/locale/locale-archive
7f7c81b9a000-7f7c81b9d000 ---p 00000000 00:00 0 
7f7c81b9d000-7f7c81c9b000 rw-p 00000000 00:00 0 
7f7c81c9b000-7f7c81c9e000 ---p 00000000 00:00 0 
7f7c81c9e000-7f7c81d9c000 rw-p 00000000 00:00 0 
7f7c81d9c000-7f7c81d9d000 ---p 00000000 00:00 0 
7f7c81d9d000-7f7c84000000 rw-p 00000000 00:00 0 
7f7c84000000-7f7c84021000 rw-p 00000000 00:00 0 
7f7c84021000-7f7c88000000 ---p 00000000 00:00 0 
7f7c88000000-7f7c88021000 rw-p 00000000 00:00 0 
7f7c88021000-7f7c8c000000 ---p 00000000 00:00 0 
7f7c8c000000-7f7c8c021000 rw-p 00000000 00:00 0 
7f7c8c021000-7f7c90000000 ---p 00000000 00:00 0 
7f7c90035000-7f7c90038000 ---p 00000000 00:00 0 
7f7c90038000-7f7c9006e000 rw-p 00000000 00:00 0 
7f7c9006e000-7f7c90071000 r--s 00014000 08:04 5647391                    /usr/share/java/ant-commons-net-1.9.6.jar
7f7c90071000-7f7c90072000 r--s 00002000 08:04 5647378                    /usr/share/java/ant-antlr-1.9.6.jar
7f7c90072000-7f7c90073000 r--s 00001000 08:04 5647383                    /usr/share/java/ant-apache-xalan2-1.9.6.jar
7f7c90073000-7f7c90075000 r--s 00002000 08:04 5647388                    /usr/share/java/ant-jmf-1.9.6.jar
7f7c90075000-7f7c90076000 r--s 00006000 08:04 5647390                    /usr/share/java/ant-testutil-1.9.6.jar
7f7c90076000-7f7c90078000 r--s 0001b000 08:04 5647381                    /usr/share/java/ant-junit-1.9.6.jar
7f7c90078000-7f7c90079000 r--s 00002000 08:04 5647376                    /usr/share/java/ant-apache-regexp-1.9.6.jar
7f7c90079000-7f7c9007a000 r--s 00002000 08:04 5647387                    /usr/share/java/ant-apache-oro-1.9.6.jar
7f7c9007a000-7f7c9007b000 r--s 00002000 08:04 5647379                    /usr/share/java/ant-apache-bsf-1.9.6.jar
7f7c9007b000-7f7c9007c000 r--s 00003000 08:04 5647380                    /usr/share/java/ant-apache-bcel-1.9.6.jar
7f7c9007c000-7f7c9007d000 r--s 00002000 08:04 5647392                    /usr/share/java/ant-apache-resolver-1.9.6.jar
7f7c9007d000-7f7c9007f000 r--s 0000a000 08:04 5647375                    /usr/share/java/ant-jsch-1.9.6.jar
7f7c9007f000-7f7c90081000 r--s 00002000 08:04 5647389                    /usr/share/java/ant-junit4-1.9.6.jar
7f7c90081000-7f7c900a0000 r--s 001d1000 08:04 5647365                    /usr/share/java/ant-1.9.6.jar
7f7c900a0000-7f7c900a2000 r--s 00001000 08:04 5647385                    /usr/share/java/ant-apache-log4j-1.9.6.jar
7f7c900a2000-7f7c900bd000 r--s 001d6000 08:04 8132543                    /usr/lib/jvm/java-8-openjdk-amd64/jre/lib/ext/nashorn.jar
7f7c900bd000-7f7c900d8000 r--s 00394000 08:04 8132549                    /usr/lib/jvm/java-8-openjdk-amd64/jre/lib/ext/cldrdata.jar
7f7c900d8000-7f7c91000000 rw-p 00000000 00:00 0 
7f7c91000000-7f7c91ca0000 rwxp 00000000 00:00 0 
7f7c91ca0000-7f7ca0000000 ---p 00000000 00:00 0 
7f7ca0000000-7f7ca05cd000 rw-p 00000000 00:00 0 
7f7ca05cd000-7f7ca4000000 ---p 00000000 00:00 0 
7f7ca4000000-7f7ca4001000 r--s 00004000 08:04 5647366                    /usr/share/java/ant-launcher-1.9.6.jar
7f7ca4001000-7f7ca4002000 r--s 00002000 08:04 5647382                    /usr/share/java/ant-commons-logging-1.9.6.jar
7f7ca4002000-7f7ca4003000 r--s 00003000 08:04 5647384                    /usr/share/java/ant-javamail-1.9.6.jar
7f7ca4003000-7f7ca400d000 r--s 00116000 08:04 8132563                    /usr/lib/jvm/java-8-openjdk-amd64/jre/lib/ext/localedata.jar
7f7ca400d000-7f7ca45a1000 rw-p 00000000 00:00 0 
7f7ca45a1000-7f7ca476f000 r--s 03c06000 08:04 7864358                    /usr/lib/jvm/java-8-openjdk-amd64/jre/lib/rt.jar
7f7ca476f000-7f7ca49cb000 rw-p 00000000 00:00 0 
7f7ca49cb000-7f7ca49cc000 ---p 00000000 00:00 0 
7f7ca49cc000-7f7ca4acc000 rw-p 00000000 00:00 0 
7f7ca4acc000-7f7ca4acd000 ---p 00000000 00:00 0 
7f7ca4acd000-7f7ca4bcd000 rw-p 00000000 00:00 0 
7f7ca4bcd000-7f7ca4bce000 ---p 00000000 00:00 0 
7f7ca4bce000-7f7ca4cce000 rw-p 00000000 00:00 0 
7f7ca4cce000-7f7ca4ccf000 ---p 00000000 00:00 0 
7f7ca4ccf000-7f7ca4de4000 rw-p 00000000 00:00 0 
7f7ca4de4000-7f7ca4f13000 ---p 00000000 00:00 0 
7f7ca4f13000-7f7ca4f28000 rw-p 00000000 00:00 0 
7f7ca4f28000-7f7ca5057000 ---p 00000000 00:00 0 
7f7ca5057000-7f7ca507f000 rw-p 00000000 00:00 0 
7f7ca507f000-7f7ca50f9000 ---p 00000000 00:00 0 
7f7ca50f9000-7f7ca512d000 rw-p 00000000 00:00 0 
7f7ca512d000-7f7ca54ba000 ---p 00000000 00:00 0 
7f7ca54ba000-7f7ca54c2000 r-xp 00000000 08:04 8257634                    /usr/lib/jvm/java-8-openjdk-amd64/jre/lib/amd64/libzip.so
7f7ca54c2000-7f7ca56c1000 ---p 00008000 08:04 8257634                    /usr/lib/jvm/java-8-openjdk-amd64/jre/lib/amd64/libzip.so
7f7ca56c1000-7f7ca56c2000 r--p 00007000 08:04 8257634                    /usr/lib/jvm/java-8-openjdk-amd64/jre/lib/amd64/libzip.so
7f7ca56c2000-7f7ca56c3000 rw-p 00008000 08:04 8257634                    /usr/lib/jvm/java-8-openjdk-amd64/jre/lib/amd64/libzip.so
7f7ca56c3000-7f7ca56ce000 r-xp 00000000 08:04 3670956                    /lib/x86_64-linux-gnu/libnss_files-2.23.so
7f7ca56ce000-7f7ca58cd000 ---p 0000b000 08:04 3670956                    /lib/x86_64-linux-gnu/libnss_files-2.23.so
7f7ca58cd000-7f7ca58ce000 r--p 0000a000 08:04 3670956                    /lib/x86_64-linux-gnu/libnss_files-2.23.so
7f7ca58ce000-7f7ca58cf000 rw-p 0000b000 08:04 3670956                    /lib/x86_64-linux-gnu/libnss_files-2.23.so
7f7ca58cf000-7f7ca58d5000 rw-p 00000000 00:00 0 
7f7ca58d5000-7f7ca58e0000 r-xp 00000000 08:04 3670928                    /lib/x86_64-linux-gnu/libnss_nis-2.23.so
7f7ca58e0000-7f7ca5adf000 ---p 0000b000 08:04 3670928                    /lib/x86_64-linux-gnu/libnss_nis-2.23.so
7f7ca5adf000-7f7ca5ae0000 r--p 0000a000 08:04 3670928                    /lib/x86_64-linux-gnu/libnss_nis-2.23.so
7f7ca5ae0000-7f7ca5ae1000 rw-p 0000b000 08:04 3670928                    /lib/x86_64-linux-gnu/libnss_nis-2.23.so
7f7ca5ae1000-7f7ca5af7000 r-xp 00000000 08:04 3670950                    /lib/x86_64-linux-gnu/libnsl-2.23.so
7f7ca5af7000-7f7ca5cf6000 ---p 00016000 08:04 3670950                    /lib/x86_64-linux-gnu/libnsl-2.23.so
7f7ca5cf6000-7f7ca5cf7000 r--p 00015000 08:04 3670950                    /lib/x86_64-linux-gnu/libnsl-2.23.so
7f7ca5cf7000-7f7ca5cf8000 rw-p 00016000 08:04 3670950                    /lib/x86_64-linux-gnu/libnsl-2.23.so
7f7ca5cf8000-7f7ca5cfa000 rw-p 00000000 00:00 0 
7f7ca5cfa000-7f7ca5d02000 r-xp 00000000 08:04 3670952                    /lib/x86_64-linux-gnu/libnss_compat-2.23.so
7f7ca5d02000-7f7ca5f01000 ---p 00008000 08:04 3670952                    /lib/x86_64-linux-gnu/libnss_compat-2.23.so
7f7ca5f01000-7f7ca5f02000 r--p 00007000 08:04 3670952                    /lib/x86_64-linux-gnu/libnss_compat-2.23.so
7f7ca5f02000-7f7ca5f03000 rw-p 00008000 08:04 3670952                    /lib/x86_64-linux-gnu/libnss_compat-2.23.so
7f7ca5f03000-7f7ca5f30000 r-xp 00000000 08:04 8257780                    /usr/lib/jvm/java-8-openjdk-amd64/jre/lib/amd64/libjava.so
7f7ca5f30000-7f7ca612f000 ---p 0002d000 08:04 8257780                    /usr/lib/jvm/java-8-openjdk-amd64/jre/lib/amd64/libjava.so
7f7ca612f000-7f7ca6130000 r--p 0002c000 08:04 8257780                    /usr/lib/jvm/java-8-openjdk-amd64/jre/lib/amd64/libjava.so
7f7ca6130000-7f7ca6132000 rw-p 0002d000 08:04 8257780                    /usr/lib/jvm/java-8-openjdk-amd64/jre/lib/amd64/libjava.so
7f7ca6132000-7f7ca6141000 r-xp 00000000 08:04 8257582                    /usr/lib/jvm/java-8-openjdk-amd64/jre/lib/amd64/libverify.so
7f7ca6141000-7f7ca6340000 ---p 0000f000 08:04 8257582                    /usr/lib/jvm/java-8-openjdk-amd64/jre/lib/amd64/libverify.so
7f7ca6340000-7f7ca6342000 r--p 0000e000 08:04 8257582                    /usr/lib/jvm/java-8-openjdk-amd64/jre/lib/amd64/libverify.so
7f7ca6342000-7f7ca6343000 rw-p 00010000 08:04 8257582                    /usr/lib/jvm/java-8-openjdk-amd64/jre/lib/amd64/libverify.so
7f7ca6343000-7f7ca634a000 r-xp 00000000 08:04 3670926                    /lib/x86_64-linux-gnu/librt-2.23.so
7f7ca634a000-7f7ca6549000 ---p 00007000 08:04 3670926                    /lib/x86_64-linux-gnu/librt-2.23.so
7f7ca6549000-7f7ca654a000 r--p 00006000 08:04 3670926                    /lib/x86_64-linux-gnu/librt-2.23.so
7f7ca654a000-7f7ca654b000 rw-p 00007000 08:04 3670926                    /lib/x86_64-linux-gnu/librt-2.23.so
7f7ca654b000-7f7ca6561000 r-xp 00000000 08:04 3674212                    /lib/x86_64-linux-gnu/libgcc_s.so.1
7f7ca6561000-7f7ca6760000 ---p 00016000 08:04 3674212                    /lib/x86_64-linux-gnu/libgcc_s.so.1
7f7ca6760000-7f7ca6761000 rw-p 00015000 08:04 3674212                    /lib/x86_64-linux-gnu/libgcc_s.so.1
7f7ca6761000-7f7ca6869000 r-xp 00000000 08:04 3670946                    /lib/x86_64-linux-gnu/libm-2.23.so
7f7ca6869000-7f7ca6a68000 ---p 00108000 08:04 3670946                    /lib/x86_64-linux-gnu/libm-2.23.so
7f7ca6a68000-7f7ca6a69000 r--p 00107000 08:04 3670946                    /lib/x86_64-linux-gnu/libm-2.23.so
7f7ca6a69000-7f7ca6a6a000 rw-p 00108000 08:04 3670946                    /lib/x86_64-linux-gnu/libm-2.23.so
7f7ca6a6a000-7f7ca6bdc000 r-xp 00000000 08:04 5245011                    /usr/lib/x86_64-linux-gnu/libstdc++.so.6.0.21
7f7ca6bdc000-7f7ca6ddc000 ---p 00172000 08:04 5245011                    /usr/lib/x86_64-linux-gnu/libstdc++.so.6.0.21
7f7ca6ddc000-7f7ca6de6000 r--p 00172000 08:04 5245011                    /usr/lib/x86_64-linux-gnu/libstdc++.so.6.0.21
7f7ca6de6000-7f7ca6de8000 rw-p 0017c000 08:04 5245011                    /usr/lib/x86_64-linux-gnu/libstdc++.so.6.0.21
7f7ca6de8000-7f7ca6dec000 rw-p 00000000 00:00 0 
7f7ca6dec000-7f7ca7a3c000 r-xp 00000000 08:04 8388635                    /usr/lib/jvm/java-8-openjdk-amd64/jre/lib/amd64/server/libjvm.so
7f7ca7a3c000-7f7ca7c3b000 ---p 00c50000 08:04 8388635                    /usr/lib/jvm/java-8-openjdk-amd64/jre/lib/amd64/server/libjvm.so
7f7ca7c3b000-7f7ca7cce000 r--p 00c4f000 08:04 8388635                    /usr/lib/jvm/java-8-openjdk-amd64/jre/lib/amd64/server/libjvm.so
7f7ca7cce000-7f7ca7cf7000 rw-p 00ce2000 08:04 8388635                    /usr/lib/jvm/java-8-openjdk-amd64/jre/lib/amd64/server/libjvm.so
7f7ca7cf7000-7f7ca7d27000 rw-p 00000000 00:00 0 
7f7ca7d27000-7f7ca7d3f000 r-xp 00000000 08:04 3670948                    /lib/x86_64-linux-gnu/libpthread-2.23.so
7f7ca7d3f000-7f7ca7f3e000 ---p 00018000 08:04 3670948                    /lib/x86_64-linux-gnu/libpthread-2.23.so
7f7ca7f3e000-7f7ca7f3f000 r--p 00017000 08:04 3670948                    /lib/x86_64-linux-gnu/libpthread-2.23.so
7f7ca7f3f000-7f7ca7f40000 rw-p 00018000 08:04 3670948                    /lib/x86_64-linux-gnu/libpthread-2.23.so
7f7ca7f40000-7f7ca7f44000 rw-p 00000000 00:00 0 
7f7ca7f44000-7f7ca7f47000 r-xp 00000000 08:04 3670934                    /lib/x86_64-linux-gnu/libdl-2.23.so
7f7ca7f47000-7f7ca8146000 ---p 00003000 08:04 3670934                    /lib/x86_64-linux-gnu/libdl-2.23.so
7f7ca8146000-7f7ca8147000 r--p 00002000 08:04 3670934                    /lib/x86_64-linux-gnu/libdl-2.23.so
7f7ca8147000-7f7ca8148000 rw-p 00003000 08:04 3670934                    /lib/x86_64-linux-gnu/libdl-2.23.so
7f7ca8148000-7f7ca8161000 r-xp 00000000 08:04 3670183                    /lib/x86_64-linux-gnu/libz.so.1.2.8
7f7ca8161000-7f7ca8360000 ---p 00019000 08:04 3670183                    /lib/x86_64-linux-gnu/libz.so.1.2.8
7f7ca8360000-7f7ca8361000 r--p 00018000 08:04 3670183                    /lib/x86_64-linux-gnu/libz.so.1.2.8
7f7ca8361000-7f7ca8362000 rw-p 00019000 08:04 3670183                    /lib/x86_64-linux-gnu/libz.so.1.2.8
7f7ca8362000-7f7ca8521000 r-xp 00000000 08:04 3670936                    /lib/x86_64-linux-gnu/libc-2.23.so
7f7ca8521000-7f7ca8721000 ---p 001bf000 08:04 3670936                    /lib/x86_64-linux-gnu/libc-2.23.so
7f7ca8721000-7f7ca8725000 r--p 001bf000 08:04 3670936                    /lib/x86_64-linux-gnu/libc-2.23.so
7f7ca8725000-7f7ca8727000 rw-p 001c3000 08:04 3670936                    /lib/x86_64-linux-gnu/libc-2.23.so
7f7ca8727000-7f7ca872b000 rw-p 00000000 00:00 0 
7f7ca872b000-7f7ca8738000 r-xp 00000000 08:04 8519684                    /usr/lib/jvm/java-8-openjdk-amd64/jre/lib/amd64/jli/libjli.so
7f7ca8738000-7f7ca8938000 ---p 0000d000 08:04 8519684                    /usr/lib/jvm/java-8-openjdk-amd64/jre/lib/amd64/jli/libjli.so
7f7ca8938000-7f7ca8939000 r--p 0000d000 08:04 8519684                    /usr/lib/jvm/java-8-openjdk-amd64/jre/lib/amd64/jli/libjli.so
7f7ca8939000-7f7ca893a000 rw-p 0000e000 08:04 8519684                    /usr/lib/jvm/java-8-openjdk-amd64/jre/lib/amd64/jli/libjli.so
7f7ca893a000-7f7ca8960000 r-xp 00000000 08:04 3670914                    /lib/x86_64-linux-gnu/ld-2.23.so
7f7ca8960000-7f7ca8965000 r--s 0003b000 08:04 8132567                    /usr/lib/jvm/java-8-openjdk-amd64/jre/lib/ext/sunjce_provider.jar
7f7ca8965000-7f7ca8a2a000 rw-p 00000000 00:00 0 
7f7ca8a2a000-7f7ca8a2d000 ---p 00000000 00:00 0 
7f7ca8a2d000-7f7ca8b30000 rw-p 00000000 00:00 0 
7f7ca8b30000-7f7ca8b31000 r--s 00003000 08:04 5647386                    /usr/share/java/ant-jdepend-1.9.6.jar
7f7ca8b31000-7f7ca8b32000 r--s 00003000 08:04 5647377                    /usr/share/java/ant-swing-1.9.6.jar
7f7ca8b32000-7f7ca8b33000 r--s 00004000 08:04 5647366                    /usr/share/java/ant-launcher-1.9.6.jar
7f7ca8b33000-7f7ca8b35000 r--s 00001000 08:04 8132547                    /usr/lib/jvm/java-8-openjdk-amd64/jre/lib/ext/dnsns.jar
7f7ca8b35000-7f7ca8b36000 r--s 0000a000 08:04 8132570                    /usr/lib/jvm/java-8-openjdk-amd64/jre/lib/ext/jaccess.jar
7f7ca8b36000-7f7ca8b37000 r--s 00010000 08:04 8132556                    /usr/lib/jvm/java-8-openjdk-amd64/jre/lib/ext/zipfs.jar
7f7ca8b37000-7f7ca8b39000 r--s 00008000 08:04 8132531                    /usr/lib/jvm/java-8-openjdk-amd64/jre/lib/ext/sunec.jar
7f7ca8b39000-7f7ca8b3d000 r--s 00037000 08:04 8132562                    /usr/lib/jvm/java-8-openjdk-amd64/jre/lib/ext/sunpkcs11.jar
7f7ca8b3d000-7f7ca8b40000 r--s 0000f000 08:04 8132548                    /usr/lib/jvm/java-8-openjdk-amd64/jre/lib/ext/icedtea-sound.jar
7f7ca8b40000-7f7ca8b53000 rw-p 00000000 00:00 0 
7f7ca8b53000-7f7ca8b5b000 rw-s 00000000 08:04 3670265                    /tmp/hsperfdata_saurabh/4582
7f7ca8b5b000-7f7ca8b5c000 rw-p 00000000 00:00 0 
7f7ca8b5c000-7f7ca8b5d000 ---p 00000000 00:00 0 
7f7ca8b5d000-7f7ca8b5f000 rw-p 00000000 00:00 0 
7f7ca8b5f000-7f7ca8b60000 r--p 00025000 08:04 3670914                    /lib/x86_64-linux-gnu/ld-2.23.so
7f7ca8b60000-7f7ca8b61000 rw-p 00026000 08:04 3670914                    /lib/x86_64-linux-gnu/ld-2.23.so
7f7ca8b61000-7f7ca8b62000 rw-p 00000000 00:00 0 
7fff67dd5000-7fff67df7000 rw-p 00000000 00:00 0                          [stack]
7fff67df9000-7fff67dfb000 r--p 00000000 00:00 0                          [vvar]
7fff67dfb000-7fff67dfd000 r-xp 00000000 00:00 0                          [vdso]
ffffffffff600000-ffffffffff601000 r-xp 00000000 00:00 0                  [vsyscall]

VM Arguments:
jvm_args: -Dant.home=/usr/share/ant -Dant.library.dir=/usr/share/ant/lib 
java_command: org.apache.tools.ant.launch.Launcher -cp  java
java_class_path (initial): /usr/share/ant/lib/ant-launcher.jar
Launcher Type: SUN_STANDARD

Environment Variables:
PATH=/home/saurabh/SaurabhKumar/BeeWareVOC/PythonEnvironmets/VOC_Env/bin:/home/saurabh/anaconda2/bin:/home/saurabh/torch/install/bin:/home/saurabh/.pythonbrew/bin:/home/saurabh/.pythonbrew/bin:/home/saurabh/torch/install/bin:/usr/local/sbin:/usr/local/bin:/usr/sbin:/usr/bin:/sbin:/bin:/usr/games:/usr/local/games:/snap/bin:/usr/brlcad/bin
LD_LIBRARY_PATH=/home/saurabh/torch/install/lib:/home/saurabh/torch/install/lib:
SHELL=/bin/bash
DISPLAY=:0
DYLD_LIBRARY_PATH=/home/saurabh/torch/install/lib:/home/saurabh/torch/install/lib:

Signal Handlers:
SIGSEGV: [libjvm.so+0xa66fd0], sa_mask[0]=11111111011111111101111111111110, sa_flags=SA_RESTART|SA_SIGINFO
SIGBUS: [libjvm.so+0xa66fd0], sa_mask[0]=11111111011111111101111111111110, sa_flags=SA_RESTART|SA_SIGINFO
SIGFPE: [libjvm.so+0x8b0180], sa_mask[0]=11111111011111111101111111111110, sa_flags=SA_RESTART|SA_SIGINFO
SIGPIPE: [libjvm.so+0x8b0180], sa_mask[0]=11111111011111111101111111111110, sa_flags=SA_RESTART|SA_SIGINFO
SIGXFSZ: [libjvm.so+0x8b0180], sa_mask[0]=11111111011111111101111111111110, sa_flags=SA_RESTART|SA_SIGINFO
SIGILL: [libjvm.so+0x8b0180], sa_mask[0]=11111111011111111101111111111110, sa_flags=SA_RESTART|SA_SIGINFO
SIGUSR1: SIG_DFL, sa_mask[0]=00000000000000000000000000000000, sa_flags=none
SIGUSR2: [libjvm.so+0x8b0030], sa_mask[0]=00000000000000000000000000000000, sa_flags=SA_RESTART|SA_SIGINFO
SIGHUP: [libjvm.so+0x8b0500], sa_mask[0]=11111111011111111101111111111110, sa_flags=SA_RESTART|SA_SIGINFO
SIGINT: [libjvm.so+0x8b0500], sa_mask[0]=11111111011111111101111111111110, sa_flags=SA_RESTART|SA_SIGINFO
SIGTERM: [libjvm.so+0x8b0500], sa_mask[0]=11111111011111111101111111111110, sa_flags=SA_RESTART|SA_SIGINFO
SIGQUIT: [libjvm.so+0x8b0500], sa_mask[0]=11111111011111111101111111111110, sa_flags=SA_RESTART|SA_SIGINFO


---------------  S Y S T E M  ---------------

OS:DISTRIB_ID=Ubuntu
DISTRIB_RELEASE=16.04
DISTRIB_CODENAME=xenial
DISTRIB_DESCRIPTION="Ubuntu 16.04.2 LTS"

uname:Linux 4.4.0-65-generic #86-Ubuntu SMP Thu Feb 23 17:49:58 UTC 2017 x86_64
libc:glibc 2.23 NPTL 2.23 
rlimit: STACK 8192k, CORE 0k, NPROC 15392, NOFILE 65536, AS infinity
load average:12.28 7.28 3.46

/proc/meminfo:
MemTotal:        3980976 kB
MemFree:          124496 kB
MemAvailable:      39140 kB
Buffers:            2640 kB
Cached:           322012 kB
SwapCached:            0 kB
Active:          3362624 kB
Inactive:         293752 kB
Active(anon):    3353480 kB
Inactive(anon):   264328 kB
Active(file):       9144 kB
Inactive(file):    29424 kB
Unevictable:         176 kB
Mlocked:             176 kB
SwapTotal:             0 kB
SwapFree:              0 kB
Dirty:              2236 kB
Writeback:             0 kB
AnonPages:       3332152 kB
Mapped:           126800 kB
Shmem:            285840 kB
Slab:              79548 kB
SReclaimable:      35792 kB
SUnreclaim:        43756 kB
KernelStack:       11328 kB
PageTables:        63268 kB
NFS_Unstable:          0 kB
Bounce:                0 kB
WritebackTmp:          0 kB
CommitLimit:     1990488 kB
Committed_AS:    8757900 kB
VmallocTotal:   34359738367 kB
VmallocUsed:           0 kB
VmallocChunk:          0 kB
HardwareCorrupted:     0 kB
AnonHugePages:   1253376 kB
CmaTotal:              0 kB
CmaFree:               0 kB
HugePages_Total:       0
HugePages_Free:        0
HugePages_Rsvd:        0
HugePages_Surp:        0
Hugepagesize:       2048 kB
DirectMap4k:      197312 kB
DirectMap2M:     3932160 kB
DirectMap1G:     1048576 kB


CPU:total 4 (2 cores per cpu, 2 threads per core) family 6 model 69 stepping 1, cmov, cx8, fxsr, mmx, sse, sse2, sse3, ssse3, sse4.1, sse4.2, popcnt, avx, avx2, aes, clmul, erms, lzcnt, ht, tsc, tscinvbit, bmi1, bmi2

/proc/cpuinfo:
processor	: 0
vendor_id	: GenuineIntel
cpu family	: 6
model		: 69
model name	: Intel(R) Core(TM) i3-4005U CPU @ 1.70GHz
stepping	: 1
microcode	: 0x1d
cpu MHz		: 1657.566
cache size	: 3072 KB
physical id	: 0
siblings	: 4
core id		: 0
cpu cores	: 2
apicid		: 0
initial apicid	: 0
fpu		: yes
fpu_exception	: yes
cpuid level	: 13
wp		: yes
flags		: fpu vme de pse tsc msr pae mce cx8 apic sep mtrr pge mca cmov pat pse36 clflush dts acpi mmx fxsr sse sse2 ss ht tm pbe syscall nx pdpe1gb rdtscp lm constant_tsc arch_perfmon pebs bts rep_good nopl xtopology nonstop_tsc aperfmperf eagerfpu pni pclmulqdq dtes64 monitor ds_cpl vmx est tm2 ssse3 sdbg fma cx16 xtpr pdcm pcid sse4_1 sse4_2 movbe popcnt tsc_deadline_timer aes xsave avx f16c rdrand lahf_lm abm epb tpr_shadow vnmi flexpriority ept vpid fsgsbase tsc_adjust bmi1 avx2 smep bmi2 erms invpcid xsaveopt dtherm ida arat pln pts
bugs		:
bogomips	: 3392.08
clflush size	: 64
cache_alignment	: 64
address sizes	: 39 bits physical, 48 bits virtual
power management:

processor	: 1
vendor_id	: GenuineIntel
cpu family	: 6
model		: 69
model name	: Intel(R) Core(TM) i3-4005U CPU @ 1.70GHz
stepping	: 1
microcode	: 0x1d
cpu MHz		: 1027.968
cache size	: 3072 KB
physical id	: 0
siblings	: 4
core id		: 0
cpu cores	: 2
apicid		: 1
initial apicid	: 1
fpu		: yes
fpu_exception	: yes
cpuid level	: 13
wp		: yes
flags		: fpu vme de pse tsc msr pae mce cx8 apic sep mtrr pge mca cmov pat pse36 clflush dts acpi mmx fxsr sse sse2 ss ht tm pbe syscall nx pdpe1gb rdtscp lm constant_tsc arch_perfmon pebs bts rep_good nopl xtopology nonstop_tsc aperfmperf eagerfpu pni pclmulqdq dtes64 monitor ds_cpl vmx est tm2 ssse3 sdbg fma cx16 xtpr pdcm pcid sse4_1 sse4_2 movbe popcnt tsc_deadline_timer aes xsave avx f16c rdrand lahf_lm abm epb tpr_shadow vnmi flexpriority ept vpid fsgsbase tsc_adjust bmi1 avx2 smep bmi2 erms invpcid xsaveopt dtherm ida arat pln pts
bugs		:
bogomips	: 3392.08
clflush size	: 64
cache_alignment	: 64
address sizes	: 39 bits physical, 48 bits virtual
power management:

processor	: 2
vendor_id	: GenuineIntel
cpu family	: 6
model		: 69
model name	: Intel(R) Core(TM) i3-4005U CPU @ 1.70GHz
stepping	: 1
microcode	: 0x1d
cpu MHz		: 1694.222
cache size	: 3072 KB
physical id	: 0
siblings	: 4
core id		: 1
cpu cores	: 2
apicid		: 2
initial apicid	: 2
fpu		: yes
fpu_exception	: yes
cpuid level	: 13
wp		: yes
flags		: fpu vme de pse tsc msr pae mce cx8 apic sep mtrr pge mca cmov pat pse36 clflush dts acpi mmx fxsr sse sse2 ss ht tm pbe syscall nx pdpe1gb rdtscp lm constant_tsc arch_perfmon pebs bts rep_good nopl xtopology nonstop_tsc aperfmperf eagerfpu pni pclmulqdq dtes64 monitor ds_cpl vmx est tm2 ssse3 sdbg fma cx16 xtpr pdcm pcid sse4_1 sse4_2 movbe popcnt tsc_deadline_timer aes xsave avx f16c rdrand lahf_lm abm epb tpr_shadow vnmi flexpriority ept vpid fsgsbase tsc_adjust bmi1 avx2 smep bmi2 erms invpcid xsaveopt dtherm ida arat pln pts
bugs		:
bogomips	: 3392.08
clflush size	: 64
cache_alignment	: 64
address sizes	: 39 bits physical, 48 bits virtual
power management:

processor	: 3
vendor_id	: GenuineIntel
cpu family	: 6
model		: 69
model name	: Intel(R) Core(TM) i3-4005U CPU @ 1.70GHz
stepping	: 1
microcode	: 0x1d
cpu MHz		: 1509.214
cache size	: 3072 KB
physical id	: 0
siblings	: 4
core id		: 1
cpu cores	: 2
apicid		: 3
initial apicid	: 3
fpu		: yes
fpu_exception	: yes
cpuid level	: 13
wp		: yes
flags		: fpu vme de pse tsc msr pae mce cx8 apic sep mtrr pge mca cmov pat pse36 clflush dts acpi mmx fxsr sse sse2 ss ht tm pbe syscall nx pdpe1gb rdtscp lm constant_tsc arch_perfmon pebs bts rep_good nopl xtopology nonstop_tsc aperfmperf eagerfpu pni pclmulqdq dtes64 monitor ds_cpl vmx est tm2 ssse3 sdbg fma cx16 xtpr pdcm pcid sse4_1 sse4_2 movbe popcnt tsc_deadline_timer aes xsave avx f16c rdrand lahf_lm abm epb tpr_shadow vnmi flexpriority ept vpid fsgsbase tsc_adjust bmi1 avx2 smep bmi2 erms invpcid xsaveopt dtherm ida arat pln pts
bugs		:
bogomips	: 3392.08
clflush size	: 64
cache_alignment	: 64
address sizes	: 39 bits physical, 48 bits virtual
power management:



Memory: 4k page, physical 3980976k(124496k free), swap 0k(0k free)

vm_info: OpenJDK 64-Bit Server VM (25.121-b13) for linux-amd64 JRE (1.8.0_121-8u121-b13-0ubuntu1.16.04.2-b13), built on Jan 23 2017 15:51:29 by "buildd" with gcc 5.4.0 20160609

time: Fri Mar  3 14:24:05 2017
elapsed time: 29 seconds (0d 0h 0m 29s)

