#
# There is insufficient memory for the Java Runtime Environment to continue.
# Native memory allocation (mmap) failed to map 63963136 bytes for committing reserved memory.
# Possible reasons:
#   The system is out of physical RAM or swap space
#   In 32 bit mode, the process size limit was hit
# Possible solutions:
#   Reduce memory load on the system
#   Increase physical memory or swap space
#   Check if swap backing store is full
#   Use 64 bit Java on a 64 bit OS
#   Decrease Java heap size (-Xmx/-Xms)
#   Decrease number of Java threads
#   Decrease Java thread stack sizes (-Xss)
#   Set larger code cache with -XX:ReservedCodeCacheSize=
# This output file may be truncated or incomplete.
#
#  Out of Memory Error (os_linux.cpp:2630), pid=5343, tid=0x00007f92a7fff700
#
# JRE version: OpenJDK Runtime Environment (8.0_121-b13) (build 1.8.0_121-8u121-b13-0ubuntu1.16.04.2-b13)
# Java VM: OpenJDK 64-Bit Server VM (25.121-b13 mixed mode linux-amd64 compressed oops)
# Failed to write core dump. Core dumps have been disabled. To enable core dumping, try "ulimit -c unlimited" before starting Java again
#

---------------  T H R E A D  ---------------

Current thread (0x00007f92c8077800):  VMThread [stack: 0x00007f92a7eff000,0x00007f92a8000000] [id=5374]

Stack: [0x00007f92a7eff000,0x00007f92a8000000],  sp=0x00007f92a7ffe4c0,  free space=1021k
Native frames: (J=compiled Java code, j=interpreted, Vv=VM code, C=native code)
V  [libjvm.so+0xa6647b]
V  [libjvm.so+0x4c32dc]
V  [libjvm.so+0x8b4b60]
V  [libjvm.so+0x8aefde]
V  [libjvm.so+0x929a16]
V  [libjvm.so+0x92ad43]
V  [libjvm.so+0x9273f3]
V  [libjvm.so+0x9276bc]
V  [libjvm.so+0x8d9553]
V  [libjvm.so+0xa68132]
V  [libjvm.so+0xa6d217]
V  [libjvm.so+0xa6a9e7]
V  [libjvm.so+0xa6be6f]
V  [libjvm.so+0xa6c361]
V  [libjvm.so+0x8b2042]

VM_Operation (0x00007f92cec674a0): ParallelGCFailedAllocation, mode: safepoint, requested by thread 0x00007f92c800a000


---------------  P R O C E S S  ---------------

Java Threads: ( => current thread )
  0x00007f92c8310000 JavaThread "process reaper" daemon [_thread_blocked, id=5414, stack(0x00007f92b4011000,0x00007f92b404a000)]
  0x00007f92c80c1000 JavaThread "Service Thread" daemon [_thread_blocked, id=5405, stack(0x00007f92a7520000,0x00007f92a7621000)]
  0x00007f92c80b1800 JavaThread "C1 CompilerThread2" daemon [_thread_blocked, id=5393, stack(0x00007f92a7621000,0x00007f92a7722000)]
  0x00007f92c80af800 JavaThread "C2 CompilerThread1" daemon [_thread_blocked, id=5391, stack(0x00007f92a7722000,0x00007f92a7823000)]
  0x00007f92c80ac800 JavaThread "C2 CompilerThread0" daemon [_thread_blocked, id=5389, stack(0x00007f92a7823000,0x00007f92a7924000)]
  0x00007f92c80aa800 JavaThread "Signal Dispatcher" daemon [_thread_blocked, id=5384, stack(0x00007f92a7924000,0x00007f92a7a25000)]
  0x00007f92c8083800 JavaThread "Finalizer" daemon [_thread_blocked, id=5383, stack(0x00007f92a7cfd000,0x00007f92a7dfe000)]
  0x00007f92c807f000 JavaThread "Reference Handler" daemon [_thread_blocked, id=5379, stack(0x00007f92a7dfe000,0x00007f92a7eff000)]
  0x00007f92c800a000 JavaThread "main" [_thread_blocked, id=5355, stack(0x00007f92ceb69000,0x00007f92cec6a000)]

Other Threads:
=>0x00007f92c8077800 VMThread [stack: 0x00007f92a7eff000,0x00007f92a8000000] [id=5374]
  0x00007f92c80c3800 WatcherThread [stack: 0x00007f92a741f000,0x00007f92a7520000] [id=5406]

VM state:at safepoint (normal execution)

VM Mutex/Monitor currently owned by a thread:  ([mutex/lock_event])
[0x00007f92c80062c0] Threads_lock - owner thread: 0x00007f92c8077800
[0x00007f92c80067c0] Heap_lock - owner thread: 0x00007f92c800a000

Heap:
 PSYoungGen      total 72704K, used 4978K [0x00000000ebc00000, 0x00000000f0c00000, 0x0000000100000000)
  eden space 63488K, 0% used [0x00000000ebc00000,0x00000000ebc00000,0x00000000efa00000)
  from space 9216K, 54% used [0x00000000efa00000,0x00000000efedc920,0x00000000f0300000)
  to   space 9216K, 0% used [0x00000000f0300000,0x00000000f0300000,0x00000000f0c00000)
 ParOldGen       total 42496K, used 15329K [0x00000000c3400000, 0x00000000c5d80000, 0x00000000ebc00000)
  object space 42496K, 36% used [0x00000000c3400000,0x00000000c42f86e0,0x00000000c5d80000)
 Metaspace       used 15701K, capacity 15988K, committed 16128K, reserved 1062912K
  class space    used 1643K, capacity 1740K, committed 1792K, reserved 1048576K

Card table byte_map: [0x00007f92b8010000,0x00007f92b81f7000] byte_map_base: 0x00007f92b79f6000

Marking Bits: (ParMarkBitMap*) 0x00007f92cde49220
 Begin Bits: [0x00007f92b5c68000, 0x00007f92b6b98000)
 End Bits:   [0x00007f92b6b98000, 0x00007f92b7ac8000)

Polling page: 0x00007f92cec9b000

CodeCache: size=245760Kb used=12079Kb max_used=12091Kb free=233680Kb
 bounds [0x00007f92b85b7000, 0x00007f92b91e7000, 0x00007f92c75b7000]
 total_blobs=3516 nmethods=3148 adapters=281
 compilation: enabled

Compilation events (10 events):
Event: 25.053 Thread 0x00007f92c80b1800 nmethod 3848 0x00007f92b8922990 code [0x00007f92b8922b00, 0x00007f92b8922d68]
Event: 25.053 Thread 0x00007f92c80b1800 3843  s    3       org.apache.tools.ant.types.resources.BaseResourceCollectionContainer::add (64 bytes)
Event: 25.054 Thread 0x00007f92c80b1800 nmethod 3843 0x00007f92b8be80d0 code [0x00007f92b8be82e0, 0x00007f92b8be91d8]
Event: 25.054 Thread 0x00007f92c80ac800 3842       4       java.lang.String::substring (56 bytes)
Event: 25.061 Thread 0x00007f92c80b1800 3853  s    3       org.apache.tools.ant.types.resources.BaseResourceCollectionContainer::cacheCollection (27 bytes)
Event: 25.062 Thread 0x00007f92c80b1800 nmethod 3853 0x00007f92b89220d0 code [0x00007f92b8922260, 0x00007f92b8922888]
Event: 25.063 Thread 0x00007f92c80b1800 3854       3       org.apache.tools.ant.util.GlobPatternMapper::modifyName (40 bytes)
Event: 25.064 Thread 0x00007f92c80b1800 nmethod 3854 0x00007f92b89216d0 code [0x00007f92b8921880, 0x00007f92b8921ee8]
Event: 25.065 Thread 0x00007f92c80ac800 nmethod 3842 0x00007f92b8be48d0 code [0x00007f92b8be4a40, 0x00007f92b8be4e18]
Event: 25.065 Thread 0x00007f92c80ac800 3855       4       java.util.StringTokenizer::scanToken (179 bytes)

GC Heap History (10 events):
Event: 6.781 GC heap after
Heap after GC invocations=2 (full 0):
 PSYoungGen      total 18432K, used 2542K [0x00000000ebc00000, 0x00000000ee000000, 0x0000000100000000)
  eden space 15872K, 0% used [0x00000000ebc00000,0x00000000ebc00000,0x00000000ecb80000)
  from space 2560K, 99% used [0x00000000edd80000,0x00000000edffb978,0x00000000ee000000)
  to   space 2560K, 0% used [0x00000000ecb80000,0x00000000ecb80000,0x00000000ece00000)
 ParOldGen       total 42496K, used 1793K [0x00000000c3400000, 0x00000000c5d80000, 0x00000000ebc00000)
  object space 42496K, 4% used [0x00000000c3400000,0x00000000c35c0730,0x00000000c5d80000)
 Metaspace       used 10748K, capacity 11022K, committed 11136K, reserved 1058816K
  class space    used 1255K, capacity 1323K, committed 1408K, reserved 1048576K
}
Event: 8.243 GC heap before
{Heap before GC invocations=3 (full 0):
 PSYoungGen      total 18432K, used 18414K [0x00000000ebc00000, 0x00000000ee000000, 0x0000000100000000)
  eden space 15872K, 100% used [0x00000000ebc00000,0x00000000ecb80000,0x00000000ecb80000)
  from space 2560K, 99% used [0x00000000edd80000,0x00000000edffb978,0x00000000ee000000)
  to   space 2560K, 0% used [0x00000000ecb80000,0x00000000ecb80000,0x00000000ece00000)
 ParOldGen       total 42496K, used 1793K [0x00000000c3400000, 0x00000000c5d80000, 0x00000000ebc00000)
  object space 42496K, 4% used [0x00000000c3400000,0x00000000c35c0730,0x00000000c5d80000)
 Metaspace       used 12390K, capacity 12654K, committed 12800K, reserved 1060864K
  class space    used 1415K, capacity 1483K, committed 1536K, reserved 1048576K
Event: 8.298 GC heap after
Heap after GC invocations=3 (full 0):
 PSYoungGen      total 18432K, used 2548K [0x00000000ebc00000, 0x00000000ee000000, 0x0000000100000000)
  eden space 15872K, 0% used [0x00000000ebc00000,0x00000000ebc00000,0x00000000ecb80000)
  from space 2560K, 99% used [0x00000000ecb80000,0x00000000ecdfd3c0,0x00000000ece00000)
  to   space 2560K, 0% used [0x00000000edd80000,0x00000000edd80000,0x00000000ee000000)
 ParOldGen       total 42496K, used 5339K [0x00000000c3400000, 0x00000000c5d80000, 0x00000000ebc00000)
  object space 42496K, 12% used [0x00000000c3400000,0x00000000c3936f80,0x00000000c5d80000)
 Metaspace       used 12390K, capacity 12654K, committed 12800K, reserved 1060864K
  class space    used 1415K, capacity 1483K, committed 1536K, reserved 1048576K
}
Event: 9.393 GC heap before
{Heap before GC invocations=4 (full 0):
 PSYoungGen      total 18432K, used 18420K [0x00000000ebc00000, 0x00000000ee000000, 0x0000000100000000)
  eden space 15872K, 100% used [0x00000000ebc00000,0x00000000ecb80000,0x00000000ecb80000)
  from space 2560K, 99% used [0x00000000ecb80000,0x00000000ecdfd3c0,0x00000000ece00000)
  to   space 2560K, 0% used [0x00000000edd80000,0x00000000edd80000,0x00000000ee000000)
 ParOldGen       total 42496K, used 5339K [0x00000000c3400000, 0x00000000c5d80000, 0x00000000ebc00000)
  object space 42496K, 12% used [0x00000000c3400000,0x00000000c3936f80,0x00000000c5d80000)
 Metaspace       used 12637K, capacity 12846K, committed 13056K, reserved 1060864K
  class space    used 1431K, capacity 1483K, committed 1536K, reserved 1048576K
Event: 9.465 GC heap after
Heap after GC invocations=4 (full 0):
 PSYoungGen      total 34304K, used 2528K [0x00000000ebc00000, 0x00000000ee000000, 0x0000000100000000)
  eden space 31744K, 0% used [0x00000000ebc00000,0x00000000ebc00000,0x00000000edb00000)
  from space 2560K, 98% used [0x00000000edd80000,0x00000000edff8020,0x00000000ee000000)
  to   space 2560K, 0% used [0x00000000edb00000,0x00000000edb00000,0x00000000edd80000)
 ParOldGen       total 42496K, used 10728K [0x00000000c3400000, 0x00000000c5d80000, 0x00000000ebc00000)
  object space 42496K, 25% used [0x00000000c3400000,0x00000000c3e7a228,0x00000000c5d80000)
 Metaspace       used 12637K, capacity 12846K, committed 13056K, reserved 1060864K
  class space    used 1431K, capacity 1483K, committed 1536K, reserved 1048576K
}
Event: 13.952 GC heap before
{Heap before GC invocations=5 (full 0):
 PSYoungGen      total 34304K, used 34272K [0x00000000ebc00000, 0x00000000ee000000, 0x0000000100000000)
  eden space 31744K, 100% used [0x00000000ebc00000,0x00000000edb00000,0x00000000edb00000)
  from space 2560K, 98% used [0x00000000edd80000,0x00000000edff8020,0x00000000ee000000)
  to   space 2560K, 0% used [0x00000000edb00000,0x00000000edb00000,0x00000000edd80000)
 ParOldGen       total 42496K, used 10728K [0x00000000c3400000, 0x00000000c5d80000, 0x00000000ebc00000)
  object space 42496K, 25% used [0x00000000c3400000,0x00000000c3e7a228,0x00000000c5d80000)
 Metaspace       used 14509K, capacity 14734K, committed 14976K, reserved 1062912K
  class space    used 1574K, capacity 1643K, committed 1664K, reserved 1048576K
Event: 14.000 GC heap after
Heap after GC invocations=5 (full 0):
 PSYoungGen      total 34304K, used 2528K [0x00000000ebc00000, 0x00000000f0c00000, 0x0000000100000000)
  eden space 31744K, 0% used [0x00000000ebc00000,0x00000000ebc00000,0x00000000edb00000)
  from space 2560K, 98% used [0x00000000edb00000,0x00000000edd78020,0x00000000edd80000)
  to   space 9216K, 0% used [0x00000000f0300000,0x00000000f0300000,0x00000000f0c00000)
 ParOldGen       total 42496K, used 14228K [0x00000000c3400000, 0x00000000c5d80000, 0x00000000ebc00000)
  object space 42496K, 33% used [0x00000000c3400000,0x00000000c41e5270,0x00000000c5d80000)
 Metaspace       used 14509K, capacity 14734K, committed 14976K, reserved 1062912K
  class space    used 1574K, capacity 1643K, committed 1664K, reserved 1048576K
}
Event: 17.387 GC heap before
{Heap before GC invocations=6 (full 0):
 PSYoungGen      total 34304K, used 34272K [0x00000000ebc00000, 0x00000000f0c00000, 0x0000000100000000)
  eden space 31744K, 100% used [0x00000000ebc00000,0x00000000edb00000,0x00000000edb00000)
  from space 2560K, 98% used [0x00000000edb00000,0x00000000edd78020,0x00000000edd80000)
  to   space 9216K, 0% used [0x00000000f0300000,0x00000000f0300000,0x00000000f0c00000)
 ParOldGen       total 42496K, used 14228K [0x00000000c3400000, 0x00000000c5d80000, 0x00000000ebc00000)
  object space 42496K, 33% used [0x00000000c3400000,0x00000000c41e5270,0x00000000c5d80000)
 Metaspace       used 14967K, capacity 15182K, committed 15232K, reserved 1062912K
  class space    used 1581K, capacity 1643K, committed 1664K, reserved 1048576K
Event: 17.449 GC heap after
Heap after GC invocations=6 (full 0):
 PSYoungGen      total 72704K, used 3312K [0x00000000ebc00000, 0x00000000f0c00000, 0x0000000100000000)
  eden space 63488K, 0% used [0x00000000ebc00000,0x00000000ebc00000,0x00000000efa00000)
  from space 9216K, 35% used [0x00000000f0300000,0x00000000f063c030,0x00000000f0c00000)
  to   space 9216K, 0% used [0x00000000efa00000,0x00000000efa00000,0x00000000f0300000)
 ParOldGen       total 42496K, used 14228K [0x00000000c3400000, 0x00000000c5d80000, 0x00000000ebc00000)
  object space 42496K, 33% used [0x00000000c3400000,0x00000000c41e5270,0x00000000c5d80000)
 Metaspace       used 14967K, capacity 15182K, committed 15232K, reserved 1062912K
  class space    used 1581K, capacity 1643K, committed 1664K, reserved 1048576K
}
Event: 25.066 GC heap before
{Heap before GC invocations=7 (full 0):
 PSYoungGen      total 72704K, used 66800K [0x00000000ebc00000, 0x00000000f0c00000, 0x0000000100000000)
  eden space 63488K, 100% used [0x00000000ebc00000,0x00000000efa00000,0x00000000efa00000)
  from space 9216K, 35% used [0x00000000f0300000,0x00000000f063c030,0x00000000f0c00000)
  to   space 9216K, 0% used [0x00000000efa00000,0x00000000efa00000,0x00000000f0300000)
 ParOldGen       total 42496K, used 14228K [0x00000000c3400000, 0x00000000c5d80000, 0x00000000ebc00000)
  object space 42496K, 33% used [0x00000000c3400000,0x00000000c41e5270,0x00000000c5d80000)
 Metaspace       used 15701K, capacity 15988K, committed 16128K, reserved 1062912K
  class space    used 1643K, capacity 1740K, committed 1792K, reserved 1048576K

Deoptimization events (10 events):
Event: 20.618 Thread 0x00007f92c800a000 Uncommon trap: reason=unstable_if action=reinterpret pc=0x00007f92b916fe78 method=com.sun.tools.javac.code.Types.isSubtype(Lcom/sun/tools/javac/code/Type;Lcom/sun/tools/javac/code/Type;Z)Z @ 28
Event: 20.621 Thread 0x00007f92c800a000 Uncommon trap: reason=unstable_if action=reinterpret pc=0x00007f92b891b9c8 method=com.sun.tools.javac.code.Types.isSubtype(Lcom/sun/tools/javac/code/Type;Lcom/sun/tools/javac/code/Type;Z)Z @ 28
Event: 20.635 Thread 0x00007f92c800a000 Uncommon trap: reason=class_check action=maybe_recompile pc=0x00007f92b8c81038 method=java.util.HashMap.putVal(ILjava/lang/Object;Ljava/lang/Object;ZZ)Ljava/lang/Object; @ 253
Event: 20.635 Thread 0x00007f92c800a000 Uncommon trap: reason=unstable_if action=reinterpret pc=0x00007f92b8e7787c method=java.util.HashSet.remove(Ljava/lang/Object;)Z @ 11
Event: 22.049 Thread 0x00007f92c800a000 Uncommon trap: reason=null_check action=make_not_entrant pc=0x00007f92b8d9b7c8 method=com.sun.tools.javac.jvm.ClassReader.enterPackage(Lcom/sun/tools/javac/util/Name;)Lcom/sun/tools/javac/code/Symbol$PackageSymbol; @ 10
Event: 22.451 Thread 0x00007f92c800a000 Uncommon trap: reason=unstable_if action=reinterpret pc=0x00007f92b879dc20 method=java.util.Date.normalize()Lsun/util/calendar/BaseCalendar$Date; @ 45
Event: 24.980 Thread 0x00007f92c800a000 Uncommon trap: reason=predicate action=maybe_recompile pc=0x00007f92b88d2434 method=java.util.StringTokenizer.skipDelimiters(I)I @ 17
Event: 24.980 Thread 0x00007f92c800a000 Uncommon trap: reason=unstable_if action=reinterpret pc=0x00007f92b88dde20 method=java.util.StringTokenizer.scanToken(I)I @ 96
Event: 24.981 Thread 0x00007f92c800a000 Uncommon trap: reason=unstable_if action=reinterpret pc=0x00007f92b88c57e8 method=java.util.StringTokenizer.scanToken(I)I @ 96
Event: 24.993 Thread 0x00007f92c800a000 Uncommon trap: reason=unstable_if action=reinterpret pc=0x00007f92b86d8844 method=java.lang.ref.ReferenceQueue.poll()Ljava/lang/ref/Reference; @ 4

Internal exceptions (10 events):
Event: 2.050 Thread 0x00007f92c800a000 Exception <a 'java/security/PrivilegedActionException'> (0x00000000ebceece0) thrown at [/build/openjdk-8-YiEakL/openjdk-8-8u121-b13/src/hotspot/src/share/vm/prims/jvm.cpp, line 1390]
Event: 2.050 Thread 0x00007f92c800a000 Exception <a 'java/security/PrivilegedActionException'> (0x00000000ebceeef0) thrown at [/build/openjdk-8-YiEakL/openjdk-8-8u121-b13/src/hotspot/src/share/vm/prims/jvm.cpp, line 1390]
Event: 4.475 Thread 0x00007f92c800a000 Exception <a 'java/lang/NoSuchFieldError': method resolution failed> (0x00000000ec69ed80) thrown at [/build/openjdk-8-YiEakL/openjdk-8-8u121-b13/src/hotspot/src/share/vm/prims/methodHandles.cpp, line 1146]
Event: 4.479 Thread 0x00007f92c800a000 Exception <a 'java/lang/NoSuchFieldError': method resolution failed> (0x00000000ec6ac440) thrown at [/build/openjdk-8-YiEakL/openjdk-8-8u121-b13/src/hotspot/src/share/vm/prims/methodHandles.cpp, line 1146]
Event: 5.162 Thread 0x00007f92c800a000 Exception <a 'java/lang/ClassNotFoundException': org/apache/tools/ant/helper/DefaultExecutor> (0x00000000ec8e65e0) thrown at [/build/openjdk-8-YiEakL/openjdk-8-8u121-b13/src/hotspot/src/share/vm/classfile/systemDictionary.cpp, line 210]
Event: 9.015 Thread 0x00007f92c800a000 Exception <a 'java/io/FileNotFoundException'> (0x00000000ec66e5b0) thrown at [/build/openjdk-8-YiEakL/openjdk-8-8u121-b13/src/hotspot/src/share/vm/prims/jni.cpp, line 709]
Event: 9.052 Thread 0x00007f92c800a000 Exception <a 'java/io/FileNotFoundException'> (0x00000000ec6967f0) thrown at [/build/openjdk-8-YiEakL/openjdk-8-8u121-b13/src/hotspot/src/share/vm/prims/jni.cpp, line 709]
Event: 9.052 Thread 0x00007f92c800a000 Exception <a 'java/io/FileNotFoundException'> (0x00000000ec6974b8) thrown at [/build/openjdk-8-YiEakL/openjdk-8-8u121-b13/src/hotspot/src/share/vm/prims/jni.cpp, line 709]
Event: 18.977 Thread 0x00007f92c800a000 Implicit null exception at 0x00007f92b90c0ff2 to 0x00007f92b90c215d
Event: 22.049 Thread 0x00007f92c800a000 Implicit null exception at 0x00007f92b8d99b24 to 0x00007f92b8d9b7a5

Events (10 events):
Event: 24.980 Thread 0x00007f92c800a000 Uncommon trap: trap_request=0xffffff65 fr.pc=0x00007f92b88dde20
Event: 24.980 Thread 0x00007f92c800a000 DEOPT PACKING pc=0x00007f92b88dde20 sp=0x00007f92cec677b0
Event: 24.981 Thread 0x00007f92c800a000 DEOPT UNPACKING pc=0x00007f92b85bbf69 sp=0x00007f92cec67728 mode 2
Event: 24.981 Thread 0x00007f92c800a000 Uncommon trap: trap_request=0xffffff65 fr.pc=0x00007f92b88c57e8
Event: 24.981 Thread 0x00007f92c800a000 DEOPT PACKING pc=0x00007f92b88c57e8 sp=0x00007f92cec67760
Event: 24.981 Thread 0x00007f92c800a000 DEOPT UNPACKING pc=0x00007f92b85bbf69 sp=0x00007f92cec67728 mode 2
Event: 24.993 Thread 0x00007f92c800a000 Uncommon trap: trap_request=0xffffff65 fr.pc=0x00007f92b86d8844
Event: 24.993 Thread 0x00007f92c800a000 DEOPT PACKING pc=0x00007f92b86d8844 sp=0x00007f92cec67250
Event: 24.993 Thread 0x00007f92c800a000 DEOPT UNPACKING pc=0x00007f92b85bbf69 sp=0x00007f92cec670a8 mode 2
Event: 25.066 Executing VM operation: ParallelGCFailedAllocation


Dynamic libraries:
00400000-00401000 r-xp 00000000 08:04 7733285                            /usr/lib/jvm/java-8-openjdk-amd64/jre/bin/java
00600000-00601000 r--p 00000000 08:04 7733285                            /usr/lib/jvm/java-8-openjdk-amd64/jre/bin/java
00601000-00602000 rw-p 00001000 08:04 7733285                            /usr/lib/jvm/java-8-openjdk-amd64/jre/bin/java
01fc1000-01fe2000 rw-p 00000000 00:00 0                                  [heap]
c3400000-c5d80000 rw-p 00000000 00:00 0 
c5d80000-ebc00000 ---p 00000000 00:00 0 
ebc00000-f0c00000 rw-p 00000000 00:00 0 
f4900000-100000000 ---p 00000000 00:00 0 
100000000-1001c0000 rw-p 00000000 00:00 0 
1001c0000-140000000 ---p 00000000 00:00 0 
7f926c000000-7f926c021000 rw-p 00000000 00:00 0 
7f926c021000-7f9270000000 ---p 00000000 00:00 0 
7f9274000000-7f9274021000 rw-p 00000000 00:00 0 
7f9274021000-7f9278000000 ---p 00000000 00:00 0 
7f9278000000-7f9278021000 rw-p 00000000 00:00 0 
7f9278021000-7f927c000000 ---p 00000000 00:00 0 
7f927c000000-7f927c021000 rw-p 00000000 00:00 0 
7f927c021000-7f9280000000 ---p 00000000 00:00 0 
7f9280000000-7f9280021000 rw-p 00000000 00:00 0 
7f9280021000-7f9284000000 ---p 00000000 00:00 0 
7f9284000000-7f9285315000 rw-p 00000000 00:00 0 
7f9285315000-7f9288000000 ---p 00000000 00:00 0 
7f9288000000-7f9288e05000 rw-p 00000000 00:00 0 
7f9288e05000-7f928c000000 ---p 00000000 00:00 0 
7f928c000000-7f928c021000 rw-p 00000000 00:00 0 
7f928c021000-7f9290000000 ---p 00000000 00:00 0 
7f9290000000-7f9291256000 rw-p 00000000 00:00 0 
7f9291256000-7f9294000000 ---p 00000000 00:00 0 
7f9294000000-7f9294021000 rw-p 00000000 00:00 0 
7f9294021000-7f9298000000 ---p 00000000 00:00 0 
7f9298000000-7f9298021000 rw-p 00000000 00:00 0 
7f9298021000-7f929c000000 ---p 00000000 00:00 0 
7f929c000000-7f929c021000 rw-p 00000000 00:00 0 
7f929c021000-7f92a0000000 ---p 00000000 00:00 0 
7f92a0000000-7f92a0021000 rw-p 00000000 00:00 0 
7f92a0021000-7f92a4000000 ---p 00000000 00:00 0 
7f92a6478000-7f92a6489000 r-xp 00000000 08:04 8257742                    /usr/lib/jvm/java-8-openjdk-amd64/jre/lib/amd64/libnio.so
7f92a6489000-7f92a6689000 ---p 00011000 08:04 8257742                    /usr/lib/jvm/java-8-openjdk-amd64/jre/lib/amd64/libnio.so
7f92a6689000-7f92a668a000 r--p 00011000 08:04 8257742                    /usr/lib/jvm/java-8-openjdk-amd64/jre/lib/amd64/libnio.so
7f92a668a000-7f92a668b000 rw-p 00012000 08:04 8257742                    /usr/lib/jvm/java-8-openjdk-amd64/jre/lib/amd64/libnio.so
7f92a668b000-7f92a698c000 rw-p 00000000 00:00 0 
7f92a698c000-7f92a69a3000 r-xp 00000000 08:04 8257636                    /usr/lib/jvm/java-8-openjdk-amd64/jre/lib/amd64/libnet.so
7f92a69a3000-7f92a6ba2000 ---p 00017000 08:04 8257636                    /usr/lib/jvm/java-8-openjdk-amd64/jre/lib/amd64/libnet.so
7f92a6ba2000-7f92a6ba3000 r--p 00016000 08:04 8257636                    /usr/lib/jvm/java-8-openjdk-amd64/jre/lib/amd64/libnet.so
7f92a6ba3000-7f92a6ba4000 rw-p 00017000 08:04 8257636                    /usr/lib/jvm/java-8-openjdk-amd64/jre/lib/amd64/libnet.so
7f92a6ba4000-7f92a6da4000 rw-p 00000000 00:00 0 
7f92a6da4000-7f92a6fa4000 rw-p 00000000 00:00 0 
7f92a6fa4000-7f92a71a4000 rw-p 00000000 00:00 0 
7f92a71a4000-7f92a71a7000 ---p 00000000 00:00 0 
7f92a71a7000-7f92a72a5000 rw-p 00000000 00:00 0 
7f92a72a5000-7f92a72a8000 ---p 00000000 00:00 0 
7f92a72a8000-7f92a73a6000 rw-p 00000000 00:00 0 
7f92a73a6000-7f92a741f000 r--s 010fd000 08:04 7340065                    /usr/lib/jvm/java-8-openjdk-amd64/lib/tools.jar
7f92a741f000-7f92a7420000 ---p 00000000 00:00 0 
7f92a7420000-7f92a7520000 rw-p 00000000 00:00 0 
7f92a7520000-7f92a7523000 ---p 00000000 00:00 0 
7f92a7523000-7f92a7621000 rw-p 00000000 00:00 0 
7f92a7621000-7f92a7624000 ---p 00000000 00:00 0 
7f92a7624000-7f92a7722000 rw-p 00000000 00:00 0 
7f92a7722000-7f92a7725000 ---p 00000000 00:00 0 
7f92a7725000-7f92a7823000 rw-p 00000000 00:00 0 
7f92a7823000-7f92a7826000 ---p 00000000 00:00 0 
7f92a7826000-7f92a7924000 rw-p 00000000 00:00 0 
7f92a7924000-7f92a7927000 ---p 00000000 00:00 0 
7f92a7927000-7f92a7a25000 rw-p 00000000 00:00 0 
7f92a7a25000-7f92a7cfd000 r--p 00000000 08:04 5243882                    /usr/lib/locale/locale-archive
7f92a7cfd000-7f92a7d00000 ---p 00000000 00:00 0 
7f92a7d00000-7f92a7dfe000 rw-p 00000000 00:00 0 
7f92a7dfe000-7f92a7e01000 ---p 00000000 00:00 0 
7f92a7e01000-7f92a7eff000 rw-p 00000000 00:00 0 
7f92a7eff000-7f92a7f00000 ---p 00000000 00:00 0 
7f92a7f00000-7f92a8000000 rw-p 00000000 00:00 0 
7f92a8000000-7f92a8021000 rw-p 00000000 00:00 0 
7f92a8021000-7f92ac000000 ---p 00000000 00:00 0 
7f92ac000000-7f92ac021000 rw-p 00000000 00:00 0 
7f92ac021000-7f92b0000000 ---p 00000000 00:00 0 
7f92b0000000-7f92b0021000 rw-p 00000000 00:00 0 
7f92b0021000-7f92b4000000 ---p 00000000 00:00 0 
7f92b4011000-7f92b4014000 ---p 00000000 00:00 0 
7f92b4014000-7f92b404a000 rw-p 00000000 00:00 0 
7f92b404a000-7f92b404d000 r--s 00014000 08:04 5647391                    /usr/share/java/ant-commons-net-1.9.6.jar
7f92b404d000-7f92b404e000 r--s 00002000 08:04 5647378                    /usr/share/java/ant-antlr-1.9.6.jar
7f92b404e000-7f92b404f000 r--s 00001000 08:04 5647383                    /usr/share/java/ant-apache-xalan2-1.9.6.jar
7f92b404f000-7f92b4051000 r--s 00002000 08:04 5647388                    /usr/share/java/ant-jmf-1.9.6.jar
7f92b4051000-7f92b4052000 r--s 00006000 08:04 5647390                    /usr/share/java/ant-testutil-1.9.6.jar
7f92b4052000-7f92b4054000 r--s 0001b000 08:04 5647381                    /usr/share/java/ant-junit-1.9.6.jar
7f92b4054000-7f92b4055000 r--s 00002000 08:04 5647376                    /usr/share/java/ant-apache-regexp-1.9.6.jar
7f92b4055000-7f92b4056000 r--s 00002000 08:04 5647387                    /usr/share/java/ant-apache-oro-1.9.6.jar
7f92b4056000-7f92b4057000 r--s 00002000 08:04 5647379                    /usr/share/java/ant-apache-bsf-1.9.6.jar
7f92b4057000-7f92b4058000 r--s 00003000 08:04 5647380                    /usr/share/java/ant-apache-bcel-1.9.6.jar
7f92b4058000-7f92b4059000 r--s 00002000 08:04 5647392                    /usr/share/java/ant-apache-resolver-1.9.6.jar
7f92b4059000-7f92b405b000 r--s 0000a000 08:04 5647375                    /usr/share/java/ant-jsch-1.9.6.jar
7f92b405b000-7f92b405d000 r--s 00002000 08:04 5647389                    /usr/share/java/ant-junit4-1.9.6.jar
7f92b405d000-7f92b405e000 r--s 00004000 08:04 5647366                    /usr/share/java/ant-launcher-1.9.6.jar
7f92b405e000-7f92b407d000 r--s 001d1000 08:04 5647365                    /usr/share/java/ant-1.9.6.jar
7f92b407d000-7f92b407f000 r--s 00001000 08:04 5647385                    /usr/share/java/ant-apache-log4j-1.9.6.jar
7f92b407f000-7f92b4080000 r--s 00002000 08:04 5647382                    /usr/share/java/ant-commons-logging-1.9.6.jar
7f92b4080000-7f92b4081000 r--s 00003000 08:04 5647384                    /usr/share/java/ant-javamail-1.9.6.jar
7f92b4081000-7f92b408b000 r--s 00116000 08:04 8132563                    /usr/lib/jvm/java-8-openjdk-amd64/jre/lib/ext/localedata.jar
7f92b408b000-7f92b40a6000 r--s 001d6000 08:04 8132543                    /usr/lib/jvm/java-8-openjdk-amd64/jre/lib/ext/nashorn.jar
7f92b40a6000-7f92b40c1000 r--s 00394000 08:04 8132549                    /usr/lib/jvm/java-8-openjdk-amd64/jre/lib/ext/cldrdata.jar
7f92b40c1000-7f92b503e000 rw-p 00000000 00:00 0 
7f92b503e000-7f92b520c000 r--s 03c06000 08:04 7864358                    /usr/lib/jvm/java-8-openjdk-amd64/jre/lib/rt.jar
7f92b520c000-7f92b7ac8000 rw-p 00000000 00:00 0 
7f92b7ac8000-7f92b7ac9000 ---p 00000000 00:00 0 
7f92b7ac9000-7f92b7bc9000 rw-p 00000000 00:00 0 
7f92b7bc9000-7f92b7bca000 ---p 00000000 00:00 0 
7f92b7bca000-7f92b7cca000 rw-p 00000000 00:00 0 
7f92b7cca000-7f92b7ccb000 ---p 00000000 00:00 0 
7f92b7ccb000-7f92b7dcb000 rw-p 00000000 00:00 0 
7f92b7dcb000-7f92b7dcc000 ---p 00000000 00:00 0 
7f92b7dcc000-7f92b7ee1000 rw-p 00000000 00:00 0 
7f92b7ee1000-7f92b8010000 ---p 00000000 00:00 0 
7f92b8010000-7f92b8025000 rw-p 00000000 00:00 0 
7f92b8025000-7f92b8154000 ---p 00000000 00:00 0 
7f92b8154000-7f92b817c000 rw-p 00000000 00:00 0 
7f92b817c000-7f92b81f6000 ---p 00000000 00:00 0 
7f92b81f6000-7f92b8228000 rw-p 00000000 00:00 0 
7f92b8228000-7f92b85b7000 ---p 00000000 00:00 0 
7f92b85b7000-7f92b91e7000 rwxp 00000000 00:00 0 
7f92b91e7000-7f92c75b7000 ---p 00000000 00:00 0 
7f92c75b7000-7f92c75bf000 r-xp 00000000 08:04 8257634                    /usr/lib/jvm/java-8-openjdk-amd64/jre/lib/amd64/libzip.so
7f92c75bf000-7f92c77be000 ---p 00008000 08:04 8257634                    /usr/lib/jvm/java-8-openjdk-amd64/jre/lib/amd64/libzip.so
7f92c77be000-7f92c77bf000 r--p 00007000 08:04 8257634                    /usr/lib/jvm/java-8-openjdk-amd64/jre/lib/amd64/libzip.so
7f92c77bf000-7f92c77c0000 rw-p 00008000 08:04 8257634                    /usr/lib/jvm/java-8-openjdk-amd64/jre/lib/amd64/libzip.so
7f92c77c0000-7f92c77cb000 r-xp 00000000 08:04 3670956                    /lib/x86_64-linux-gnu/libnss_files-2.23.so
7f92c77cb000-7f92c79ca000 ---p 0000b000 08:04 3670956                    /lib/x86_64-linux-gnu/libnss_files-2.23.so
7f92c79ca000-7f92c79cb000 r--p 0000a000 08:04 3670956                    /lib/x86_64-linux-gnu/libnss_files-2.23.so
7f92c79cb000-7f92c79cc000 rw-p 0000b000 08:04 3670956                    /lib/x86_64-linux-gnu/libnss_files-2.23.so
7f92c79cc000-7f92c79d2000 rw-p 00000000 00:00 0 
7f92c79d2000-7f92c79dd000 r-xp 00000000 08:04 3670928                    /lib/x86_64-linux-gnu/libnss_nis-2.23.so
7f92c79dd000-7f92c7bdc000 ---p 0000b000 08:04 3670928                    /lib/x86_64-linux-gnu/libnss_nis-2.23.so
7f92c7bdc000-7f92c7bdd000 r--p 0000a000 08:04 3670928                    /lib/x86_64-linux-gnu/libnss_nis-2.23.so
7f92c7bdd000-7f92c7bde000 rw-p 0000b000 08:04 3670928                    /lib/x86_64-linux-gnu/libnss_nis-2.23.so
7f92c7bde000-7f92c7bf4000 r-xp 00000000 08:04 3670950                    /lib/x86_64-linux-gnu/libnsl-2.23.so
7f92c7bf4000-7f92c7df3000 ---p 00016000 08:04 3670950                    /lib/x86_64-linux-gnu/libnsl-2.23.so
7f92c7df3000-7f92c7df4000 r--p 00015000 08:04 3670950                    /lib/x86_64-linux-gnu/libnsl-2.23.so
7f92c7df4000-7f92c7df5000 rw-p 00016000 08:04 3670950                    /lib/x86_64-linux-gnu/libnsl-2.23.so
7f92c7df5000-7f92c7df7000 rw-p 00000000 00:00 0 
7f92c7df7000-7f92c7dff000 r-xp 00000000 08:04 3670952                    /lib/x86_64-linux-gnu/libnss_compat-2.23.so
7f92c7dff000-7f92c7ffe000 ---p 00008000 08:04 3670952                    /lib/x86_64-linux-gnu/libnss_compat-2.23.so
7f92c7ffe000-7f92c7fff000 r--p 00007000 08:04 3670952                    /lib/x86_64-linux-gnu/libnss_compat-2.23.so
7f92c7fff000-7f92c8000000 rw-p 00008000 08:04 3670952                    /lib/x86_64-linux-gnu/libnss_compat-2.23.so
7f92c8000000-7f92c854e000 rw-p 00000000 00:00 0 
7f92c854e000-7f92cc000000 ---p 00000000 00:00 0 
7f92cc000000-7f92cc042000 rw-p 00000000 00:00 0 
7f92cc042000-7f92cc06f000 r-xp 00000000 08:04 8257780                    /usr/lib/jvm/java-8-openjdk-amd64/jre/lib/amd64/libjava.so
7f92cc06f000-7f92cc26e000 ---p 0002d000 08:04 8257780                    /usr/lib/jvm/java-8-openjdk-amd64/jre/lib/amd64/libjava.so
7f92cc26e000-7f92cc26f000 r--p 0002c000 08:04 8257780                    /usr/lib/jvm/java-8-openjdk-amd64/jre/lib/amd64/libjava.so
7f92cc26f000-7f92cc271000 rw-p 0002d000 08:04 8257780                    /usr/lib/jvm/java-8-openjdk-amd64/jre/lib/amd64/libjava.so
7f92cc271000-7f92cc280000 r-xp 00000000 08:04 8257582                    /usr/lib/jvm/java-8-openjdk-amd64/jre/lib/amd64/libverify.so
7f92cc280000-7f92cc47f000 ---p 0000f000 08:04 8257582                    /usr/lib/jvm/java-8-openjdk-amd64/jre/lib/amd64/libverify.so
7f92cc47f000-7f92cc481000 r--p 0000e000 08:04 8257582                    /usr/lib/jvm/java-8-openjdk-amd64/jre/lib/amd64/libverify.so
7f92cc481000-7f92cc482000 rw-p 00010000 08:04 8257582                    /usr/lib/jvm/java-8-openjdk-amd64/jre/lib/amd64/libverify.so
7f92cc482000-7f92cc489000 r-xp 00000000 08:04 3670926                    /lib/x86_64-linux-gnu/librt-2.23.so
7f92cc489000-7f92cc688000 ---p 00007000 08:04 3670926                    /lib/x86_64-linux-gnu/librt-2.23.so
7f92cc688000-7f92cc689000 r--p 00006000 08:04 3670926                    /lib/x86_64-linux-gnu/librt-2.23.so
7f92cc689000-7f92cc68a000 rw-p 00007000 08:04 3670926                    /lib/x86_64-linux-gnu/librt-2.23.so
7f92cc68a000-7f92cc6a0000 r-xp 00000000 08:04 3674212                    /lib/x86_64-linux-gnu/libgcc_s.so.1
7f92cc6a0000-7f92cc89f000 ---p 00016000 08:04 3674212                    /lib/x86_64-linux-gnu/libgcc_s.so.1
7f92cc89f000-7f92cc8a0000 rw-p 00015000 08:04 3674212                    /lib/x86_64-linux-gnu/libgcc_s.so.1
7f92cc8a0000-7f92cc9a8000 r-xp 00000000 08:04 3670946                    /lib/x86_64-linux-gnu/libm-2.23.so
7f92cc9a8000-7f92ccba7000 ---p 00108000 08:04 3670946                    /lib/x86_64-linux-gnu/libm-2.23.so
7f92ccba7000-7f92ccba8000 r--p 00107000 08:04 3670946                    /lib/x86_64-linux-gnu/libm-2.23.so
7f92ccba8000-7f92ccba9000 rw-p 00108000 08:04 3670946                    /lib/x86_64-linux-gnu/libm-2.23.so
7f92ccba9000-7f92ccd1b000 r-xp 00000000 08:04 5245011                    /usr/lib/x86_64-linux-gnu/libstdc++.so.6.0.21
7f92ccd1b000-7f92ccf1b000 ---p 00172000 08:04 5245011                    /usr/lib/x86_64-linux-gnu/libstdc++.so.6.0.21
7f92ccf1b000-7f92ccf25000 r--p 00172000 08:04 5245011                    /usr/lib/x86_64-linux-gnu/libstdc++.so.6.0.21
7f92ccf25000-7f92ccf27000 rw-p 0017c000 08:04 5245011                    /usr/lib/x86_64-linux-gnu/libstdc++.so.6.0.21
7f92ccf27000-7f92ccf2b000 rw-p 00000000 00:00 0 
7f92ccf2b000-7f92cdb7b000 r-xp 00000000 08:04 8388635                    /usr/lib/jvm/java-8-openjdk-amd64/jre/lib/amd64/server/libjvm.so
7f92cdb7b000-7f92cdd7a000 ---p 00c50000 08:04 8388635                    /usr/lib/jvm/java-8-openjdk-amd64/jre/lib/amd64/server/libjvm.so
7f92cdd7a000-7f92cde0d000 r--p 00c4f000 08:04 8388635                    /usr/lib/jvm/java-8-openjdk-amd64/jre/lib/amd64/server/libjvm.so
7f92cde0d000-7f92cde36000 rw-p 00ce2000 08:04 8388635                    /usr/lib/jvm/java-8-openjdk-amd64/jre/lib/amd64/server/libjvm.so
7f92cde36000-7f92cde66000 rw-p 00000000 00:00 0 
7f92cde66000-7f92cde7e000 r-xp 00000000 08:04 3670948                    /lib/x86_64-linux-gnu/libpthread-2.23.so
7f92cde7e000-7f92ce07d000 ---p 00018000 08:04 3670948                    /lib/x86_64-linux-gnu/libpthread-2.23.so
7f92ce07d000-7f92ce07e000 r--p 00017000 08:04 3670948                    /lib/x86_64-linux-gnu/libpthread-2.23.so
7f92ce07e000-7f92ce07f000 rw-p 00018000 08:04 3670948                    /lib/x86_64-linux-gnu/libpthread-2.23.so
7f92ce07f000-7f92ce083000 rw-p 00000000 00:00 0 
7f92ce083000-7f92ce086000 r-xp 00000000 08:04 3670934                    /lib/x86_64-linux-gnu/libdl-2.23.so
7f92ce086000-7f92ce285000 ---p 00003000 08:04 3670934                    /lib/x86_64-linux-gnu/libdl-2.23.so
7f92ce285000-7f92ce286000 r--p 00002000 08:04 3670934                    /lib/x86_64-linux-gnu/libdl-2.23.so
7f92ce286000-7f92ce287000 rw-p 00003000 08:04 3670934                    /lib/x86_64-linux-gnu/libdl-2.23.so
7f92ce287000-7f92ce2a0000 r-xp 00000000 08:04 3670183                    /lib/x86_64-linux-gnu/libz.so.1.2.8
7f92ce2a0000-7f92ce49f000 ---p 00019000 08:04 3670183                    /lib/x86_64-linux-gnu/libz.so.1.2.8
7f92ce49f000-7f92ce4a0000 r--p 00018000 08:04 3670183                    /lib/x86_64-linux-gnu/libz.so.1.2.8
7f92ce4a0000-7f92ce4a1000 rw-p 00019000 08:04 3670183                    /lib/x86_64-linux-gnu/libz.so.1.2.8
7f92ce4a1000-7f92ce660000 r-xp 00000000 08:04 3670936                    /lib/x86_64-linux-gnu/libc-2.23.so
7f92ce660000-7f92ce860000 ---p 001bf000 08:04 3670936                    /lib/x86_64-linux-gnu/libc-2.23.so
7f92ce860000-7f92ce864000 r--p 001bf000 08:04 3670936                    /lib/x86_64-linux-gnu/libc-2.23.so
7f92ce864000-7f92ce866000 rw-p 001c3000 08:04 3670936                    /lib/x86_64-linux-gnu/libc-2.23.so
7f92ce866000-7f92ce86a000 rw-p 00000000 00:00 0 
7f92ce86a000-7f92ce877000 r-xp 00000000 08:04 8519684                    /usr/lib/jvm/java-8-openjdk-amd64/jre/lib/amd64/jli/libjli.so
7f92ce877000-7f92cea77000 ---p 0000d000 08:04 8519684                    /usr/lib/jvm/java-8-openjdk-amd64/jre/lib/amd64/jli/libjli.so
7f92cea77000-7f92cea78000 r--p 0000d000 08:04 8519684                    /usr/lib/jvm/java-8-openjdk-amd64/jre/lib/amd64/jli/libjli.so
7f92cea78000-7f92cea79000 rw-p 0000e000 08:04 8519684                    /usr/lib/jvm/java-8-openjdk-amd64/jre/lib/amd64/jli/libjli.so
7f92cea79000-7f92cea9f000 r-xp 00000000 08:04 3670914                    /lib/x86_64-linux-gnu/ld-2.23.so
7f92cea9f000-7f92ceaa4000 r--s 0003b000 08:04 8132567                    /usr/lib/jvm/java-8-openjdk-amd64/jre/lib/ext/sunjce_provider.jar
7f92ceaa4000-7f92ceb69000 rw-p 00000000 00:00 0 
7f92ceb69000-7f92ceb6c000 ---p 00000000 00:00 0 
7f92ceb6c000-7f92cec6f000 rw-p 00000000 00:00 0 
7f92cec6f000-7f92cec70000 r--s 00003000 08:04 5647386                    /usr/share/java/ant-jdepend-1.9.6.jar
7f92cec70000-7f92cec71000 r--s 00003000 08:04 5647377                    /usr/share/java/ant-swing-1.9.6.jar
7f92cec71000-7f92cec72000 r--s 00004000 08:04 5647366                    /usr/share/java/ant-launcher-1.9.6.jar
7f92cec72000-7f92cec74000 r--s 00001000 08:04 8132547                    /usr/lib/jvm/java-8-openjdk-amd64/jre/lib/ext/dnsns.jar
7f92cec74000-7f92cec75000 r--s 0000a000 08:04 8132570                    /usr/lib/jvm/java-8-openjdk-amd64/jre/lib/ext/jaccess.jar
7f92cec75000-7f92cec76000 r--s 00010000 08:04 8132556                    /usr/lib/jvm/java-8-openjdk-amd64/jre/lib/ext/zipfs.jar
7f92cec76000-7f92cec78000 r--s 00008000 08:04 8132531                    /usr/lib/jvm/java-8-openjdk-amd64/jre/lib/ext/sunec.jar
7f92cec78000-7f92cec7c000 r--s 00037000 08:04 8132562                    /usr/lib/jvm/java-8-openjdk-amd64/jre/lib/ext/sunpkcs11.jar
7f92cec7c000-7f92cec7f000 r--s 0000f000 08:04 8132548                    /usr/lib/jvm/java-8-openjdk-amd64/jre/lib/ext/icedtea-sound.jar
7f92cec7f000-7f92cec92000 rw-p 00000000 00:00 0 
7f92cec92000-7f92cec9a000 rw-s 00000000 08:04 3670265                    /tmp/hsperfdata_saurabh/5343
7f92cec9a000-7f92cec9b000 rw-p 00000000 00:00 0 
7f92cec9b000-7f92cec9c000 ---p 00000000 00:00 0 
7f92cec9c000-7f92cec9e000 rw-p 00000000 00:00 0 
7f92cec9e000-7f92cec9f000 r--p 00025000 08:04 3670914                    /lib/x86_64-linux-gnu/ld-2.23.so
7f92cec9f000-7f92ceca0000 rw-p 00026000 08:04 3670914                    /lib/x86_64-linux-gnu/ld-2.23.so
7f92ceca0000-7f92ceca1000 rw-p 00000000 00:00 0 
7fff8f09e000-7fff8f0c0000 rw-p 00000000 00:00 0                          [stack]
7fff8f1b6000-7fff8f1b8000 r--p 00000000 00:00 0                          [vvar]
7fff8f1b8000-7fff8f1ba000 r-xp 00000000 00:00 0                          [vdso]
ffffffffff600000-ffffffffff601000 r-xp 00000000 00:00 0                  [vsyscall]

VM Arguments:
jvm_args: -Dant.home=/usr/share/ant -Dant.library.dir=/usr/share/ant/lib 
java_command: org.apache.tools.ant.launch.Launcher -cp  java
java_class_path (initial): /usr/share/ant/lib/ant-launcher.jar
Launcher Type: SUN_STANDARD

Environment Variables:
PATH=/home/saurabh/SaurabhKumar/BeeWareVOC/PythonEnvironmets/VOC_Env/bin:/home/saurabh/anaconda2/bin:/home/saurabh/torch/install/bin:/home/saurabh/.pythonbrew/bin:/home/saurabh/.pythonbrew/bin:/home/saurabh/torch/install/bin:/usr/local/sbin:/usr/local/bin:/usr/sbin:/usr/bin:/sbin:/bin:/usr/games:/usr/local/games:/snap/bin:/usr/brlcad/bin
LD_LIBRARY_PATH=/home/saurabh/torch/install/lib:/home/saurabh/torch/install/lib:
SHELL=/bin/bash
DISPLAY=:0
DYLD_LIBRARY_PATH=/home/saurabh/torch/install/lib:/home/saurabh/torch/install/lib:

Signal Handlers:
SIGSEGV: [libjvm.so+0xa66fd0], sa_mask[0]=11111111011111111101111111111110, sa_flags=SA_RESTART|SA_SIGINFO
SIGBUS: [libjvm.so+0xa66fd0], sa_mask[0]=11111111011111111101111111111110, sa_flags=SA_RESTART|SA_SIGINFO
SIGFPE: [libjvm.so+0x8b0180], sa_mask[0]=11111111011111111101111111111110, sa_flags=SA_RESTART|SA_SIGINFO
SIGPIPE: [libjvm.so+0x8b0180], sa_mask[0]=11111111011111111101111111111110, sa_flags=SA_RESTART|SA_SIGINFO
SIGXFSZ: [libjvm.so+0x8b0180], sa_mask[0]=11111111011111111101111111111110, sa_flags=SA_RESTART|SA_SIGINFO
SIGILL: [libjvm.so+0x8b0180], sa_mask[0]=11111111011111111101111111111110, sa_flags=SA_RESTART|SA_SIGINFO
SIGUSR1: SIG_DFL, sa_mask[0]=00000000000000000000000000000000, sa_flags=none
SIGUSR2: [libjvm.so+0x8b0030], sa_mask[0]=00000000000000000000000000000000, sa_flags=SA_RESTART|SA_SIGINFO
SIGHUP: [libjvm.so+0x8b0500], sa_mask[0]=11111111011111111101111111111110, sa_flags=SA_RESTART|SA_SIGINFO
SIGINT: [libjvm.so+0x8b0500], sa_mask[0]=11111111011111111101111111111110, sa_flags=SA_RESTART|SA_SIGINFO
SIGTERM: [libjvm.so+0x8b0500], sa_mask[0]=11111111011111111101111111111110, sa_flags=SA_RESTART|SA_SIGINFO
SIGQUIT: [libjvm.so+0x8b0500], sa_mask[0]=11111111011111111101111111111110, sa_flags=SA_RESTART|SA_SIGINFO


---------------  S Y S T E M  ---------------

OS:DISTRIB_ID=Ubuntu
DISTRIB_RELEASE=16.04
DISTRIB_CODENAME=xenial
DISTRIB_DESCRIPTION="Ubuntu 16.04.2 LTS"

uname:Linux 4.4.0-65-generic #86-Ubuntu SMP Thu Feb 23 17:49:58 UTC 2017 x86_64
libc:glibc 2.23 NPTL 2.23 
rlimit: STACK 8192k, CORE 0k, NPROC 15392, NOFILE 65536, AS infinity
load average:13.02 10.32 5.67

/proc/meminfo:
MemTotal:        3980976 kB
MemFree:          113316 kB
MemAvailable:      20048 kB
Buffers:             804 kB
Cached:           321240 kB
SwapCached:            0 kB
Active:          3376000 kB
Inactive:         290332 kB
Active(anon):    3370848 kB
Inactive(anon):   272708 kB
Active(file):       5152 kB
Inactive(file):    17624 kB
Unevictable:         176 kB
Mlocked:             176 kB
SwapTotal:             0 kB
SwapFree:              0 kB
Dirty:              1680 kB
Writeback:             0 kB
AnonPages:       3345396 kB
Mapped:           121932 kB
Shmem:            298336 kB
Slab:              79424 kB
SReclaimable:      35760 kB
SUnreclaim:        43664 kB
KernelStack:       11248 kB
PageTables:        63320 kB
NFS_Unstable:          0 kB
Bounce:                0 kB
WritebackTmp:          0 kB
CommitLimit:     1990488 kB
Committed_AS:    8830568 kB
VmallocTotal:   34359738367 kB
VmallocUsed:           0 kB
VmallocChunk:          0 kB
HardwareCorrupted:     0 kB
AnonHugePages:   1263616 kB
CmaTotal:              0 kB
CmaFree:               0 kB
HugePages_Total:       0
HugePages_Free:        0
HugePages_Rsvd:        0
HugePages_Surp:        0
Hugepagesize:       2048 kB
DirectMap4k:      197312 kB
DirectMap2M:     3932160 kB
DirectMap1G:     1048576 kB


CPU:total 4 (2 cores per cpu, 2 threads per core) family 6 model 69 stepping 1, cmov, cx8, fxsr, mmx, sse, sse2, sse3, ssse3, sse4.1, sse4.2, popcnt, avx, avx2, aes, clmul, erms, lzcnt, ht, tsc, tscinvbit, bmi1, bmi2

/proc/cpuinfo:
processor	: 0
vendor_id	: GenuineIntel
cpu family	: 6
model		: 69
model name	: Intel(R) Core(TM) i3-4005U CPU @ 1.70GHz
stepping	: 1
microcode	: 0x1d
cpu MHz		: 894.890
cache size	: 3072 KB
physical id	: 0
siblings	: 4
core id		: 0
cpu cores	: 2
apicid		: 0
initial apicid	: 0
fpu		: yes
fpu_exception	: yes
cpuid level	: 13
wp		: yes
flags		: fpu vme de pse tsc msr pae mce cx8 apic sep mtrr pge mca cmov pat pse36 clflush dts acpi mmx fxsr sse sse2 ss ht tm pbe syscall nx pdpe1gb rdtscp lm constant_tsc arch_perfmon pebs bts rep_good nopl xtopology nonstop_tsc aperfmperf eagerfpu pni pclmulqdq dtes64 monitor ds_cpl vmx est tm2 ssse3 sdbg fma cx16 xtpr pdcm pcid sse4_1 sse4_2 movbe popcnt tsc_deadline_timer aes xsave avx f16c rdrand lahf_lm abm epb tpr_shadow vnmi flexpriority ept vpid fsgsbase tsc_adjust bmi1 avx2 smep bmi2 erms invpcid xsaveopt dtherm ida arat pln pts
bugs		:
bogomips	: 3392.08
clflush size	: 64
cache_alignment	: 64
address sizes	: 39 bits physical, 48 bits virtual
power management:

processor	: 1
vendor_id	: GenuineIntel
cpu family	: 6
model		: 69
model name	: Intel(R) Core(TM) i3-4005U CPU @ 1.70GHz
stepping	: 1
microcode	: 0x1d
cpu MHz		: 805.574
cache size	: 3072 KB
physical id	: 0
siblings	: 4
core id		: 0
cpu cores	: 2
apicid		: 1
initial apicid	: 1
fpu		: yes
fpu_exception	: yes
cpuid level	: 13
wp		: yes
flags		: fpu vme de pse tsc msr pae mce cx8 apic sep mtrr pge mca cmov pat pse36 clflush dts acpi mmx fxsr sse sse2 ss ht tm pbe syscall nx pdpe1gb rdtscp lm constant_tsc arch_perfmon pebs bts rep_good nopl xtopology nonstop_tsc aperfmperf eagerfpu pni pclmulqdq dtes64 monitor ds_cpl vmx est tm2 ssse3 sdbg fma cx16 xtpr pdcm pcid sse4_1 sse4_2 movbe popcnt tsc_deadline_timer aes xsave avx f16c rdrand lahf_lm abm epb tpr_shadow vnmi flexpriority ept vpid fsgsbase tsc_adjust bmi1 avx2 smep bmi2 erms invpcid xsaveopt dtherm ida arat pln pts
bugs		:
bogomips	: 3392.08
clflush size	: 64
cache_alignment	: 64
address sizes	: 39 bits physical, 48 bits virtual
power management:

processor	: 2
vendor_id	: GenuineIntel
cpu family	: 6
model		: 69
model name	: Intel(R) Core(TM) i3-4005U CPU @ 1.70GHz
stepping	: 1
microcode	: 0x1d
cpu MHz		: 891.304
cache size	: 3072 KB
physical id	: 0
siblings	: 4
core id		: 1
cpu cores	: 2
apicid		: 2
initial apicid	: 2
fpu		: yes
fpu_exception	: yes
cpuid level	: 13
wp		: yes
flags		: fpu vme de pse tsc msr pae mce cx8 apic sep mtrr pge mca cmov pat pse36 clflush dts acpi mmx fxsr sse sse2 ss ht tm pbe syscall nx pdpe1gb rdtscp lm constant_tsc arch_perfmon pebs bts rep_good nopl xtopology nonstop_tsc aperfmperf eagerfpu pni pclmulqdq dtes64 monitor ds_cpl vmx est tm2 ssse3 sdbg fma cx16 xtpr pdcm pcid sse4_1 sse4_2 movbe popcnt tsc_deadline_timer aes xsave avx f16c rdrand lahf_lm abm epb tpr_shadow vnmi flexpriority ept vpid fsgsbase tsc_adjust bmi1 avx2 smep bmi2 erms invpcid xsaveopt dtherm ida arat pln pts
bugs		:
bogomips	: 3392.08
clflush size	: 64
cache_alignment	: 64
address sizes	: 39 bits physical, 48 bits virtual
power management:

processor	: 3
vendor_id	: GenuineIntel
cpu family	: 6
model		: 69
model name	: Intel(R) Core(TM) i3-4005U CPU @ 1.70GHz
stepping	: 1
microcode	: 0x1d
cpu MHz		: 820.914
cache size	: 3072 KB
physical id	: 0
siblings	: 4
core id		: 1
cpu cores	: 2
apicid		: 3
initial apicid	: 3
fpu		: yes
fpu_exception	: yes
cpuid level	: 13
wp		: yes
flags		: fpu vme de pse tsc msr pae mce cx8 apic sep mtrr pge mca cmov pat pse36 clflush dts acpi mmx fxsr sse sse2 ss ht tm pbe syscall nx pdpe1gb rdtscp lm constant_tsc arch_perfmon pebs bts rep_good nopl xtopology nonstop_tsc aperfmperf eagerfpu pni pclmulqdq dtes64 monitor ds_cpl vmx est tm2 ssse3 sdbg fma cx16 xtpr pdcm pcid sse4_1 sse4_2 movbe popcnt tsc_deadline_timer aes xsave avx f16c rdrand lahf_lm abm epb tpr_shadow vnmi flexpriority ept vpid fsgsbase tsc_adjust bmi1 avx2 smep bmi2 erms invpcid xsaveopt dtherm ida arat pln pts
bugs		:
bogomips	: 3392.08
clflush size	: 64
cache_alignment	: 64
address sizes	: 39 bits physical, 48 bits virtual
power management:



Memory: 4k page, physical 3980976k(113316k free), swap 0k(0k free)

vm_info: OpenJDK 64-Bit Server VM (25.121-b13) for linux-amd64 JRE (1.8.0_121-8u121-b13-0ubuntu1.16.04.2-b13), built on Jan 23 2017 15:51:29 by "buildd" with gcc 5.4.0 20160609

time: Fri Mar  3 14:28:29 2017
elapsed time: 30 seconds (0d 0h 0m 30s)

