#
# There is insufficient memory for the Java Runtime Environment to continue.
# Native memory allocation (mmap) failed to map 63963136 bytes for committing reserved memory.
# Possible reasons:
#   The system is out of physical RAM or swap space
#   In 32 bit mode, the process size limit was hit
# Possible solutions:
#   Reduce memory load on the system
#   Increase physical memory or swap space
#   Check if swap backing store is full
#   Use 64 bit Java on a 64 bit OS
#   Decrease Java heap size (-Xmx/-Xms)
#   Decrease number of Java threads
#   Decrease Java thread stack sizes (-Xss)
#   Set larger code cache with -XX:ReservedCodeCacheSize=
# This output file may be truncated or incomplete.
#
#  Out of Memory Error (os_linux.cpp:2630), pid=4280, tid=0x00007f02c0584700
#
# JRE version: OpenJDK Runtime Environment (8.0_121-b13) (build 1.8.0_121-8u121-b13-0ubuntu1.16.04.2-b13)
# Java VM: OpenJDK 64-Bit Server VM (25.121-b13 mixed mode linux-amd64 compressed oops)
# Failed to write core dump. Core dumps have been disabled. To enable core dumping, try "ulimit -c unlimited" before starting Java again
#

---------------  T H R E A D  ---------------

Current thread (0x00007f02d4077800):  VMThread [stack: 0x00007f02c0484000,0x00007f02c0585000] [id=4314]

Stack: [0x00007f02c0484000,0x00007f02c0585000],  sp=0x00007f02c05834c0,  free space=1021k
Native frames: (J=compiled Java code, j=interpreted, Vv=VM code, C=native code)
V  [libjvm.so+0xa6647b]
V  [libjvm.so+0x4c32dc]
V  [libjvm.so+0x8b4b60]
V  [libjvm.so+0x8aefde]
V  [libjvm.so+0x929a16]
V  [libjvm.so+0x92ad43]
V  [libjvm.so+0x9273f3]
V  [libjvm.so+0x9276bc]
V  [libjvm.so+0x8d9553]
V  [libjvm.so+0xa68132]
V  [libjvm.so+0xa6d217]
V  [libjvm.so+0xa6a9e7]
V  [libjvm.so+0xa6be6f]
V  [libjvm.so+0xa6c361]
V  [libjvm.so+0x8b2042]

VM_Operation (0x00007f02db133db0): ParallelGCFailedAllocation, mode: safepoint, requested by thread 0x00007f02d400a000


---------------  P R O C E S S  ---------------

Java Threads: ( => current thread )
  0x00007f02d4332000 JavaThread "process reaper" daemon [_thread_blocked, id=4363, stack(0x00007f02ab872000,0x00007f02ab8ab000)]
  0x00007f02d40e1000 JavaThread "Service Thread" daemon [_thread_blocked, id=4341, stack(0x00007f02aba25000,0x00007f02abb26000)]
  0x00007f02d40b1800 JavaThread "C1 CompilerThread2" daemon [_thread_blocked, id=4336, stack(0x00007f02abb26000,0x00007f02abc27000)]
  0x00007f02d40af800 JavaThread "C2 CompilerThread1" daemon [_thread_blocked, id=4333, stack(0x00007f02abc27000,0x00007f02abd28000)]
  0x00007f02d40ac800 JavaThread "C2 CompilerThread0" daemon [_thread_blocked, id=4331, stack(0x00007f02c0080000,0x00007f02c0181000)]
  0x00007f02d40aa800 JavaThread "Signal Dispatcher" daemon [_thread_blocked, id=4323, stack(0x00007f02c0181000,0x00007f02c0282000)]
  0x00007f02d4083800 JavaThread "Finalizer" daemon [_thread_blocked, id=4319, stack(0x00007f02c0282000,0x00007f02c0383000)]
  0x00007f02d407f000 JavaThread "Reference Handler" daemon [_thread_blocked, id=4317, stack(0x00007f02c0383000,0x00007f02c0484000)]
  0x00007f02d400a000 JavaThread "main" [_thread_blocked, id=4293, stack(0x00007f02db037000,0x00007f02db138000)]

Other Threads:
=>0x00007f02d4077800 VMThread [stack: 0x00007f02c0484000,0x00007f02c0585000] [id=4314]
  0x00007f02d40f3800 WatcherThread [stack: 0x00007f02ab924000,0x00007f02aba25000] [id=4343]

VM state:at safepoint (normal execution)

VM Mutex/Monitor currently owned by a thread:  ([mutex/lock_event])
[0x00007f02d40062c0] Threads_lock - owner thread: 0x00007f02d4077800
[0x00007f02d40067c0] Heap_lock - owner thread: 0x00007f02d400a000

Heap:
 PSYoungGen      total 72704K, used 5965K [0x00000000ebc00000, 0x00000000f0c00000, 0x0000000100000000)
  eden space 63488K, 0% used [0x00000000ebc00000,0x00000000ebc00000,0x00000000efa00000)
  from space 9216K, 64% used [0x00000000efa00000,0x00000000effd36c8,0x00000000f0300000)
  to   space 9216K, 0% used [0x00000000f0300000,0x00000000f0300000,0x00000000f0c00000)
 ParOldGen       total 42496K, used 15218K [0x00000000c3400000, 0x00000000c5d80000, 0x00000000ebc00000)
  object space 42496K, 35% used [0x00000000c3400000,0x00000000c42dcae0,0x00000000c5d80000)
 Metaspace       used 15707K, capacity 15972K, committed 16128K, reserved 1062912K
  class space    used 1643K, capacity 1740K, committed 1792K, reserved 1048576K

Card table byte_map: [0x00007f02c4432000,0x00007f02c4619000] byte_map_base: 0x00007f02c3e18000

Marking Bits: (ParMarkBitMap*) 0x00007f02da317220
 Begin Bits: [0x00007f02c208a000, 0x00007f02c2fba000)
 End Bits:   [0x00007f02c2fba000, 0x00007f02c3eea000)

Polling page: 0x00007f02db169000

CodeCache: size=245760Kb used=13451Kb max_used=13483Kb free=232308Kb
 bounds [0x00007f02c49d9000, 0x00007f02c5719000, 0x00007f02d39d9000]
 total_blobs=4047 nmethods=3679 adapters=281
 compilation: enabled

Compilation events (10 events):
Event: 30.634 Thread 0x00007f02d40b1800 nmethod 3926 0x00007f02c5707350 code [0x00007f02c57074e0, 0x00007f02c5707938]
Event: 30.634 Thread 0x00007f02d40b1800 3927       3       java.lang.Enum::hashCode (5 bytes)
Event: 30.634 Thread 0x00007f02d40b1800 nmethod 3927 0x00007f02c5700750 code [0x00007f02c57008c0, 0x00007f02c5700a48]
Event: 30.634 Thread 0x00007f02d40b1800 3916       3       com.sun.tools.javac.file.RelativePath::equals (24 bytes)
Event: 30.646 Thread 0x00007f02d40b1800 nmethod 3916 0x00007f02c5707b10 code [0x00007f02c5707ca0, 0x00007f02c57080e8]
Event: 30.647 Thread 0x00007f02d40ac800 nmethod 3923 0x00007f02c570b110 code [0x00007f02c570b280, 0x00007f02c570b578]
Event: 30.677 Thread 0x00007f02d40af800 nmethod 3915 0x00007f02c4afbc90 code [0x00007f02c4afbe20, 0x00007f02c4afc678]
Event: 30.870 Thread 0x00007f02d40b1800 3928       3       com.sun.tools.javac.jvm.ClassReader::indexPool (260 bytes)
Event: 30.872 Thread 0x00007f02d40af800 3929       4       java.lang.CharacterDataLatin1::isJavaIdentifierPart (20 bytes)
Event: 30.873 Thread 0x00007f02d40af800 nmethod 3929 0x00007f02c5700490 code [0x00007f02c57005e0, 0x00007f02c5700698]

GC Heap History (10 events):
Event: 7.442 GC heap after
Heap after GC invocations=2 (full 0):
 PSYoungGen      total 18432K, used 2543K [0x00000000ebc00000, 0x00000000ee000000, 0x0000000100000000)
  eden space 15872K, 0% used [0x00000000ebc00000,0x00000000ebc00000,0x00000000ecb80000)
  from space 2560K, 99% used [0x00000000ece00000,0x00000000ed07bc70,0x00000000ed080000)
  to   space 2560K, 0% used [0x00000000ecb80000,0x00000000ecb80000,0x00000000ece00000)
 ParOldGen       total 42496K, used 1817K [0x00000000c3400000, 0x00000000c5d80000, 0x00000000ebc00000)
  object space 42496K, 4% used [0x00000000c3400000,0x00000000c35c6688,0x00000000c5d80000)
 Metaspace       used 10627K, capacity 10878K, committed 11136K, reserved 1058816K
  class space    used 1249K, capacity 1323K, committed 1408K, reserved 1048576K
}
Event: 9.180 GC heap before
{Heap before GC invocations=3 (full 0):
 PSYoungGen      total 18432K, used 18415K [0x00000000ebc00000, 0x00000000ee000000, 0x0000000100000000)
  eden space 15872K, 100% used [0x00000000ebc00000,0x00000000ecb80000,0x00000000ecb80000)
  from space 2560K, 99% used [0x00000000ece00000,0x00000000ed07bc70,0x00000000ed080000)
  to   space 2560K, 0% used [0x00000000ecb80000,0x00000000ecb80000,0x00000000ece00000)
 ParOldGen       total 42496K, used 1817K [0x00000000c3400000, 0x00000000c5d80000, 0x00000000ebc00000)
  object space 42496K, 4% used [0x00000000c3400000,0x00000000c35c6688,0x00000000c5d80000)
 Metaspace       used 12389K, capacity 12638K, committed 12800K, reserved 1060864K
  class space    used 1415K, capacity 1483K, committed 1536K, reserved 1048576K
Event: 9.205 GC heap after
Heap after GC invocations=3 (full 0):
 PSYoungGen      total 18432K, used 2544K [0x00000000ebc00000, 0x00000000ee000000, 0x0000000100000000)
  eden space 15872K, 0% used [0x00000000ebc00000,0x00000000ebc00000,0x00000000ecb80000)
  from space 2560K, 99% used [0x00000000ecb80000,0x00000000ecdfc040,0x00000000ece00000)
  to   space 2560K, 0% used [0x00000000edd80000,0x00000000edd80000,0x00000000ee000000)
 ParOldGen       total 42496K, used 5317K [0x00000000c3400000, 0x00000000c5d80000, 0x00000000ebc00000)
  object space 42496K, 12% used [0x00000000c3400000,0x00000000c3931400,0x00000000c5d80000)
 Metaspace       used 12389K, capacity 12638K, committed 12800K, reserved 1060864K
  class space    used 1415K, capacity 1483K, committed 1536K, reserved 1048576K
}
Event: 10.986 GC heap before
{Heap before GC invocations=4 (full 0):
 PSYoungGen      total 18432K, used 18416K [0x00000000ebc00000, 0x00000000ee000000, 0x0000000100000000)
  eden space 15872K, 100% used [0x00000000ebc00000,0x00000000ecb80000,0x00000000ecb80000)
  from space 2560K, 99% used [0x00000000ecb80000,0x00000000ecdfc040,0x00000000ece00000)
  to   space 2560K, 0% used [0x00000000edd80000,0x00000000edd80000,0x00000000ee000000)
 ParOldGen       total 42496K, used 5317K [0x00000000c3400000, 0x00000000c5d80000, 0x00000000ebc00000)
  object space 42496K, 12% used [0x00000000c3400000,0x00000000c3931400,0x00000000c5d80000)
 Metaspace       used 12610K, capacity 12830K, committed 13056K, reserved 1060864K
  class space    used 1431K, capacity 1483K, committed 1536K, reserved 1048576K
Event: 11.041 GC heap after
Heap after GC invocations=4 (full 0):
 PSYoungGen      total 34304K, used 2535K [0x00000000ebc00000, 0x00000000ee000000, 0x0000000100000000)
  eden space 31744K, 0% used [0x00000000ebc00000,0x00000000ebc00000,0x00000000edb00000)
  from space 2560K, 99% used [0x00000000edd80000,0x00000000edff9d98,0x00000000ee000000)
  to   space 2560K, 0% used [0x00000000edb00000,0x00000000edb00000,0x00000000edd80000)
 ParOldGen       total 42496K, used 10732K [0x00000000c3400000, 0x00000000c5d80000, 0x00000000ebc00000)
  object space 42496K, 25% used [0x00000000c3400000,0x00000000c3e7b2a8,0x00000000c5d80000)
 Metaspace       used 12610K, capacity 12830K, committed 13056K, reserved 1060864K
  class space    used 1431K, capacity 1483K, committed 1536K, reserved 1048576K
}
Event: 16.091 GC heap before
{Heap before GC invocations=5 (full 0):
 PSYoungGen      total 34304K, used 34279K [0x00000000ebc00000, 0x00000000ee000000, 0x0000000100000000)
  eden space 31744K, 100% used [0x00000000ebc00000,0x00000000edb00000,0x00000000edb00000)
  from space 2560K, 99% used [0x00000000edd80000,0x00000000edff9d98,0x00000000ee000000)
  to   space 2560K, 0% used [0x00000000edb00000,0x00000000edb00000,0x00000000edd80000)
 ParOldGen       total 42496K, used 10732K [0x00000000c3400000, 0x00000000c5d80000, 0x00000000ebc00000)
  object space 42496K, 25% used [0x00000000c3400000,0x00000000c3e7b2a8,0x00000000c5d80000)
 Metaspace       used 14478K, capacity 14718K, committed 14976K, reserved 1062912K
  class space    used 1574K, capacity 1643K, committed 1664K, reserved 1048576K
Event: 16.159 GC heap after
Heap after GC invocations=5 (full 0):
 PSYoungGen      total 34304K, used 2535K [0x00000000ebc00000, 0x00000000f0c00000, 0x0000000100000000)
  eden space 31744K, 0% used [0x00000000ebc00000,0x00000000ebc00000,0x00000000edb00000)
  from space 2560K, 99% used [0x00000000edb00000,0x00000000edd79d98,0x00000000edd80000)
  to   space 9216K, 0% used [0x00000000f0300000,0x00000000f0300000,0x00000000f0c00000)
 ParOldGen       total 42496K, used 14213K [0x00000000c3400000, 0x00000000c5d80000, 0x00000000ebc00000)
  object space 42496K, 33% used [0x00000000c3400000,0x00000000c41e1670,0x00000000c5d80000)
 Metaspace       used 14478K, capacity 14718K, committed 14976K, reserved 1062912K
  class space    used 1574K, capacity 1643K, committed 1664K, reserved 1048576K
}
Event: 19.387 GC heap before
{Heap before GC invocations=6 (full 0):
 PSYoungGen      total 34304K, used 34279K [0x00000000ebc00000, 0x00000000f0c00000, 0x0000000100000000)
  eden space 31744K, 100% used [0x00000000ebc00000,0x00000000edb00000,0x00000000edb00000)
  from space 2560K, 99% used [0x00000000edb00000,0x00000000edd79d98,0x00000000edd80000)
  to   space 9216K, 0% used [0x00000000f0300000,0x00000000f0300000,0x00000000f0c00000)
 ParOldGen       total 42496K, used 14213K [0x00000000c3400000, 0x00000000c5d80000, 0x00000000ebc00000)
  object space 42496K, 33% used [0x00000000c3400000,0x00000000c41e1670,0x00000000c5d80000)
 Metaspace       used 14939K, capacity 15166K, committed 15232K, reserved 1062912K
  class space    used 1581K, capacity 1643K, committed 1664K, reserved 1048576K
Event: 19.436 GC heap after
Heap after GC invocations=6 (full 0):
 PSYoungGen      total 72704K, used 3271K [0x00000000ebc00000, 0x00000000f0c00000, 0x0000000100000000)
  eden space 63488K, 0% used [0x00000000ebc00000,0x00000000ebc00000,0x00000000efa00000)
  from space 9216K, 35% used [0x00000000f0300000,0x00000000f0631d98,0x00000000f0c00000)
  to   space 9216K, 0% used [0x00000000efa00000,0x00000000efa00000,0x00000000f0300000)
 ParOldGen       total 42496K, used 14221K [0x00000000c3400000, 0x00000000c5d80000, 0x00000000ebc00000)
  object space 42496K, 33% used [0x00000000c3400000,0x00000000c41e3670,0x00000000c5d80000)
 Metaspace       used 14939K, capacity 15166K, committed 15232K, reserved 1062912K
  class space    used 1581K, capacity 1643K, committed 1664K, reserved 1048576K
}
Event: 31.084 GC heap before
{Heap before GC invocations=7 (full 0):
 PSYoungGen      total 72704K, used 66759K [0x00000000ebc00000, 0x00000000f0c00000, 0x0000000100000000)
  eden space 63488K, 100% used [0x00000000ebc00000,0x00000000efa00000,0x00000000efa00000)
  from space 9216K, 35% used [0x00000000f0300000,0x00000000f0631d98,0x00000000f0c00000)
  to   space 9216K, 0% used [0x00000000efa00000,0x00000000efa00000,0x00000000f0300000)
 ParOldGen       total 42496K, used 14221K [0x00000000c3400000, 0x00000000c5d80000, 0x00000000ebc00000)
  object space 42496K, 33% used [0x00000000c3400000,0x00000000c41e3670,0x00000000c5d80000)
 Metaspace       used 15707K, capacity 15972K, committed 16128K, reserved 1062912K
  class space    used 1643K, capacity 1740K, committed 1792K, reserved 1048576K

Deoptimization events (10 events):
Event: 29.826 Thread 0x00007f02d400a000 Uncommon trap: reason=class_check action=maybe_recompile pc=0x00007f02c52739b4 method=java.util.regex.Pattern$BmpCharProperty.match(Ljava/util/regex/Matcher;ILjava/lang/CharSequence;)Z @ 31
Event: 29.826 Thread 0x00007f02d400a000 Uncommon trap: reason=class_check action=maybe_recompile pc=0x00007f02c52739b4 method=java.util.regex.Pattern$BmpCharProperty.match(Ljava/util/regex/Matcher;ILjava/lang/CharSequence;)Z @ 31
Event: 29.826 Thread 0x00007f02d400a000 Uncommon trap: reason=class_check action=maybe_recompile pc=0x00007f02c52739b4 method=java.util.regex.Pattern$BmpCharProperty.match(Ljava/util/regex/Matcher;ILjava/lang/CharSequence;)Z @ 31
Event: 29.826 Thread 0x00007f02d400a000 Uncommon trap: reason=class_check action=maybe_recompile pc=0x00007f02c52739b4 method=java.util.regex.Pattern$BmpCharProperty.match(Ljava/util/regex/Matcher;ILjava/lang/CharSequence;)Z @ 31
Event: 29.889 Thread 0x00007f02d400a000 Uncommon trap: reason=class_check action=maybe_recompile pc=0x00007f02c4cb7754 method=sun.misc.URLClassPath.getLoader(I)Lsun/misc/URLClassPath$Loader; @ 94
Event: 29.889 Thread 0x00007f02d400a000 Uncommon trap: reason=class_check action=maybe_recompile pc=0x00007f02c4cb7754 method=sun.misc.URLClassPath.getLoader(I)Lsun/misc/URLClassPath$Loader; @ 94
Event: 30.058 Thread 0x00007f02d400a000 Uncommon trap: reason=unstable_if action=reinterpret pc=0x00007f02c50b4f08 method=com.sun.tools.javac.parser.JavaTokenizer.readToken()Lcom/sun/tools/javac/parser/Tokens$Token; @ 961
Event: 30.139 Thread 0x00007f02d400a000 Uncommon trap: reason=unstable_if action=reinterpret pc=0x00007f02c5010824 method=com.sun.tools.javac.parser.JavacParser.term3()Lcom/sun/tools/javac/tree/JCTree$JCExpression; @ 1519
Event: 30.627 Thread 0x00007f02d400a000 Uncommon trap: reason=class_check action=maybe_recompile pc=0x00007f02c563e100 method=com.sun.tools.javac.comp.Resolve.findIdentInPackage(Lcom/sun/tools/javac/comp/Env;Lcom/sun/tools/javac/code/Symbol$TypeSymbol;Lcom/sun/tools/javac/util/Name;I)Lcom/sun/t
Event: 30.870 Thread 0x00007f02d400a000 Uncommon trap: reason=class_check action=maybe_recompile pc=0x00007f02c563e100 method=com.sun.tools.javac.comp.Resolve.findIdentInPackage(Lcom/sun/tools/javac/comp/Env;Lcom/sun/tools/javac/code/Symbol$TypeSymbol;Lcom/sun/tools/javac/util/Name;I)Lcom/sun/t

Internal exceptions (10 events):
Event: 5.427 Thread 0x00007f02d400a000 Exception <a 'java/lang/NoSuchFieldError': method resolution failed> (0x00000000ec6abe50) thrown at [/build/openjdk-8-YiEakL/openjdk-8-8u121-b13/src/hotspot/src/share/vm/prims/methodHandles.cpp, line 1146]
Event: 6.022 Thread 0x00007f02d400a000 Exception <a 'java/lang/ClassNotFoundException': org/apache/tools/ant/helper/DefaultExecutor> (0x00000000ec8e5fd0) thrown at [/build/openjdk-8-YiEakL/openjdk-8-8u121-b13/src/hotspot/src/share/vm/classfile/systemDictionary.cpp, line 210]
Event: 10.463 Thread 0x00007f02d400a000 Exception <a 'java/io/FileNotFoundException'> (0x00000000ec6c4160) thrown at [/build/openjdk-8-YiEakL/openjdk-8-8u121-b13/src/hotspot/src/share/vm/prims/jni.cpp, line 709]
Event: 10.523 Thread 0x00007f02d400a000 Exception <a 'java/io/FileNotFoundException'> (0x00000000ec6ec3a0) thrown at [/build/openjdk-8-YiEakL/openjdk-8-8u121-b13/src/hotspot/src/share/vm/prims/jni.cpp, line 709]
Event: 10.524 Thread 0x00007f02d400a000 Exception <a 'java/io/FileNotFoundException'> (0x00000000ec6ed068) thrown at [/build/openjdk-8-YiEakL/openjdk-8-8u121-b13/src/hotspot/src/share/vm/prims/jni.cpp, line 709]
Event: 20.816 Thread 0x00007f02d400a000 Implicit null exception at 0x00007f02c553e738 to 0x00007f02c5542461
Event: 22.294 Thread 0x00007f02d400a000 Implicit null exception at 0x00007f02c4b02922 to 0x00007f02c4b02c1d
Event: 30.611 Thread 0x00007f02d400a000 Exception <a 'java/io/FileNotFoundException'> (0x00000000ef8d4a70) thrown at [/build/openjdk-8-YiEakL/openjdk-8-8u121-b13/src/hotspot/src/share/vm/prims/jni.cpp, line 709]
Event: 30.611 Thread 0x00007f02d400a000 Exception <a 'java/io/FileNotFoundException'> (0x00000000ef8d5938) thrown at [/build/openjdk-8-YiEakL/openjdk-8-8u121-b13/src/hotspot/src/share/vm/prims/jni.cpp, line 709]
Event: 30.611 Thread 0x00007f02d400a000 Exception <a 'java/io/FileNotFoundException'> (0x00000000ef8d6418) thrown at [/build/openjdk-8-YiEakL/openjdk-8-8u121-b13/src/hotspot/src/share/vm/prims/jni.cpp, line 709]

Events (10 events):
Event: 30.627 Thread 0x00007f02d400a000 DEOPT UNPACKING pc=0x00007f02c49ddf69 sp=0x00007f02db134560 mode 2
Event: 30.647 Thread 0x00007f02d40ac800 flushing nmethod 0x00007f02c4ae8410
Event: 30.647 Thread 0x00007f02d40ac800 flushing nmethod 0x00007f02c4af97d0
Event: 30.647 Thread 0x00007f02d40ac800 flushing nmethod 0x00007f02c4b03710
Event: 30.647 Thread 0x00007f02d40ac800 flushing nmethod 0x00007f02c4b1fc50
Event: 30.647 Thread 0x00007f02d40ac800 flushing nmethod 0x00007f02c4b3a610
Event: 30.870 Thread 0x00007f02d400a000 Uncommon trap: trap_request=0xffffffde fr.pc=0x00007f02c563e100
Event: 30.870 Thread 0x00007f02d400a000 DEOPT PACKING pc=0x00007f02c563e100 sp=0x00007f02db1345f0
Event: 30.870 Thread 0x00007f02d400a000 DEOPT UNPACKING pc=0x00007f02c49ddf69 sp=0x00007f02db134560 mode 2
Event: 31.005 Executing VM operation: ParallelGCFailedAllocation


Dynamic libraries:
00400000-00401000 r-xp 00000000 08:04 7733285                            /usr/lib/jvm/java-8-openjdk-amd64/jre/bin/java
00600000-00601000 r--p 00000000 08:04 7733285                            /usr/lib/jvm/java-8-openjdk-amd64/jre/bin/java
00601000-00602000 rw-p 00001000 08:04 7733285                            /usr/lib/jvm/java-8-openjdk-amd64/jre/bin/java
01e6a000-01e8b000 rw-p 00000000 00:00 0                                  [heap]
c3400000-c5d80000 rw-p 00000000 00:00 0 
c5d80000-ebc00000 ---p 00000000 00:00 0 
ebc00000-f0c00000 rw-p 00000000 00:00 0 
f4900000-100000000 ---p 00000000 00:00 0 
100000000-1001c0000 rw-p 00000000 00:00 0 
1001c0000-140000000 ---p 00000000 00:00 0 
7f0278000000-7f0278021000 rw-p 00000000 00:00 0 
7f0278021000-7f027c000000 ---p 00000000 00:00 0 
7f0280000000-7f0280021000 rw-p 00000000 00:00 0 
7f0280021000-7f0284000000 ---p 00000000 00:00 0 
7f0284000000-7f0284021000 rw-p 00000000 00:00 0 
7f0284021000-7f0288000000 ---p 00000000 00:00 0 
7f0288000000-7f0288021000 rw-p 00000000 00:00 0 
7f0288021000-7f028c000000 ---p 00000000 00:00 0 
7f028c000000-7f028c021000 rw-p 00000000 00:00 0 
7f028c021000-7f0290000000 ---p 00000000 00:00 0 
7f0290000000-7f02912eb000 rw-p 00000000 00:00 0 
7f02912eb000-7f0294000000 ---p 00000000 00:00 0 
7f0294000000-7f0294cfa000 rw-p 00000000 00:00 0 
7f0294cfa000-7f0298000000 ---p 00000000 00:00 0 
7f0298000000-7f0298021000 rw-p 00000000 00:00 0 
7f0298021000-7f029c000000 ---p 00000000 00:00 0 
7f029c000000-7f029c9f3000 rw-p 00000000 00:00 0 
7f029c9f3000-7f02a0000000 ---p 00000000 00:00 0 
7f02a0000000-7f02a0021000 rw-p 00000000 00:00 0 
7f02a0021000-7f02a4000000 ---p 00000000 00:00 0 
7f02a4000000-7f02a4021000 rw-p 00000000 00:00 0 
7f02a4021000-7f02a8000000 ---p 00000000 00:00 0 
7f02aa944000-7f02aa955000 r-xp 00000000 08:04 8257742                    /usr/lib/jvm/java-8-openjdk-amd64/jre/lib/amd64/libnio.so
7f02aa955000-7f02aab55000 ---p 00011000 08:04 8257742                    /usr/lib/jvm/java-8-openjdk-amd64/jre/lib/amd64/libnio.so
7f02aab55000-7f02aab56000 r--p 00011000 08:04 8257742                    /usr/lib/jvm/java-8-openjdk-amd64/jre/lib/amd64/libnio.so
7f02aab56000-7f02aab57000 rw-p 00012000 08:04 8257742                    /usr/lib/jvm/java-8-openjdk-amd64/jre/lib/amd64/libnio.so
7f02aab57000-7f02aae58000 rw-p 00000000 00:00 0 
7f02aae58000-7f02aae6f000 r-xp 00000000 08:04 8257636                    /usr/lib/jvm/java-8-openjdk-amd64/jre/lib/amd64/libnet.so
7f02aae6f000-7f02ab06e000 ---p 00017000 08:04 8257636                    /usr/lib/jvm/java-8-openjdk-amd64/jre/lib/amd64/libnet.so
7f02ab06e000-7f02ab06f000 r--p 00016000 08:04 8257636                    /usr/lib/jvm/java-8-openjdk-amd64/jre/lib/amd64/libnet.so
7f02ab06f000-7f02ab070000 rw-p 00017000 08:04 8257636                    /usr/lib/jvm/java-8-openjdk-amd64/jre/lib/amd64/libnet.so
7f02ab070000-7f02ab270000 rw-p 00000000 00:00 0 
7f02ab270000-7f02ab470000 rw-p 00000000 00:00 0 
7f02ab470000-7f02ab670000 rw-p 00000000 00:00 0 
7f02ab670000-7f02ab673000 ---p 00000000 00:00 0 
7f02ab673000-7f02ab771000 rw-p 00000000 00:00 0 
7f02ab771000-7f02ab774000 ---p 00000000 00:00 0 
7f02ab774000-7f02ab872000 rw-p 00000000 00:00 0 
7f02ab872000-7f02ab875000 ---p 00000000 00:00 0 
7f02ab875000-7f02ab8ab000 rw-p 00000000 00:00 0 
7f02ab8ab000-7f02ab924000 r--s 010fd000 08:04 7340065                    /usr/lib/jvm/java-8-openjdk-amd64/lib/tools.jar
7f02ab924000-7f02ab925000 ---p 00000000 00:00 0 
7f02ab925000-7f02aba25000 rw-p 00000000 00:00 0 
7f02aba25000-7f02aba28000 ---p 00000000 00:00 0 
7f02aba28000-7f02abb26000 rw-p 00000000 00:00 0 
7f02abb26000-7f02abb29000 ---p 00000000 00:00 0 
7f02abb29000-7f02abc27000 rw-p 00000000 00:00 0 
7f02abc27000-7f02abc2a000 ---p 00000000 00:00 0 
7f02abc2a000-7f02abd28000 rw-p 00000000 00:00 0 
7f02abd28000-7f02ac000000 r--p 00000000 08:04 5243882                    /usr/lib/locale/locale-archive
7f02ac000000-7f02ac021000 rw-p 00000000 00:00 0 
7f02ac021000-7f02b0000000 ---p 00000000 00:00 0 
7f02b0000000-7f02b0021000 rw-p 00000000 00:00 0 
7f02b0021000-7f02b4000000 ---p 00000000 00:00 0 
7f02b4000000-7f02b4021000 rw-p 00000000 00:00 0 
7f02b4021000-7f02b8000000 ---p 00000000 00:00 0 
7f02b8000000-7f02b8021000 rw-p 00000000 00:00 0 
7f02b8021000-7f02bc000000 ---p 00000000 00:00 0 
7f02bc000000-7f02bc021000 rw-p 00000000 00:00 0 
7f02bc021000-7f02c0000000 ---p 00000000 00:00 0 
7f02c0013000-7f02c0016000 r--s 00014000 08:04 5647391                    /usr/share/java/ant-commons-net-1.9.6.jar
7f02c0016000-7f02c0017000 r--s 00002000 08:04 5647378                    /usr/share/java/ant-antlr-1.9.6.jar
7f02c0017000-7f02c0018000 r--s 00001000 08:04 5647383                    /usr/share/java/ant-apache-xalan2-1.9.6.jar
7f02c0018000-7f02c001a000 r--s 00002000 08:04 5647388                    /usr/share/java/ant-jmf-1.9.6.jar
7f02c001a000-7f02c001b000 r--s 00006000 08:04 5647390                    /usr/share/java/ant-testutil-1.9.6.jar
7f02c001b000-7f02c001d000 r--s 0001b000 08:04 5647381                    /usr/share/java/ant-junit-1.9.6.jar
7f02c001d000-7f02c001e000 r--s 00002000 08:04 5647376                    /usr/share/java/ant-apache-regexp-1.9.6.jar
7f02c001e000-7f02c001f000 r--s 00002000 08:04 5647387                    /usr/share/java/ant-apache-oro-1.9.6.jar
7f02c001f000-7f02c0020000 r--s 00002000 08:04 5647379                    /usr/share/java/ant-apache-bsf-1.9.6.jar
7f02c0020000-7f02c0021000 r--s 00003000 08:04 5647380                    /usr/share/java/ant-apache-bcel-1.9.6.jar
7f02c0021000-7f02c0022000 r--s 00002000 08:04 5647392                    /usr/share/java/ant-apache-resolver-1.9.6.jar
7f02c0022000-7f02c0024000 r--s 0000a000 08:04 5647375                    /usr/share/java/ant-jsch-1.9.6.jar
7f02c0024000-7f02c0026000 r--s 00002000 08:04 5647389                    /usr/share/java/ant-junit4-1.9.6.jar
7f02c0026000-7f02c0027000 r--s 00004000 08:04 5647366                    /usr/share/java/ant-launcher-1.9.6.jar
7f02c0027000-7f02c0046000 r--s 001d1000 08:04 5647365                    /usr/share/java/ant-1.9.6.jar
7f02c0046000-7f02c0048000 r--s 00001000 08:04 5647385                    /usr/share/java/ant-apache-log4j-1.9.6.jar
7f02c0048000-7f02c0049000 r--s 00002000 08:04 5647382                    /usr/share/java/ant-commons-logging-1.9.6.jar
7f02c0049000-7f02c004a000 r--s 00003000 08:04 5647384                    /usr/share/java/ant-javamail-1.9.6.jar
7f02c004a000-7f02c0065000 r--s 001d6000 08:04 8132543                    /usr/lib/jvm/java-8-openjdk-amd64/jre/lib/ext/nashorn.jar
7f02c0065000-7f02c0080000 r--s 00394000 08:04 8132549                    /usr/lib/jvm/java-8-openjdk-amd64/jre/lib/ext/cldrdata.jar
7f02c0080000-7f02c0083000 ---p 00000000 00:00 0 
7f02c0083000-7f02c0181000 rw-p 00000000 00:00 0 
7f02c0181000-7f02c0184000 ---p 00000000 00:00 0 
7f02c0184000-7f02c0282000 rw-p 00000000 00:00 0 
7f02c0282000-7f02c0285000 ---p 00000000 00:00 0 
7f02c0285000-7f02c0383000 rw-p 00000000 00:00 0 
7f02c0383000-7f02c0386000 ---p 00000000 00:00 0 
7f02c0386000-7f02c0484000 rw-p 00000000 00:00 0 
7f02c0484000-7f02c0485000 ---p 00000000 00:00 0 
7f02c0485000-7f02c14d6000 rw-p 00000000 00:00 0 
7f02c14d6000-7f02c16a4000 r--s 03c06000 08:04 7864358                    /usr/lib/jvm/java-8-openjdk-amd64/jre/lib/rt.jar
7f02c16a4000-7f02c3eea000 rw-p 00000000 00:00 0 
7f02c3eea000-7f02c3eeb000 ---p 00000000 00:00 0 
7f02c3eeb000-7f02c3feb000 rw-p 00000000 00:00 0 
7f02c3feb000-7f02c3fec000 ---p 00000000 00:00 0 
7f02c3fec000-7f02c40ec000 rw-p 00000000 00:00 0 
7f02c40ec000-7f02c40ed000 ---p 00000000 00:00 0 
7f02c40ed000-7f02c41ed000 rw-p 00000000 00:00 0 
7f02c41ed000-7f02c41ee000 ---p 00000000 00:00 0 
7f02c41ee000-7f02c4303000 rw-p 00000000 00:00 0 
7f02c4303000-7f02c4432000 ---p 00000000 00:00 0 
7f02c4432000-7f02c4447000 rw-p 00000000 00:00 0 
7f02c4447000-7f02c4576000 ---p 00000000 00:00 0 
7f02c4576000-7f02c459e000 rw-p 00000000 00:00 0 
7f02c459e000-7f02c4618000 ---p 00000000 00:00 0 
7f02c4618000-7f02c464e000 rw-p 00000000 00:00 0 
7f02c464e000-7f02c49d9000 ---p 00000000 00:00 0 
7f02c49d9000-7f02c5719000 rwxp 00000000 00:00 0 
7f02c5719000-7f02d39d9000 ---p 00000000 00:00 0 
7f02d39d9000-7f02d39e1000 r-xp 00000000 08:04 8257634                    /usr/lib/jvm/java-8-openjdk-amd64/jre/lib/amd64/libzip.so
7f02d39e1000-7f02d3be0000 ---p 00008000 08:04 8257634                    /usr/lib/jvm/java-8-openjdk-amd64/jre/lib/amd64/libzip.so
7f02d3be0000-7f02d3be1000 r--p 00007000 08:04 8257634                    /usr/lib/jvm/java-8-openjdk-amd64/jre/lib/amd64/libzip.so
7f02d3be1000-7f02d3be2000 rw-p 00008000 08:04 8257634                    /usr/lib/jvm/java-8-openjdk-amd64/jre/lib/amd64/libzip.so
7f02d3be2000-7f02d3bed000 r-xp 00000000 08:04 3670956                    /lib/x86_64-linux-gnu/libnss_files-2.23.so
7f02d3bed000-7f02d3dec000 ---p 0000b000 08:04 3670956                    /lib/x86_64-linux-gnu/libnss_files-2.23.so
7f02d3dec000-7f02d3ded000 r--p 0000a000 08:04 3670956                    /lib/x86_64-linux-gnu/libnss_files-2.23.so
7f02d3ded000-7f02d3dee000 rw-p 0000b000 08:04 3670956                    /lib/x86_64-linux-gnu/libnss_files-2.23.so
7f02d3dee000-7f02d3df4000 rw-p 00000000 00:00 0 
7f02d3df4000-7f02d3dff000 r-xp 00000000 08:04 3670928                    /lib/x86_64-linux-gnu/libnss_nis-2.23.so
7f02d3dff000-7f02d3ffe000 ---p 0000b000 08:04 3670928                    /lib/x86_64-linux-gnu/libnss_nis-2.23.so
7f02d3ffe000-7f02d3fff000 r--p 0000a000 08:04 3670928                    /lib/x86_64-linux-gnu/libnss_nis-2.23.so
7f02d3fff000-7f02d4000000 rw-p 0000b000 08:04 3670928                    /lib/x86_64-linux-gnu/libnss_nis-2.23.so
7f02d4000000-7f02d458a000 rw-p 00000000 00:00 0 
7f02d458a000-7f02d8000000 ---p 00000000 00:00 0 
7f02d8000000-7f02d800a000 r--s 00116000 08:04 8132563                    /usr/lib/jvm/java-8-openjdk-amd64/jre/lib/ext/localedata.jar
7f02d800a000-7f02d80ee000 rw-p 00000000 00:00 0 
7f02d80ee000-7f02d8104000 r-xp 00000000 08:04 3670950                    /lib/x86_64-linux-gnu/libnsl-2.23.so
7f02d8104000-7f02d8303000 ---p 00016000 08:04 3670950                    /lib/x86_64-linux-gnu/libnsl-2.23.so
7f02d8303000-7f02d8304000 r--p 00015000 08:04 3670950                    /lib/x86_64-linux-gnu/libnsl-2.23.so
7f02d8304000-7f02d8305000 rw-p 00016000 08:04 3670950                    /lib/x86_64-linux-gnu/libnsl-2.23.so
7f02d8305000-7f02d8307000 rw-p 00000000 00:00 0 
7f02d8307000-7f02d830f000 r-xp 00000000 08:04 3670952                    /lib/x86_64-linux-gnu/libnss_compat-2.23.so
7f02d830f000-7f02d850e000 ---p 00008000 08:04 3670952                    /lib/x86_64-linux-gnu/libnss_compat-2.23.so
7f02d850e000-7f02d850f000 r--p 00007000 08:04 3670952                    /lib/x86_64-linux-gnu/libnss_compat-2.23.so
7f02d850f000-7f02d8510000 rw-p 00008000 08:04 3670952                    /lib/x86_64-linux-gnu/libnss_compat-2.23.so
7f02d8510000-7f02d853d000 r-xp 00000000 08:04 8257780                    /usr/lib/jvm/java-8-openjdk-amd64/jre/lib/amd64/libjava.so
7f02d853d000-7f02d873c000 ---p 0002d000 08:04 8257780                    /usr/lib/jvm/java-8-openjdk-amd64/jre/lib/amd64/libjava.so
7f02d873c000-7f02d873d000 r--p 0002c000 08:04 8257780                    /usr/lib/jvm/java-8-openjdk-amd64/jre/lib/amd64/libjava.so
7f02d873d000-7f02d873f000 rw-p 0002d000 08:04 8257780                    /usr/lib/jvm/java-8-openjdk-amd64/jre/lib/amd64/libjava.so
7f02d873f000-7f02d874e000 r-xp 00000000 08:04 8257582                    /usr/lib/jvm/java-8-openjdk-amd64/jre/lib/amd64/libverify.so
7f02d874e000-7f02d894d000 ---p 0000f000 08:04 8257582                    /usr/lib/jvm/java-8-openjdk-amd64/jre/lib/amd64/libverify.so
7f02d894d000-7f02d894f000 r--p 0000e000 08:04 8257582                    /usr/lib/jvm/java-8-openjdk-amd64/jre/lib/amd64/libverify.so
7f02d894f000-7f02d8950000 rw-p 00010000 08:04 8257582                    /usr/lib/jvm/java-8-openjdk-amd64/jre/lib/amd64/libverify.so
7f02d8950000-7f02d8957000 r-xp 00000000 08:04 3670926                    /lib/x86_64-linux-gnu/librt-2.23.so
7f02d8957000-7f02d8b56000 ---p 00007000 08:04 3670926                    /lib/x86_64-linux-gnu/librt-2.23.so
7f02d8b56000-7f02d8b57000 r--p 00006000 08:04 3670926                    /lib/x86_64-linux-gnu/librt-2.23.so
7f02d8b57000-7f02d8b58000 rw-p 00007000 08:04 3670926                    /lib/x86_64-linux-gnu/librt-2.23.so
7f02d8b58000-7f02d8b6e000 r-xp 00000000 08:04 3674212                    /lib/x86_64-linux-gnu/libgcc_s.so.1
7f02d8b6e000-7f02d8d6d000 ---p 00016000 08:04 3674212                    /lib/x86_64-linux-gnu/libgcc_s.so.1
7f02d8d6d000-7f02d8d6e000 rw-p 00015000 08:04 3674212                    /lib/x86_64-linux-gnu/libgcc_s.so.1
7f02d8d6e000-7f02d8e76000 r-xp 00000000 08:04 3670946                    /lib/x86_64-linux-gnu/libm-2.23.so
7f02d8e76000-7f02d9075000 ---p 00108000 08:04 3670946                    /lib/x86_64-linux-gnu/libm-2.23.so
7f02d9075000-7f02d9076000 r--p 00107000 08:04 3670946                    /lib/x86_64-linux-gnu/libm-2.23.so
7f02d9076000-7f02d9077000 rw-p 00108000 08:04 3670946                    /lib/x86_64-linux-gnu/libm-2.23.so
7f02d9077000-7f02d91e9000 r-xp 00000000 08:04 5245011                    /usr/lib/x86_64-linux-gnu/libstdc++.so.6.0.21
7f02d91e9000-7f02d93e9000 ---p 00172000 08:04 5245011                    /usr/lib/x86_64-linux-gnu/libstdc++.so.6.0.21
7f02d93e9000-7f02d93f3000 r--p 00172000 08:04 5245011                    /usr/lib/x86_64-linux-gnu/libstdc++.so.6.0.21
7f02d93f3000-7f02d93f5000 rw-p 0017c000 08:04 5245011                    /usr/lib/x86_64-linux-gnu/libstdc++.so.6.0.21
7f02d93f5000-7f02d93f9000 rw-p 00000000 00:00 0 
7f02d93f9000-7f02da049000 r-xp 00000000 08:04 8388635                    /usr/lib/jvm/java-8-openjdk-amd64/jre/lib/amd64/server/libjvm.so
7f02da049000-7f02da248000 ---p 00c50000 08:04 8388635                    /usr/lib/jvm/java-8-openjdk-amd64/jre/lib/amd64/server/libjvm.so
7f02da248000-7f02da2db000 r--p 00c4f000 08:04 8388635                    /usr/lib/jvm/java-8-openjdk-amd64/jre/lib/amd64/server/libjvm.so
7f02da2db000-7f02da304000 rw-p 00ce2000 08:04 8388635                    /usr/lib/jvm/java-8-openjdk-amd64/jre/lib/amd64/server/libjvm.so
7f02da304000-7f02da334000 rw-p 00000000 00:00 0 
7f02da334000-7f02da34c000 r-xp 00000000 08:04 3670948                    /lib/x86_64-linux-gnu/libpthread-2.23.so
7f02da34c000-7f02da54b000 ---p 00018000 08:04 3670948                    /lib/x86_64-linux-gnu/libpthread-2.23.so
7f02da54b000-7f02da54c000 r--p 00017000 08:04 3670948                    /lib/x86_64-linux-gnu/libpthread-2.23.so
7f02da54c000-7f02da54d000 rw-p 00018000 08:04 3670948                    /lib/x86_64-linux-gnu/libpthread-2.23.so
7f02da54d000-7f02da551000 rw-p 00000000 00:00 0 
7f02da551000-7f02da554000 r-xp 00000000 08:04 3670934                    /lib/x86_64-linux-gnu/libdl-2.23.so
7f02da554000-7f02da753000 ---p 00003000 08:04 3670934                    /lib/x86_64-linux-gnu/libdl-2.23.so
7f02da753000-7f02da754000 r--p 00002000 08:04 3670934                    /lib/x86_64-linux-gnu/libdl-2.23.so
7f02da754000-7f02da755000 rw-p 00003000 08:04 3670934                    /lib/x86_64-linux-gnu/libdl-2.23.so
7f02da755000-7f02da76e000 r-xp 00000000 08:04 3670183                    /lib/x86_64-linux-gnu/libz.so.1.2.8
7f02da76e000-7f02da96d000 ---p 00019000 08:04 3670183                    /lib/x86_64-linux-gnu/libz.so.1.2.8
7f02da96d000-7f02da96e000 r--p 00018000 08:04 3670183                    /lib/x86_64-linux-gnu/libz.so.1.2.8
7f02da96e000-7f02da96f000 rw-p 00019000 08:04 3670183                    /lib/x86_64-linux-gnu/libz.so.1.2.8
7f02da96f000-7f02dab2e000 r-xp 00000000 08:04 3670936                    /lib/x86_64-linux-gnu/libc-2.23.so
7f02dab2e000-7f02dad2e000 ---p 001bf000 08:04 3670936                    /lib/x86_64-linux-gnu/libc-2.23.so
7f02dad2e000-7f02dad32000 r--p 001bf000 08:04 3670936                    /lib/x86_64-linux-gnu/libc-2.23.so
7f02dad32000-7f02dad34000 rw-p 001c3000 08:04 3670936                    /lib/x86_64-linux-gnu/libc-2.23.so
7f02dad34000-7f02dad38000 rw-p 00000000 00:00 0 
7f02dad38000-7f02dad45000 r-xp 00000000 08:04 8519684                    /usr/lib/jvm/java-8-openjdk-amd64/jre/lib/amd64/jli/libjli.so
7f02dad45000-7f02daf45000 ---p 0000d000 08:04 8519684                    /usr/lib/jvm/java-8-openjdk-amd64/jre/lib/amd64/jli/libjli.so
7f02daf45000-7f02daf46000 r--p 0000d000 08:04 8519684                    /usr/lib/jvm/java-8-openjdk-amd64/jre/lib/amd64/jli/libjli.so
7f02daf46000-7f02daf47000 rw-p 0000e000 08:04 8519684                    /usr/lib/jvm/java-8-openjdk-amd64/jre/lib/amd64/jli/libjli.so
7f02daf47000-7f02daf6d000 r-xp 00000000 08:04 3670914                    /lib/x86_64-linux-gnu/ld-2.23.so
7f02daf6d000-7f02daf72000 r--s 0003b000 08:04 8132567                    /usr/lib/jvm/java-8-openjdk-amd64/jre/lib/ext/sunjce_provider.jar
7f02daf72000-7f02db037000 rw-p 00000000 00:00 0 
7f02db037000-7f02db03a000 ---p 00000000 00:00 0 
7f02db03a000-7f02db13d000 rw-p 00000000 00:00 0 
7f02db13d000-7f02db13e000 r--s 00003000 08:04 5647386                    /usr/share/java/ant-jdepend-1.9.6.jar
7f02db13e000-7f02db13f000 r--s 00003000 08:04 5647377                    /usr/share/java/ant-swing-1.9.6.jar
7f02db13f000-7f02db140000 r--s 00004000 08:04 5647366                    /usr/share/java/ant-launcher-1.9.6.jar
7f02db140000-7f02db142000 r--s 00001000 08:04 8132547                    /usr/lib/jvm/java-8-openjdk-amd64/jre/lib/ext/dnsns.jar
7f02db142000-7f02db143000 r--s 0000a000 08:04 8132570                    /usr/lib/jvm/java-8-openjdk-amd64/jre/lib/ext/jaccess.jar
7f02db143000-7f02db144000 r--s 00010000 08:04 8132556                    /usr/lib/jvm/java-8-openjdk-amd64/jre/lib/ext/zipfs.jar
7f02db144000-7f02db146000 r--s 00008000 08:04 8132531                    /usr/lib/jvm/java-8-openjdk-amd64/jre/lib/ext/sunec.jar
7f02db146000-7f02db14a000 r--s 00037000 08:04 8132562                    /usr/lib/jvm/java-8-openjdk-amd64/jre/lib/ext/sunpkcs11.jar
7f02db14a000-7f02db14d000 r--s 0000f000 08:04 8132548                    /usr/lib/jvm/java-8-openjdk-amd64/jre/lib/ext/icedtea-sound.jar
7f02db14d000-7f02db160000 rw-p 00000000 00:00 0 
7f02db160000-7f02db168000 rw-s 00000000 08:04 3670264                    /tmp/hsperfdata_saurabh/4280
7f02db168000-7f02db169000 rw-p 00000000 00:00 0 
7f02db169000-7f02db16a000 ---p 00000000 00:00 0 
7f02db16a000-7f02db16c000 rw-p 00000000 00:00 0 
7f02db16c000-7f02db16d000 r--p 00025000 08:04 3670914                    /lib/x86_64-linux-gnu/ld-2.23.so
7f02db16d000-7f02db16e000 rw-p 00026000 08:04 3670914                    /lib/x86_64-linux-gnu/ld-2.23.so
7f02db16e000-7f02db16f000 rw-p 00000000 00:00 0 
7fff316b7000-7fff316d9000 rw-p 00000000 00:00 0                          [stack]
7fff317d0000-7fff317d2000 r--p 00000000 00:00 0                          [vvar]
7fff317d2000-7fff317d4000 r-xp 00000000 00:00 0                          [vdso]
ffffffffff600000-ffffffffff601000 r-xp 00000000 00:00 0                  [vsyscall]

VM Arguments:
jvm_args: -Dant.home=/usr/share/ant -Dant.library.dir=/usr/share/ant/lib 
java_command: org.apache.tools.ant.launch.Launcher -cp  java
java_class_path (initial): /usr/share/ant/lib/ant-launcher.jar
Launcher Type: SUN_STANDARD

Environment Variables:
PATH=/home/saurabh/SaurabhKumar/BeeWareVOC/PythonEnvironmets/VOC_Env/bin:/home/saurabh/anaconda2/bin:/home/saurabh/torch/install/bin:/home/saurabh/.pythonbrew/bin:/home/saurabh/.pythonbrew/bin:/home/saurabh/torch/install/bin:/usr/local/sbin:/usr/local/bin:/usr/sbin:/usr/bin:/sbin:/bin:/usr/games:/usr/local/games:/snap/bin:/usr/brlcad/bin
LD_LIBRARY_PATH=/home/saurabh/torch/install/lib:/home/saurabh/torch/install/lib:
SHELL=/bin/bash
DISPLAY=:0
DYLD_LIBRARY_PATH=/home/saurabh/torch/install/lib:/home/saurabh/torch/install/lib:

Signal Handlers:
SIGSEGV: [libjvm.so+0xa66fd0], sa_mask[0]=11111111011111111101111111111110, sa_flags=SA_RESTART|SA_SIGINFO
SIGBUS: [libjvm.so+0xa66fd0], sa_mask[0]=11111111011111111101111111111110, sa_flags=SA_RESTART|SA_SIGINFO
SIGFPE: [libjvm.so+0x8b0180], sa_mask[0]=11111111011111111101111111111110, sa_flags=SA_RESTART|SA_SIGINFO
SIGPIPE: [libjvm.so+0x8b0180], sa_mask[0]=11111111011111111101111111111110, sa_flags=SA_RESTART|SA_SIGINFO
SIGXFSZ: [libjvm.so+0x8b0180], sa_mask[0]=11111111011111111101111111111110, sa_flags=SA_RESTART|SA_SIGINFO
SIGILL: [libjvm.so+0x8b0180], sa_mask[0]=11111111011111111101111111111110, sa_flags=SA_RESTART|SA_SIGINFO
SIGUSR1: SIG_DFL, sa_mask[0]=00000000000000000000000000000000, sa_flags=none
SIGUSR2: [libjvm.so+0x8b0030], sa_mask[0]=00000000000000000000000000000000, sa_flags=SA_RESTART|SA_SIGINFO
SIGHUP: [libjvm.so+0x8b0500], sa_mask[0]=11111111011111111101111111111110, sa_flags=SA_RESTART|SA_SIGINFO
SIGINT: [libjvm.so+0x8b0500], sa_mask[0]=11111111011111111101111111111110, sa_flags=SA_RESTART|SA_SIGINFO
SIGTERM: [libjvm.so+0x8b0500], sa_mask[0]=11111111011111111101111111111110, sa_flags=SA_RESTART|SA_SIGINFO
SIGQUIT: [libjvm.so+0x8b0500], sa_mask[0]=11111111011111111101111111111110, sa_flags=SA_RESTART|SA_SIGINFO


---------------  S Y S T E M  ---------------

OS:DISTRIB_ID=Ubuntu
DISTRIB_RELEASE=16.04
DISTRIB_CODENAME=xenial
DISTRIB_DESCRIPTION="Ubuntu 16.04.2 LTS"

uname:Linux 4.4.0-65-generic #86-Ubuntu SMP Thu Feb 23 17:49:58 UTC 2017 x86_64
libc:glibc 2.23 NPTL 2.23 
rlimit: STACK 8192k, CORE 0k, NPROC 15392, NOFILE 65536, AS infinity
load average:12.12 4.89 2.27

/proc/meminfo:
MemTotal:        3980976 kB
MemFree:          113672 kB
MemAvailable:      24808 kB
Buffers:            1268 kB
Cached:           322100 kB
SwapCached:            0 kB
Active:          3368308 kB
Inactive:         298176 kB
Active(anon):    3365056 kB
Inactive(anon):   269952 kB
Active(file):       3252 kB
Inactive(file):    28224 kB
Unevictable:         176 kB
Mlocked:             176 kB
SwapTotal:             0 kB
SwapFree:              0 kB
Dirty:               476 kB
Writeback:             0 kB
AnonPages:       3343756 kB
Mapped:           121912 kB
Shmem:            291428 kB
Slab:              79824 kB
SReclaimable:      35860 kB
SUnreclaim:        43964 kB
KernelStack:       11312 kB
PageTables:        63360 kB
NFS_Unstable:          0 kB
Bounce:                0 kB
WritebackTmp:          0 kB
CommitLimit:     1990488 kB
Committed_AS:    8879004 kB
VmallocTotal:   34359738367 kB
VmallocUsed:           0 kB
VmallocChunk:          0 kB
HardwareCorrupted:     0 kB
AnonHugePages:   1226752 kB
CmaTotal:              0 kB
CmaFree:               0 kB
HugePages_Total:       0
HugePages_Free:        0
HugePages_Rsvd:        0
HugePages_Surp:        0
Hugepagesize:       2048 kB
DirectMap4k:      197312 kB
DirectMap2M:     3932160 kB
DirectMap1G:     1048576 kB


CPU:total 4 (2 cores per cpu, 2 threads per core) family 6 model 69 stepping 1, cmov, cx8, fxsr, mmx, sse, sse2, sse3, ssse3, sse4.1, sse4.2, popcnt, avx, avx2, aes, clmul, erms, lzcnt, ht, tsc, tscinvbit, bmi1, bmi2

/proc/cpuinfo:
processor	: 0
vendor_id	: GenuineIntel
cpu family	: 6
model		: 69
model name	: Intel(R) Core(TM) i3-4005U CPU @ 1.70GHz
stepping	: 1
microcode	: 0x1d
cpu MHz		: 807.765
cache size	: 3072 KB
physical id	: 0
siblings	: 4
core id		: 0
cpu cores	: 2
apicid		: 0
initial apicid	: 0
fpu		: yes
fpu_exception	: yes
cpuid level	: 13
wp		: yes
flags		: fpu vme de pse tsc msr pae mce cx8 apic sep mtrr pge mca cmov pat pse36 clflush dts acpi mmx fxsr sse sse2 ss ht tm pbe syscall nx pdpe1gb rdtscp lm constant_tsc arch_perfmon pebs bts rep_good nopl xtopology nonstop_tsc aperfmperf eagerfpu pni pclmulqdq dtes64 monitor ds_cpl vmx est tm2 ssse3 sdbg fma cx16 xtpr pdcm pcid sse4_1 sse4_2 movbe popcnt tsc_deadline_timer aes xsave avx f16c rdrand lahf_lm abm epb tpr_shadow vnmi flexpriority ept vpid fsgsbase tsc_adjust bmi1 avx2 smep bmi2 erms invpcid xsaveopt dtherm ida arat pln pts
bugs		:
bogomips	: 3392.08
clflush size	: 64
cache_alignment	: 64
address sizes	: 39 bits physical, 48 bits virtual
power management:

processor	: 1
vendor_id	: GenuineIntel
cpu family	: 6
model		: 69
model name	: Intel(R) Core(TM) i3-4005U CPU @ 1.70GHz
stepping	: 1
microcode	: 0x1d
cpu MHz		: 811.750
cache size	: 3072 KB
physical id	: 0
siblings	: 4
core id		: 0
cpu cores	: 2
apicid		: 1
initial apicid	: 1
fpu		: yes
fpu_exception	: yes
cpuid level	: 13
wp		: yes
flags		: fpu vme de pse tsc msr pae mce cx8 apic sep mtrr pge mca cmov pat pse36 clflush dts acpi mmx fxsr sse sse2 ss ht tm pbe syscall nx pdpe1gb rdtscp lm constant_tsc arch_perfmon pebs bts rep_good nopl xtopology nonstop_tsc aperfmperf eagerfpu pni pclmulqdq dtes64 monitor ds_cpl vmx est tm2 ssse3 sdbg fma cx16 xtpr pdcm pcid sse4_1 sse4_2 movbe popcnt tsc_deadline_timer aes xsave avx f16c rdrand lahf_lm abm epb tpr_shadow vnmi flexpriority ept vpid fsgsbase tsc_adjust bmi1 avx2 smep bmi2 erms invpcid xsaveopt dtherm ida arat pln pts
bugs		:
bogomips	: 3392.08
clflush size	: 64
cache_alignment	: 64
address sizes	: 39 bits physical, 48 bits virtual
power management:

processor	: 2
vendor_id	: GenuineIntel
cpu family	: 6
model		: 69
model name	: Intel(R) Core(TM) i3-4005U CPU @ 1.70GHz
stepping	: 1
microcode	: 0x1d
cpu MHz		: 1084.414
cache size	: 3072 KB
physical id	: 0
siblings	: 4
core id		: 1
cpu cores	: 2
apicid		: 2
initial apicid	: 2
fpu		: yes
fpu_exception	: yes
cpuid level	: 13
wp		: yes
flags		: fpu vme de pse tsc msr pae mce cx8 apic sep mtrr pge mca cmov pat pse36 clflush dts acpi mmx fxsr sse sse2 ss ht tm pbe syscall nx pdpe1gb rdtscp lm constant_tsc arch_perfmon pebs bts rep_good nopl xtopology nonstop_tsc aperfmperf eagerfpu pni pclmulqdq dtes64 monitor ds_cpl vmx est tm2 ssse3 sdbg fma cx16 xtpr pdcm pcid sse4_1 sse4_2 movbe popcnt tsc_deadline_timer aes xsave avx f16c rdrand lahf_lm abm epb tpr_shadow vnmi flexpriority ept vpid fsgsbase tsc_adjust bmi1 avx2 smep bmi2 erms invpcid xsaveopt dtherm ida arat pln pts
bugs		:
bogomips	: 3392.08
clflush size	: 64
cache_alignment	: 64
address sizes	: 39 bits physical, 48 bits virtual
power management:

processor	: 3
vendor_id	: GenuineIntel
cpu family	: 6
model		: 69
model name	: Intel(R) Core(TM) i3-4005U CPU @ 1.70GHz
stepping	: 1
microcode	: 0x1d
cpu MHz		: 1185.683
cache size	: 3072 KB
physical id	: 0
siblings	: 4
core id		: 1
cpu cores	: 2
apicid		: 3
initial apicid	: 3
fpu		: yes
fpu_exception	: yes
cpuid level	: 13
wp		: yes
flags		: fpu vme de pse tsc msr pae mce cx8 apic sep mtrr pge mca cmov pat pse36 clflush dts acpi mmx fxsr sse sse2 ss ht tm pbe syscall nx pdpe1gb rdtscp lm constant_tsc arch_perfmon pebs bts rep_good nopl xtopology nonstop_tsc aperfmperf eagerfpu pni pclmulqdq dtes64 monitor ds_cpl vmx est tm2 ssse3 sdbg fma cx16 xtpr pdcm pcid sse4_1 sse4_2 movbe popcnt tsc_deadline_timer aes xsave avx f16c rdrand lahf_lm abm epb tpr_shadow vnmi flexpriority ept vpid fsgsbase tsc_adjust bmi1 avx2 smep bmi2 erms invpcid xsaveopt dtherm ida arat pln pts
bugs		:
bogomips	: 3392.08
clflush size	: 64
cache_alignment	: 64
address sizes	: 39 bits physical, 48 bits virtual
power management:



Memory: 4k page, physical 3980976k(113672k free), swap 0k(0k free)

vm_info: OpenJDK 64-Bit Server VM (25.121-b13) for linux-amd64 JRE (1.8.0_121-8u121-b13-0ubuntu1.16.04.2-b13), built on Jan 23 2017 15:51:29 by "buildd" with gcc 5.4.0 20160609

time: Fri Mar  3 14:22:06 2017
elapsed time: 39 seconds (0d 0h 0m 39s)

