#
# There is insufficient memory for the Java Runtime Environment to continue.
# Native memory allocation (mmap) failed to map 65011712 bytes for committing reserved memory.
# Possible reasons:
#   The system is out of physical RAM or swap space
#   In 32 bit mode, the process size limit was hit
# Possible solutions:
#   Reduce memory load on the system
#   Increase physical memory or swap space
#   Check if swap backing store is full
#   Use 64 bit Java on a 64 bit OS
#   Decrease Java heap size (-Xmx/-Xms)
#   Decrease number of Java threads
#   Decrease Java thread stack sizes (-Xss)
#   Set larger code cache with -XX:ReservedCodeCacheSize=
# This output file may be truncated or incomplete.
#
#  Out of Memory Error (os_linux.cpp:2630), pid=4680, tid=0x00007f4aec69a700
#
# JRE version: OpenJDK Runtime Environment (8.0_121-b13) (build 1.8.0_121-8u121-b13-0ubuntu1.16.04.2-b13)
# Java VM: OpenJDK 64-Bit Server VM (25.121-b13 mixed mode linux-amd64 compressed oops)
# Failed to write core dump. Core dumps have been disabled. To enable core dumping, try "ulimit -c unlimited" before starting Java again
#

---------------  T H R E A D  ---------------

Current thread (0x00007f4b04077800):  VMThread [stack: 0x00007f4aec59a000,0x00007f4aec69b000] [id=4713]

Stack: [0x00007f4aec59a000,0x00007f4aec69b000],  sp=0x00007f4aec6994c0,  free space=1021k
Native frames: (J=compiled Java code, j=interpreted, Vv=VM code, C=native code)
V  [libjvm.so+0xa6647b]
V  [libjvm.so+0x4c32dc]
V  [libjvm.so+0x8b4b60]
V  [libjvm.so+0x8aefde]
V  [libjvm.so+0x929a16]
V  [libjvm.so+0x92ad43]
V  [libjvm.so+0x9273f3]
V  [libjvm.so+0x9276bc]
V  [libjvm.so+0x8d9553]
V  [libjvm.so+0xa68132]
V  [libjvm.so+0xa6d217]
V  [libjvm.so+0xa6a9e7]
V  [libjvm.so+0xa6be6f]
V  [libjvm.so+0xa6c361]
V  [libjvm.so+0x8b2042]

VM_Operation (0x00007f4b0b271fe0): ParallelGCFailedAllocation, mode: safepoint, requested by thread 0x00007f4b0400a000


---------------  P R O C E S S  ---------------

Java Threads: ( => current thread )
  0x00007f4b04330000 JavaThread "process reaper" daemon [_thread_blocked, id=4755, stack(0x00007f4ae79c1000,0x00007f4ae79fa000)]
  0x00007f4b040e1000 JavaThread "Service Thread" daemon [_thread_blocked, id=4745, stack(0x00007f4ae7afb000,0x00007f4ae7bfc000)]
  0x00007f4b040b1800 JavaThread "C1 CompilerThread2" daemon [_thread_blocked, id=4740, stack(0x00007f4ae7bfc000,0x00007f4ae7cfd000)]
  0x00007f4b040af800 JavaThread "C2 CompilerThread1" daemon [_thread_blocked, id=4738, stack(0x00007f4ae7cfd000,0x00007f4ae7dfe000)]
  0x00007f4b040ac800 JavaThread "C2 CompilerThread0" daemon [_thread_blocked, id=4736, stack(0x00007f4ae7dfe000,0x00007f4ae7eff000)]
  0x00007f4b040aa800 JavaThread "Signal Dispatcher" daemon [_thread_blocked, id=4728, stack(0x00007f4ae7eff000,0x00007f4ae8000000)]
  0x00007f4b04083800 JavaThread "Finalizer" daemon [_thread_blocked, id=4722, stack(0x00007f4aec398000,0x00007f4aec499000)]
  0x00007f4b0407f000 JavaThread "Reference Handler" daemon [_thread_blocked, id=4717, stack(0x00007f4aec499000,0x00007f4aec59a000)]
  0x00007f4b0400a000 JavaThread "main" [_thread_blocked, id=4695, stack(0x00007f4b0b175000,0x00007f4b0b276000)]

Other Threads:
=>0x00007f4b04077800 VMThread [stack: 0x00007f4aec59a000,0x00007f4aec69b000] [id=4713]
  0x00007f4b040f3800 WatcherThread [stack: 0x00007f4ae79fa000,0x00007f4ae7afb000] [id=4749]

VM state:at safepoint (normal execution)

VM Mutex/Monitor currently owned by a thread:  ([mutex/lock_event])
[0x00007f4b040062c0] Threads_lock - owner thread: 0x00007f4b04077800
[0x00007f4b040067c0] Heap_lock - owner thread: 0x00007f4b0400a000

Heap:
 PSYoungGen      total 72704K, used 6470K [0x00000000ebc00000, 0x00000000f0c00000, 0x0000000100000000)
  eden space 63488K, 0% used [0x00000000ebc00000,0x00000000ebc00000,0x00000000efa00000)
  from space 9216K, 70% used [0x00000000efa00000,0x00000000f0051950,0x00000000f0300000)
  to   space 9216K, 0% used [0x00000000f0300000,0x00000000f0300000,0x00000000f0c00000)
 ParOldGen       total 42496K, used 14932K [0x00000000c3400000, 0x00000000c5d80000, 0x00000000ebc00000)
  object space 42496K, 35% used [0x00000000c3400000,0x00000000c42952e0,0x00000000c5d80000)
 Metaspace       used 15713K, capacity 15972K, committed 16128K, reserved 1062912K
  class space    used 1643K, capacity 1740K, committed 1792K, reserved 1048576K

Card table byte_map: [0x00007f4af463e000,0x00007f4af4825000] byte_map_base: 0x00007f4af4024000

Marking Bits: (ParMarkBitMap*) 0x00007f4b0a455220
 Begin Bits: [0x00007f4aee1a0000, 0x00007f4aef0d0000)
 End Bits:   [0x00007f4aef0d0000, 0x00007f4af0000000)

Polling page: 0x00007f4b0b2a7000

CodeCache: size=245760Kb used=13502Kb max_used=13514Kb free=232257Kb
 bounds [0x00007f4af4be5000, 0x00007f4af5925000, 0x00007f4b03be5000]
 total_blobs=4031 nmethods=3663 adapters=281
 compilation: enabled

Compilation events (10 events):
Event: 24.760 Thread 0x00007f4b040ac800 3913       4       com.sun.tools.javac.parser.Tokens$NamedToken::<init> (16 bytes)
Event: 24.761 Thread 0x00007f4b040af800 3914       4       com.sun.tools.javac.parser.JavaTokenizer::processWhiteSpace (1 bytes)
Event: 24.761 Thread 0x00007f4b040af800 nmethod 3914 0x00007f4af58b6090 code [0x00007f4af58b61e0, 0x00007f4af58b6238]
Event: 24.761 Thread 0x00007f4b040af800 3915       4       com.sun.tools.javac.parser.JavacParser::blockStatement (860 bytes)
Event: 24.766 Thread 0x00007f4b040ac800 nmethod 3913 0x00007f4af591bb90 code [0x00007f4af591bce0, 0x00007f4af591bdb8]
Event: 24.766 Thread 0x00007f4b040ac800 3918       4       com.sun.tools.javac.parser.JavacParser::typeArgumentsOpt (49 bytes)
Event: 24.794 Thread 0x00007f4b040b1800 nmethod 3910 0x00007f4af591cfd0 code [0x00007f4af591d240, 0x00007f4af591e4d8]
Event: 24.794 Thread 0x00007f4b040b1800 3912   !   3       com.sun.tools.javac.parser.JavaTokenizer::readToken (2243 bytes)
Event: 24.799 Thread 0x00007f4b040ac800 nmethod 3918 0x00007f4af591c7d0 code [0x00007f4af591c960, 0x00007f4af591cc78]
Event: 24.799 Thread 0x00007f4b040ac800 3933       4       java.lang.String::lastIndexOf (151 bytes)

GC Heap History (10 events):
Event: 7.567 GC heap after
Heap after GC invocations=2 (full 0):
 PSYoungGen      total 18432K, used 2558K [0x00000000ebc00000, 0x00000000ed080000, 0x0000000100000000)
  eden space 15872K, 0% used [0x00000000ebc00000,0x00000000ebc00000,0x00000000ecb80000)
  from space 2560K, 99% used [0x00000000ece00000,0x00000000ed07f988,0x00000000ed080000)
  to   space 2560K, 0% used [0x00000000ecb80000,0x00000000ecb80000,0x00000000ece00000)
 ParOldGen       total 42496K, used 1801K [0x00000000c3400000, 0x00000000c5d80000, 0x00000000ebc00000)
  object space 42496K, 4% used [0x00000000c3400000,0x00000000c35c2698,0x00000000c5d80000)
 Metaspace       used 10723K, capacity 11006K, committed 11136K, reserved 1058816K
  class space    used 1255K, capacity 1323K, committed 1408K, reserved 1048576K
}
Event: 9.005 GC heap before
{Heap before GC invocations=3 (full 0):
 PSYoungGen      total 18432K, used 18430K [0x00000000ebc00000, 0x00000000ed080000, 0x0000000100000000)
  eden space 15872K, 100% used [0x00000000ebc00000,0x00000000ecb80000,0x00000000ecb80000)
  from space 2560K, 99% used [0x00000000ece00000,0x00000000ed07f988,0x00000000ed080000)
  to   space 2560K, 0% used [0x00000000ecb80000,0x00000000ecb80000,0x00000000ece00000)
 ParOldGen       total 42496K, used 1801K [0x00000000c3400000, 0x00000000c5d80000, 0x00000000ebc00000)
  object space 42496K, 4% used [0x00000000c3400000,0x00000000c35c2698,0x00000000c5d80000)
 Metaspace       used 12387K, capacity 12638K, committed 12800K, reserved 1060864K
  class space    used 1415K, capacity 1483K, committed 1536K, reserved 1048576K
Event: 9.039 GC heap after
Heap after GC invocations=3 (full 0):
 PSYoungGen      total 18432K, used 2528K [0x00000000ebc00000, 0x00000000ee000000, 0x0000000100000000)
  eden space 15872K, 0% used [0x00000000ebc00000,0x00000000ebc00000,0x00000000ecb80000)
  from space 2560K, 98% used [0x00000000ecb80000,0x00000000ecdf8070,0x00000000ece00000)
  to   space 2560K, 0% used [0x00000000edd80000,0x00000000edd80000,0x00000000ee000000)
 ParOldGen       total 42496K, used 5369K [0x00000000c3400000, 0x00000000c5d80000, 0x00000000ebc00000)
  object space 42496K, 12% used [0x00000000c3400000,0x00000000c393e6c0,0x00000000c5d80000)
 Metaspace       used 12387K, capacity 12638K, committed 12800K, reserved 1060864K
  class space    used 1415K, capacity 1483K, committed 1536K, reserved 1048576K
}
Event: 10.199 GC heap before
{Heap before GC invocations=4 (full 0):
 PSYoungGen      total 18432K, used 18400K [0x00000000ebc00000, 0x00000000ee000000, 0x0000000100000000)
  eden space 15872K, 100% used [0x00000000ebc00000,0x00000000ecb80000,0x00000000ecb80000)
  from space 2560K, 98% used [0x00000000ecb80000,0x00000000ecdf8070,0x00000000ece00000)
  to   space 2560K, 0% used [0x00000000edd80000,0x00000000edd80000,0x00000000ee000000)
 ParOldGen       total 42496K, used 5369K [0x00000000c3400000, 0x00000000c5d80000, 0x00000000ebc00000)
  object space 42496K, 12% used [0x00000000c3400000,0x00000000c393e6c0,0x00000000c5d80000)
 Metaspace       used 12614K, capacity 12830K, committed 13056K, reserved 1060864K
  class space    used 1431K, capacity 1483K, committed 1536K, reserved 1048576K
Event: 10.249 GC heap after
Heap after GC invocations=4 (full 0):
 PSYoungGen      total 34304K, used 2551K [0x00000000ebc00000, 0x00000000ee000000, 0x0000000100000000)
  eden space 31744K, 0% used [0x00000000ebc00000,0x00000000ebc00000,0x00000000edb00000)
  from space 2560K, 99% used [0x00000000edd80000,0x00000000edffdd78,0x00000000ee000000)
  to   space 2560K, 0% used [0x00000000edb00000,0x00000000edb00000,0x00000000edd80000)
 ParOldGen       total 42496K, used 10722K [0x00000000c3400000, 0x00000000c5d80000, 0x00000000ebc00000)
  object space 42496K, 25% used [0x00000000c3400000,0x00000000c3e78840,0x00000000c5d80000)
 Metaspace       used 12614K, capacity 12830K, committed 13056K, reserved 1060864K
  class space    used 1431K, capacity 1483K, committed 1536K, reserved 1048576K
}
Event: 15.297 GC heap before
{Heap before GC invocations=5 (full 0):
 PSYoungGen      total 34304K, used 34295K [0x00000000ebc00000, 0x00000000ee000000, 0x0000000100000000)
  eden space 31744K, 100% used [0x00000000ebc00000,0x00000000edb00000,0x00000000edb00000)
  from space 2560K, 99% used [0x00000000edd80000,0x00000000edffdd78,0x00000000ee000000)
  to   space 2560K, 0% used [0x00000000edb00000,0x00000000edb00000,0x00000000edd80000)
 ParOldGen       total 42496K, used 10722K [0x00000000c3400000, 0x00000000c5d80000, 0x00000000ebc00000)
  object space 42496K, 25% used [0x00000000c3400000,0x00000000c3e78840,0x00000000c5d80000)
 Metaspace       used 14486K, capacity 14718K, committed 14976K, reserved 1062912K
  class space    used 1574K, capacity 1643K, committed 1664K, reserved 1048576K
Event: 15.353 GC heap after
Heap after GC invocations=5 (full 0):
 PSYoungGen      total 34304K, used 2528K [0x00000000ebc00000, 0x00000000f0c00000, 0x0000000100000000)
  eden space 31744K, 0% used [0x00000000ebc00000,0x00000000ebc00000,0x00000000edb00000)
  from space 2560K, 98% used [0x00000000edb00000,0x00000000edd78010,0x00000000edd80000)
  to   space 9216K, 0% used [0x00000000f0300000,0x00000000f0300000,0x00000000f0c00000)
 ParOldGen       total 42496K, used 14215K [0x00000000c3400000, 0x00000000c5d80000, 0x00000000ebc00000)
  object space 42496K, 33% used [0x00000000c3400000,0x00000000c41e1e50,0x00000000c5d80000)
 Metaspace       used 14486K, capacity 14718K, committed 14976K, reserved 1062912K
  class space    used 1574K, capacity 1643K, committed 1664K, reserved 1048576K
}
Event: 18.882 GC heap before
{Heap before GC invocations=6 (full 0):
 PSYoungGen      total 34304K, used 34272K [0x00000000ebc00000, 0x00000000f0c00000, 0x0000000100000000)
  eden space 31744K, 100% used [0x00000000ebc00000,0x00000000edb00000,0x00000000edb00000)
  from space 2560K, 98% used [0x00000000edb00000,0x00000000edd78010,0x00000000edd80000)
  to   space 9216K, 0% used [0x00000000f0300000,0x00000000f0300000,0x00000000f0c00000)
 ParOldGen       total 42496K, used 14215K [0x00000000c3400000, 0x00000000c5d80000, 0x00000000ebc00000)
  object space 42496K, 33% used [0x00000000c3400000,0x00000000c41e1e50,0x00000000c5d80000)
 Metaspace       used 14966K, capacity 15166K, committed 15232K, reserved 1062912K
  class space    used 1580K, capacity 1643K, committed 1664K, reserved 1048576K
Event: 18.939 GC heap after
Heap after GC invocations=6 (full 0):
 PSYoungGen      total 72704K, used 3392K [0x00000000ebc00000, 0x00000000f0c00000, 0x0000000100000000)
  eden space 63488K, 0% used [0x00000000ebc00000,0x00000000ebc00000,0x00000000efa00000)
  from space 9216K, 36% used [0x00000000f0300000,0x00000000f0650020,0x00000000f0c00000)
  to   space 9216K, 0% used [0x00000000efa00000,0x00000000efa00000,0x00000000f0300000)
 ParOldGen       total 42496K, used 14223K [0x00000000c3400000, 0x00000000c5d80000, 0x00000000ebc00000)
  object space 42496K, 33% used [0x00000000c3400000,0x00000000c41e3e50,0x00000000c5d80000)
 Metaspace       used 14966K, capacity 15166K, committed 15232K, reserved 1062912K
  class space    used 1580K, capacity 1643K, committed 1664K, reserved 1048576K
}
Event: 24.801 GC heap before
{Heap before GC invocations=7 (full 0):
 PSYoungGen      total 72704K, used 66880K [0x00000000ebc00000, 0x00000000f0c00000, 0x0000000100000000)
  eden space 63488K, 100% used [0x00000000ebc00000,0x00000000efa00000,0x00000000efa00000)
  from space 9216K, 36% used [0x00000000f0300000,0x00000000f0650020,0x00000000f0c00000)
  to   space 9216K, 0% used [0x00000000efa00000,0x00000000efa00000,0x00000000f0300000)
 ParOldGen       total 42496K, used 14223K [0x00000000c3400000, 0x00000000c5d80000, 0x00000000ebc00000)
  object space 42496K, 33% used [0x00000000c3400000,0x00000000c41e3e50,0x00000000c5d80000)
 Metaspace       used 15713K, capacity 15972K, committed 16128K, reserved 1062912K
  class space    used 1643K, capacity 1740K, committed 1792K, reserved 1048576K

Deoptimization events (10 events):
Event: 24.743 Thread 0x00007f4b0400a000 Uncommon trap: reason=class_check action=maybe_recompile pc=0x00007f4af5669da0 method=java.util.regex.Pattern$Start.match(Ljava/util/regex/Matcher;ILjava/lang/CharSequence;)Z @ 44
Event: 24.743 Thread 0x00007f4b0400a000 Uncommon trap: reason=class_check action=maybe_recompile pc=0x00007f4af53d8b08 method=java.util.regex.Pattern$BmpCharProperty.match(Ljava/util/regex/Matcher;ILjava/lang/CharSequence;)Z @ 31
Event: 24.743 Thread 0x00007f4b0400a000 Uncommon trap: reason=unstable_if action=reinterpret pc=0x00007f4af5669e3c method=java.util.regex.Matcher.search(I)Z @ 30
Event: 24.743 Thread 0x00007f4b0400a000 Uncommon trap: reason=class_check action=maybe_recompile pc=0x00007f4af53d8b08 method=java.util.regex.Pattern$BmpCharProperty.match(Ljava/util/regex/Matcher;ILjava/lang/CharSequence;)Z @ 31
Event: 24.743 Thread 0x00007f4b0400a000 Uncommon trap: reason=class_check action=maybe_recompile pc=0x00007f4af53d8b08 method=java.util.regex.Pattern$BmpCharProperty.match(Ljava/util/regex/Matcher;ILjava/lang/CharSequence;)Z @ 31
Event: 24.743 Thread 0x00007f4b0400a000 Uncommon trap: reason=class_check action=maybe_recompile pc=0x00007f4af53d8b08 method=java.util.regex.Pattern$BmpCharProperty.match(Ljava/util/regex/Matcher;ILjava/lang/CharSequence;)Z @ 31
Event: 24.757 Thread 0x00007f4b0400a000 Uncommon trap: reason=class_check action=maybe_recompile pc=0x00007f4af4ec4304 method=sun.misc.URLClassPath.getLoader(I)Lsun/misc/URLClassPath$Loader; @ 94
Event: 24.758 Thread 0x00007f4b0400a000 Uncommon trap: reason=class_check action=maybe_recompile pc=0x00007f4af4ec4304 method=sun.misc.URLClassPath.getLoader(I)Lsun/misc/URLClassPath$Loader; @ 94
Event: 24.759 Thread 0x00007f4b0400a000 Uncommon trap: reason=unstable_if action=reinterpret pc=0x00007f4af51be044 method=com.sun.tools.javac.parser.JavaTokenizer.readToken()Lcom/sun/tools/javac/parser/Tokens$Token; @ 961
Event: 24.763 Thread 0x00007f4b0400a000 Uncommon trap: reason=unstable_if action=reinterpret pc=0x00007f4af51f43f0 method=com.sun.tools.javac.parser.JavacParser.term3()Lcom/sun/tools/javac/tree/JCTree$JCExpression; @ 1519

Internal exceptions (10 events):
Event: 5.048 Thread 0x00007f4b0400a000 Exception <a 'java/lang/NoSuchFieldError': method resolution failed> (0x00000000ec69e908) thrown at [/build/openjdk-8-YiEakL/openjdk-8-8u121-b13/src/hotspot/src/share/vm/prims/methodHandles.cpp, line 1146]
Event: 5.053 Thread 0x00007f4b0400a000 Exception <a 'java/lang/NoSuchFieldError': method resolution failed> (0x00000000ec6abfc8) thrown at [/build/openjdk-8-YiEakL/openjdk-8-8u121-b13/src/hotspot/src/share/vm/prims/methodHandles.cpp, line 1146]
Event: 5.812 Thread 0x00007f4b0400a000 Exception <a 'java/lang/ClassNotFoundException': org/apache/tools/ant/helper/DefaultExecutor> (0x00000000ec8e59c8) thrown at [/build/openjdk-8-YiEakL/openjdk-8-8u121-b13/src/hotspot/src/share/vm/classfile/systemDictionary.cpp, line 210]
Event: 9.754 Thread 0x00007f4b0400a000 Exception <a 'java/io/FileNotFoundException'> (0x00000000ec6714a0) thrown at [/build/openjdk-8-YiEakL/openjdk-8-8u121-b13/src/hotspot/src/share/vm/prims/jni.cpp, line 709]
Event: 9.798 Thread 0x00007f4b0400a000 Exception <a 'java/io/FileNotFoundException'> (0x00000000ec6996e0) thrown at [/build/openjdk-8-YiEakL/openjdk-8-8u121-b13/src/hotspot/src/share/vm/prims/jni.cpp, line 709]
Event: 9.798 Thread 0x00007f4b0400a000 Exception <a 'java/io/FileNotFoundException'> (0x00000000ec69a3a8) thrown at [/build/openjdk-8-YiEakL/openjdk-8-8u121-b13/src/hotspot/src/share/vm/prims/jni.cpp, line 709]
Event: 21.753 Thread 0x00007f4b0400a000 Implicit null exception at 0x00007f4af577d222 to 0x00007f4af577d51d
Event: 24.769 Thread 0x00007f4b0400a000 Exception <a 'java/io/FileNotFoundException'> (0x00000000ef79dc98) thrown at [/build/openjdk-8-YiEakL/openjdk-8-8u121-b13/src/hotspot/src/share/vm/prims/jni.cpp, line 709]
Event: 24.769 Thread 0x00007f4b0400a000 Exception <a 'java/io/FileNotFoundException'> (0x00000000ef79eb60) thrown at [/build/openjdk-8-YiEakL/openjdk-8-8u121-b13/src/hotspot/src/share/vm/prims/jni.cpp, line 709]
Event: 24.769 Thread 0x00007f4b0400a000 Exception <a 'java/io/FileNotFoundException'> (0x00000000ef79f640) thrown at [/build/openjdk-8-YiEakL/openjdk-8-8u121-b13/src/hotspot/src/share/vm/prims/jni.cpp, line 709]

Events (10 events):
Event: 24.757 Thread 0x00007f4b0400a000 Uncommon trap: trap_request=0xffffffde fr.pc=0x00007f4af4ec4304
Event: 24.758 Thread 0x00007f4b0400a000 DEOPT PACKING pc=0x00007f4af4ec4304 sp=0x00007f4b0b2720c0
Event: 24.758 Thread 0x00007f4b0400a000 DEOPT UNPACKING pc=0x00007f4af4be9f69 sp=0x00007f4b0b2720a8 mode 2
Event: 24.759 Thread 0x00007f4b0400a000 Uncommon trap: trap_request=0xffffff65 fr.pc=0x00007f4af51be044
Event: 24.759 Thread 0x00007f4b0400a000 DEOPT PACKING pc=0x00007f4af51be044 sp=0x00007f4b0b272560
Event: 24.759 Thread 0x00007f4b0400a000 DEOPT UNPACKING pc=0x00007f4af4be9f69 sp=0x00007f4b0b272548 mode 2
Event: 24.763 Thread 0x00007f4b0400a000 Uncommon trap: trap_request=0xffffff65 fr.pc=0x00007f4af51f43f0
Event: 24.763 Thread 0x00007f4b0400a000 DEOPT PACKING pc=0x00007f4af51f43f0 sp=0x00007f4b0b271170
Event: 24.763 Thread 0x00007f4b0400a000 DEOPT UNPACKING pc=0x00007f4af4be9f69 sp=0x00007f4b0b2711c8 mode 2
Event: 24.801 Executing VM operation: ParallelGCFailedAllocation


Dynamic libraries:
00400000-00401000 r-xp 00000000 08:04 7733285                            /usr/lib/jvm/java-8-openjdk-amd64/jre/bin/java
00600000-00601000 r--p 00000000 08:04 7733285                            /usr/lib/jvm/java-8-openjdk-amd64/jre/bin/java
00601000-00602000 rw-p 00001000 08:04 7733285                            /usr/lib/jvm/java-8-openjdk-amd64/jre/bin/java
02542000-02563000 rw-p 00000000 00:00 0                                  [heap]
c3400000-c5d80000 rw-p 00000000 00:00 0 
c5d80000-ebc00000 ---p 00000000 00:00 0 
ebc00000-f0c00000 rw-p 00000000 00:00 0 
f4a00000-100000000 ---p 00000000 00:00 0 
100000000-1001c0000 rw-p 00000000 00:00 0 
1001c0000-140000000 ---p 00000000 00:00 0 
7f4aa8000000-7f4aa8021000 rw-p 00000000 00:00 0 
7f4aa8021000-7f4aac000000 ---p 00000000 00:00 0 
7f4ab0000000-7f4ab0021000 rw-p 00000000 00:00 0 
7f4ab0021000-7f4ab4000000 ---p 00000000 00:00 0 
7f4ab4000000-7f4ab4021000 rw-p 00000000 00:00 0 
7f4ab4021000-7f4ab8000000 ---p 00000000 00:00 0 
7f4ab8000000-7f4ab8021000 rw-p 00000000 00:00 0 
7f4ab8021000-7f4abc000000 ---p 00000000 00:00 0 
7f4abc000000-7f4abc021000 rw-p 00000000 00:00 0 
7f4abc021000-7f4ac0000000 ---p 00000000 00:00 0 
7f4ac0000000-7f4ac110d000 rw-p 00000000 00:00 0 
7f4ac110d000-7f4ac4000000 ---p 00000000 00:00 0 
7f4ac4000000-7f4ac5104000 rw-p 00000000 00:00 0 
7f4ac5104000-7f4ac8000000 ---p 00000000 00:00 0 
7f4ac8000000-7f4ac8021000 rw-p 00000000 00:00 0 
7f4ac8021000-7f4acc000000 ---p 00000000 00:00 0 
7f4acc000000-7f4acd193000 rw-p 00000000 00:00 0 
7f4acd193000-7f4ad0000000 ---p 00000000 00:00 0 
7f4ad0000000-7f4ad0021000 rw-p 00000000 00:00 0 
7f4ad0021000-7f4ad4000000 ---p 00000000 00:00 0 
7f4ad4000000-7f4ad4021000 rw-p 00000000 00:00 0 
7f4ad4021000-7f4ad8000000 ---p 00000000 00:00 0 
7f4ad8000000-7f4ad8021000 rw-p 00000000 00:00 0 
7f4ad8021000-7f4adc000000 ---p 00000000 00:00 0 
7f4adc000000-7f4adc021000 rw-p 00000000 00:00 0 
7f4adc021000-7f4ae0000000 ---p 00000000 00:00 0 
7f4ae0000000-7f4ae0021000 rw-p 00000000 00:00 0 
7f4ae0021000-7f4ae4000000 ---p 00000000 00:00 0 
7f4ae6a93000-7f4ae6aa4000 r-xp 00000000 08:04 8257742                    /usr/lib/jvm/java-8-openjdk-amd64/jre/lib/amd64/libnio.so
7f4ae6aa4000-7f4ae6ca4000 ---p 00011000 08:04 8257742                    /usr/lib/jvm/java-8-openjdk-amd64/jre/lib/amd64/libnio.so
7f4ae6ca4000-7f4ae6ca5000 r--p 00011000 08:04 8257742                    /usr/lib/jvm/java-8-openjdk-amd64/jre/lib/amd64/libnio.so
7f4ae6ca5000-7f4ae6ca6000 rw-p 00012000 08:04 8257742                    /usr/lib/jvm/java-8-openjdk-amd64/jre/lib/amd64/libnio.so
7f4ae6ca6000-7f4ae6fa7000 rw-p 00000000 00:00 0 
7f4ae6fa7000-7f4ae6fbe000 r-xp 00000000 08:04 8257636                    /usr/lib/jvm/java-8-openjdk-amd64/jre/lib/amd64/libnet.so
7f4ae6fbe000-7f4ae71bd000 ---p 00017000 08:04 8257636                    /usr/lib/jvm/java-8-openjdk-amd64/jre/lib/amd64/libnet.so
7f4ae71bd000-7f4ae71be000 r--p 00016000 08:04 8257636                    /usr/lib/jvm/java-8-openjdk-amd64/jre/lib/amd64/libnet.so
7f4ae71be000-7f4ae71bf000 rw-p 00017000 08:04 8257636                    /usr/lib/jvm/java-8-openjdk-amd64/jre/lib/amd64/libnet.so
7f4ae71bf000-7f4ae73bf000 rw-p 00000000 00:00 0 
7f4ae73bf000-7f4ae75bf000 rw-p 00000000 00:00 0 
7f4ae75bf000-7f4ae77bf000 rw-p 00000000 00:00 0 
7f4ae77bf000-7f4ae77c2000 ---p 00000000 00:00 0 
7f4ae77c2000-7f4ae78c0000 rw-p 00000000 00:00 0 
7f4ae78c0000-7f4ae78c3000 ---p 00000000 00:00 0 
7f4ae78c3000-7f4ae79c1000 rw-p 00000000 00:00 0 
7f4ae79c1000-7f4ae79c4000 ---p 00000000 00:00 0 
7f4ae79c4000-7f4ae79fa000 rw-p 00000000 00:00 0 
7f4ae79fa000-7f4ae79fb000 ---p 00000000 00:00 0 
7f4ae79fb000-7f4ae7afb000 rw-p 00000000 00:00 0 
7f4ae7afb000-7f4ae7afe000 ---p 00000000 00:00 0 
7f4ae7afe000-7f4ae7bfc000 rw-p 00000000 00:00 0 
7f4ae7bfc000-7f4ae7bff000 ---p 00000000 00:00 0 
7f4ae7bff000-7f4ae7cfd000 rw-p 00000000 00:00 0 
7f4ae7cfd000-7f4ae7d00000 ---p 00000000 00:00 0 
7f4ae7d00000-7f4ae7dfe000 rw-p 00000000 00:00 0 
7f4ae7dfe000-7f4ae7e01000 ---p 00000000 00:00 0 
7f4ae7e01000-7f4ae7eff000 rw-p 00000000 00:00 0 
7f4ae7eff000-7f4ae7f02000 ---p 00000000 00:00 0 
7f4ae7f02000-7f4ae8000000 rw-p 00000000 00:00 0 
7f4ae8000000-7f4ae8021000 rw-p 00000000 00:00 0 
7f4ae8021000-7f4aec000000 ---p 00000000 00:00 0 
7f4aec002000-7f4aec07b000 r--s 010fd000 08:04 7340065                    /usr/lib/jvm/java-8-openjdk-amd64/lib/tools.jar
7f4aec07b000-7f4aec07e000 r--s 00014000 08:04 5647391                    /usr/share/java/ant-commons-net-1.9.6.jar
7f4aec07e000-7f4aec07f000 r--s 00002000 08:04 5647378                    /usr/share/java/ant-antlr-1.9.6.jar
7f4aec07f000-7f4aec080000 r--s 00001000 08:04 5647383                    /usr/share/java/ant-apache-xalan2-1.9.6.jar
7f4aec080000-7f4aec082000 r--s 00002000 08:04 5647388                    /usr/share/java/ant-jmf-1.9.6.jar
7f4aec082000-7f4aec083000 r--s 00006000 08:04 5647390                    /usr/share/java/ant-testutil-1.9.6.jar
7f4aec083000-7f4aec085000 r--s 0001b000 08:04 5647381                    /usr/share/java/ant-junit-1.9.6.jar
7f4aec085000-7f4aec086000 r--s 00002000 08:04 5647376                    /usr/share/java/ant-apache-regexp-1.9.6.jar
7f4aec086000-7f4aec0a5000 r--s 001d1000 08:04 5647365                    /usr/share/java/ant-1.9.6.jar
7f4aec0a5000-7f4aec0c0000 r--s 001d6000 08:04 8132543                    /usr/lib/jvm/java-8-openjdk-amd64/jre/lib/ext/nashorn.jar
7f4aec0c0000-7f4aec398000 r--p 00000000 08:04 5243882                    /usr/lib/locale/locale-archive
7f4aec398000-7f4aec39b000 ---p 00000000 00:00 0 
7f4aec39b000-7f4aec499000 rw-p 00000000 00:00 0 
7f4aec499000-7f4aec49c000 ---p 00000000 00:00 0 
7f4aec49c000-7f4aec59a000 rw-p 00000000 00:00 0 
7f4aec59a000-7f4aec59b000 ---p 00000000 00:00 0 
7f4aec59b000-7f4aed5ec000 rw-p 00000000 00:00 0 
7f4aed5ec000-7f4aed7ba000 r--s 03c06000 08:04 7864358                    /usr/lib/jvm/java-8-openjdk-amd64/jre/lib/rt.jar
7f4aed7ba000-7f4af0000000 rw-p 00000000 00:00 0 
7f4af0000000-7f4af0021000 rw-p 00000000 00:00 0 
7f4af0021000-7f4af4000000 ---p 00000000 00:00 0 
7f4af4000000-7f4af4001000 r--s 00002000 08:04 5647387                    /usr/share/java/ant-apache-oro-1.9.6.jar
7f4af4001000-7f4af4002000 r--s 00002000 08:04 5647379                    /usr/share/java/ant-apache-bsf-1.9.6.jar
7f4af4002000-7f4af4003000 r--s 00003000 08:04 5647380                    /usr/share/java/ant-apache-bcel-1.9.6.jar
7f4af4003000-7f4af4004000 r--s 00002000 08:04 5647392                    /usr/share/java/ant-apache-resolver-1.9.6.jar
7f4af4004000-7f4af4006000 r--s 0000a000 08:04 5647375                    /usr/share/java/ant-jsch-1.9.6.jar
7f4af4006000-7f4af4008000 r--s 00002000 08:04 5647389                    /usr/share/java/ant-junit4-1.9.6.jar
7f4af4008000-7f4af4012000 r--s 00116000 08:04 8132563                    /usr/lib/jvm/java-8-openjdk-amd64/jre/lib/ext/localedata.jar
7f4af4012000-7f4af40f6000 rw-p 00000000 00:00 0 
7f4af40f6000-7f4af40f7000 ---p 00000000 00:00 0 
7f4af40f7000-7f4af41f7000 rw-p 00000000 00:00 0 
7f4af41f7000-7f4af41f8000 ---p 00000000 00:00 0 
7f4af41f8000-7f4af42f8000 rw-p 00000000 00:00 0 
7f4af42f8000-7f4af42f9000 ---p 00000000 00:00 0 
7f4af42f9000-7f4af43f9000 rw-p 00000000 00:00 0 
7f4af43f9000-7f4af43fa000 ---p 00000000 00:00 0 
7f4af43fa000-7f4af450f000 rw-p 00000000 00:00 0 
7f4af450f000-7f4af463e000 ---p 00000000 00:00 0 
7f4af463e000-7f4af4653000 rw-p 00000000 00:00 0 
7f4af4653000-7f4af4782000 ---p 00000000 00:00 0 
7f4af4782000-7f4af47aa000 rw-p 00000000 00:00 0 
7f4af47aa000-7f4af4824000 ---p 00000000 00:00 0 
7f4af4824000-7f4af485a000 rw-p 00000000 00:00 0 
7f4af485a000-7f4af4be5000 ---p 00000000 00:00 0 
7f4af4be5000-7f4af5925000 rwxp 00000000 00:00 0 
7f4af5925000-7f4b03be5000 ---p 00000000 00:00 0 
7f4b03be5000-7f4b03bed000 r-xp 00000000 08:04 8257634                    /usr/lib/jvm/java-8-openjdk-amd64/jre/lib/amd64/libzip.so
7f4b03bed000-7f4b03dec000 ---p 00008000 08:04 8257634                    /usr/lib/jvm/java-8-openjdk-amd64/jre/lib/amd64/libzip.so
7f4b03dec000-7f4b03ded000 r--p 00007000 08:04 8257634                    /usr/lib/jvm/java-8-openjdk-amd64/jre/lib/amd64/libzip.so
7f4b03ded000-7f4b03dee000 rw-p 00008000 08:04 8257634                    /usr/lib/jvm/java-8-openjdk-amd64/jre/lib/amd64/libzip.so
7f4b03dee000-7f4b03df9000 r-xp 00000000 08:04 3670956                    /lib/x86_64-linux-gnu/libnss_files-2.23.so
7f4b03df9000-7f4b03ff8000 ---p 0000b000 08:04 3670956                    /lib/x86_64-linux-gnu/libnss_files-2.23.so
7f4b03ff8000-7f4b03ff9000 r--p 0000a000 08:04 3670956                    /lib/x86_64-linux-gnu/libnss_files-2.23.so
7f4b03ff9000-7f4b03ffa000 rw-p 0000b000 08:04 3670956                    /lib/x86_64-linux-gnu/libnss_files-2.23.so
7f4b03ffa000-7f4b04000000 rw-p 00000000 00:00 0 
7f4b04000000-7f4b045a6000 rw-p 00000000 00:00 0 
7f4b045a6000-7f4b08000000 ---p 00000000 00:00 0 
7f4b08000000-7f4b08001000 r--s 00004000 08:04 5647366                    /usr/share/java/ant-launcher-1.9.6.jar
7f4b08001000-7f4b08003000 r--s 00001000 08:04 5647385                    /usr/share/java/ant-apache-log4j-1.9.6.jar
7f4b08003000-7f4b08004000 r--s 00002000 08:04 5647382                    /usr/share/java/ant-commons-logging-1.9.6.jar
7f4b08004000-7f4b08005000 r--s 00003000 08:04 5647384                    /usr/share/java/ant-javamail-1.9.6.jar
7f4b08005000-7f4b08020000 r--s 00394000 08:04 8132549                    /usr/lib/jvm/java-8-openjdk-amd64/jre/lib/ext/cldrdata.jar
7f4b08020000-7f4b0802b000 r-xp 00000000 08:04 3670928                    /lib/x86_64-linux-gnu/libnss_nis-2.23.so
7f4b0802b000-7f4b0822a000 ---p 0000b000 08:04 3670928                    /lib/x86_64-linux-gnu/libnss_nis-2.23.so
7f4b0822a000-7f4b0822b000 r--p 0000a000 08:04 3670928                    /lib/x86_64-linux-gnu/libnss_nis-2.23.so
7f4b0822b000-7f4b0822c000 rw-p 0000b000 08:04 3670928                    /lib/x86_64-linux-gnu/libnss_nis-2.23.so
7f4b0822c000-7f4b08242000 r-xp 00000000 08:04 3670950                    /lib/x86_64-linux-gnu/libnsl-2.23.so
7f4b08242000-7f4b08441000 ---p 00016000 08:04 3670950                    /lib/x86_64-linux-gnu/libnsl-2.23.so
7f4b08441000-7f4b08442000 r--p 00015000 08:04 3670950                    /lib/x86_64-linux-gnu/libnsl-2.23.so
7f4b08442000-7f4b08443000 rw-p 00016000 08:04 3670950                    /lib/x86_64-linux-gnu/libnsl-2.23.so
7f4b08443000-7f4b08445000 rw-p 00000000 00:00 0 
7f4b08445000-7f4b0844d000 r-xp 00000000 08:04 3670952                    /lib/x86_64-linux-gnu/libnss_compat-2.23.so
7f4b0844d000-7f4b0864c000 ---p 00008000 08:04 3670952                    /lib/x86_64-linux-gnu/libnss_compat-2.23.so
7f4b0864c000-7f4b0864d000 r--p 00007000 08:04 3670952                    /lib/x86_64-linux-gnu/libnss_compat-2.23.so
7f4b0864d000-7f4b0864e000 rw-p 00008000 08:04 3670952                    /lib/x86_64-linux-gnu/libnss_compat-2.23.so
7f4b0864e000-7f4b0867b000 r-xp 00000000 08:04 8257780                    /usr/lib/jvm/java-8-openjdk-amd64/jre/lib/amd64/libjava.so
7f4b0867b000-7f4b0887a000 ---p 0002d000 08:04 8257780                    /usr/lib/jvm/java-8-openjdk-amd64/jre/lib/amd64/libjava.so
7f4b0887a000-7f4b0887b000 r--p 0002c000 08:04 8257780                    /usr/lib/jvm/java-8-openjdk-amd64/jre/lib/amd64/libjava.so
7f4b0887b000-7f4b0887d000 rw-p 0002d000 08:04 8257780                    /usr/lib/jvm/java-8-openjdk-amd64/jre/lib/amd64/libjava.so
7f4b0887d000-7f4b0888c000 r-xp 00000000 08:04 8257582                    /usr/lib/jvm/java-8-openjdk-amd64/jre/lib/amd64/libverify.so
7f4b0888c000-7f4b08a8b000 ---p 0000f000 08:04 8257582                    /usr/lib/jvm/java-8-openjdk-amd64/jre/lib/amd64/libverify.so
7f4b08a8b000-7f4b08a8d000 r--p 0000e000 08:04 8257582                    /usr/lib/jvm/java-8-openjdk-amd64/jre/lib/amd64/libverify.so
7f4b08a8d000-7f4b08a8e000 rw-p 00010000 08:04 8257582                    /usr/lib/jvm/java-8-openjdk-amd64/jre/lib/amd64/libverify.so
7f4b08a8e000-7f4b08a95000 r-xp 00000000 08:04 3670926                    /lib/x86_64-linux-gnu/librt-2.23.so
7f4b08a95000-7f4b08c94000 ---p 00007000 08:04 3670926                    /lib/x86_64-linux-gnu/librt-2.23.so
7f4b08c94000-7f4b08c95000 r--p 00006000 08:04 3670926                    /lib/x86_64-linux-gnu/librt-2.23.so
7f4b08c95000-7f4b08c96000 rw-p 00007000 08:04 3670926                    /lib/x86_64-linux-gnu/librt-2.23.so
7f4b08c96000-7f4b08cac000 r-xp 00000000 08:04 3674212                    /lib/x86_64-linux-gnu/libgcc_s.so.1
7f4b08cac000-7f4b08eab000 ---p 00016000 08:04 3674212                    /lib/x86_64-linux-gnu/libgcc_s.so.1
7f4b08eab000-7f4b08eac000 rw-p 00015000 08:04 3674212                    /lib/x86_64-linux-gnu/libgcc_s.so.1
7f4b08eac000-7f4b08fb4000 r-xp 00000000 08:04 3670946                    /lib/x86_64-linux-gnu/libm-2.23.so
7f4b08fb4000-7f4b091b3000 ---p 00108000 08:04 3670946                    /lib/x86_64-linux-gnu/libm-2.23.so
7f4b091b3000-7f4b091b4000 r--p 00107000 08:04 3670946                    /lib/x86_64-linux-gnu/libm-2.23.so
7f4b091b4000-7f4b091b5000 rw-p 00108000 08:04 3670946                    /lib/x86_64-linux-gnu/libm-2.23.so
7f4b091b5000-7f4b09327000 r-xp 00000000 08:04 5245011                    /usr/lib/x86_64-linux-gnu/libstdc++.so.6.0.21
7f4b09327000-7f4b09527000 ---p 00172000 08:04 5245011                    /usr/lib/x86_64-linux-gnu/libstdc++.so.6.0.21
7f4b09527000-7f4b09531000 r--p 00172000 08:04 5245011                    /usr/lib/x86_64-linux-gnu/libstdc++.so.6.0.21
7f4b09531000-7f4b09533000 rw-p 0017c000 08:04 5245011                    /usr/lib/x86_64-linux-gnu/libstdc++.so.6.0.21
7f4b09533000-7f4b09537000 rw-p 00000000 00:00 0 
7f4b09537000-7f4b0a187000 r-xp 00000000 08:04 8388635                    /usr/lib/jvm/java-8-openjdk-amd64/jre/lib/amd64/server/libjvm.so
7f4b0a187000-7f4b0a386000 ---p 00c50000 08:04 8388635                    /usr/lib/jvm/java-8-openjdk-amd64/jre/lib/amd64/server/libjvm.so
7f4b0a386000-7f4b0a419000 r--p 00c4f000 08:04 8388635                    /usr/lib/jvm/java-8-openjdk-amd64/jre/lib/amd64/server/libjvm.so
7f4b0a419000-7f4b0a442000 rw-p 00ce2000 08:04 8388635                    /usr/lib/jvm/java-8-openjdk-amd64/jre/lib/amd64/server/libjvm.so
7f4b0a442000-7f4b0a472000 rw-p 00000000 00:00 0 
7f4b0a472000-7f4b0a48a000 r-xp 00000000 08:04 3670948                    /lib/x86_64-linux-gnu/libpthread-2.23.so
7f4b0a48a000-7f4b0a689000 ---p 00018000 08:04 3670948                    /lib/x86_64-linux-gnu/libpthread-2.23.so
7f4b0a689000-7f4b0a68a000 r--p 00017000 08:04 3670948                    /lib/x86_64-linux-gnu/libpthread-2.23.so
7f4b0a68a000-7f4b0a68b000 rw-p 00018000 08:04 3670948                    /lib/x86_64-linux-gnu/libpthread-2.23.so
7f4b0a68b000-7f4b0a68f000 rw-p 00000000 00:00 0 
7f4b0a68f000-7f4b0a692000 r-xp 00000000 08:04 3670934                    /lib/x86_64-linux-gnu/libdl-2.23.so
7f4b0a692000-7f4b0a891000 ---p 00003000 08:04 3670934                    /lib/x86_64-linux-gnu/libdl-2.23.so
7f4b0a891000-7f4b0a892000 r--p 00002000 08:04 3670934                    /lib/x86_64-linux-gnu/libdl-2.23.so
7f4b0a892000-7f4b0a893000 rw-p 00003000 08:04 3670934                    /lib/x86_64-linux-gnu/libdl-2.23.so
7f4b0a893000-7f4b0a8ac000 r-xp 00000000 08:04 3670183                    /lib/x86_64-linux-gnu/libz.so.1.2.8
7f4b0a8ac000-7f4b0aaab000 ---p 00019000 08:04 3670183                    /lib/x86_64-linux-gnu/libz.so.1.2.8
7f4b0aaab000-7f4b0aaac000 r--p 00018000 08:04 3670183                    /lib/x86_64-linux-gnu/libz.so.1.2.8
7f4b0aaac000-7f4b0aaad000 rw-p 00019000 08:04 3670183                    /lib/x86_64-linux-gnu/libz.so.1.2.8
7f4b0aaad000-7f4b0ac6c000 r-xp 00000000 08:04 3670936                    /lib/x86_64-linux-gnu/libc-2.23.so
7f4b0ac6c000-7f4b0ae6c000 ---p 001bf000 08:04 3670936                    /lib/x86_64-linux-gnu/libc-2.23.so
7f4b0ae6c000-7f4b0ae70000 r--p 001bf000 08:04 3670936                    /lib/x86_64-linux-gnu/libc-2.23.so
7f4b0ae70000-7f4b0ae72000 rw-p 001c3000 08:04 3670936                    /lib/x86_64-linux-gnu/libc-2.23.so
7f4b0ae72000-7f4b0ae76000 rw-p 00000000 00:00 0 
7f4b0ae76000-7f4b0ae83000 r-xp 00000000 08:04 8519684                    /usr/lib/jvm/java-8-openjdk-amd64/jre/lib/amd64/jli/libjli.so
7f4b0ae83000-7f4b0b083000 ---p 0000d000 08:04 8519684                    /usr/lib/jvm/java-8-openjdk-amd64/jre/lib/amd64/jli/libjli.so
7f4b0b083000-7f4b0b084000 r--p 0000d000 08:04 8519684                    /usr/lib/jvm/java-8-openjdk-amd64/jre/lib/amd64/jli/libjli.so
7f4b0b084000-7f4b0b085000 rw-p 0000e000 08:04 8519684                    /usr/lib/jvm/java-8-openjdk-amd64/jre/lib/amd64/jli/libjli.so
7f4b0b085000-7f4b0b0ab000 r-xp 00000000 08:04 3670914                    /lib/x86_64-linux-gnu/ld-2.23.so
7f4b0b0ab000-7f4b0b0b0000 r--s 0003b000 08:04 8132567                    /usr/lib/jvm/java-8-openjdk-amd64/jre/lib/ext/sunjce_provider.jar
7f4b0b0b0000-7f4b0b175000 rw-p 00000000 00:00 0 
7f4b0b175000-7f4b0b178000 ---p 00000000 00:00 0 
7f4b0b178000-7f4b0b27b000 rw-p 00000000 00:00 0 
7f4b0b27b000-7f4b0b27c000 r--s 00003000 08:04 5647386                    /usr/share/java/ant-jdepend-1.9.6.jar
7f4b0b27c000-7f4b0b27d000 r--s 00003000 08:04 5647377                    /usr/share/java/ant-swing-1.9.6.jar
7f4b0b27d000-7f4b0b27e000 r--s 00004000 08:04 5647366                    /usr/share/java/ant-launcher-1.9.6.jar
7f4b0b27e000-7f4b0b280000 r--s 00001000 08:04 8132547                    /usr/lib/jvm/java-8-openjdk-amd64/jre/lib/ext/dnsns.jar
7f4b0b280000-7f4b0b281000 r--s 0000a000 08:04 8132570                    /usr/lib/jvm/java-8-openjdk-amd64/jre/lib/ext/jaccess.jar
7f4b0b281000-7f4b0b282000 r--s 00010000 08:04 8132556                    /usr/lib/jvm/java-8-openjdk-amd64/jre/lib/ext/zipfs.jar
7f4b0b282000-7f4b0b284000 r--s 00008000 08:04 8132531                    /usr/lib/jvm/java-8-openjdk-amd64/jre/lib/ext/sunec.jar
7f4b0b284000-7f4b0b288000 r--s 00037000 08:04 8132562                    /usr/lib/jvm/java-8-openjdk-amd64/jre/lib/ext/sunpkcs11.jar
7f4b0b288000-7f4b0b28b000 r--s 0000f000 08:04 8132548                    /usr/lib/jvm/java-8-openjdk-amd64/jre/lib/ext/icedtea-sound.jar
7f4b0b28b000-7f4b0b29e000 rw-p 00000000 00:00 0 
7f4b0b29e000-7f4b0b2a6000 rw-s 00000000 08:04 3670267                    /tmp/hsperfdata_saurabh/4680
7f4b0b2a6000-7f4b0b2a7000 rw-p 00000000 00:00 0 
7f4b0b2a7000-7f4b0b2a8000 ---p 00000000 00:00 0 
7f4b0b2a8000-7f4b0b2aa000 rw-p 00000000 00:00 0 
7f4b0b2aa000-7f4b0b2ab000 r--p 00025000 08:04 3670914                    /lib/x86_64-linux-gnu/ld-2.23.so
7f4b0b2ab000-7f4b0b2ac000 rw-p 00026000 08:04 3670914                    /lib/x86_64-linux-gnu/ld-2.23.so
7f4b0b2ac000-7f4b0b2ad000 rw-p 00000000 00:00 0 
7fff22821000-7fff22843000 rw-p 00000000 00:00 0                          [stack]
7fff22912000-7fff22914000 r--p 00000000 00:00 0                          [vvar]
7fff22914000-7fff22916000 r-xp 00000000 00:00 0                          [vdso]
ffffffffff600000-ffffffffff601000 r-xp 00000000 00:00 0                  [vsyscall]

VM Arguments:
jvm_args: -Dant.home=/usr/share/ant -Dant.library.dir=/usr/share/ant/lib 
java_command: org.apache.tools.ant.launch.Launcher -cp  java
java_class_path (initial): /usr/share/ant/lib/ant-launcher.jar
Launcher Type: SUN_STANDARD

Environment Variables:
PATH=/home/saurabh/SaurabhKumar/BeeWareVOC/PythonEnvironmets/VOC_Env/bin:/home/saurabh/anaconda2/bin:/home/saurabh/torch/install/bin:/home/saurabh/.pythonbrew/bin:/home/saurabh/.pythonbrew/bin:/home/saurabh/torch/install/bin:/usr/local/sbin:/usr/local/bin:/usr/sbin:/usr/bin:/sbin:/bin:/usr/games:/usr/local/games:/snap/bin:/usr/brlcad/bin
LD_LIBRARY_PATH=/home/saurabh/torch/install/lib:/home/saurabh/torch/install/lib:
SHELL=/bin/bash
DISPLAY=:0
DYLD_LIBRARY_PATH=/home/saurabh/torch/install/lib:/home/saurabh/torch/install/lib:

Signal Handlers:
SIGSEGV: [libjvm.so+0xa66fd0], sa_mask[0]=11111111011111111101111111111110, sa_flags=SA_RESTART|SA_SIGINFO
SIGBUS: [libjvm.so+0xa66fd0], sa_mask[0]=11111111011111111101111111111110, sa_flags=SA_RESTART|SA_SIGINFO
SIGFPE: [libjvm.so+0x8b0180], sa_mask[0]=11111111011111111101111111111110, sa_flags=SA_RESTART|SA_SIGINFO
SIGPIPE: [libjvm.so+0x8b0180], sa_mask[0]=11111111011111111101111111111110, sa_flags=SA_RESTART|SA_SIGINFO
SIGXFSZ: [libjvm.so+0x8b0180], sa_mask[0]=11111111011111111101111111111110, sa_flags=SA_RESTART|SA_SIGINFO
SIGILL: [libjvm.so+0x8b0180], sa_mask[0]=11111111011111111101111111111110, sa_flags=SA_RESTART|SA_SIGINFO
SIGUSR1: SIG_DFL, sa_mask[0]=00000000000000000000000000000000, sa_flags=none
SIGUSR2: [libjvm.so+0x8b0030], sa_mask[0]=00000000000000000000000000000000, sa_flags=SA_RESTART|SA_SIGINFO
SIGHUP: [libjvm.so+0x8b0500], sa_mask[0]=11111111011111111101111111111110, sa_flags=SA_RESTART|SA_SIGINFO
SIGINT: [libjvm.so+0x8b0500], sa_mask[0]=11111111011111111101111111111110, sa_flags=SA_RESTART|SA_SIGINFO
SIGTERM: [libjvm.so+0x8b0500], sa_mask[0]=11111111011111111101111111111110, sa_flags=SA_RESTART|SA_SIGINFO
SIGQUIT: [libjvm.so+0x8b0500], sa_mask[0]=11111111011111111101111111111110, sa_flags=SA_RESTART|SA_SIGINFO


---------------  S Y S T E M  ---------------

OS:DISTRIB_ID=Ubuntu
DISTRIB_RELEASE=16.04
DISTRIB_CODENAME=xenial
DISTRIB_DESCRIPTION="Ubuntu 16.04.2 LTS"

uname:Linux 4.4.0-65-generic #86-Ubuntu SMP Thu Feb 23 17:49:58 UTC 2017 x86_64
libc:glibc 2.23 NPTL 2.23 
rlimit: STACK 8192k, CORE 0k, NPROC 15392, NOFILE 65536, AS infinity
load average:12.88 8.01 3.87

/proc/meminfo:
MemTotal:        3980976 kB
MemFree:          112396 kB
MemAvailable:      22256 kB
Buffers:            1100 kB
Cached:           318112 kB
SwapCached:            0 kB
Active:          3374148 kB
Inactive:         293984 kB
Active(anon):    3370840 kB
Inactive(anon):   268156 kB
Active(file):       3308 kB
Inactive(file):    25828 kB
Unevictable:         176 kB
Mlocked:             176 kB
SwapTotal:             0 kB
SwapFree:              0 kB
Dirty:                40 kB
Writeback:             0 kB
AnonPages:       3349484 kB
Mapped:           123040 kB
Shmem:            289688 kB
Slab:              79560 kB
SReclaimable:      35652 kB
SUnreclaim:        43908 kB
KernelStack:       11312 kB
PageTables:        63332 kB
NFS_Unstable:          0 kB
Bounce:                0 kB
WritebackTmp:          0 kB
CommitLimit:     1990488 kB
Committed_AS:    8823648 kB
VmallocTotal:   34359738367 kB
VmallocUsed:           0 kB
VmallocChunk:          0 kB
HardwareCorrupted:     0 kB
AnonHugePages:   1253376 kB
CmaTotal:              0 kB
CmaFree:               0 kB
HugePages_Total:       0
HugePages_Free:        0
HugePages_Rsvd:        0
HugePages_Surp:        0
Hugepagesize:       2048 kB
DirectMap4k:      197312 kB
DirectMap2M:     3932160 kB
DirectMap1G:     1048576 kB


CPU:total 4 (2 cores per cpu, 2 threads per core) family 6 model 69 stepping 1, cmov, cx8, fxsr, mmx, sse, sse2, sse3, ssse3, sse4.1, sse4.2, popcnt, avx, avx2, aes, clmul, erms, lzcnt, ht, tsc, tscinvbit, bmi1, bmi2

/proc/cpuinfo:
processor	: 0
vendor_id	: GenuineIntel
cpu family	: 6
model		: 69
model name	: Intel(R) Core(TM) i3-4005U CPU @ 1.70GHz
stepping	: 1
microcode	: 0x1d
cpu MHz		: 899.738
cache size	: 3072 KB
physical id	: 0
siblings	: 4
core id		: 0
cpu cores	: 2
apicid		: 0
initial apicid	: 0
fpu		: yes
fpu_exception	: yes
cpuid level	: 13
wp		: yes
flags		: fpu vme de pse tsc msr pae mce cx8 apic sep mtrr pge mca cmov pat pse36 clflush dts acpi mmx fxsr sse sse2 ss ht tm pbe syscall nx pdpe1gb rdtscp lm constant_tsc arch_perfmon pebs bts rep_good nopl xtopology nonstop_tsc aperfmperf eagerfpu pni pclmulqdq dtes64 monitor ds_cpl vmx est tm2 ssse3 sdbg fma cx16 xtpr pdcm pcid sse4_1 sse4_2 movbe popcnt tsc_deadline_timer aes xsave avx f16c rdrand lahf_lm abm epb tpr_shadow vnmi flexpriority ept vpid fsgsbase tsc_adjust bmi1 avx2 smep bmi2 erms invpcid xsaveopt dtherm ida arat pln pts
bugs		:
bogomips	: 3392.08
clflush size	: 64
cache_alignment	: 64
address sizes	: 39 bits physical, 48 bits virtual
power management:

processor	: 1
vendor_id	: GenuineIntel
cpu family	: 6
model		: 69
model name	: Intel(R) Core(TM) i3-4005U CPU @ 1.70GHz
stepping	: 1
microcode	: 0x1d
cpu MHz		: 899.605
cache size	: 3072 KB
physical id	: 0
siblings	: 4
core id		: 0
cpu cores	: 2
apicid		: 1
initial apicid	: 1
fpu		: yes
fpu_exception	: yes
cpuid level	: 13
wp		: yes
flags		: fpu vme de pse tsc msr pae mce cx8 apic sep mtrr pge mca cmov pat pse36 clflush dts acpi mmx fxsr sse sse2 ss ht tm pbe syscall nx pdpe1gb rdtscp lm constant_tsc arch_perfmon pebs bts rep_good nopl xtopology nonstop_tsc aperfmperf eagerfpu pni pclmulqdq dtes64 monitor ds_cpl vmx est tm2 ssse3 sdbg fma cx16 xtpr pdcm pcid sse4_1 sse4_2 movbe popcnt tsc_deadline_timer aes xsave avx f16c rdrand lahf_lm abm epb tpr_shadow vnmi flexpriority ept vpid fsgsbase tsc_adjust bmi1 avx2 smep bmi2 erms invpcid xsaveopt dtherm ida arat pln pts
bugs		:
bogomips	: 3392.08
clflush size	: 64
cache_alignment	: 64
address sizes	: 39 bits physical, 48 bits virtual
power management:

processor	: 2
vendor_id	: GenuineIntel
cpu family	: 6
model		: 69
model name	: Intel(R) Core(TM) i3-4005U CPU @ 1.70GHz
stepping	: 1
microcode	: 0x1d
cpu MHz		: 899.671
cache size	: 3072 KB
physical id	: 0
siblings	: 4
core id		: 1
cpu cores	: 2
apicid		: 2
initial apicid	: 2
fpu		: yes
fpu_exception	: yes
cpuid level	: 13
wp		: yes
flags		: fpu vme de pse tsc msr pae mce cx8 apic sep mtrr pge mca cmov pat pse36 clflush dts acpi mmx fxsr sse sse2 ss ht tm pbe syscall nx pdpe1gb rdtscp lm constant_tsc arch_perfmon pebs bts rep_good nopl xtopology nonstop_tsc aperfmperf eagerfpu pni pclmulqdq dtes64 monitor ds_cpl vmx est tm2 ssse3 sdbg fma cx16 xtpr pdcm pcid sse4_1 sse4_2 movbe popcnt tsc_deadline_timer aes xsave avx f16c rdrand lahf_lm abm epb tpr_shadow vnmi flexpriority ept vpid fsgsbase tsc_adjust bmi1 avx2 smep bmi2 erms invpcid xsaveopt dtherm ida arat pln pts
bugs		:
bogomips	: 3392.08
clflush size	: 64
cache_alignment	: 64
address sizes	: 39 bits physical, 48 bits virtual
power management:

processor	: 3
vendor_id	: GenuineIntel
cpu family	: 6
model		: 69
model name	: Intel(R) Core(TM) i3-4005U CPU @ 1.70GHz
stepping	: 1
microcode	: 0x1d
cpu MHz		: 906.445
cache size	: 3072 KB
physical id	: 0
siblings	: 4
core id		: 1
cpu cores	: 2
apicid		: 3
initial apicid	: 3
fpu		: yes
fpu_exception	: yes
cpuid level	: 13
wp		: yes
flags		: fpu vme de pse tsc msr pae mce cx8 apic sep mtrr pge mca cmov pat pse36 clflush dts acpi mmx fxsr sse sse2 ss ht tm pbe syscall nx pdpe1gb rdtscp lm constant_tsc arch_perfmon pebs bts rep_good nopl xtopology nonstop_tsc aperfmperf eagerfpu pni pclmulqdq dtes64 monitor ds_cpl vmx est tm2 ssse3 sdbg fma cx16 xtpr pdcm pcid sse4_1 sse4_2 movbe popcnt tsc_deadline_timer aes xsave avx f16c rdrand lahf_lm abm epb tpr_shadow vnmi flexpriority ept vpid fsgsbase tsc_adjust bmi1 avx2 smep bmi2 erms invpcid xsaveopt dtherm ida arat pln pts
bugs		:
bogomips	: 3392.08
clflush size	: 64
cache_alignment	: 64
address sizes	: 39 bits physical, 48 bits virtual
power management:



Memory: 4k page, physical 3980976k(112396k free), swap 0k(0k free)

vm_info: OpenJDK 64-Bit Server VM (25.121-b13) for linux-amd64 JRE (1.8.0_121-8u121-b13-0ubuntu1.16.04.2-b13), built on Jan 23 2017 15:51:29 by "buildd" with gcc 5.4.0 20160609

time: Fri Mar  3 14:24:44 2017
elapsed time: 30 seconds (0d 0h 0m 30s)

