#
# There is insufficient memory for the Java Runtime Environment to continue.
# Native memory allocation (mmap) failed to map 63963136 bytes for committing reserved memory.
# Possible reasons:
#   The system is out of physical RAM or swap space
#   In 32 bit mode, the process size limit was hit
# Possible solutions:
#   Reduce memory load on the system
#   Increase physical memory or swap space
#   Check if swap backing store is full
#   Use 64 bit Java on a 64 bit OS
#   Decrease Java heap size (-Xmx/-Xms)
#   Decrease number of Java threads
#   Decrease Java thread stack sizes (-Xss)
#   Set larger code cache with -XX:ReservedCodeCacheSize=
# This output file may be truncated or incomplete.
#
#  Out of Memory Error (os_linux.cpp:2630), pid=5438, tid=0x00007fcee926f700
#
# JRE version: OpenJDK Runtime Environment (8.0_121-b13) (build 1.8.0_121-8u121-b13-0ubuntu1.16.04.2-b13)
# Java VM: OpenJDK 64-Bit Server VM (25.121-b13 mixed mode linux-amd64 compressed oops)
# Failed to write core dump. Core dumps have been disabled. To enable core dumping, try "ulimit -c unlimited" before starting Java again
#

---------------  T H R E A D  ---------------

Current thread (0x00007fcf00077800):  VMThread [stack: 0x00007fcee916f000,0x00007fcee9270000] [id=5469]

Stack: [0x00007fcee916f000,0x00007fcee9270000],  sp=0x00007fcee926e4c0,  free space=1021k
Native frames: (J=compiled Java code, j=interpreted, Vv=VM code, C=native code)
V  [libjvm.so+0xa6647b]
V  [libjvm.so+0x4c32dc]
V  [libjvm.so+0x8b4b60]
V  [libjvm.so+0x8aefde]
V  [libjvm.so+0x929a16]
V  [libjvm.so+0x92ad43]
V  [libjvm.so+0x9273f3]
V  [libjvm.so+0x9276bc]
V  [libjvm.so+0x8d9553]
V  [libjvm.so+0xa68132]
V  [libjvm.so+0xa6d217]
V  [libjvm.so+0xa6a9e7]
V  [libjvm.so+0xa6be6f]
V  [libjvm.so+0xa6c361]
V  [libjvm.so+0x8b2042]

VM_Operation (0x00007fcf07e35390): ParallelGCFailedAllocation, mode: safepoint, requested by thread 0x00007fcf0000a000


---------------  P R O C E S S  ---------------

Java Threads: ( => current thread )
  0x00007fcf00318800 JavaThread "process reaper" daemon [_thread_blocked, id=5512, stack(0x00007fcee8585000,0x00007fcee85be000)]
  0x00007fcf000c1000 JavaThread "Service Thread" daemon [_thread_blocked, id=5493, stack(0x00007fcee8790000,0x00007fcee8891000)]
  0x00007fcf000b1800 JavaThread "C1 CompilerThread2" daemon [_thread_blocked, id=5492, stack(0x00007fcee8891000,0x00007fcee8992000)]
  0x00007fcf000af800 JavaThread "C2 CompilerThread1" daemon [_thread_blocked, id=5491, stack(0x00007fcee8992000,0x00007fcee8a93000)]
  0x00007fcf000ac800 JavaThread "C2 CompilerThread0" daemon [_thread_blocked, id=5490, stack(0x00007fcee8a93000,0x00007fcee8b94000)]
  0x00007fcf000aa800 JavaThread "Signal Dispatcher" daemon [_thread_blocked, id=5483, stack(0x00007fcee8b94000,0x00007fcee8c95000)]
  0x00007fcf00083800 JavaThread "Finalizer" daemon [_thread_blocked, id=5477, stack(0x00007fcee8f6d000,0x00007fcee906e000)]
  0x00007fcf0007f000 JavaThread "Reference Handler" daemon [_thread_blocked, id=5473, stack(0x00007fcee906e000,0x00007fcee916f000)]
  0x00007fcf0000a000 JavaThread "main" [_thread_blocked, id=5452, stack(0x00007fcf07d37000,0x00007fcf07e38000)]

Other Threads:
=>0x00007fcf00077800 VMThread [stack: 0x00007fcee916f000,0x00007fcee9270000] [id=5469]
  0x00007fcf000c3800 WatcherThread [stack: 0x00007fcee868f000,0x00007fcee8790000] [id=5494]

VM state:at safepoint (normal execution)

VM Mutex/Monitor currently owned by a thread:  ([mutex/lock_event])
[0x00007fcf000062c0] Threads_lock - owner thread: 0x00007fcf00077800
[0x00007fcf000067c0] Heap_lock - owner thread: 0x00007fcf0000a000

Heap:
 PSYoungGen      total 72192K, used 5458K [0x00000000ebc00000, 0x00000000f0b00000, 0x0000000100000000)
  eden space 63488K, 0% used [0x00000000ebc00000,0x00000000ebc00000,0x00000000efa00000)
  from space 8704K, 62% used [0x00000000efa00000,0x00000000eff54920,0x00000000f0280000)
  to   space 8704K, 0% used [0x00000000f0280000,0x00000000f0280000,0x00000000f0b00000)
 ParOldGen       total 42496K, used 15078K [0x00000000c3400000, 0x00000000c5d80000, 0x00000000ebc00000)
  object space 42496K, 35% used [0x00000000c3400000,0x00000000c42b9a10,0x00000000c5d80000)
 Metaspace       used 15691K, capacity 15972K, committed 16128K, reserved 1062912K
  class space    used 1643K, capacity 1740K, committed 1792K, reserved 1048576K

Card table byte_map: [0x00007fcf04220000,0x00007fcf04407000] byte_map_base: 0x00007fcf03c06000

Marking Bits: (ParMarkBitMap*) 0x00007fcf07017220
 Begin Bits: [0x00007fceea1a0000, 0x00007fceeb0d0000)
 End Bits:   [0x00007fceeb0d0000, 0x00007fceec000000)

Polling page: 0x00007fcf07e69000

CodeCache: size=245760Kb used=13907Kb max_used=13918Kb free=231852Kb
 bounds [0x00007fcef1000000, 0x00007fcef1db0000, 0x00007fcf00000000]
 total_blobs=4049 nmethods=3681 adapters=281
 compilation: enabled

Compilation events (10 events):
Event: 28.611 Thread 0x00007fcf000b1800 3893       3       org.apache.tools.ant.types.resources.selectors.ResourceSelectorContainer::getSelectors (35 bytes)
Event: 28.615 Thread 0x00007fcf000b1800 nmethod 3893 0x00007fcef1d95e90 code [0x00007fcef1d96240, 0x00007fcef1d98b58]
Event: 29.260 Thread 0x00007fcf000b1800 3894       3       org.apache.tools.ant.util.GlobPatternMapper::modifyName (40 bytes)
Event: 29.264 Thread 0x00007fcf000b1800 nmethod 3894 0x00007fcef1d93390 code [0x00007fcef1d93540, 0x00007fcef1d93ba8]
Event: 29.264 Thread 0x00007fcf000b1800 3895       3       org.apache.tools.ant.types.resources.LazyResourceCollectionWrapper::createIterator (71 bytes)
Event: 29.269 Thread 0x00007fcf000b1800 nmethod 3895 0x00007fcef1d99a90 code [0x00007fcef1d99e00, 0x00007fcef1d9c038]
Event: 29.269 Thread 0x00007fcf000b1800 3896       3       org.apache.tools.ant.types.resources.LazyResourceCollectionWrapper$CachedIterator::<init> (20 bytes)
Event: 29.270 Thread 0x00007fcf000b1800 nmethod 3896 0x00007fcef1d92f90 code [0x00007fcef1d93100, 0x00007fcef1d932f0]
Event: 29.274 Thread 0x00007fcf000ac800 3897       4       org.apache.tools.ant.types.DataType::dieOnCircularReference (9 bytes)
Event: 29.276 Thread 0x00007fcf000ac800 nmethod 3897 0x00007fcef1d92cd0 code [0x00007fcef1d92e20, 0x00007fcef1d92eb8]

GC Heap History (10 events):
Event: 6.023 GC heap after
Heap after GC invocations=2 (full 0):
 PSYoungGen      total 18432K, used 2558K [0x00000000ebc00000, 0x00000000ee000000, 0x0000000100000000)
  eden space 15872K, 0% used [0x00000000ebc00000,0x00000000ebc00000,0x00000000ecb80000)
  from space 2560K, 99% used [0x00000000ece00000,0x00000000ed07f938,0x00000000ed080000)
  to   space 2560K, 0% used [0x00000000ecb80000,0x00000000ecb80000,0x00000000ece00000)
 ParOldGen       total 42496K, used 2349K [0x00000000c3400000, 0x00000000c5d80000, 0x00000000ebc00000)
  object space 42496K, 5% used [0x00000000c3400000,0x00000000c364b760,0x00000000c5d80000)
 Metaspace       used 10733K, capacity 11006K, committed 11136K, reserved 1058816K
  class space    used 1255K, capacity 1323K, committed 1408K, reserved 1048576K
}
Event: 7.341 GC heap before
{Heap before GC invocations=3 (full 0):
 PSYoungGen      total 18432K, used 18430K [0x00000000ebc00000, 0x00000000ee000000, 0x0000000100000000)
  eden space 15872K, 100% used [0x00000000ebc00000,0x00000000ecb80000,0x00000000ecb80000)
  from space 2560K, 99% used [0x00000000ece00000,0x00000000ed07f938,0x00000000ed080000)
  to   space 2560K, 0% used [0x00000000ecb80000,0x00000000ecb80000,0x00000000ece00000)
 ParOldGen       total 42496K, used 2349K [0x00000000c3400000, 0x00000000c5d80000, 0x00000000ebc00000)
  object space 42496K, 5% used [0x00000000c3400000,0x00000000c364b760,0x00000000c5d80000)
 Metaspace       used 12387K, capacity 12638K, committed 12800K, reserved 1060864K
  class space    used 1416K, capacity 1483K, committed 1536K, reserved 1048576K
Event: 7.374 GC heap after
Heap after GC invocations=3 (full 0):
 PSYoungGen      total 18432K, used 2551K [0x00000000ebc00000, 0x00000000ee000000, 0x0000000100000000)
  eden space 15872K, 0% used [0x00000000ebc00000,0x00000000ebc00000,0x00000000ecb80000)
  from space 2560K, 99% used [0x00000000ecb80000,0x00000000ecdfdc10,0x00000000ece00000)
  to   space 2560K, 0% used [0x00000000edd80000,0x00000000edd80000,0x00000000ee000000)
 ParOldGen       total 42496K, used 5872K [0x00000000c3400000, 0x00000000c5d80000, 0x00000000ebc00000)
  object space 42496K, 13% used [0x00000000c3400000,0x00000000c39bc0c8,0x00000000c5d80000)
 Metaspace       used 12387K, capacity 12638K, committed 12800K, reserved 1060864K
  class space    used 1416K, capacity 1483K, committed 1536K, reserved 1048576K
}
Event: 8.350 GC heap before
{Heap before GC invocations=4 (full 0):
 PSYoungGen      total 18432K, used 18423K [0x00000000ebc00000, 0x00000000ee000000, 0x0000000100000000)
  eden space 15872K, 100% used [0x00000000ebc00000,0x00000000ecb80000,0x00000000ecb80000)
  from space 2560K, 99% used [0x00000000ecb80000,0x00000000ecdfdc10,0x00000000ece00000)
  to   space 2560K, 0% used [0x00000000edd80000,0x00000000edd80000,0x00000000ee000000)
 ParOldGen       total 42496K, used 5872K [0x00000000c3400000, 0x00000000c5d80000, 0x00000000ebc00000)
  object space 42496K, 13% used [0x00000000c3400000,0x00000000c39bc0c8,0x00000000c5d80000)
 Metaspace       used 12632K, capacity 12830K, committed 13056K, reserved 1060864K
  class space    used 1431K, capacity 1483K, committed 1536K, reserved 1048576K
Event: 8.423 GC heap after
Heap after GC invocations=4 (full 0):
 PSYoungGen      total 34304K, used 2528K [0x00000000ebc00000, 0x00000000ee000000, 0x0000000100000000)
  eden space 31744K, 0% used [0x00000000ebc00000,0x00000000ebc00000,0x00000000edb00000)
  from space 2560K, 98% used [0x00000000edd80000,0x00000000edff8020,0x00000000ee000000)
  to   space 2560K, 0% used [0x00000000edb00000,0x00000000edb00000,0x00000000edd80000)
 ParOldGen       total 42496K, used 11249K [0x00000000c3400000, 0x00000000c5d80000, 0x00000000ebc00000)
  object space 42496K, 26% used [0x00000000c3400000,0x00000000c3efc6a8,0x00000000c5d80000)
 Metaspace       used 12632K, capacity 12830K, committed 13056K, reserved 1060864K
  class space    used 1431K, capacity 1483K, committed 1536K, reserved 1048576K
}
Event: 13.249 GC heap before
{Heap before GC invocations=5 (full 0):
 PSYoungGen      total 34304K, used 34272K [0x00000000ebc00000, 0x00000000ee000000, 0x0000000100000000)
  eden space 31744K, 100% used [0x00000000ebc00000,0x00000000edb00000,0x00000000edb00000)
  from space 2560K, 98% used [0x00000000edd80000,0x00000000edff8020,0x00000000ee000000)
  to   space 2560K, 0% used [0x00000000edb00000,0x00000000edb00000,0x00000000edd80000)
 ParOldGen       total 42496K, used 11249K [0x00000000c3400000, 0x00000000c5d80000, 0x00000000ebc00000)
  object space 42496K, 26% used [0x00000000c3400000,0x00000000c3efc6a8,0x00000000c5d80000)
 Metaspace       used 14495K, capacity 14718K, committed 14976K, reserved 1062912K
  class space    used 1574K, capacity 1643K, committed 1664K, reserved 1048576K
Event: 13.343 GC heap after
Heap after GC invocations=5 (full 0):
 PSYoungGen      total 34304K, used 2560K [0x00000000ebc00000, 0x00000000f0b00000, 0x0000000100000000)
  eden space 31744K, 0% used [0x00000000ebc00000,0x00000000ebc00000,0x00000000edb00000)
  from space 2560K, 100% used [0x00000000edb00000,0x00000000edd80000,0x00000000edd80000)
  to   space 8704K, 0% used [0x00000000f0280000,0x00000000f0280000,0x00000000f0b00000)
 ParOldGen       total 42496K, used 14350K [0x00000000c3400000, 0x00000000c5d80000, 0x00000000ebc00000)
  object space 42496K, 33% used [0x00000000c3400000,0x00000000c4203990,0x00000000c5d80000)
 Metaspace       used 14495K, capacity 14718K, committed 14976K, reserved 1062912K
  class space    used 1574K, capacity 1643K, committed 1664K, reserved 1048576K
}
Event: 16.697 GC heap before
{Heap before GC invocations=6 (full 0):
 PSYoungGen      total 34304K, used 34304K [0x00000000ebc00000, 0x00000000f0b00000, 0x0000000100000000)
  eden space 31744K, 100% used [0x00000000ebc00000,0x00000000edb00000,0x00000000edb00000)
  from space 2560K, 100% used [0x00000000edb00000,0x00000000edd80000,0x00000000edd80000)
  to   space 8704K, 0% used [0x00000000f0280000,0x00000000f0280000,0x00000000f0b00000)
 ParOldGen       total 42496K, used 14350K [0x00000000c3400000, 0x00000000c5d80000, 0x00000000ebc00000)
  object space 42496K, 33% used [0x00000000c3400000,0x00000000c4203990,0x00000000c5d80000)
 Metaspace       used 14979K, capacity 15230K, committed 15488K, reserved 1062912K
  class space    used 1580K, capacity 1643K, committed 1664K, reserved 1048576K
Event: 16.742 GC heap after
Heap after GC invocations=6 (full 0):
 PSYoungGen      total 72192K, used 3472K [0x00000000ebc00000, 0x00000000f0b00000, 0x0000000100000000)
  eden space 63488K, 0% used [0x00000000ebc00000,0x00000000ebc00000,0x00000000efa00000)
  from space 8704K, 39% used [0x00000000f0280000,0x00000000f05e4020,0x00000000f0b00000)
  to   space 8704K, 0% used [0x00000000efa00000,0x00000000efa00000,0x00000000f0280000)
 ParOldGen       total 42496K, used 14350K [0x00000000c3400000, 0x00000000c5d80000, 0x00000000ebc00000)
  object space 42496K, 33% used [0x00000000c3400000,0x00000000c4203990,0x00000000c5d80000)
 Metaspace       used 14979K, capacity 15230K, committed 15488K, reserved 1062912K
  class space    used 1580K, capacity 1643K, committed 1664K, reserved 1048576K
}
Event: 29.280 GC heap before
{Heap before GC invocations=7 (full 0):
 PSYoungGen      total 72192K, used 66960K [0x00000000ebc00000, 0x00000000f0b00000, 0x0000000100000000)
  eden space 63488K, 100% used [0x00000000ebc00000,0x00000000efa00000,0x00000000efa00000)
  from space 8704K, 39% used [0x00000000f0280000,0x00000000f05e4020,0x00000000f0b00000)
  to   space 8704K, 0% used [0x00000000efa00000,0x00000000efa00000,0x00000000f0280000)
 ParOldGen       total 42496K, used 14350K [0x00000000c3400000, 0x00000000c5d80000, 0x00000000ebc00000)
  object space 42496K, 33% used [0x00000000c3400000,0x00000000c4203990,0x00000000c5d80000)
 Metaspace       used 15691K, capacity 15972K, committed 16128K, reserved 1062912K
  class space    used 1643K, capacity 1740K, committed 1792K, reserved 1048576K

Deoptimization events (10 events):
Event: 20.327 Thread 0x00007fcf0000a000 Uncommon trap: reason=bimorphic action=maybe_recompile pc=0x00007fcef1a60cec method=com.sun.tools.javac.code.Types$14.visitClassType(Lcom/sun/tools/javac/code/Type$ClassType;Lcom/sun/tools/javac/code/Symbol;)Lcom/sun/tools/javac/code/Type; @ 82
Event: 20.327 Thread 0x00007fcf0000a000 Uncommon trap: reason=bimorphic action=maybe_recompile pc=0x00007fcef1a60cec method=com.sun.tools.javac.code.Types$14.visitClassType(Lcom/sun/tools/javac/code/Type$ClassType;Lcom/sun/tools/javac/code/Symbol;)Lcom/sun/tools/javac/code/Type; @ 82
Event: 20.964 Thread 0x00007fcf0000a000 Uncommon trap: reason=unstable_if action=reinterpret pc=0x00007fcef1a166b8 method=com.sun.tools.javac.code.Symbol$PackageSymbol.flags()J @ 4
Event: 20.965 Thread 0x00007fcf0000a000 Uncommon trap: reason=unstable_if action=reinterpret pc=0x00007fcef180a7d8 method=com.sun.tools.javac.code.Scope.getIndex(Lcom/sun/tools/javac/util/Name;)I @ 65
Event: 21.766 Thread 0x00007fcf0000a000 Uncommon trap: reason=unstable_if action=reinterpret pc=0x00007fcef1c3b494 method=java.util.HashMap.removeNode(ILjava/lang/Object;Ljava/lang/Object;ZZ)Ljava/util/HashMap$Node; @ 58
Event: 21.768 Thread 0x00007fcf0000a000 Uncommon trap: reason=unstable_if action=reinterpret pc=0x00007fcef11deb20 method=java.util.Date.normalize()Lsun/util/calendar/BaseCalendar$Date; @ 45
Event: 23.111 Thread 0x00007fcf0000a000 Uncommon trap: reason=predicate action=maybe_recompile pc=0x00007fcef130d944 method=java.util.StringTokenizer.skipDelimiters(I)I @ 17
Event: 23.111 Thread 0x00007fcf0000a000 Uncommon trap: reason=unstable_if action=reinterpret pc=0x00007fcef131a560 method=java.util.StringTokenizer.scanToken(I)I @ 96
Event: 23.112 Thread 0x00007fcf0000a000 Uncommon trap: reason=unstable_if action=reinterpret pc=0x00007fcef12effe8 method=java.util.StringTokenizer.scanToken(I)I @ 96
Event: 23.116 Thread 0x00007fcf0000a000 Uncommon trap: reason=unstable_if action=reinterpret pc=0x00007fcef1b0c3c4 method=java.lang.ref.ReferenceQueue.poll()Ljava/lang/ref/Reference; @ 4

Internal exceptions (10 events):
Event: 1.201 Thread 0x00007fcf0000a000 Exception <a 'java/security/PrivilegedActionException'> (0x00000000ebc9e950) thrown at [/build/openjdk-8-YiEakL/openjdk-8-8u121-b13/src/hotspot/src/share/vm/prims/jvm.cpp, line 1390]
Event: 1.201 Thread 0x00007fcf0000a000 Exception <a 'java/security/PrivilegedActionException'> (0x00000000ebc9eb60) thrown at [/build/openjdk-8-YiEakL/openjdk-8-8u121-b13/src/hotspot/src/share/vm/prims/jvm.cpp, line 1390]
Event: 1.202 Thread 0x00007fcf0000a000 Exception <a 'java/security/PrivilegedActionException'> (0x00000000ebceece0) thrown at [/build/openjdk-8-YiEakL/openjdk-8-8u121-b13/src/hotspot/src/share/vm/prims/jvm.cpp, line 1390]
Event: 1.202 Thread 0x00007fcf0000a000 Exception <a 'java/security/PrivilegedActionException'> (0x00000000ebceeef0) thrown at [/build/openjdk-8-YiEakL/openjdk-8-8u121-b13/src/hotspot/src/share/vm/prims/jvm.cpp, line 1390]
Event: 3.385 Thread 0x00007fcf0000a000 Exception <a 'java/lang/NoSuchFieldError': method resolution failed> (0x00000000ec69ee00) thrown at [/build/openjdk-8-YiEakL/openjdk-8-8u121-b13/src/hotspot/src/share/vm/prims/methodHandles.cpp, line 1146]
Event: 3.389 Thread 0x00007fcf0000a000 Exception <a 'java/lang/NoSuchFieldError': method resolution failed> (0x00000000ec6ac4f0) thrown at [/build/openjdk-8-YiEakL/openjdk-8-8u121-b13/src/hotspot/src/share/vm/prims/methodHandles.cpp, line 1146]
Event: 4.056 Thread 0x00007fcf0000a000 Exception <a 'java/lang/ClassNotFoundException': org/apache/tools/ant/helper/DefaultExecutor> (0x00000000ec8e6240) thrown at [/build/openjdk-8-YiEakL/openjdk-8-8u121-b13/src/hotspot/src/share/vm/classfile/systemDictionary.cpp, line 210]
Event: 8.001 Thread 0x00007fcf0000a000 Exception <a 'java/io/FileNotFoundException'> (0x00000000ec6567e0) thrown at [/build/openjdk-8-YiEakL/openjdk-8-8u121-b13/src/hotspot/src/share/vm/prims/jni.cpp, line 709]
Event: 8.041 Thread 0x00007fcf0000a000 Exception <a 'java/io/FileNotFoundException'> (0x00000000ec697668) thrown at [/build/openjdk-8-YiEakL/openjdk-8-8u121-b13/src/hotspot/src/share/vm/prims/jni.cpp, line 709]
Event: 8.042 Thread 0x00007fcf0000a000 Exception <a 'java/io/FileNotFoundException'> (0x00000000ec698330) thrown at [/build/openjdk-8-YiEakL/openjdk-8-8u121-b13/src/hotspot/src/share/vm/prims/jni.cpp, line 709]

Events (10 events):
Event: 23.111 Thread 0x00007fcf0000a000 Uncommon trap: trap_request=0xffffff65 fr.pc=0x00007fcef131a560
Event: 23.111 Thread 0x00007fcf0000a000 DEOPT PACKING pc=0x00007fcef131a560 sp=0x00007fcf07e357b0
Event: 23.111 Thread 0x00007fcf0000a000 DEOPT UNPACKING pc=0x00007fcef1004f69 sp=0x00007fcf07e35728 mode 2
Event: 23.112 Thread 0x00007fcf0000a000 Uncommon trap: trap_request=0xffffff65 fr.pc=0x00007fcef12effe8
Event: 23.112 Thread 0x00007fcf0000a000 DEOPT PACKING pc=0x00007fcef12effe8 sp=0x00007fcf07e35760
Event: 23.112 Thread 0x00007fcf0000a000 DEOPT UNPACKING pc=0x00007fcef1004f69 sp=0x00007fcf07e35728 mode 2
Event: 23.116 Thread 0x00007fcf0000a000 Uncommon trap: trap_request=0xffffff65 fr.pc=0x00007fcef1b0c3c4
Event: 23.116 Thread 0x00007fcf0000a000 DEOPT PACKING pc=0x00007fcef1b0c3c4 sp=0x00007fcf07e35280
Event: 23.116 Thread 0x00007fcf0000a000 DEOPT UNPACKING pc=0x00007fcef1004f69 sp=0x00007fcf07e350d8 mode 2
Event: 29.280 Executing VM operation: ParallelGCFailedAllocation


Dynamic libraries:
00400000-00401000 r-xp 00000000 08:04 7733285                            /usr/lib/jvm/java-8-openjdk-amd64/jre/bin/java
00600000-00601000 r--p 00000000 08:04 7733285                            /usr/lib/jvm/java-8-openjdk-amd64/jre/bin/java
00601000-00602000 rw-p 00001000 08:04 7733285                            /usr/lib/jvm/java-8-openjdk-amd64/jre/bin/java
01b55000-01b76000 rw-p 00000000 00:00 0                                  [heap]
c3400000-c5d80000 rw-p 00000000 00:00 0 
c5d80000-ebc00000 ---p 00000000 00:00 0 
ebc00000-f0b00000 rw-p 00000000 00:00 0 
f4800000-100000000 ---p 00000000 00:00 0 
100000000-1001c0000 rw-p 00000000 00:00 0 
1001c0000-140000000 ---p 00000000 00:00 0 
7fcea4000000-7fcea4021000 rw-p 00000000 00:00 0 
7fcea4021000-7fcea8000000 ---p 00000000 00:00 0 
7fceac000000-7fceac021000 rw-p 00000000 00:00 0 
7fceac021000-7fceb0000000 ---p 00000000 00:00 0 
7fceb0000000-7fceb0021000 rw-p 00000000 00:00 0 
7fceb0021000-7fceb4000000 ---p 00000000 00:00 0 
7fceb4000000-7fceb4021000 rw-p 00000000 00:00 0 
7fceb4021000-7fceb8000000 ---p 00000000 00:00 0 
7fceb8000000-7fceb8021000 rw-p 00000000 00:00 0 
7fceb8021000-7fcebc000000 ---p 00000000 00:00 0 
7fcebc000000-7fcebd00b000 rw-p 00000000 00:00 0 
7fcebd00b000-7fcec0000000 ---p 00000000 00:00 0 
7fcec0000000-7fcec11a2000 rw-p 00000000 00:00 0 
7fcec11a2000-7fcec4000000 ---p 00000000 00:00 0 
7fcec4000000-7fcec4021000 rw-p 00000000 00:00 0 
7fcec4021000-7fcec8000000 ---p 00000000 00:00 0 
7fcec8000000-7fceca111000 rw-p 00000000 00:00 0 
7fceca111000-7fcecc000000 ---p 00000000 00:00 0 
7fcecc000000-7fcecc021000 rw-p 00000000 00:00 0 
7fcecc021000-7fced0000000 ---p 00000000 00:00 0 
7fced0000000-7fced0021000 rw-p 00000000 00:00 0 
7fced0021000-7fced4000000 ---p 00000000 00:00 0 
7fced4000000-7fced4021000 rw-p 00000000 00:00 0 
7fced4021000-7fced8000000 ---p 00000000 00:00 0 
7fced8000000-7fced8021000 rw-p 00000000 00:00 0 
7fced8021000-7fcedc000000 ---p 00000000 00:00 0 
7fcedc000000-7fcedc021000 rw-p 00000000 00:00 0 
7fcedc021000-7fcee0000000 ---p 00000000 00:00 0 
7fcee37d5000-7fcee37e6000 r-xp 00000000 08:04 8257742                    /usr/lib/jvm/java-8-openjdk-amd64/jre/lib/amd64/libnio.so
7fcee37e6000-7fcee39e6000 ---p 00011000 08:04 8257742                    /usr/lib/jvm/java-8-openjdk-amd64/jre/lib/amd64/libnio.so
7fcee39e6000-7fcee39e7000 r--p 00011000 08:04 8257742                    /usr/lib/jvm/java-8-openjdk-amd64/jre/lib/amd64/libnio.so
7fcee39e7000-7fcee39e8000 rw-p 00012000 08:04 8257742                    /usr/lib/jvm/java-8-openjdk-amd64/jre/lib/amd64/libnio.so
7fcee39e8000-7fcee39ff000 r-xp 00000000 08:04 8257636                    /usr/lib/jvm/java-8-openjdk-amd64/jre/lib/amd64/libnet.so
7fcee39ff000-7fcee3bfe000 ---p 00017000 08:04 8257636                    /usr/lib/jvm/java-8-openjdk-amd64/jre/lib/amd64/libnet.so
7fcee3bfe000-7fcee3bff000 r--p 00016000 08:04 8257636                    /usr/lib/jvm/java-8-openjdk-amd64/jre/lib/amd64/libnet.so
7fcee3bff000-7fcee3c00000 rw-p 00017000 08:04 8257636                    /usr/lib/jvm/java-8-openjdk-amd64/jre/lib/amd64/libnet.so
7fcee3c00000-7fcee3e00000 rw-p 00000000 00:00 0 
7fcee3e00000-7fcee4000000 rw-p 00000000 00:00 0 
7fcee4000000-7fcee4021000 rw-p 00000000 00:00 0 
7fcee4021000-7fcee8000000 ---p 00000000 00:00 0 
7fcee8183000-7fcee8383000 rw-p 00000000 00:00 0 
7fcee8383000-7fcee8386000 ---p 00000000 00:00 0 
7fcee8386000-7fcee8484000 rw-p 00000000 00:00 0 
7fcee8484000-7fcee8487000 ---p 00000000 00:00 0 
7fcee8487000-7fcee8585000 rw-p 00000000 00:00 0 
7fcee8585000-7fcee8588000 ---p 00000000 00:00 0 
7fcee8588000-7fcee85be000 rw-p 00000000 00:00 0 
7fcee85be000-7fcee8637000 r--s 010fd000 08:04 7340065                    /usr/lib/jvm/java-8-openjdk-amd64/lib/tools.jar
7fcee8637000-7fcee863a000 r--s 00014000 08:04 5647391                    /usr/share/java/ant-commons-net-1.9.6.jar
7fcee863a000-7fcee8659000 r--s 001d1000 08:04 5647365                    /usr/share/java/ant-1.9.6.jar
7fcee8659000-7fcee8674000 r--s 001d6000 08:04 8132543                    /usr/lib/jvm/java-8-openjdk-amd64/jre/lib/ext/nashorn.jar
7fcee8674000-7fcee868f000 r--s 00394000 08:04 8132549                    /usr/lib/jvm/java-8-openjdk-amd64/jre/lib/ext/cldrdata.jar
7fcee868f000-7fcee8690000 ---p 00000000 00:00 0 
7fcee8690000-7fcee8790000 rw-p 00000000 00:00 0 
7fcee8790000-7fcee8793000 ---p 00000000 00:00 0 
7fcee8793000-7fcee8891000 rw-p 00000000 00:00 0 
7fcee8891000-7fcee8894000 ---p 00000000 00:00 0 
7fcee8894000-7fcee8992000 rw-p 00000000 00:00 0 
7fcee8992000-7fcee8995000 ---p 00000000 00:00 0 
7fcee8995000-7fcee8a93000 rw-p 00000000 00:00 0 
7fcee8a93000-7fcee8a96000 ---p 00000000 00:00 0 
7fcee8a96000-7fcee8b94000 rw-p 00000000 00:00 0 
7fcee8b94000-7fcee8b97000 ---p 00000000 00:00 0 
7fcee8b97000-7fcee8c95000 rw-p 00000000 00:00 0 
7fcee8c95000-7fcee8f6d000 r--p 00000000 08:04 5243882                    /usr/lib/locale/locale-archive
7fcee8f6d000-7fcee8f70000 ---p 00000000 00:00 0 
7fcee8f70000-7fcee906e000 rw-p 00000000 00:00 0 
7fcee906e000-7fcee9071000 ---p 00000000 00:00 0 
7fcee9071000-7fcee916f000 rw-p 00000000 00:00 0 
7fcee916f000-7fcee9170000 ---p 00000000 00:00 0 
7fcee9170000-7fceec000000 rw-p 00000000 00:00 0 
7fceec000000-7fceec021000 rw-p 00000000 00:00 0 
7fceec021000-7fcef0000000 ---p 00000000 00:00 0 
7fcef0000000-7fcef0001000 r--s 00002000 08:04 5647378                    /usr/share/java/ant-antlr-1.9.6.jar
7fcef0001000-7fcef0002000 r--s 00001000 08:04 5647383                    /usr/share/java/ant-apache-xalan2-1.9.6.jar
7fcef0002000-7fcef0004000 r--s 00002000 08:04 5647388                    /usr/share/java/ant-jmf-1.9.6.jar
7fcef0004000-7fcef0006000 r--s 0001b000 08:04 5647381                    /usr/share/java/ant-junit-1.9.6.jar
7fcef0006000-7fcef0048000 rw-p 00000000 00:00 0 
7fcef0048000-7fcef0216000 r--s 03c06000 08:04 7864358                    /usr/lib/jvm/java-8-openjdk-amd64/jre/lib/rt.jar
7fcef0216000-7fcef0bfc000 rw-p 00000000 00:00 0 
7fcef0bfc000-7fcef0bfd000 ---p 00000000 00:00 0 
7fcef0bfd000-7fcef0cfd000 rw-p 00000000 00:00 0 
7fcef0cfd000-7fcef0cfe000 ---p 00000000 00:00 0 
7fcef0cfe000-7fcef0dfe000 rw-p 00000000 00:00 0 
7fcef0dfe000-7fcef0dff000 ---p 00000000 00:00 0 
7fcef0dff000-7fcef0eff000 rw-p 00000000 00:00 0 
7fcef0eff000-7fcef0f00000 ---p 00000000 00:00 0 
7fcef0f00000-7fcef1000000 rw-p 00000000 00:00 0 
7fcef1000000-7fcef1db0000 rwxp 00000000 00:00 0 
7fcef1db0000-7fcf00000000 ---p 00000000 00:00 0 
7fcf00000000-7fcf008c3000 rw-p 00000000 00:00 0 
7fcf008c3000-7fcf04000000 ---p 00000000 00:00 0 
7fcf04000000-7fcf04001000 r--s 00006000 08:04 5647390                    /usr/share/java/ant-testutil-1.9.6.jar
7fcf04001000-7fcf04002000 r--s 00002000 08:04 5647376                    /usr/share/java/ant-apache-regexp-1.9.6.jar
7fcf04002000-7fcf04003000 r--s 00002000 08:04 5647387                    /usr/share/java/ant-apache-oro-1.9.6.jar
7fcf04003000-7fcf04004000 r--s 00002000 08:04 5647379                    /usr/share/java/ant-apache-bsf-1.9.6.jar
7fcf04004000-7fcf04005000 r--s 00003000 08:04 5647380                    /usr/share/java/ant-apache-bcel-1.9.6.jar
7fcf04005000-7fcf04006000 r--s 00002000 08:04 5647392                    /usr/share/java/ant-apache-resolver-1.9.6.jar
7fcf04006000-7fcf04008000 r--s 0000a000 08:04 5647375                    /usr/share/java/ant-jsch-1.9.6.jar
7fcf04008000-7fcf0400a000 r--s 00002000 08:04 5647389                    /usr/share/java/ant-junit4-1.9.6.jar
7fcf0400a000-7fcf0400b000 r--s 00004000 08:04 5647366                    /usr/share/java/ant-launcher-1.9.6.jar
7fcf0400b000-7fcf0400d000 r--s 00001000 08:04 5647385                    /usr/share/java/ant-apache-log4j-1.9.6.jar
7fcf0400d000-7fcf0400e000 r--s 00002000 08:04 5647382                    /usr/share/java/ant-commons-logging-1.9.6.jar
7fcf0400e000-7fcf0400f000 r--s 00003000 08:04 5647384                    /usr/share/java/ant-javamail-1.9.6.jar
7fcf0400f000-7fcf04019000 r--s 00116000 08:04 8132563                    /usr/lib/jvm/java-8-openjdk-amd64/jre/lib/ext/localedata.jar
7fcf04019000-7fcf040f1000 rw-p 00000000 00:00 0 
7fcf040f1000-7fcf04220000 ---p 00000000 00:00 0 
7fcf04220000-7fcf04235000 rw-p 00000000 00:00 0 
7fcf04235000-7fcf04364000 ---p 00000000 00:00 0 
7fcf04364000-7fcf0438c000 rw-p 00000000 00:00 0 
7fcf0438c000-7fcf04406000 ---p 00000000 00:00 0 
7fcf04406000-7fcf0443e000 rw-p 00000000 00:00 0 
7fcf0443e000-7fcf047c7000 ---p 00000000 00:00 0 
7fcf047c7000-7fcf047cf000 r-xp 00000000 08:04 8257634                    /usr/lib/jvm/java-8-openjdk-amd64/jre/lib/amd64/libzip.so
7fcf047cf000-7fcf049ce000 ---p 00008000 08:04 8257634                    /usr/lib/jvm/java-8-openjdk-amd64/jre/lib/amd64/libzip.so
7fcf049ce000-7fcf049cf000 r--p 00007000 08:04 8257634                    /usr/lib/jvm/java-8-openjdk-amd64/jre/lib/amd64/libzip.so
7fcf049cf000-7fcf049d0000 rw-p 00008000 08:04 8257634                    /usr/lib/jvm/java-8-openjdk-amd64/jre/lib/amd64/libzip.so
7fcf049d0000-7fcf049db000 r-xp 00000000 08:04 3670956                    /lib/x86_64-linux-gnu/libnss_files-2.23.so
7fcf049db000-7fcf04bda000 ---p 0000b000 08:04 3670956                    /lib/x86_64-linux-gnu/libnss_files-2.23.so
7fcf04bda000-7fcf04bdb000 r--p 0000a000 08:04 3670956                    /lib/x86_64-linux-gnu/libnss_files-2.23.so
7fcf04bdb000-7fcf04bdc000 rw-p 0000b000 08:04 3670956                    /lib/x86_64-linux-gnu/libnss_files-2.23.so
7fcf04bdc000-7fcf04be2000 rw-p 00000000 00:00 0 
7fcf04be2000-7fcf04bed000 r-xp 00000000 08:04 3670928                    /lib/x86_64-linux-gnu/libnss_nis-2.23.so
7fcf04bed000-7fcf04dec000 ---p 0000b000 08:04 3670928                    /lib/x86_64-linux-gnu/libnss_nis-2.23.so
7fcf04dec000-7fcf04ded000 r--p 0000a000 08:04 3670928                    /lib/x86_64-linux-gnu/libnss_nis-2.23.so
7fcf04ded000-7fcf04dee000 rw-p 0000b000 08:04 3670928                    /lib/x86_64-linux-gnu/libnss_nis-2.23.so
7fcf04dee000-7fcf04e04000 r-xp 00000000 08:04 3670950                    /lib/x86_64-linux-gnu/libnsl-2.23.so
7fcf04e04000-7fcf05003000 ---p 00016000 08:04 3670950                    /lib/x86_64-linux-gnu/libnsl-2.23.so
7fcf05003000-7fcf05004000 r--p 00015000 08:04 3670950                    /lib/x86_64-linux-gnu/libnsl-2.23.so
7fcf05004000-7fcf05005000 rw-p 00016000 08:04 3670950                    /lib/x86_64-linux-gnu/libnsl-2.23.so
7fcf05005000-7fcf05007000 rw-p 00000000 00:00 0 
7fcf05007000-7fcf0500f000 r-xp 00000000 08:04 3670952                    /lib/x86_64-linux-gnu/libnss_compat-2.23.so
7fcf0500f000-7fcf0520e000 ---p 00008000 08:04 3670952                    /lib/x86_64-linux-gnu/libnss_compat-2.23.so
7fcf0520e000-7fcf0520f000 r--p 00007000 08:04 3670952                    /lib/x86_64-linux-gnu/libnss_compat-2.23.so
7fcf0520f000-7fcf05210000 rw-p 00008000 08:04 3670952                    /lib/x86_64-linux-gnu/libnss_compat-2.23.so
7fcf05210000-7fcf0523d000 r-xp 00000000 08:04 8257780                    /usr/lib/jvm/java-8-openjdk-amd64/jre/lib/amd64/libjava.so
7fcf0523d000-7fcf0543c000 ---p 0002d000 08:04 8257780                    /usr/lib/jvm/java-8-openjdk-amd64/jre/lib/amd64/libjava.so
7fcf0543c000-7fcf0543d000 r--p 0002c000 08:04 8257780                    /usr/lib/jvm/java-8-openjdk-amd64/jre/lib/amd64/libjava.so
7fcf0543d000-7fcf0543f000 rw-p 0002d000 08:04 8257780                    /usr/lib/jvm/java-8-openjdk-amd64/jre/lib/amd64/libjava.so
7fcf0543f000-7fcf0544e000 r-xp 00000000 08:04 8257582                    /usr/lib/jvm/java-8-openjdk-amd64/jre/lib/amd64/libverify.so
7fcf0544e000-7fcf0564d000 ---p 0000f000 08:04 8257582                    /usr/lib/jvm/java-8-openjdk-amd64/jre/lib/amd64/libverify.so
7fcf0564d000-7fcf0564f000 r--p 0000e000 08:04 8257582                    /usr/lib/jvm/java-8-openjdk-amd64/jre/lib/amd64/libverify.so
7fcf0564f000-7fcf05650000 rw-p 00010000 08:04 8257582                    /usr/lib/jvm/java-8-openjdk-amd64/jre/lib/amd64/libverify.so
7fcf05650000-7fcf05657000 r-xp 00000000 08:04 3670926                    /lib/x86_64-linux-gnu/librt-2.23.so
7fcf05657000-7fcf05856000 ---p 00007000 08:04 3670926                    /lib/x86_64-linux-gnu/librt-2.23.so
7fcf05856000-7fcf05857000 r--p 00006000 08:04 3670926                    /lib/x86_64-linux-gnu/librt-2.23.so
7fcf05857000-7fcf05858000 rw-p 00007000 08:04 3670926                    /lib/x86_64-linux-gnu/librt-2.23.so
7fcf05858000-7fcf0586e000 r-xp 00000000 08:04 3674212                    /lib/x86_64-linux-gnu/libgcc_s.so.1
7fcf0586e000-7fcf05a6d000 ---p 00016000 08:04 3674212                    /lib/x86_64-linux-gnu/libgcc_s.so.1
7fcf05a6d000-7fcf05a6e000 rw-p 00015000 08:04 3674212                    /lib/x86_64-linux-gnu/libgcc_s.so.1
7fcf05a6e000-7fcf05b76000 r-xp 00000000 08:04 3670946                    /lib/x86_64-linux-gnu/libm-2.23.so
7fcf05b76000-7fcf05d75000 ---p 00108000 08:04 3670946                    /lib/x86_64-linux-gnu/libm-2.23.so
7fcf05d75000-7fcf05d76000 r--p 00107000 08:04 3670946                    /lib/x86_64-linux-gnu/libm-2.23.so
7fcf05d76000-7fcf05d77000 rw-p 00108000 08:04 3670946                    /lib/x86_64-linux-gnu/libm-2.23.so
7fcf05d77000-7fcf05ee9000 r-xp 00000000 08:04 5245011                    /usr/lib/x86_64-linux-gnu/libstdc++.so.6.0.21
7fcf05ee9000-7fcf060e9000 ---p 00172000 08:04 5245011                    /usr/lib/x86_64-linux-gnu/libstdc++.so.6.0.21
7fcf060e9000-7fcf060f3000 r--p 00172000 08:04 5245011                    /usr/lib/x86_64-linux-gnu/libstdc++.so.6.0.21
7fcf060f3000-7fcf060f5000 rw-p 0017c000 08:04 5245011                    /usr/lib/x86_64-linux-gnu/libstdc++.so.6.0.21
7fcf060f5000-7fcf060f9000 rw-p 00000000 00:00 0 
7fcf060f9000-7fcf06d49000 r-xp 00000000 08:04 8388635                    /usr/lib/jvm/java-8-openjdk-amd64/jre/lib/amd64/server/libjvm.so
7fcf06d49000-7fcf06f48000 ---p 00c50000 08:04 8388635                    /usr/lib/jvm/java-8-openjdk-amd64/jre/lib/amd64/server/libjvm.so
7fcf06f48000-7fcf06fdb000 r--p 00c4f000 08:04 8388635                    /usr/lib/jvm/java-8-openjdk-amd64/jre/lib/amd64/server/libjvm.so
7fcf06fdb000-7fcf07004000 rw-p 00ce2000 08:04 8388635                    /usr/lib/jvm/java-8-openjdk-amd64/jre/lib/amd64/server/libjvm.so
7fcf07004000-7fcf07034000 rw-p 00000000 00:00 0 
7fcf07034000-7fcf0704c000 r-xp 00000000 08:04 3670948                    /lib/x86_64-linux-gnu/libpthread-2.23.so
7fcf0704c000-7fcf0724b000 ---p 00018000 08:04 3670948                    /lib/x86_64-linux-gnu/libpthread-2.23.so
7fcf0724b000-7fcf0724c000 r--p 00017000 08:04 3670948                    /lib/x86_64-linux-gnu/libpthread-2.23.so
7fcf0724c000-7fcf0724d000 rw-p 00018000 08:04 3670948                    /lib/x86_64-linux-gnu/libpthread-2.23.so
7fcf0724d000-7fcf07251000 rw-p 00000000 00:00 0 
7fcf07251000-7fcf07254000 r-xp 00000000 08:04 3670934                    /lib/x86_64-linux-gnu/libdl-2.23.so
7fcf07254000-7fcf07453000 ---p 00003000 08:04 3670934                    /lib/x86_64-linux-gnu/libdl-2.23.so
7fcf07453000-7fcf07454000 r--p 00002000 08:04 3670934                    /lib/x86_64-linux-gnu/libdl-2.23.so
7fcf07454000-7fcf07455000 rw-p 00003000 08:04 3670934                    /lib/x86_64-linux-gnu/libdl-2.23.so
7fcf07455000-7fcf0746e000 r-xp 00000000 08:04 3670183                    /lib/x86_64-linux-gnu/libz.so.1.2.8
7fcf0746e000-7fcf0766d000 ---p 00019000 08:04 3670183                    /lib/x86_64-linux-gnu/libz.so.1.2.8
7fcf0766d000-7fcf0766e000 r--p 00018000 08:04 3670183                    /lib/x86_64-linux-gnu/libz.so.1.2.8
7fcf0766e000-7fcf0766f000 rw-p 00019000 08:04 3670183                    /lib/x86_64-linux-gnu/libz.so.1.2.8
7fcf0766f000-7fcf0782e000 r-xp 00000000 08:04 3670936                    /lib/x86_64-linux-gnu/libc-2.23.so
7fcf0782e000-7fcf07a2e000 ---p 001bf000 08:04 3670936                    /lib/x86_64-linux-gnu/libc-2.23.so
7fcf07a2e000-7fcf07a32000 r--p 001bf000 08:04 3670936                    /lib/x86_64-linux-gnu/libc-2.23.so
7fcf07a32000-7fcf07a34000 rw-p 001c3000 08:04 3670936                    /lib/x86_64-linux-gnu/libc-2.23.so
7fcf07a34000-7fcf07a38000 rw-p 00000000 00:00 0 
7fcf07a38000-7fcf07a45000 r-xp 00000000 08:04 8519684                    /usr/lib/jvm/java-8-openjdk-amd64/jre/lib/amd64/jli/libjli.so
7fcf07a45000-7fcf07c45000 ---p 0000d000 08:04 8519684                    /usr/lib/jvm/java-8-openjdk-amd64/jre/lib/amd64/jli/libjli.so
7fcf07c45000-7fcf07c46000 r--p 0000d000 08:04 8519684                    /usr/lib/jvm/java-8-openjdk-amd64/jre/lib/amd64/jli/libjli.so
7fcf07c46000-7fcf07c47000 rw-p 0000e000 08:04 8519684                    /usr/lib/jvm/java-8-openjdk-amd64/jre/lib/amd64/jli/libjli.so
7fcf07c47000-7fcf07c6d000 r-xp 00000000 08:04 3670914                    /lib/x86_64-linux-gnu/ld-2.23.so
7fcf07c6d000-7fcf07c72000 r--s 0003b000 08:04 8132567                    /usr/lib/jvm/java-8-openjdk-amd64/jre/lib/ext/sunjce_provider.jar
7fcf07c72000-7fcf07d37000 rw-p 00000000 00:00 0 
7fcf07d37000-7fcf07d3a000 ---p 00000000 00:00 0 
7fcf07d3a000-7fcf07e3d000 rw-p 00000000 00:00 0 
7fcf07e3d000-7fcf07e3e000 r--s 00003000 08:04 5647386                    /usr/share/java/ant-jdepend-1.9.6.jar
7fcf07e3e000-7fcf07e3f000 r--s 00003000 08:04 5647377                    /usr/share/java/ant-swing-1.9.6.jar
7fcf07e3f000-7fcf07e40000 r--s 00004000 08:04 5647366                    /usr/share/java/ant-launcher-1.9.6.jar
7fcf07e40000-7fcf07e42000 r--s 00001000 08:04 8132547                    /usr/lib/jvm/java-8-openjdk-amd64/jre/lib/ext/dnsns.jar
7fcf07e42000-7fcf07e43000 r--s 0000a000 08:04 8132570                    /usr/lib/jvm/java-8-openjdk-amd64/jre/lib/ext/jaccess.jar
7fcf07e43000-7fcf07e44000 r--s 00010000 08:04 8132556                    /usr/lib/jvm/java-8-openjdk-amd64/jre/lib/ext/zipfs.jar
7fcf07e44000-7fcf07e46000 r--s 00008000 08:04 8132531                    /usr/lib/jvm/java-8-openjdk-amd64/jre/lib/ext/sunec.jar
7fcf07e46000-7fcf07e4a000 r--s 00037000 08:04 8132562                    /usr/lib/jvm/java-8-openjdk-amd64/jre/lib/ext/sunpkcs11.jar
7fcf07e4a000-7fcf07e4d000 r--s 0000f000 08:04 8132548                    /usr/lib/jvm/java-8-openjdk-amd64/jre/lib/ext/icedtea-sound.jar
7fcf07e4d000-7fcf07e60000 rw-p 00000000 00:00 0 
7fcf07e60000-7fcf07e68000 rw-s 00000000 08:04 3670266                    /tmp/hsperfdata_saurabh/5438
7fcf07e68000-7fcf07e69000 rw-p 00000000 00:00 0 
7fcf07e69000-7fcf07e6a000 ---p 00000000 00:00 0 
7fcf07e6a000-7fcf07e6c000 rw-p 00000000 00:00 0 
7fcf07e6c000-7fcf07e6d000 r--p 00025000 08:04 3670914                    /lib/x86_64-linux-gnu/ld-2.23.so
7fcf07e6d000-7fcf07e6e000 rw-p 00026000 08:04 3670914                    /lib/x86_64-linux-gnu/ld-2.23.so
7fcf07e6e000-7fcf07e6f000 rw-p 00000000 00:00 0 
7ffd31cb3000-7ffd31cd5000 rw-p 00000000 00:00 0                          [stack]
7ffd31cf6000-7ffd31cf8000 r--p 00000000 00:00 0                          [vvar]
7ffd31cf8000-7ffd31cfa000 r-xp 00000000 00:00 0                          [vdso]
ffffffffff600000-ffffffffff601000 r-xp 00000000 00:00 0                  [vsyscall]

VM Arguments:
jvm_args: -Dant.home=/usr/share/ant -Dant.library.dir=/usr/share/ant/lib 
java_command: org.apache.tools.ant.launch.Launcher -cp  java
java_class_path (initial): /usr/share/ant/lib/ant-launcher.jar
Launcher Type: SUN_STANDARD

Environment Variables:
PATH=/home/saurabh/SaurabhKumar/BeeWareVOC/PythonEnvironmets/VOC_Env/bin:/home/saurabh/anaconda2/bin:/home/saurabh/torch/install/bin:/home/saurabh/.pythonbrew/bin:/home/saurabh/.pythonbrew/bin:/home/saurabh/torch/install/bin:/usr/local/sbin:/usr/local/bin:/usr/sbin:/usr/bin:/sbin:/bin:/usr/games:/usr/local/games:/snap/bin:/usr/brlcad/bin
LD_LIBRARY_PATH=/home/saurabh/torch/install/lib:/home/saurabh/torch/install/lib:
SHELL=/bin/bash
DISPLAY=:0
DYLD_LIBRARY_PATH=/home/saurabh/torch/install/lib:/home/saurabh/torch/install/lib:

Signal Handlers:
SIGSEGV: [libjvm.so+0xa66fd0], sa_mask[0]=11111111011111111101111111111110, sa_flags=SA_RESTART|SA_SIGINFO
SIGBUS: [libjvm.so+0xa66fd0], sa_mask[0]=11111111011111111101111111111110, sa_flags=SA_RESTART|SA_SIGINFO
SIGFPE: [libjvm.so+0x8b0180], sa_mask[0]=11111111011111111101111111111110, sa_flags=SA_RESTART|SA_SIGINFO
SIGPIPE: [libjvm.so+0x8b0180], sa_mask[0]=11111111011111111101111111111110, sa_flags=SA_RESTART|SA_SIGINFO
SIGXFSZ: [libjvm.so+0x8b0180], sa_mask[0]=11111111011111111101111111111110, sa_flags=SA_RESTART|SA_SIGINFO
SIGILL: [libjvm.so+0x8b0180], sa_mask[0]=11111111011111111101111111111110, sa_flags=SA_RESTART|SA_SIGINFO
SIGUSR1: SIG_DFL, sa_mask[0]=00000000000000000000000000000000, sa_flags=none
SIGUSR2: [libjvm.so+0x8b0030], sa_mask[0]=00000000000000000000000000000000, sa_flags=SA_RESTART|SA_SIGINFO
SIGHUP: [libjvm.so+0x8b0500], sa_mask[0]=11111111011111111101111111111110, sa_flags=SA_RESTART|SA_SIGINFO
SIGINT: [libjvm.so+0x8b0500], sa_mask[0]=11111111011111111101111111111110, sa_flags=SA_RESTART|SA_SIGINFO
SIGTERM: [libjvm.so+0x8b0500], sa_mask[0]=11111111011111111101111111111110, sa_flags=SA_RESTART|SA_SIGINFO
SIGQUIT: [libjvm.so+0x8b0500], sa_mask[0]=11111111011111111101111111111110, sa_flags=SA_RESTART|SA_SIGINFO


---------------  S Y S T E M  ---------------

OS:DISTRIB_ID=Ubuntu
DISTRIB_RELEASE=16.04
DISTRIB_CODENAME=xenial
DISTRIB_DESCRIPTION="Ubuntu 16.04.2 LTS"

uname:Linux 4.4.0-65-generic #86-Ubuntu SMP Thu Feb 23 17:49:58 UTC 2017 x86_64
libc:glibc 2.23 NPTL 2.23 
rlimit: STACK 8192k, CORE 0k, NPROC 15392, NOFILE 65536, AS infinity
load average:13.07 10.68 6.02

/proc/meminfo:
MemTotal:        3980976 kB
MemFree:          276012 kB
MemAvailable:     187288 kB
Buffers:             980 kB
Cached:           329872 kB
SwapCached:            0 kB
Active:          3205884 kB
Inactive:         299136 kB
Active(anon):    3200340 kB
Inactive(anon):   272816 kB
Active(file):       5544 kB
Inactive(file):    26320 kB
Unevictable:         176 kB
Mlocked:             176 kB
SwapTotal:             0 kB
SwapFree:              0 kB
Dirty:               136 kB
Writeback:             0 kB
AnonPages:       3174876 kB
Mapped:           128708 kB
Shmem:            298456 kB
Slab:              79452 kB
SReclaimable:      35760 kB
SUnreclaim:        43692 kB
KernelStack:       11008 kB
PageTables:        62716 kB
NFS_Unstable:          0 kB
Bounce:                0 kB
WritebackTmp:          0 kB
CommitLimit:     1990488 kB
Committed_AS:    8593348 kB
VmallocTotal:   34359738367 kB
VmallocUsed:           0 kB
VmallocChunk:          0 kB
HardwareCorrupted:     0 kB
AnonHugePages:   1177600 kB
CmaTotal:              0 kB
CmaFree:               0 kB
HugePages_Total:       0
HugePages_Free:        0
HugePages_Rsvd:        0
HugePages_Surp:        0
Hugepagesize:       2048 kB
DirectMap4k:      197312 kB
DirectMap2M:     3932160 kB
DirectMap1G:     1048576 kB


CPU:total 4 (2 cores per cpu, 2 threads per core) family 6 model 69 stepping 1, cmov, cx8, fxsr, mmx, sse, sse2, sse3, ssse3, sse4.1, sse4.2, popcnt, avx, avx2, aes, clmul, erms, lzcnt, ht, tsc, tscinvbit, bmi1, bmi2

/proc/cpuinfo:
processor	: 0
vendor_id	: GenuineIntel
cpu family	: 6
model		: 69
model name	: Intel(R) Core(TM) i3-4005U CPU @ 1.70GHz
stepping	: 1
microcode	: 0x1d
cpu MHz		: 1631.335
cache size	: 3072 KB
physical id	: 0
siblings	: 4
core id		: 0
cpu cores	: 2
apicid		: 0
initial apicid	: 0
fpu		: yes
fpu_exception	: yes
cpuid level	: 13
wp		: yes
flags		: fpu vme de pse tsc msr pae mce cx8 apic sep mtrr pge mca cmov pat pse36 clflush dts acpi mmx fxsr sse sse2 ss ht tm pbe syscall nx pdpe1gb rdtscp lm constant_tsc arch_perfmon pebs bts rep_good nopl xtopology nonstop_tsc aperfmperf eagerfpu pni pclmulqdq dtes64 monitor ds_cpl vmx est tm2 ssse3 sdbg fma cx16 xtpr pdcm pcid sse4_1 sse4_2 movbe popcnt tsc_deadline_timer aes xsave avx f16c rdrand lahf_lm abm epb tpr_shadow vnmi flexpriority ept vpid fsgsbase tsc_adjust bmi1 avx2 smep bmi2 erms invpcid xsaveopt dtherm ida arat pln pts
bugs		:
bogomips	: 3392.08
clflush size	: 64
cache_alignment	: 64
address sizes	: 39 bits physical, 48 bits virtual
power management:

processor	: 1
vendor_id	: GenuineIntel
cpu family	: 6
model		: 69
model name	: Intel(R) Core(TM) i3-4005U CPU @ 1.70GHz
stepping	: 1
microcode	: 0x1d
cpu MHz		: 992.507
cache size	: 3072 KB
physical id	: 0
siblings	: 4
core id		: 0
cpu cores	: 2
apicid		: 1
initial apicid	: 1
fpu		: yes
fpu_exception	: yes
cpuid level	: 13
wp		: yes
flags		: fpu vme de pse tsc msr pae mce cx8 apic sep mtrr pge mca cmov pat pse36 clflush dts acpi mmx fxsr sse sse2 ss ht tm pbe syscall nx pdpe1gb rdtscp lm constant_tsc arch_perfmon pebs bts rep_good nopl xtopology nonstop_tsc aperfmperf eagerfpu pni pclmulqdq dtes64 monitor ds_cpl vmx est tm2 ssse3 sdbg fma cx16 xtpr pdcm pcid sse4_1 sse4_2 movbe popcnt tsc_deadline_timer aes xsave avx f16c rdrand lahf_lm abm epb tpr_shadow vnmi flexpriority ept vpid fsgsbase tsc_adjust bmi1 avx2 smep bmi2 erms invpcid xsaveopt dtherm ida arat pln pts
bugs		:
bogomips	: 3392.08
clflush size	: 64
cache_alignment	: 64
address sizes	: 39 bits physical, 48 bits virtual
power management:

processor	: 2
vendor_id	: GenuineIntel
cpu family	: 6
model		: 69
model name	: Intel(R) Core(TM) i3-4005U CPU @ 1.70GHz
stepping	: 1
microcode	: 0x1d
cpu MHz		: 1700.066
cache size	: 3072 KB
physical id	: 0
siblings	: 4
core id		: 1
cpu cores	: 2
apicid		: 2
initial apicid	: 2
fpu		: yes
fpu_exception	: yes
cpuid level	: 13
wp		: yes
flags		: fpu vme de pse tsc msr pae mce cx8 apic sep mtrr pge mca cmov pat pse36 clflush dts acpi mmx fxsr sse sse2 ss ht tm pbe syscall nx pdpe1gb rdtscp lm constant_tsc arch_perfmon pebs bts rep_good nopl xtopology nonstop_tsc aperfmperf eagerfpu pni pclmulqdq dtes64 monitor ds_cpl vmx est tm2 ssse3 sdbg fma cx16 xtpr pdcm pcid sse4_1 sse4_2 movbe popcnt tsc_deadline_timer aes xsave avx f16c rdrand lahf_lm abm epb tpr_shadow vnmi flexpriority ept vpid fsgsbase tsc_adjust bmi1 avx2 smep bmi2 erms invpcid xsaveopt dtherm ida arat pln pts
bugs		:
bogomips	: 3392.08
clflush size	: 64
cache_alignment	: 64
address sizes	: 39 bits physical, 48 bits virtual
power management:

processor	: 3
vendor_id	: GenuineIntel
cpu family	: 6
model		: 69
model name	: Intel(R) Core(TM) i3-4005U CPU @ 1.70GHz
stepping	: 1
microcode	: 0x1d
cpu MHz		: 810.753
cache size	: 3072 KB
physical id	: 0
siblings	: 4
core id		: 1
cpu cores	: 2
apicid		: 3
initial apicid	: 3
fpu		: yes
fpu_exception	: yes
cpuid level	: 13
wp		: yes
flags		: fpu vme de pse tsc msr pae mce cx8 apic sep mtrr pge mca cmov pat pse36 clflush dts acpi mmx fxsr sse sse2 ss ht tm pbe syscall nx pdpe1gb rdtscp lm constant_tsc arch_perfmon pebs bts rep_good nopl xtopology nonstop_tsc aperfmperf eagerfpu pni pclmulqdq dtes64 monitor ds_cpl vmx est tm2 ssse3 sdbg fma cx16 xtpr pdcm pcid sse4_1 sse4_2 movbe popcnt tsc_deadline_timer aes xsave avx f16c rdrand lahf_lm abm epb tpr_shadow vnmi flexpriority ept vpid fsgsbase tsc_adjust bmi1 avx2 smep bmi2 erms invpcid xsaveopt dtherm ida arat pln pts
bugs		:
bogomips	: 3392.08
clflush size	: 64
cache_alignment	: 64
address sizes	: 39 bits physical, 48 bits virtual
power management:



Memory: 4k page, physical 3980976k(276012k free), swap 0k(0k free)

vm_info: OpenJDK 64-Bit Server VM (25.121-b13) for linux-amd64 JRE (1.8.0_121-8u121-b13-0ubuntu1.16.04.2-b13), built on Jan 23 2017 15:51:29 by "buildd" with gcc 5.4.0 20160609

time: Fri Mar  3 14:29:14 2017
elapsed time: 32 seconds (0d 0h 0m 32s)

