#
# There is insufficient memory for the Java Runtime Environment to continue.
# Native memory allocation (mmap) failed to map 63963136 bytes for committing reserved memory.
# Possible reasons:
#   The system is out of physical RAM or swap space
#   In 32 bit mode, the process size limit was hit
# Possible solutions:
#   Reduce memory load on the system
#   Increase physical memory or swap space
#   Check if swap backing store is full
#   Use 64 bit Java on a 64 bit OS
#   Decrease Java heap size (-Xmx/-Xms)
#   Decrease number of Java threads
#   Decrease Java thread stack sizes (-Xss)
#   Set larger code cache with -XX:ReservedCodeCacheSize=
# This output file may be truncated or incomplete.
#
#  Out of Memory Error (os_linux.cpp:2630), pid=4681, tid=0x00007fc5642f2700
#
# JRE version: OpenJDK Runtime Environment (8.0_121-b13) (build 1.8.0_121-8u121-b13-0ubuntu1.16.04.2-b13)
# Java VM: OpenJDK 64-Bit Server VM (25.121-b13 mixed mode linux-amd64 compressed oops)
# Failed to write core dump. Core dumps have been disabled. To enable core dumping, try "ulimit -c unlimited" before starting Java again
#

---------------  T H R E A D  ---------------

Current thread (0x00007fc574077800):  VMThread [stack: 0x00007fc5641f2000,0x00007fc5642f3000] [id=4714]

Stack: [0x00007fc5641f2000,0x00007fc5642f3000],  sp=0x00007fc5642f14c0,  free space=1021k
Native frames: (J=compiled Java code, j=interpreted, Vv=VM code, C=native code)
V  [libjvm.so+0xa6647b]
V  [libjvm.so+0x4c32dc]
V  [libjvm.so+0x8b4b60]
V  [libjvm.so+0x8aefde]
V  [libjvm.so+0x929a16]
V  [libjvm.so+0x92ad43]
V  [libjvm.so+0x9273f3]
V  [libjvm.so+0x9276bc]
V  [libjvm.so+0x8d9553]
V  [libjvm.so+0xa68132]
V  [libjvm.so+0xa6d217]
V  [libjvm.so+0xa6a9e7]
V  [libjvm.so+0xa6be6f]
V  [libjvm.so+0xa6c361]
V  [libjvm.so+0x8b2042]

VM_Operation (0x00007fc57d0d1000): ParallelGCFailedAllocation, mode: safepoint, requested by thread 0x00007fc57400a000


---------------  P R O C E S S  ---------------

Java Threads: ( => current thread )
  0x00007fc574330000 JavaThread "process reaper" daemon [_thread_blocked, id=4754, stack(0x00007fc56403f000,0x00007fc564078000)]
  0x00007fc5740e1000 JavaThread "Service Thread" daemon [_thread_blocked, id=4744, stack(0x00007fc5558c2000,0x00007fc5559c3000)]
  0x00007fc5740b1800 JavaThread "C1 CompilerThread2" daemon [_thread_blocked, id=4734, stack(0x00007fc5559c3000,0x00007fc555ac4000)]
  0x00007fc5740af800 JavaThread "C2 CompilerThread1" daemon [_thread_blocked, id=4732, stack(0x00007fc555ac4000,0x00007fc555bc5000)]
  0x00007fc5740ac800 JavaThread "C2 CompilerThread0" daemon [_thread_blocked, id=4730, stack(0x00007fc555bc5000,0x00007fc555cc6000)]
  0x00007fc5740aa800 JavaThread "Signal Dispatcher" daemon [_thread_blocked, id=4727, stack(0x00007fc555cc6000,0x00007fc555dc7000)]
  0x00007fc574083800 JavaThread "Finalizer" daemon [_thread_blocked, id=4724, stack(0x00007fc55609f000,0x00007fc5561a0000)]
  0x00007fc57407f000 JavaThread "Reference Handler" daemon [_thread_blocked, id=4719, stack(0x00007fc5640f1000,0x00007fc5641f2000)]
  0x00007fc57400a000 JavaThread "main" [_thread_blocked, id=4693, stack(0x00007fc57cfd3000,0x00007fc57d0d4000)]

Other Threads:
=>0x00007fc574077800 VMThread [stack: 0x00007fc5641f2000,0x00007fc5642f3000] [id=4714]
  0x00007fc5740f3800 WatcherThread [stack: 0x00007fc5557c1000,0x00007fc5558c2000] [id=4748]

VM state:at safepoint (normal execution)

VM Mutex/Monitor currently owned by a thread:  ([mutex/lock_event])
[0x00007fc5740062c0] Threads_lock - owner thread: 0x00007fc574077800
[0x00007fc5740067c0] Heap_lock - owner thread: 0x00007fc57400a000

Heap:
 PSYoungGen      total 72704K, used 4873K [0x00000000ebc00000, 0x00000000f0c00000, 0x0000000100000000)
  eden space 63488K, 0% used [0x00000000ebc00000,0x00000000ebc00000,0x00000000efa00000)
  from space 9216K, 52% used [0x00000000efa00000,0x00000000efec2688,0x00000000f0300000)
  to   space 9216K, 0% used [0x00000000f0300000,0x00000000f0300000,0x00000000f0c00000)
 ParOldGen       total 42496K, used 15404K [0x00000000c3400000, 0x00000000c5d80000, 0x00000000ebc00000)
  object space 42496K, 36% used [0x00000000c3400000,0x00000000c430b3a8,0x00000000c5d80000)
 Metaspace       used 15759K, capacity 16052K, committed 16128K, reserved 1062912K
  class space    used 1643K, capacity 1740K, committed 1792K, reserved 1048576K

Card table byte_map: [0x00007fc5794bc000,0x00007fc5796a3000] byte_map_base: 0x00007fc578ea2000

Marking Bits: (ParMarkBitMap*) 0x00007fc57c2b3220
 Begin Bits: [0x00007fc5561a0000, 0x00007fc5570d0000)
 End Bits:   [0x00007fc5570d0000, 0x00007fc558000000)

Polling page: 0x00007fc57d105000

CodeCache: size=245760Kb used=13341Kb max_used=13341Kb free=232418Kb
 bounds [0x00007fc565000000, 0x00007fc565d10000, 0x00007fc574000000]
 total_blobs=3981 nmethods=3614 adapters=281
 compilation: enabled

Compilation events (10 events):
Event: 24.732 Thread 0x00007fc5740b1800 3904  s    1       org.apache.tools.ant.types.resources.BaseResourceCollectionContainer::isCache (5 bytes)
Event: 24.732 Thread 0x00007fc5740b1800 nmethod 3904 0x00007fc565d0bbd0 code [0x00007fc565d0bd20, 0x00007fc565d0bf90]
Event: 24.749 Thread 0x00007fc5740b1800 3905  s    2       org.apache.tools.ant.types.resources.BaseResourceCollectionContainer::cacheCollection (27 bytes)
Event: 24.750 Thread 0x00007fc5740b1800 nmethod 3905 0x00007fc565d0c010 code [0x00007fc565d0c180, 0x00007fc565d0c628]
Event: 24.751 Thread 0x00007fc5740b1800 3906       2       java.util.Collections$UnmodifiableCollection::size (10 bytes)
Event: 24.752 Thread 0x00007fc5740b1800 nmethod 3906 0x00007fc565d0c750 code [0x00007fc565d0c8c0, 0x00007fc565d0ca48]
Event: 24.754 Thread 0x00007fc5740b1800 3907       2       java.util.Collections$UnmodifiableCollection::isEmpty (10 bytes)
Event: 24.754 Thread 0x00007fc5740b1800 nmethod 3907 0x00007fc565d0cad0 code [0x00007fc565d0cc40, 0x00007fc565d0cdc8]
Event: 24.761 Thread 0x00007fc5740b1800 3908       2       org.apache.tools.ant.types.resources.Union::getAllResources (107 bytes)
Event: 24.763 Thread 0x00007fc5740b1800 nmethod 3908 0x00007fc565d0ce50 code [0x00007fc565d0d0e0, 0x00007fc565d0db18]

GC Heap History (10 events):
Event: 7.535 GC heap after
Heap after GC invocations=2 (full 0):
 PSYoungGen      total 18432K, used 2559K [0x00000000ebc00000, 0x00000000ee000000, 0x0000000100000000)
  eden space 15872K, 0% used [0x00000000ebc00000,0x00000000ebc00000,0x00000000ecb80000)
  from space 2560K, 99% used [0x00000000ece00000,0x00000000ed07fc60,0x00000000ed080000)
  to   space 2560K, 0% used [0x00000000ecb80000,0x00000000ecb80000,0x00000000ece00000)
 ParOldGen       total 42496K, used 1785K [0x00000000c3400000, 0x00000000c5d80000, 0x00000000ebc00000)
  object space 42496K, 4% used [0x00000000c3400000,0x00000000c35be688,0x00000000c5d80000)
 Metaspace       used 10759K, capacity 10958K, committed 11136K, reserved 1058816K
  class space    used 1255K, capacity 1323K, committed 1408K, reserved 1048576K
}
Event: 8.953 GC heap before
{Heap before GC invocations=3 (full 0):
 PSYoungGen      total 18432K, used 18431K [0x00000000ebc00000, 0x00000000ee000000, 0x0000000100000000)
  eden space 15872K, 100% used [0x00000000ebc00000,0x00000000ecb80000,0x00000000ecb80000)
  from space 2560K, 99% used [0x00000000ece00000,0x00000000ed07fc60,0x00000000ed080000)
  to   space 2560K, 0% used [0x00000000ecb80000,0x00000000ecb80000,0x00000000ece00000)
 ParOldGen       total 42496K, used 1785K [0x00000000c3400000, 0x00000000c5d80000, 0x00000000ebc00000)
  object space 42496K, 4% used [0x00000000c3400000,0x00000000c35be688,0x00000000c5d80000)
 Metaspace       used 12441K, capacity 12654K, committed 12800K, reserved 1060864K
  class space    used 1415K, capacity 1483K, committed 1536K, reserved 1048576K
Event: 9.003 GC heap after
Heap after GC invocations=3 (full 0):
 PSYoungGen      total 18432K, used 2528K [0x00000000ebc00000, 0x00000000ee000000, 0x0000000100000000)
  eden space 15872K, 0% used [0x00000000ebc00000,0x00000000ebc00000,0x00000000ecb80000)
  from space 2560K, 98% used [0x00000000ecb80000,0x00000000ecdf82b8,0x00000000ece00000)
  to   space 2560K, 0% used [0x00000000edd80000,0x00000000edd80000,0x00000000ee000000)
 ParOldGen       total 42496K, used 5424K [0x00000000c3400000, 0x00000000c5d80000, 0x00000000ebc00000)
  object space 42496K, 12% used [0x00000000c3400000,0x00000000c394c008,0x00000000c5d80000)
 Metaspace       used 12441K, capacity 12654K, committed 12800K, reserved 1060864K
  class space    used 1415K, capacity 1483K, committed 1536K, reserved 1048576K
}
Event: 10.182 GC heap before
{Heap before GC invocations=4 (full 0):
 PSYoungGen      total 18432K, used 18400K [0x00000000ebc00000, 0x00000000ee000000, 0x0000000100000000)
  eden space 15872K, 100% used [0x00000000ebc00000,0x00000000ecb80000,0x00000000ecb80000)
  from space 2560K, 98% used [0x00000000ecb80000,0x00000000ecdf82b8,0x00000000ece00000)
  to   space 2560K, 0% used [0x00000000edd80000,0x00000000edd80000,0x00000000ee000000)
 ParOldGen       total 42496K, used 5424K [0x00000000c3400000, 0x00000000c5d80000, 0x00000000ebc00000)
  object space 42496K, 12% used [0x00000000c3400000,0x00000000c394c008,0x00000000c5d80000)
 Metaspace       used 12668K, capacity 12910K, committed 13056K, reserved 1060864K
  class space    used 1431K, capacity 1483K, committed 1536K, reserved 1048576K
Event: 10.242 GC heap after
Heap after GC invocations=4 (full 0):
 PSYoungGen      total 34304K, used 2553K [0x00000000ebc00000, 0x00000000ee000000, 0x0000000100000000)
  eden space 31744K, 0% used [0x00000000ebc00000,0x00000000ebc00000,0x00000000edb00000)
  from space 2560K, 99% used [0x00000000edd80000,0x00000000edffe440,0x00000000ee000000)
  to   space 2560K, 0% used [0x00000000edb00000,0x00000000edb00000,0x00000000edd80000)
 ParOldGen       total 42496K, used 10774K [0x00000000c3400000, 0x00000000c5d80000, 0x00000000ebc00000)
  object space 42496K, 25% used [0x00000000c3400000,0x00000000c3e85810,0x00000000c5d80000)
 Metaspace       used 12668K, capacity 12910K, committed 13056K, reserved 1060864K
  class space    used 1431K, capacity 1483K, committed 1536K, reserved 1048576K
}
Event: 15.189 GC heap before
{Heap before GC invocations=5 (full 0):
 PSYoungGen      total 34304K, used 34297K [0x00000000ebc00000, 0x00000000ee000000, 0x0000000100000000)
  eden space 31744K, 100% used [0x00000000ebc00000,0x00000000edb00000,0x00000000edb00000)
  from space 2560K, 99% used [0x00000000edd80000,0x00000000edffe440,0x00000000ee000000)
  to   space 2560K, 0% used [0x00000000edb00000,0x00000000edb00000,0x00000000edd80000)
 ParOldGen       total 42496K, used 10774K [0x00000000c3400000, 0x00000000c5d80000, 0x00000000ebc00000)
  object space 42496K, 25% used [0x00000000c3400000,0x00000000c3e85810,0x00000000c5d80000)
 Metaspace       used 14508K, capacity 14734K, committed 14976K, reserved 1062912K
  class space    used 1574K, capacity 1643K, committed 1664K, reserved 1048576K
Event: 15.243 GC heap after
Heap after GC invocations=5 (full 0):
 PSYoungGen      total 34304K, used 2551K [0x00000000ebc00000, 0x00000000f0c00000, 0x0000000100000000)
  eden space 31744K, 0% used [0x00000000ebc00000,0x00000000ebc00000,0x00000000edb00000)
  from space 2560K, 99% used [0x00000000edb00000,0x00000000edd7dda8,0x00000000edd80000)
  to   space 9216K, 0% used [0x00000000f0300000,0x00000000f0300000,0x00000000f0c00000)
 ParOldGen       total 42496K, used 14247K [0x00000000c3400000, 0x00000000c5d80000, 0x00000000ebc00000)
  object space 42496K, 33% used [0x00000000c3400000,0x00000000c41e9e98,0x00000000c5d80000)
 Metaspace       used 14508K, capacity 14734K, committed 14976K, reserved 1062912K
  class space    used 1574K, capacity 1643K, committed 1664K, reserved 1048576K
}
Event: 18.841 GC heap before
{Heap before GC invocations=6 (full 0):
 PSYoungGen      total 34304K, used 34295K [0x00000000ebc00000, 0x00000000f0c00000, 0x0000000100000000)
  eden space 31744K, 100% used [0x00000000ebc00000,0x00000000edb00000,0x00000000edb00000)
  from space 2560K, 99% used [0x00000000edb00000,0x00000000edd7dda8,0x00000000edd80000)
  to   space 9216K, 0% used [0x00000000f0300000,0x00000000f0300000,0x00000000f0c00000)
 ParOldGen       total 42496K, used 14247K [0x00000000c3400000, 0x00000000c5d80000, 0x00000000ebc00000)
  object space 42496K, 33% used [0x00000000c3400000,0x00000000c41e9e98,0x00000000c5d80000)
 Metaspace       used 14988K, capacity 15182K, committed 15232K, reserved 1062912K
  class space    used 1580K, capacity 1643K, committed 1664K, reserved 1048576K
Event: 18.901 GC heap after
Heap after GC invocations=6 (full 0):
 PSYoungGen      total 72704K, used 3399K [0x00000000ebc00000, 0x00000000f0c00000, 0x0000000100000000)
  eden space 63488K, 0% used [0x00000000ebc00000,0x00000000ebc00000,0x00000000efa00000)
  from space 9216K, 36% used [0x00000000f0300000,0x00000000f0651db8,0x00000000f0c00000)
  to   space 9216K, 0% used [0x00000000efa00000,0x00000000efa00000,0x00000000f0300000)
 ParOldGen       total 42496K, used 14247K [0x00000000c3400000, 0x00000000c5d80000, 0x00000000ebc00000)
  object space 42496K, 33% used [0x00000000c3400000,0x00000000c41e9e98,0x00000000c5d80000)
 Metaspace       used 14988K, capacity 15182K, committed 15232K, reserved 1062912K
  class space    used 1580K, capacity 1643K, committed 1664K, reserved 1048576K
}
Event: 24.764 GC heap before
{Heap before GC invocations=7 (full 0):
 PSYoungGen      total 72704K, used 66887K [0x00000000ebc00000, 0x00000000f0c00000, 0x0000000100000000)
  eden space 63488K, 100% used [0x00000000ebc00000,0x00000000efa00000,0x00000000efa00000)
  from space 9216K, 36% used [0x00000000f0300000,0x00000000f0651db8,0x00000000f0c00000)
  to   space 9216K, 0% used [0x00000000efa00000,0x00000000efa00000,0x00000000f0300000)
 ParOldGen       total 42496K, used 14247K [0x00000000c3400000, 0x00000000c5d80000, 0x00000000ebc00000)
  object space 42496K, 33% used [0x00000000c3400000,0x00000000c41e9e98,0x00000000c5d80000)
 Metaspace       used 15759K, capacity 16052K, committed 16128K, reserved 1062912K
  class space    used 1643K, capacity 1740K, committed 1792K, reserved 1048576K

Deoptimization events (10 events):
Event: 22.514 Thread 0x00007fc57400a000 Uncommon trap: reason=bimorphic action=maybe_recompile pc=0x00007fc565b76a18 method=com.sun.tools.javac.code.Types$14.visitClassType(Lcom/sun/tools/javac/code/Type$ClassType;Lcom/sun/tools/javac/code/Symbol;)Lcom/sun/tools/javac/code/Type; @ 82
Event: 22.514 Thread 0x00007fc57400a000 Uncommon trap: reason=bimorphic action=maybe_recompile pc=0x00007fc565b76a18 method=com.sun.tools.javac.code.Types$14.visitClassType(Lcom/sun/tools/javac/code/Type$ClassType;Lcom/sun/tools/javac/code/Symbol;)Lcom/sun/tools/javac/code/Type; @ 82
Event: 22.516 Thread 0x00007fc57400a000 Uncommon trap: reason=bimorphic action=maybe_recompile pc=0x00007fc565b76a18 method=com.sun.tools.javac.code.Types$14.visitClassType(Lcom/sun/tools/javac/code/Type$ClassType;Lcom/sun/tools/javac/code/Symbol;)Lcom/sun/tools/javac/code/Type; @ 82
Event: 22.516 Thread 0x00007fc57400a000 Uncommon trap: reason=bimorphic action=maybe_recompile pc=0x00007fc565b76a18 method=com.sun.tools.javac.code.Types$14.visitClassType(Lcom/sun/tools/javac/code/Type$ClassType;Lcom/sun/tools/javac/code/Symbol;)Lcom/sun/tools/javac/code/Type; @ 82
Event: 23.319 Thread 0x00007fc57400a000 Uncommon trap: reason=unstable_if action=reinterpret pc=0x00007fc565b43538 method=com.sun.tools.javac.code.Symbol$PackageSymbol.flags()J @ 4
Event: 23.552 Thread 0x00007fc57400a000 Uncommon trap: reason=unstable_if action=reinterpret pc=0x00007fc5651d3120 method=java.util.Date.normalize()Lsun/util/calendar/BaseCalendar$Date; @ 45
Event: 24.459 Thread 0x00007fc57400a000 Uncommon trap: reason=predicate action=maybe_recompile pc=0x00007fc56532d304 method=java.util.StringTokenizer.skipDelimiters(I)I @ 17
Event: 24.459 Thread 0x00007fc57400a000 Uncommon trap: reason=unstable_if action=reinterpret pc=0x00007fc565341c60 method=java.util.StringTokenizer.scanToken(I)I @ 96
Event: 24.459 Thread 0x00007fc57400a000 Uncommon trap: reason=unstable_if action=reinterpret pc=0x00007fc565319f28 method=java.util.StringTokenizer.scanToken(I)I @ 96
Event: 24.463 Thread 0x00007fc57400a000 Uncommon trap: reason=unstable_if action=reinterpret pc=0x00007fc565bd1684 method=java.lang.ref.ReferenceQueue.poll()Ljava/lang/ref/Reference; @ 4

Internal exceptions (10 events):
Event: 2.729 Thread 0x00007fc57400a000 Exception <a 'java/security/PrivilegedActionException'> (0x00000000ebc9e950) thrown at [/build/openjdk-8-YiEakL/openjdk-8-8u121-b13/src/hotspot/src/share/vm/prims/jvm.cpp, line 1390]
Event: 2.729 Thread 0x00007fc57400a000 Exception <a 'java/security/PrivilegedActionException'> (0x00000000ebc9eb60) thrown at [/build/openjdk-8-YiEakL/openjdk-8-8u121-b13/src/hotspot/src/share/vm/prims/jvm.cpp, line 1390]
Event: 2.729 Thread 0x00007fc57400a000 Exception <a 'java/security/PrivilegedActionException'> (0x00000000ebceece0) thrown at [/build/openjdk-8-YiEakL/openjdk-8-8u121-b13/src/hotspot/src/share/vm/prims/jvm.cpp, line 1390]
Event: 2.729 Thread 0x00007fc57400a000 Exception <a 'java/security/PrivilegedActionException'> (0x00000000ebceeef0) thrown at [/build/openjdk-8-YiEakL/openjdk-8-8u121-b13/src/hotspot/src/share/vm/prims/jvm.cpp, line 1390]
Event: 5.098 Thread 0x00007fc57400a000 Exception <a 'java/lang/NoSuchFieldError': method resolution failed> (0x00000000ec69f0b0) thrown at [/build/openjdk-8-YiEakL/openjdk-8-8u121-b13/src/hotspot/src/share/vm/prims/methodHandles.cpp, line 1146]
Event: 5.106 Thread 0x00007fc57400a000 Exception <a 'java/lang/NoSuchFieldError': method resolution failed> (0x00000000ec6ac770) thrown at [/build/openjdk-8-YiEakL/openjdk-8-8u121-b13/src/hotspot/src/share/vm/prims/methodHandles.cpp, line 1146]
Event: 5.813 Thread 0x00007fc57400a000 Exception <a 'java/lang/ClassNotFoundException': org/apache/tools/ant/helper/DefaultExecutor> (0x00000000ec8e6660) thrown at [/build/openjdk-8-YiEakL/openjdk-8-8u121-b13/src/hotspot/src/share/vm/classfile/systemDictionary.cpp, line 210]
Event: 9.755 Thread 0x00007fc57400a000 Exception <a 'java/io/FileNotFoundException'> (0x00000000ec6744f8) thrown at [/build/openjdk-8-YiEakL/openjdk-8-8u121-b13/src/hotspot/src/share/vm/prims/jni.cpp, line 709]
Event: 9.790 Thread 0x00007fc57400a000 Exception <a 'java/io/FileNotFoundException'> (0x00000000ec6b53c0) thrown at [/build/openjdk-8-YiEakL/openjdk-8-8u121-b13/src/hotspot/src/share/vm/prims/jni.cpp, line 709]
Event: 9.790 Thread 0x00007fc57400a000 Exception <a 'java/io/FileNotFoundException'> (0x00000000ec6b6088) thrown at [/build/openjdk-8-YiEakL/openjdk-8-8u121-b13/src/hotspot/src/share/vm/prims/jni.cpp, line 709]

Events (10 events):
Event: 24.459 Thread 0x00007fc57400a000 DEOPT UNPACKING pc=0x00007fc565004f69 sp=0x00007fc57d0d1628 mode 2
Event: 24.459 Thread 0x00007fc57400a000 Uncommon trap: trap_request=0xffffff65 fr.pc=0x00007fc565319f28
Event: 24.459 Thread 0x00007fc57400a000 DEOPT PACKING pc=0x00007fc565319f28 sp=0x00007fc57d0d1660
Event: 24.459 Thread 0x00007fc57400a000 DEOPT UNPACKING pc=0x00007fc565004f69 sp=0x00007fc57d0d1628 mode 2
Event: 24.463 Thread 0x00007fc57400a000 Uncommon trap: trap_request=0xffffff65 fr.pc=0x00007fc565bd1684
Event: 24.463 Thread 0x00007fc57400a000 DEOPT PACKING pc=0x00007fc565bd1684 sp=0x00007fc57d0d1250
Event: 24.463 Thread 0x00007fc57400a000 DEOPT UNPACKING pc=0x00007fc565004f69 sp=0x00007fc57d0d10a8 mode 2
Event: 24.709 Thread 0x00007fc57400a000 DEOPT PACKING pc=0x00007fc565cfa1ff sp=0x00007fc57d0d12a0
Event: 24.709 Thread 0x00007fc57400a000 DEOPT UNPACKING pc=0x00007fc565047373 sp=0x00007fc57d0d1000 mode 0
Event: 24.764 Executing VM operation: ParallelGCFailedAllocation


Dynamic libraries:
00400000-00401000 r-xp 00000000 08:04 7733285                            /usr/lib/jvm/java-8-openjdk-amd64/jre/bin/java
00600000-00601000 r--p 00000000 08:04 7733285                            /usr/lib/jvm/java-8-openjdk-amd64/jre/bin/java
00601000-00602000 rw-p 00001000 08:04 7733285                            /usr/lib/jvm/java-8-openjdk-amd64/jre/bin/java
01f2c000-01f4d000 rw-p 00000000 00:00 0                                  [heap]
c3400000-c5d80000 rw-p 00000000 00:00 0 
c5d80000-ebc00000 ---p 00000000 00:00 0 
ebc00000-f0c00000 rw-p 00000000 00:00 0 
f4900000-100000000 ---p 00000000 00:00 0 
100000000-1001c0000 rw-p 00000000 00:00 0 
1001c0000-140000000 ---p 00000000 00:00 0 
7fc51c000000-7fc51c021000 rw-p 00000000 00:00 0 
7fc51c021000-7fc520000000 ---p 00000000 00:00 0 
7fc524000000-7fc524021000 rw-p 00000000 00:00 0 
7fc524021000-7fc528000000 ---p 00000000 00:00 0 
7fc528000000-7fc528021000 rw-p 00000000 00:00 0 
7fc528021000-7fc52c000000 ---p 00000000 00:00 0 
7fc52c000000-7fc52c021000 rw-p 00000000 00:00 0 
7fc52c021000-7fc530000000 ---p 00000000 00:00 0 
7fc530000000-7fc530021000 rw-p 00000000 00:00 0 
7fc530021000-7fc534000000 ---p 00000000 00:00 0 
7fc534000000-7fc5355e9000 rw-p 00000000 00:00 0 
7fc5355e9000-7fc538000000 ---p 00000000 00:00 0 
7fc538000000-7fc538ec7000 rw-p 00000000 00:00 0 
7fc538ec7000-7fc53c000000 ---p 00000000 00:00 0 
7fc53c000000-7fc53c021000 rw-p 00000000 00:00 0 
7fc53c021000-7fc540000000 ---p 00000000 00:00 0 
7fc540000000-7fc5414df000 rw-p 00000000 00:00 0 
7fc5414df000-7fc544000000 ---p 00000000 00:00 0 
7fc544000000-7fc544021000 rw-p 00000000 00:00 0 
7fc544021000-7fc548000000 ---p 00000000 00:00 0 
7fc548000000-7fc548021000 rw-p 00000000 00:00 0 
7fc548021000-7fc54c000000 ---p 00000000 00:00 0 
7fc54c000000-7fc54c021000 rw-p 00000000 00:00 0 
7fc54c021000-7fc550000000 ---p 00000000 00:00 0 
7fc550000000-7fc550021000 rw-p 00000000 00:00 0 
7fc550021000-7fc554000000 ---p 00000000 00:00 0 
7fc554893000-7fc5548a4000 r-xp 00000000 08:04 8257742                    /usr/lib/jvm/java-8-openjdk-amd64/jre/lib/amd64/libnio.so
7fc5548a4000-7fc554aa4000 ---p 00011000 08:04 8257742                    /usr/lib/jvm/java-8-openjdk-amd64/jre/lib/amd64/libnio.so
7fc554aa4000-7fc554aa5000 r--p 00011000 08:04 8257742                    /usr/lib/jvm/java-8-openjdk-amd64/jre/lib/amd64/libnio.so
7fc554aa5000-7fc554aa6000 rw-p 00012000 08:04 8257742                    /usr/lib/jvm/java-8-openjdk-amd64/jre/lib/amd64/libnio.so
7fc554aa6000-7fc554da7000 rw-p 00000000 00:00 0 
7fc554da7000-7fc554dbe000 r-xp 00000000 08:04 8257636                    /usr/lib/jvm/java-8-openjdk-amd64/jre/lib/amd64/libnet.so
7fc554dbe000-7fc554fbd000 ---p 00017000 08:04 8257636                    /usr/lib/jvm/java-8-openjdk-amd64/jre/lib/amd64/libnet.so
7fc554fbd000-7fc554fbe000 r--p 00016000 08:04 8257636                    /usr/lib/jvm/java-8-openjdk-amd64/jre/lib/amd64/libnet.so
7fc554fbe000-7fc554fbf000 rw-p 00017000 08:04 8257636                    /usr/lib/jvm/java-8-openjdk-amd64/jre/lib/amd64/libnet.so
7fc554fbf000-7fc5551bf000 rw-p 00000000 00:00 0 
7fc5551bf000-7fc5553bf000 rw-p 00000000 00:00 0 
7fc5553bf000-7fc5555bf000 rw-p 00000000 00:00 0 
7fc5555bf000-7fc5555c2000 ---p 00000000 00:00 0 
7fc5555c2000-7fc5556c0000 rw-p 00000000 00:00 0 
7fc5556c0000-7fc5556c3000 ---p 00000000 00:00 0 
7fc5556c3000-7fc5557c1000 rw-p 00000000 00:00 0 
7fc5557c1000-7fc5557c2000 ---p 00000000 00:00 0 
7fc5557c2000-7fc5558c2000 rw-p 00000000 00:00 0 
7fc5558c2000-7fc5558c5000 ---p 00000000 00:00 0 
7fc5558c5000-7fc5559c3000 rw-p 00000000 00:00 0 
7fc5559c3000-7fc5559c6000 ---p 00000000 00:00 0 
7fc5559c6000-7fc555ac4000 rw-p 00000000 00:00 0 
7fc555ac4000-7fc555ac7000 ---p 00000000 00:00 0 
7fc555ac7000-7fc555bc5000 rw-p 00000000 00:00 0 
7fc555bc5000-7fc555bc8000 ---p 00000000 00:00 0 
7fc555bc8000-7fc555cc6000 rw-p 00000000 00:00 0 
7fc555cc6000-7fc555cc9000 ---p 00000000 00:00 0 
7fc555cc9000-7fc555dc7000 rw-p 00000000 00:00 0 
7fc555dc7000-7fc55609f000 r--p 00000000 08:04 5243882                    /usr/lib/locale/locale-archive
7fc55609f000-7fc5560a2000 ---p 00000000 00:00 0 
7fc5560a2000-7fc558000000 rw-p 00000000 00:00 0 
7fc558000000-7fc558021000 rw-p 00000000 00:00 0 
7fc558021000-7fc55c000000 ---p 00000000 00:00 0 
7fc55c000000-7fc55c021000 rw-p 00000000 00:00 0 
7fc55c021000-7fc560000000 ---p 00000000 00:00 0 
7fc560000000-7fc560021000 rw-p 00000000 00:00 0 
7fc560021000-7fc564000000 ---p 00000000 00:00 0 
7fc56403f000-7fc564042000 ---p 00000000 00:00 0 
7fc564042000-7fc564078000 rw-p 00000000 00:00 0 
7fc564078000-7fc5640f1000 r--s 010fd000 08:04 7340065                    /usr/lib/jvm/java-8-openjdk-amd64/lib/tools.jar
7fc5640f1000-7fc5640f4000 ---p 00000000 00:00 0 
7fc5640f4000-7fc5641f2000 rw-p 00000000 00:00 0 
7fc5641f2000-7fc5641f3000 ---p 00000000 00:00 0 
7fc5641f3000-7fc565000000 rw-p 00000000 00:00 0 
7fc565000000-7fc565d10000 rwxp 00000000 00:00 0 
7fc565d10000-7fc574000000 ---p 00000000 00:00 0 
7fc574000000-7fc574616000 rw-p 00000000 00:00 0 
7fc574616000-7fc578000000 ---p 00000000 00:00 0 
7fc578021000-7fc578024000 r--s 00014000 08:04 5647391                    /usr/share/java/ant-commons-net-1.9.6.jar
7fc578024000-7fc578025000 r--s 00002000 08:04 5647378                    /usr/share/java/ant-antlr-1.9.6.jar
7fc578025000-7fc578026000 r--s 00001000 08:04 5647383                    /usr/share/java/ant-apache-xalan2-1.9.6.jar
7fc578026000-7fc578028000 r--s 00002000 08:04 5647388                    /usr/share/java/ant-jmf-1.9.6.jar
7fc578028000-7fc578029000 r--s 00006000 08:04 5647390                    /usr/share/java/ant-testutil-1.9.6.jar
7fc578029000-7fc57802b000 r--s 0001b000 08:04 5647381                    /usr/share/java/ant-junit-1.9.6.jar
7fc57802b000-7fc57802c000 r--s 00002000 08:04 5647376                    /usr/share/java/ant-apache-regexp-1.9.6.jar
7fc57802c000-7fc57802d000 r--s 00002000 08:04 5647387                    /usr/share/java/ant-apache-oro-1.9.6.jar
7fc57802d000-7fc57802e000 r--s 00002000 08:04 5647379                    /usr/share/java/ant-apache-bsf-1.9.6.jar
7fc57802e000-7fc57802f000 r--s 00003000 08:04 5647380                    /usr/share/java/ant-apache-bcel-1.9.6.jar
7fc57802f000-7fc578030000 r--s 00002000 08:04 5647392                    /usr/share/java/ant-apache-resolver-1.9.6.jar
7fc578030000-7fc578032000 r--s 0000a000 08:04 5647375                    /usr/share/java/ant-jsch-1.9.6.jar
7fc578032000-7fc578034000 r--s 00002000 08:04 5647389                    /usr/share/java/ant-junit4-1.9.6.jar
7fc578034000-7fc578035000 r--s 00004000 08:04 5647366                    /usr/share/java/ant-launcher-1.9.6.jar
7fc578035000-7fc578054000 r--s 001d1000 08:04 5647365                    /usr/share/java/ant-1.9.6.jar
7fc578054000-7fc578056000 r--s 00001000 08:04 5647385                    /usr/share/java/ant-apache-log4j-1.9.6.jar
7fc578056000-7fc578057000 r--s 00002000 08:04 5647382                    /usr/share/java/ant-commons-logging-1.9.6.jar
7fc578057000-7fc578058000 r--s 00003000 08:04 5647384                    /usr/share/java/ant-javamail-1.9.6.jar
7fc578058000-7fc578062000 r--s 00116000 08:04 8132563                    /usr/lib/jvm/java-8-openjdk-amd64/jre/lib/ext/localedata.jar
7fc578062000-7fc57807d000 r--s 001d6000 08:04 8132543                    /usr/lib/jvm/java-8-openjdk-amd64/jre/lib/ext/nashorn.jar
7fc57807d000-7fc578098000 r--s 00394000 08:04 8132549                    /usr/lib/jvm/java-8-openjdk-amd64/jre/lib/ext/cldrdata.jar
7fc578098000-7fc57834a000 rw-p 00000000 00:00 0 
7fc57834a000-7fc578518000 r--s 03c06000 08:04 7864358                    /usr/lib/jvm/java-8-openjdk-amd64/jre/lib/rt.jar
7fc578518000-7fc578f74000 rw-p 00000000 00:00 0 
7fc578f74000-7fc578f75000 ---p 00000000 00:00 0 
7fc578f75000-7fc579075000 rw-p 00000000 00:00 0 
7fc579075000-7fc579076000 ---p 00000000 00:00 0 
7fc579076000-7fc579176000 rw-p 00000000 00:00 0 
7fc579176000-7fc579177000 ---p 00000000 00:00 0 
7fc579177000-7fc579277000 rw-p 00000000 00:00 0 
7fc579277000-7fc579278000 ---p 00000000 00:00 0 
7fc579278000-7fc57938d000 rw-p 00000000 00:00 0 
7fc57938d000-7fc5794bc000 ---p 00000000 00:00 0 
7fc5794bc000-7fc5794d1000 rw-p 00000000 00:00 0 
7fc5794d1000-7fc579600000 ---p 00000000 00:00 0 
7fc579600000-7fc579628000 rw-p 00000000 00:00 0 
7fc579628000-7fc5796a2000 ---p 00000000 00:00 0 
7fc5796a2000-7fc5796d8000 rw-p 00000000 00:00 0 
7fc5796d8000-7fc579a63000 ---p 00000000 00:00 0 
7fc579a63000-7fc579a6b000 r-xp 00000000 08:04 8257634                    /usr/lib/jvm/java-8-openjdk-amd64/jre/lib/amd64/libzip.so
7fc579a6b000-7fc579c6a000 ---p 00008000 08:04 8257634                    /usr/lib/jvm/java-8-openjdk-amd64/jre/lib/amd64/libzip.so
7fc579c6a000-7fc579c6b000 r--p 00007000 08:04 8257634                    /usr/lib/jvm/java-8-openjdk-amd64/jre/lib/amd64/libzip.so
7fc579c6b000-7fc579c6c000 rw-p 00008000 08:04 8257634                    /usr/lib/jvm/java-8-openjdk-amd64/jre/lib/amd64/libzip.so
7fc579c6c000-7fc579c77000 r-xp 00000000 08:04 3670956                    /lib/x86_64-linux-gnu/libnss_files-2.23.so
7fc579c77000-7fc579e76000 ---p 0000b000 08:04 3670956                    /lib/x86_64-linux-gnu/libnss_files-2.23.so
7fc579e76000-7fc579e77000 r--p 0000a000 08:04 3670956                    /lib/x86_64-linux-gnu/libnss_files-2.23.so
7fc579e77000-7fc579e78000 rw-p 0000b000 08:04 3670956                    /lib/x86_64-linux-gnu/libnss_files-2.23.so
7fc579e78000-7fc579e7e000 rw-p 00000000 00:00 0 
7fc579e7e000-7fc579e89000 r-xp 00000000 08:04 3670928                    /lib/x86_64-linux-gnu/libnss_nis-2.23.so
7fc579e89000-7fc57a088000 ---p 0000b000 08:04 3670928                    /lib/x86_64-linux-gnu/libnss_nis-2.23.so
7fc57a088000-7fc57a089000 r--p 0000a000 08:04 3670928                    /lib/x86_64-linux-gnu/libnss_nis-2.23.so
7fc57a089000-7fc57a08a000 rw-p 0000b000 08:04 3670928                    /lib/x86_64-linux-gnu/libnss_nis-2.23.so
7fc57a08a000-7fc57a0a0000 r-xp 00000000 08:04 3670950                    /lib/x86_64-linux-gnu/libnsl-2.23.so
7fc57a0a0000-7fc57a29f000 ---p 00016000 08:04 3670950                    /lib/x86_64-linux-gnu/libnsl-2.23.so
7fc57a29f000-7fc57a2a0000 r--p 00015000 08:04 3670950                    /lib/x86_64-linux-gnu/libnsl-2.23.so
7fc57a2a0000-7fc57a2a1000 rw-p 00016000 08:04 3670950                    /lib/x86_64-linux-gnu/libnsl-2.23.so
7fc57a2a1000-7fc57a2a3000 rw-p 00000000 00:00 0 
7fc57a2a3000-7fc57a2ab000 r-xp 00000000 08:04 3670952                    /lib/x86_64-linux-gnu/libnss_compat-2.23.so
7fc57a2ab000-7fc57a4aa000 ---p 00008000 08:04 3670952                    /lib/x86_64-linux-gnu/libnss_compat-2.23.so
7fc57a4aa000-7fc57a4ab000 r--p 00007000 08:04 3670952                    /lib/x86_64-linux-gnu/libnss_compat-2.23.so
7fc57a4ab000-7fc57a4ac000 rw-p 00008000 08:04 3670952                    /lib/x86_64-linux-gnu/libnss_compat-2.23.so
7fc57a4ac000-7fc57a4d9000 r-xp 00000000 08:04 8257780                    /usr/lib/jvm/java-8-openjdk-amd64/jre/lib/amd64/libjava.so
7fc57a4d9000-7fc57a6d8000 ---p 0002d000 08:04 8257780                    /usr/lib/jvm/java-8-openjdk-amd64/jre/lib/amd64/libjava.so
7fc57a6d8000-7fc57a6d9000 r--p 0002c000 08:04 8257780                    /usr/lib/jvm/java-8-openjdk-amd64/jre/lib/amd64/libjava.so
7fc57a6d9000-7fc57a6db000 rw-p 0002d000 08:04 8257780                    /usr/lib/jvm/java-8-openjdk-amd64/jre/lib/amd64/libjava.so
7fc57a6db000-7fc57a6ea000 r-xp 00000000 08:04 8257582                    /usr/lib/jvm/java-8-openjdk-amd64/jre/lib/amd64/libverify.so
7fc57a6ea000-7fc57a8e9000 ---p 0000f000 08:04 8257582                    /usr/lib/jvm/java-8-openjdk-amd64/jre/lib/amd64/libverify.so
7fc57a8e9000-7fc57a8eb000 r--p 0000e000 08:04 8257582                    /usr/lib/jvm/java-8-openjdk-amd64/jre/lib/amd64/libverify.so
7fc57a8eb000-7fc57a8ec000 rw-p 00010000 08:04 8257582                    /usr/lib/jvm/java-8-openjdk-amd64/jre/lib/amd64/libverify.so
7fc57a8ec000-7fc57a8f3000 r-xp 00000000 08:04 3670926                    /lib/x86_64-linux-gnu/librt-2.23.so
7fc57a8f3000-7fc57aaf2000 ---p 00007000 08:04 3670926                    /lib/x86_64-linux-gnu/librt-2.23.so
7fc57aaf2000-7fc57aaf3000 r--p 00006000 08:04 3670926                    /lib/x86_64-linux-gnu/librt-2.23.so
7fc57aaf3000-7fc57aaf4000 rw-p 00007000 08:04 3670926                    /lib/x86_64-linux-gnu/librt-2.23.so
7fc57aaf4000-7fc57ab0a000 r-xp 00000000 08:04 3674212                    /lib/x86_64-linux-gnu/libgcc_s.so.1
7fc57ab0a000-7fc57ad09000 ---p 00016000 08:04 3674212                    /lib/x86_64-linux-gnu/libgcc_s.so.1
7fc57ad09000-7fc57ad0a000 rw-p 00015000 08:04 3674212                    /lib/x86_64-linux-gnu/libgcc_s.so.1
7fc57ad0a000-7fc57ae12000 r-xp 00000000 08:04 3670946                    /lib/x86_64-linux-gnu/libm-2.23.so
7fc57ae12000-7fc57b011000 ---p 00108000 08:04 3670946                    /lib/x86_64-linux-gnu/libm-2.23.so
7fc57b011000-7fc57b012000 r--p 00107000 08:04 3670946                    /lib/x86_64-linux-gnu/libm-2.23.so
7fc57b012000-7fc57b013000 rw-p 00108000 08:04 3670946                    /lib/x86_64-linux-gnu/libm-2.23.so
7fc57b013000-7fc57b185000 r-xp 00000000 08:04 5245011                    /usr/lib/x86_64-linux-gnu/libstdc++.so.6.0.21
7fc57b185000-7fc57b385000 ---p 00172000 08:04 5245011                    /usr/lib/x86_64-linux-gnu/libstdc++.so.6.0.21
7fc57b385000-7fc57b38f000 r--p 00172000 08:04 5245011                    /usr/lib/x86_64-linux-gnu/libstdc++.so.6.0.21
7fc57b38f000-7fc57b391000 rw-p 0017c000 08:04 5245011                    /usr/lib/x86_64-linux-gnu/libstdc++.so.6.0.21
7fc57b391000-7fc57b395000 rw-p 00000000 00:00 0 
7fc57b395000-7fc57bfe5000 r-xp 00000000 08:04 8388635                    /usr/lib/jvm/java-8-openjdk-amd64/jre/lib/amd64/server/libjvm.so
7fc57bfe5000-7fc57c1e4000 ---p 00c50000 08:04 8388635                    /usr/lib/jvm/java-8-openjdk-amd64/jre/lib/amd64/server/libjvm.so
7fc57c1e4000-7fc57c277000 r--p 00c4f000 08:04 8388635                    /usr/lib/jvm/java-8-openjdk-amd64/jre/lib/amd64/server/libjvm.so
7fc57c277000-7fc57c2a0000 rw-p 00ce2000 08:04 8388635                    /usr/lib/jvm/java-8-openjdk-amd64/jre/lib/amd64/server/libjvm.so
7fc57c2a0000-7fc57c2d0000 rw-p 00000000 00:00 0 
7fc57c2d0000-7fc57c2e8000 r-xp 00000000 08:04 3670948                    /lib/x86_64-linux-gnu/libpthread-2.23.so
7fc57c2e8000-7fc57c4e7000 ---p 00018000 08:04 3670948                    /lib/x86_64-linux-gnu/libpthread-2.23.so
7fc57c4e7000-7fc57c4e8000 r--p 00017000 08:04 3670948                    /lib/x86_64-linux-gnu/libpthread-2.23.so
7fc57c4e8000-7fc57c4e9000 rw-p 00018000 08:04 3670948                    /lib/x86_64-linux-gnu/libpthread-2.23.so
7fc57c4e9000-7fc57c4ed000 rw-p 00000000 00:00 0 
7fc57c4ed000-7fc57c4f0000 r-xp 00000000 08:04 3670934                    /lib/x86_64-linux-gnu/libdl-2.23.so
7fc57c4f0000-7fc57c6ef000 ---p 00003000 08:04 3670934                    /lib/x86_64-linux-gnu/libdl-2.23.so
7fc57c6ef000-7fc57c6f0000 r--p 00002000 08:04 3670934                    /lib/x86_64-linux-gnu/libdl-2.23.so
7fc57c6f0000-7fc57c6f1000 rw-p 00003000 08:04 3670934                    /lib/x86_64-linux-gnu/libdl-2.23.so
7fc57c6f1000-7fc57c70a000 r-xp 00000000 08:04 3670183                    /lib/x86_64-linux-gnu/libz.so.1.2.8
7fc57c70a000-7fc57c909000 ---p 00019000 08:04 3670183                    /lib/x86_64-linux-gnu/libz.so.1.2.8
7fc57c909000-7fc57c90a000 r--p 00018000 08:04 3670183                    /lib/x86_64-linux-gnu/libz.so.1.2.8
7fc57c90a000-7fc57c90b000 rw-p 00019000 08:04 3670183                    /lib/x86_64-linux-gnu/libz.so.1.2.8
7fc57c90b000-7fc57caca000 r-xp 00000000 08:04 3670936                    /lib/x86_64-linux-gnu/libc-2.23.so
7fc57caca000-7fc57ccca000 ---p 001bf000 08:04 3670936                    /lib/x86_64-linux-gnu/libc-2.23.so
7fc57ccca000-7fc57ccce000 r--p 001bf000 08:04 3670936                    /lib/x86_64-linux-gnu/libc-2.23.so
7fc57ccce000-7fc57ccd0000 rw-p 001c3000 08:04 3670936                    /lib/x86_64-linux-gnu/libc-2.23.so
7fc57ccd0000-7fc57ccd4000 rw-p 00000000 00:00 0 
7fc57ccd4000-7fc57cce1000 r-xp 00000000 08:04 8519684                    /usr/lib/jvm/java-8-openjdk-amd64/jre/lib/amd64/jli/libjli.so
7fc57cce1000-7fc57cee1000 ---p 0000d000 08:04 8519684                    /usr/lib/jvm/java-8-openjdk-amd64/jre/lib/amd64/jli/libjli.so
7fc57cee1000-7fc57cee2000 r--p 0000d000 08:04 8519684                    /usr/lib/jvm/java-8-openjdk-amd64/jre/lib/amd64/jli/libjli.so
7fc57cee2000-7fc57cee3000 rw-p 0000e000 08:04 8519684                    /usr/lib/jvm/java-8-openjdk-amd64/jre/lib/amd64/jli/libjli.so
7fc57cee3000-7fc57cf09000 r-xp 00000000 08:04 3670914                    /lib/x86_64-linux-gnu/ld-2.23.so
7fc57cf09000-7fc57cf0e000 r--s 0003b000 08:04 8132567                    /usr/lib/jvm/java-8-openjdk-amd64/jre/lib/ext/sunjce_provider.jar
7fc57cf0e000-7fc57cfd3000 rw-p 00000000 00:00 0 
7fc57cfd3000-7fc57cfd6000 ---p 00000000 00:00 0 
7fc57cfd6000-7fc57d0d9000 rw-p 00000000 00:00 0 
7fc57d0d9000-7fc57d0da000 r--s 00003000 08:04 5647386                    /usr/share/java/ant-jdepend-1.9.6.jar
7fc57d0da000-7fc57d0db000 r--s 00003000 08:04 5647377                    /usr/share/java/ant-swing-1.9.6.jar
7fc57d0db000-7fc57d0dc000 r--s 00004000 08:04 5647366                    /usr/share/java/ant-launcher-1.9.6.jar
7fc57d0dc000-7fc57d0de000 r--s 00001000 08:04 8132547                    /usr/lib/jvm/java-8-openjdk-amd64/jre/lib/ext/dnsns.jar
7fc57d0de000-7fc57d0df000 r--s 0000a000 08:04 8132570                    /usr/lib/jvm/java-8-openjdk-amd64/jre/lib/ext/jaccess.jar
7fc57d0df000-7fc57d0e0000 r--s 00010000 08:04 8132556                    /usr/lib/jvm/java-8-openjdk-amd64/jre/lib/ext/zipfs.jar
7fc57d0e0000-7fc57d0e2000 r--s 00008000 08:04 8132531                    /usr/lib/jvm/java-8-openjdk-amd64/jre/lib/ext/sunec.jar
7fc57d0e2000-7fc57d0e6000 r--s 00037000 08:04 8132562                    /usr/lib/jvm/java-8-openjdk-amd64/jre/lib/ext/sunpkcs11.jar
7fc57d0e6000-7fc57d0e9000 r--s 0000f000 08:04 8132548                    /usr/lib/jvm/java-8-openjdk-amd64/jre/lib/ext/icedtea-sound.jar
7fc57d0e9000-7fc57d0fc000 rw-p 00000000 00:00 0 
7fc57d0fc000-7fc57d104000 rw-s 00000000 08:04 3670264                    /tmp/hsperfdata_saurabh/4681
7fc57d104000-7fc57d105000 rw-p 00000000 00:00 0 
7fc57d105000-7fc57d106000 ---p 00000000 00:00 0 
7fc57d106000-7fc57d108000 rw-p 00000000 00:00 0 
7fc57d108000-7fc57d109000 r--p 00025000 08:04 3670914                    /lib/x86_64-linux-gnu/ld-2.23.so
7fc57d109000-7fc57d10a000 rw-p 00026000 08:04 3670914                    /lib/x86_64-linux-gnu/ld-2.23.so
7fc57d10a000-7fc57d10b000 rw-p 00000000 00:00 0 
7ffe98a62000-7ffe98a84000 rw-p 00000000 00:00 0                          [stack]
7ffe98b40000-7ffe98b42000 r--p 00000000 00:00 0                          [vvar]
7ffe98b42000-7ffe98b44000 r-xp 00000000 00:00 0                          [vdso]
ffffffffff600000-ffffffffff601000 r-xp 00000000 00:00 0                  [vsyscall]

VM Arguments:
jvm_args: -Dant.home=/usr/share/ant -Dant.library.dir=/usr/share/ant/lib 
java_command: org.apache.tools.ant.launch.Launcher -cp  java
java_class_path (initial): /usr/share/ant/lib/ant-launcher.jar
Launcher Type: SUN_STANDARD

Environment Variables:
PATH=/home/saurabh/SaurabhKumar/BeeWareVOC/PythonEnvironmets/VOC_Env/bin:/home/saurabh/anaconda2/bin:/home/saurabh/torch/install/bin:/home/saurabh/.pythonbrew/bin:/home/saurabh/.pythonbrew/bin:/home/saurabh/torch/install/bin:/usr/local/sbin:/usr/local/bin:/usr/sbin:/usr/bin:/sbin:/bin:/usr/games:/usr/local/games:/snap/bin:/usr/brlcad/bin
LD_LIBRARY_PATH=/home/saurabh/torch/install/lib:/home/saurabh/torch/install/lib:
SHELL=/bin/bash
DISPLAY=:0
DYLD_LIBRARY_PATH=/home/saurabh/torch/install/lib:/home/saurabh/torch/install/lib:

Signal Handlers:
SIGSEGV: [libjvm.so+0xa66fd0], sa_mask[0]=11111111011111111101111111111110, sa_flags=SA_RESTART|SA_SIGINFO
SIGBUS: [libjvm.so+0xa66fd0], sa_mask[0]=11111111011111111101111111111110, sa_flags=SA_RESTART|SA_SIGINFO
SIGFPE: [libjvm.so+0x8b0180], sa_mask[0]=11111111011111111101111111111110, sa_flags=SA_RESTART|SA_SIGINFO
SIGPIPE: [libjvm.so+0x8b0180], sa_mask[0]=11111111011111111101111111111110, sa_flags=SA_RESTART|SA_SIGINFO
SIGXFSZ: [libjvm.so+0x8b0180], sa_mask[0]=11111111011111111101111111111110, sa_flags=SA_RESTART|SA_SIGINFO
SIGILL: [libjvm.so+0x8b0180], sa_mask[0]=11111111011111111101111111111110, sa_flags=SA_RESTART|SA_SIGINFO
SIGUSR1: SIG_DFL, sa_mask[0]=00000000000000000000000000000000, sa_flags=none
SIGUSR2: [libjvm.so+0x8b0030], sa_mask[0]=00000000000000000000000000000000, sa_flags=SA_RESTART|SA_SIGINFO
SIGHUP: [libjvm.so+0x8b0500], sa_mask[0]=11111111011111111101111111111110, sa_flags=SA_RESTART|SA_SIGINFO
SIGINT: [libjvm.so+0x8b0500], sa_mask[0]=11111111011111111101111111111110, sa_flags=SA_RESTART|SA_SIGINFO
SIGTERM: [libjvm.so+0x8b0500], sa_mask[0]=11111111011111111101111111111110, sa_flags=SA_RESTART|SA_SIGINFO
SIGQUIT: [libjvm.so+0x8b0500], sa_mask[0]=11111111011111111101111111111110, sa_flags=SA_RESTART|SA_SIGINFO


---------------  S Y S T E M  ---------------

OS:DISTRIB_ID=Ubuntu
DISTRIB_RELEASE=16.04
DISTRIB_CODENAME=xenial
DISTRIB_DESCRIPTION="Ubuntu 16.04.2 LTS"

uname:Linux 4.4.0-65-generic #86-Ubuntu SMP Thu Feb 23 17:49:58 UTC 2017 x86_64
libc:glibc 2.23 NPTL 2.23 
rlimit: STACK 8192k, CORE 0k, NPROC 15392, NOFILE 65536, AS infinity
load average:12.88 8.01 3.87

/proc/meminfo:
MemTotal:        3980976 kB
MemFree:          112396 kB
MemAvailable:      22256 kB
Buffers:            1100 kB
Cached:           318112 kB
SwapCached:            0 kB
Active:          3374148 kB
Inactive:         293984 kB
Active(anon):    3370840 kB
Inactive(anon):   268156 kB
Active(file):       3308 kB
Inactive(file):    25828 kB
Unevictable:         176 kB
Mlocked:             176 kB
SwapTotal:             0 kB
SwapFree:              0 kB
Dirty:                40 kB
Writeback:             0 kB
AnonPages:       3349484 kB
Mapped:           123040 kB
Shmem:            289688 kB
Slab:              79560 kB
SReclaimable:      35652 kB
SUnreclaim:        43908 kB
KernelStack:       11312 kB
PageTables:        63332 kB
NFS_Unstable:          0 kB
Bounce:                0 kB
WritebackTmp:          0 kB
CommitLimit:     1990488 kB
Committed_AS:    8823648 kB
VmallocTotal:   34359738367 kB
VmallocUsed:           0 kB
VmallocChunk:          0 kB
HardwareCorrupted:     0 kB
AnonHugePages:   1253376 kB
CmaTotal:              0 kB
CmaFree:               0 kB
HugePages_Total:       0
HugePages_Free:        0
HugePages_Rsvd:        0
HugePages_Surp:        0
Hugepagesize:       2048 kB
DirectMap4k:      197312 kB
DirectMap2M:     3932160 kB
DirectMap1G:     1048576 kB


CPU:total 4 (2 cores per cpu, 2 threads per core) family 6 model 69 stepping 1, cmov, cx8, fxsr, mmx, sse, sse2, sse3, ssse3, sse4.1, sse4.2, popcnt, avx, avx2, aes, clmul, erms, lzcnt, ht, tsc, tscinvbit, bmi1, bmi2

/proc/cpuinfo:
processor	: 0
vendor_id	: GenuineIntel
cpu family	: 6
model		: 69
model name	: Intel(R) Core(TM) i3-4005U CPU @ 1.70GHz
stepping	: 1
microcode	: 0x1d
cpu MHz		: 1096.566
cache size	: 3072 KB
physical id	: 0
siblings	: 4
core id		: 0
cpu cores	: 2
apicid		: 0
initial apicid	: 0
fpu		: yes
fpu_exception	: yes
cpuid level	: 13
wp		: yes
flags		: fpu vme de pse tsc msr pae mce cx8 apic sep mtrr pge mca cmov pat pse36 clflush dts acpi mmx fxsr sse sse2 ss ht tm pbe syscall nx pdpe1gb rdtscp lm constant_tsc arch_perfmon pebs bts rep_good nopl xtopology nonstop_tsc aperfmperf eagerfpu pni pclmulqdq dtes64 monitor ds_cpl vmx est tm2 ssse3 sdbg fma cx16 xtpr pdcm pcid sse4_1 sse4_2 movbe popcnt tsc_deadline_timer aes xsave avx f16c rdrand lahf_lm abm epb tpr_shadow vnmi flexpriority ept vpid fsgsbase tsc_adjust bmi1 avx2 smep bmi2 erms invpcid xsaveopt dtherm ida arat pln pts
bugs		:
bogomips	: 3392.08
clflush size	: 64
cache_alignment	: 64
address sizes	: 39 bits physical, 48 bits virtual
power management:

processor	: 1
vendor_id	: GenuineIntel
cpu family	: 6
model		: 69
model name	: Intel(R) Core(TM) i3-4005U CPU @ 1.70GHz
stepping	: 1
microcode	: 0x1d
cpu MHz		: 899.605
cache size	: 3072 KB
physical id	: 0
siblings	: 4
core id		: 0
cpu cores	: 2
apicid		: 1
initial apicid	: 1
fpu		: yes
fpu_exception	: yes
cpuid level	: 13
wp		: yes
flags		: fpu vme de pse tsc msr pae mce cx8 apic sep mtrr pge mca cmov pat pse36 clflush dts acpi mmx fxsr sse sse2 ss ht tm pbe syscall nx pdpe1gb rdtscp lm constant_tsc arch_perfmon pebs bts rep_good nopl xtopology nonstop_tsc aperfmperf eagerfpu pni pclmulqdq dtes64 monitor ds_cpl vmx est tm2 ssse3 sdbg fma cx16 xtpr pdcm pcid sse4_1 sse4_2 movbe popcnt tsc_deadline_timer aes xsave avx f16c rdrand lahf_lm abm epb tpr_shadow vnmi flexpriority ept vpid fsgsbase tsc_adjust bmi1 avx2 smep bmi2 erms invpcid xsaveopt dtherm ida arat pln pts
bugs		:
bogomips	: 3392.08
clflush size	: 64
cache_alignment	: 64
address sizes	: 39 bits physical, 48 bits virtual
power management:

processor	: 2
vendor_id	: GenuineIntel
cpu family	: 6
model		: 69
model name	: Intel(R) Core(TM) i3-4005U CPU @ 1.70GHz
stepping	: 1
microcode	: 0x1d
cpu MHz		: 899.671
cache size	: 3072 KB
physical id	: 0
siblings	: 4
core id		: 1
cpu cores	: 2
apicid		: 2
initial apicid	: 2
fpu		: yes
fpu_exception	: yes
cpuid level	: 13
wp		: yes
flags		: fpu vme de pse tsc msr pae mce cx8 apic sep mtrr pge mca cmov pat pse36 clflush dts acpi mmx fxsr sse sse2 ss ht tm pbe syscall nx pdpe1gb rdtscp lm constant_tsc arch_perfmon pebs bts rep_good nopl xtopology nonstop_tsc aperfmperf eagerfpu pni pclmulqdq dtes64 monitor ds_cpl vmx est tm2 ssse3 sdbg fma cx16 xtpr pdcm pcid sse4_1 sse4_2 movbe popcnt tsc_deadline_timer aes xsave avx f16c rdrand lahf_lm abm epb tpr_shadow vnmi flexpriority ept vpid fsgsbase tsc_adjust bmi1 avx2 smep bmi2 erms invpcid xsaveopt dtherm ida arat pln pts
bugs		:
bogomips	: 3392.08
clflush size	: 64
cache_alignment	: 64
address sizes	: 39 bits physical, 48 bits virtual
power management:

processor	: 3
vendor_id	: GenuineIntel
cpu family	: 6
model		: 69
model name	: Intel(R) Core(TM) i3-4005U CPU @ 1.70GHz
stepping	: 1
microcode	: 0x1d
cpu MHz		: 906.445
cache size	: 3072 KB
physical id	: 0
siblings	: 4
core id		: 1
cpu cores	: 2
apicid		: 3
initial apicid	: 3
fpu		: yes
fpu_exception	: yes
cpuid level	: 13
wp		: yes
flags		: fpu vme de pse tsc msr pae mce cx8 apic sep mtrr pge mca cmov pat pse36 clflush dts acpi mmx fxsr sse sse2 ss ht tm pbe syscall nx pdpe1gb rdtscp lm constant_tsc arch_perfmon pebs bts rep_good nopl xtopology nonstop_tsc aperfmperf eagerfpu pni pclmulqdq dtes64 monitor ds_cpl vmx est tm2 ssse3 sdbg fma cx16 xtpr pdcm pcid sse4_1 sse4_2 movbe popcnt tsc_deadline_timer aes xsave avx f16c rdrand lahf_lm abm epb tpr_shadow vnmi flexpriority ept vpid fsgsbase tsc_adjust bmi1 avx2 smep bmi2 erms invpcid xsaveopt dtherm ida arat pln pts
bugs		:
bogomips	: 3392.08
clflush size	: 64
cache_alignment	: 64
address sizes	: 39 bits physical, 48 bits virtual
power management:



Memory: 4k page, physical 3980976k(112396k free), swap 0k(0k free)

vm_info: OpenJDK 64-Bit Server VM (25.121-b13) for linux-amd64 JRE (1.8.0_121-8u121-b13-0ubuntu1.16.04.2-b13), built on Jan 23 2017 15:51:29 by "buildd" with gcc 5.4.0 20160609

time: Fri Mar  3 14:24:44 2017
elapsed time: 30 seconds (0d 0h 0m 30s)

