#
# There is insufficient memory for the Java Runtime Environment to continue.
# Native memory allocation (mmap) failed to map 63963136 bytes for committing reserved memory.
# Possible reasons:
#   The system is out of physical RAM or swap space
#   In 32 bit mode, the process size limit was hit
# Possible solutions:
#   Reduce memory load on the system
#   Increase physical memory or swap space
#   Check if swap backing store is full
#   Use 64 bit Java on a 64 bit OS
#   Decrease Java heap size (-Xmx/-Xms)
#   Decrease number of Java threads
#   Decrease Java thread stack sizes (-Xss)
#   Set larger code cache with -XX:ReservedCodeCacheSize=
# This output file may be truncated or incomplete.
#
#  Out of Memory Error (os_linux.cpp:2630), pid=5439, tid=0x00007f28bdd9b700
#
# JRE version: OpenJDK Runtime Environment (8.0_121-b13) (build 1.8.0_121-8u121-b13-0ubuntu1.16.04.2-b13)
# Java VM: OpenJDK 64-Bit Server VM (25.121-b13 mixed mode linux-amd64 compressed oops)
# Failed to write core dump. Core dumps have been disabled. To enable core dumping, try "ulimit -c unlimited" before starting Java again
#

---------------  T H R E A D  ---------------

Current thread (0x00007f28d4077800):  VMThread [stack: 0x00007f28bdc9b000,0x00007f28bdd9c000] [id=5472]

Stack: [0x00007f28bdc9b000,0x00007f28bdd9c000],  sp=0x00007f28bdd9a4c0,  free space=1021k
Native frames: (J=compiled Java code, j=interpreted, Vv=VM code, C=native code)
V  [libjvm.so+0xa6647b]
V  [libjvm.so+0x4c32dc]
V  [libjvm.so+0x8b4b60]
V  [libjvm.so+0x8aefde]
V  [libjvm.so+0x929a16]
V  [libjvm.so+0x92ad43]
V  [libjvm.so+0x9273f3]
V  [libjvm.so+0x9276bc]
V  [libjvm.so+0x8d9553]
V  [libjvm.so+0xa68132]
V  [libjvm.so+0xa6d217]
V  [libjvm.so+0xa6a9e7]
V  [libjvm.so+0xa6be6f]
V  [libjvm.so+0xa6c361]
V  [libjvm.so+0x8b2042]

VM_Operation (0x00007f28dca3e3a0): ParallelGCFailedAllocation, mode: safepoint, requested by thread 0x00007f28d400a000


---------------  P R O C E S S  ---------------

Java Threads: ( => current thread )
  0x00007f28d4302000 JavaThread "process reaper" daemon [_thread_blocked, id=5509, stack(0x00007f28bd182000,0x00007f28bd1bb000)]
  0x00007f28d40c1000 JavaThread "Service Thread" daemon [_thread_blocked, id=5488, stack(0x00007f28bd2bc000,0x00007f28bd3bd000)]
  0x00007f28d40b1800 JavaThread "C1 CompilerThread2" daemon [_thread_blocked, id=5487, stack(0x00007f28bd3bd000,0x00007f28bd4be000)]
  0x00007f28d40af800 JavaThread "C2 CompilerThread1" daemon [_thread_blocked, id=5486, stack(0x00007f28bd4be000,0x00007f28bd5bf000)]
  0x00007f28d40ac800 JavaThread "C2 CompilerThread0" daemon [_thread_blocked, id=5485, stack(0x00007f28bd5bf000,0x00007f28bd6c0000)]
  0x00007f28d40aa800 JavaThread "Signal Dispatcher" daemon [_thread_blocked, id=5482, stack(0x00007f28bd6c0000,0x00007f28bd7c1000)]
  0x00007f28d4083800 JavaThread "Finalizer" daemon [_thread_blocked, id=5479, stack(0x00007f28bda99000,0x00007f28bdb9a000)]
  0x00007f28d407f000 JavaThread "Reference Handler" daemon [_thread_blocked, id=5475, stack(0x00007f28bdb9a000,0x00007f28bdc9b000)]
  0x00007f28d400a000 JavaThread "main" [_thread_blocked, id=5451, stack(0x00007f28dc940000,0x00007f28dca41000)]

Other Threads:
=>0x00007f28d4077800 VMThread [stack: 0x00007f28bdc9b000,0x00007f28bdd9c000] [id=5472]
  0x00007f28d40c3800 WatcherThread [stack: 0x00007f28bd1bb000,0x00007f28bd2bc000] [id=5489]

VM state:at safepoint (normal execution)

VM Mutex/Monitor currently owned by a thread:  ([mutex/lock_event])
[0x00007f28d40062c0] Threads_lock - owner thread: 0x00007f28d4077800
[0x00007f28d40067c0] Heap_lock - owner thread: 0x00007f28d400a000

Heap:
 PSYoungGen      total 72704K, used 4690K [0x00000000ebc00000, 0x00000000f0c00000, 0x0000000100000000)
  eden space 63488K, 0% used [0x00000000ebc00000,0x00000000ebc00000,0x00000000efa00000)
  from space 9216K, 50% used [0x00000000efa00000,0x00000000efe94920,0x00000000f0300000)
  to   space 9216K, 0% used [0x00000000f0300000,0x00000000f0300000,0x00000000f0c00000)
 ParOldGen       total 42496K, used 15262K [0x00000000c3400000, 0x00000000c5d80000, 0x00000000ebc00000)
  object space 42496K, 35% used [0x00000000c3400000,0x00000000c42e7b90,0x00000000c5d80000)
 Metaspace       used 15672K, capacity 15924K, committed 16128K, reserved 1062912K
  class space    used 1643K, capacity 1740K, committed 1792K, reserved 1048576K

Card table byte_map: [0x00007f28d8e29000,0x00007f28d9010000] byte_map_base: 0x00007f28d880f000

Marking Bits: (ParMarkBitMap*) 0x00007f28dbc20220
 Begin Bits: [0x00007f28be1a0000, 0x00007f28bf0d0000)
 End Bits:   [0x00007f28bf0d0000, 0x00007f28c0000000)

Polling page: 0x00007f28dca72000

CodeCache: size=245760Kb used=13271Kb max_used=13296Kb free=232488Kb
 bounds [0x00007f28c5000000, 0x00007f28c5d10000, 0x00007f28d4000000]
 total_blobs=3910 nmethods=3542 adapters=281
 compilation: enabled

Compilation events (10 events):
Event: 28.634 Thread 0x00007f28d40ac800 3795       4       java.util.LinkedHashMap$LinkedHashIterator::hasNext (13 bytes)
Event: 28.634 Thread 0x00007f28d40ac800 nmethod 3795 0x00007f28c5ca9350 code [0x00007f28c5ca94a0, 0x00007f28c5ca9518]
Event: 28.634 Thread 0x00007f28d40ac800 3788       4       java.util.StringTokenizer::nextToken (92 bytes)
Event: 28.656 Thread 0x00007f28d40ac800 nmethod 3788 0x00007f28c5cf6890 code [0x00007f28c5cf6a80, 0x00007f28c5cf7480]
Event: 28.656 Thread 0x00007f28d40ac800 3790       4       java.lang.String::substring (56 bytes)
Event: 28.662 Thread 0x00007f28d40ac800 nmethod 3790 0x00007f28c5ca4f50 code [0x00007f28c5ca50c0, 0x00007f28c5ca5498]
Event: 28.824 Thread 0x00007f28d40af800 nmethod 3789 0x00007f28c5cfd890 code [0x00007f28c5cfdce0, 0x00007f28c5d01fc0]
Event: 29.260 Thread 0x00007f28d40b1800 3796       3       org.apache.tools.ant.util.GlobPatternMapper::modifyName (40 bytes)
Event: 29.262 Thread 0x00007f28d40b1800 nmethod 3796 0x00007f28c5cea4d0 code [0x00007f28c5cea680, 0x00007f28c5ceace8]
Event: 29.262 Thread 0x00007f28d40b1800 3797       3       org.apache.tools.ant.types.resources.LazyResourceCollectionWrapper::createIterator (71 bytes)

GC Heap History (10 events):
Event: 6.020 GC heap after
Heap after GC invocations=2 (full 0):
 PSYoungGen      total 18432K, used 2528K [0x00000000ebc00000, 0x00000000ee000000, 0x0000000100000000)
  eden space 15872K, 0% used [0x00000000ebc00000,0x00000000ebc00000,0x00000000ecb80000)
  from space 2560K, 98% used [0x00000000ece00000,0x00000000ed078040,0x00000000ed080000)
  to   space 2560K, 0% used [0x00000000ecb80000,0x00000000ecb80000,0x00000000ece00000)
 ParOldGen       total 42496K, used 1777K [0x00000000c3400000, 0x00000000c5d80000, 0x00000000ebc00000)
  object space 42496K, 4% used [0x00000000c3400000,0x00000000c35bc730,0x00000000c5d80000)
 Metaspace       used 10697K, capacity 10894K, committed 11136K, reserved 1058816K
  class space    used 1254K, capacity 1323K, committed 1408K, reserved 1048576K
}
Event: 7.503 GC heap before
{Heap before GC invocations=3 (full 0):
 PSYoungGen      total 18432K, used 18400K [0x00000000ebc00000, 0x00000000ee000000, 0x0000000100000000)
  eden space 15872K, 100% used [0x00000000ebc00000,0x00000000ecb80000,0x00000000ecb80000)
  from space 2560K, 98% used [0x00000000ece00000,0x00000000ed078040,0x00000000ed080000)
  to   space 2560K, 0% used [0x00000000ecb80000,0x00000000ecb80000,0x00000000ece00000)
 ParOldGen       total 42496K, used 1777K [0x00000000c3400000, 0x00000000c5d80000, 0x00000000ebc00000)
  object space 42496K, 4% used [0x00000000c3400000,0x00000000c35bc730,0x00000000c5d80000)
 Metaspace       used 12355K, capacity 12590K, committed 12800K, reserved 1060864K
  class space    used 1414K, capacity 1483K, committed 1536K, reserved 1048576K
Event: 7.547 GC heap after
Heap after GC invocations=3 (full 0):
 PSYoungGen      total 18432K, used 2528K [0x00000000ebc00000, 0x00000000ee000000, 0x0000000100000000)
  eden space 15872K, 0% used [0x00000000ebc00000,0x00000000ebc00000,0x00000000ecb80000)
  from space 2560K, 98% used [0x00000000ecb80000,0x00000000ecdf8060,0x00000000ece00000)
  to   space 2560K, 0% used [0x00000000edd80000,0x00000000edd80000,0x00000000ee000000)
 ParOldGen       total 42496K, used 5351K [0x00000000c3400000, 0x00000000c5d80000, 0x00000000ebc00000)
  object space 42496K, 12% used [0x00000000c3400000,0x00000000c3939c58,0x00000000c5d80000)
 Metaspace       used 12355K, capacity 12590K, committed 12800K, reserved 1060864K
  class space    used 1414K, capacity 1483K, committed 1536K, reserved 1048576K
}
Event: 8.305 GC heap before
{Heap before GC invocations=4 (full 0):
 PSYoungGen      total 18432K, used 18400K [0x00000000ebc00000, 0x00000000ee000000, 0x0000000100000000)
  eden space 15872K, 100% used [0x00000000ebc00000,0x00000000ecb80000,0x00000000ecb80000)
  from space 2560K, 98% used [0x00000000ecb80000,0x00000000ecdf8060,0x00000000ece00000)
  to   space 2560K, 0% used [0x00000000edd80000,0x00000000edd80000,0x00000000ee000000)
 ParOldGen       total 42496K, used 5351K [0x00000000c3400000, 0x00000000c5d80000, 0x00000000ebc00000)
  object space 42496K, 12% used [0x00000000c3400000,0x00000000c3939c58,0x00000000c5d80000)
 Metaspace       used 12601K, capacity 12846K, committed 13056K, reserved 1060864K
  class space    used 1430K, capacity 1483K, committed 1536K, reserved 1048576K
Event: 8.363 GC heap after
Heap after GC invocations=4 (full 0):
 PSYoungGen      total 34304K, used 2552K [0x00000000ebc00000, 0x00000000ee000000, 0x0000000100000000)
  eden space 31744K, 0% used [0x00000000ebc00000,0x00000000ebc00000,0x00000000edb00000)
  from space 2560K, 99% used [0x00000000edd80000,0x00000000edffe3c8,0x00000000ee000000)
  to   space 2560K, 0% used [0x00000000edb00000,0x00000000edb00000,0x00000000edd80000)
 ParOldGen       total 42496K, used 10699K [0x00000000c3400000, 0x00000000c5d80000, 0x00000000ebc00000)
  object space 42496K, 25% used [0x00000000c3400000,0x00000000c3e72cf8,0x00000000c5d80000)
 Metaspace       used 12601K, capacity 12846K, committed 13056K, reserved 1060864K
  class space    used 1430K, capacity 1483K, committed 1536K, reserved 1048576K
}
Event: 13.296 GC heap before
{Heap before GC invocations=5 (full 0):
 PSYoungGen      total 34304K, used 34296K [0x00000000ebc00000, 0x00000000ee000000, 0x0000000100000000)
  eden space 31744K, 100% used [0x00000000ebc00000,0x00000000edb00000,0x00000000edb00000)
  from space 2560K, 99% used [0x00000000edd80000,0x00000000edffe3c8,0x00000000ee000000)
  to   space 2560K, 0% used [0x00000000edb00000,0x00000000edb00000,0x00000000edd80000)
 ParOldGen       total 42496K, used 10699K [0x00000000c3400000, 0x00000000c5d80000, 0x00000000ebc00000)
  object space 42496K, 25% used [0x00000000c3400000,0x00000000c3e72cf8,0x00000000c5d80000)
 Metaspace       used 14483K, capacity 14734K, committed 14976K, reserved 1062912K
  class space    used 1574K, capacity 1643K, committed 1664K, reserved 1048576K
Event: 13.361 GC heap after
Heap after GC invocations=5 (full 0):
 PSYoungGen      total 34304K, used 2536K [0x00000000ebc00000, 0x00000000f0c00000, 0x0000000100000000)
  eden space 31744K, 0% used [0x00000000ebc00000,0x00000000ebc00000,0x00000000edb00000)
  from space 2560K, 99% used [0x00000000edb00000,0x00000000edd7a3d8,0x00000000edd80000)
  to   space 9216K, 0% used [0x00000000f0300000,0x00000000f0300000,0x00000000f0c00000)
 ParOldGen       total 42496K, used 14225K [0x00000000c3400000, 0x00000000c5d80000, 0x00000000ebc00000)
  object space 42496K, 33% used [0x00000000c3400000,0x00000000c41e4670,0x00000000c5d80000)
 Metaspace       used 14483K, capacity 14734K, committed 14976K, reserved 1062912K
  class space    used 1574K, capacity 1643K, committed 1664K, reserved 1048576K
}
Event: 16.389 GC heap before
{Heap before GC invocations=6 (full 0):
 PSYoungGen      total 34304K, used 34280K [0x00000000ebc00000, 0x00000000f0c00000, 0x0000000100000000)
  eden space 31744K, 100% used [0x00000000ebc00000,0x00000000edb00000,0x00000000edb00000)
  from space 2560K, 99% used [0x00000000edb00000,0x00000000edd7a3d8,0x00000000edd80000)
  to   space 9216K, 0% used [0x00000000f0300000,0x00000000f0300000,0x00000000f0c00000)
 ParOldGen       total 42496K, used 14225K [0x00000000c3400000, 0x00000000c5d80000, 0x00000000ebc00000)
  object space 42496K, 33% used [0x00000000c3400000,0x00000000c41e4670,0x00000000c5d80000)
 Metaspace       used 14935K, capacity 15118K, committed 15232K, reserved 1062912K
  class space    used 1580K, capacity 1643K, committed 1664K, reserved 1048576K
Event: 16.442 GC heap after
Heap after GC invocations=6 (full 0):
 PSYoungGen      total 72704K, used 3288K [0x00000000ebc00000, 0x00000000f0c00000, 0x0000000100000000)
  eden space 63488K, 0% used [0x00000000ebc00000,0x00000000ebc00000,0x00000000efa00000)
  from space 9216K, 35% used [0x00000000f0300000,0x00000000f06363c8,0x00000000f0c00000)
  to   space 9216K, 0% used [0x00000000efa00000,0x00000000efa00000,0x00000000f0300000)
 ParOldGen       total 42496K, used 14225K [0x00000000c3400000, 0x00000000c5d80000, 0x00000000ebc00000)
  object space 42496K, 33% used [0x00000000c3400000,0x00000000c41e4670,0x00000000c5d80000)
 Metaspace       used 14935K, capacity 15118K, committed 15232K, reserved 1062912K
  class space    used 1580K, capacity 1643K, committed 1664K, reserved 1048576K
}
Event: 29.263 GC heap before
{Heap before GC invocations=7 (full 0):
 PSYoungGen      total 72704K, used 66776K [0x00000000ebc00000, 0x00000000f0c00000, 0x0000000100000000)
  eden space 63488K, 100% used [0x00000000ebc00000,0x00000000efa00000,0x00000000efa00000)
  from space 9216K, 35% used [0x00000000f0300000,0x00000000f06363c8,0x00000000f0c00000)
  to   space 9216K, 0% used [0x00000000efa00000,0x00000000efa00000,0x00000000f0300000)
 ParOldGen       total 42496K, used 14225K [0x00000000c3400000, 0x00000000c5d80000, 0x00000000ebc00000)
  object space 42496K, 33% used [0x00000000c3400000,0x00000000c41e4670,0x00000000c5d80000)
 Metaspace       used 15672K, capacity 15924K, committed 16128K, reserved 1062912K
  class space    used 1643K, capacity 1740K, committed 1792K, reserved 1048576K

Deoptimization events (10 events):
Event: 19.337 Thread 0x00007f28d400a000 Uncommon trap: reason=class_check action=maybe_recompile pc=0x00007f28c571a190 method=java.util.HashMap.putVal(ILjava/lang/Object;Ljava/lang/Object;ZZ)Ljava/lang/Object; @ 253
Event: 19.337 Thread 0x00007f28d400a000 Uncommon trap: reason=unstable_if action=reinterpret pc=0x00007f28c5a98f3c method=java.util.HashSet.remove(Ljava/lang/Object;)Z @ 11
Event: 19.474 Thread 0x00007f28d400a000 Uncommon trap: reason=class_check action=maybe_recompile pc=0x00007f28c519a214 method=java.util.HashMap.putVal(ILjava/lang/Object;Ljava/lang/Object;ZZ)Ljava/lang/Object; @ 91
Event: 19.474 Thread 0x00007f28d400a000 Uncommon trap: reason=class_check action=maybe_recompile pc=0x00007f28c519a214 method=java.util.HashMap.putVal(ILjava/lang/Object;Ljava/lang/Object;ZZ)Ljava/lang/Object; @ 91
Event: 20.795 Thread 0x00007f28d400a000 Uncommon trap: reason=unstable_if action=reinterpret pc=0x00007f28c57b3b78 method=com.sun.tools.javac.code.Symbol$PackageSymbol.flags()J @ 4
Event: 21.756 Thread 0x00007f28d400a000 Uncommon trap: reason=unstable_if action=reinterpret pc=0x00007f28c58cfe8c method=java.util.HashMap.removeNode(ILjava/lang/Object;Ljava/lang/Object;ZZ)Ljava/util/HashMap$Node; @ 58
Event: 21.758 Thread 0x00007f28d400a000 Uncommon trap: reason=unstable_if action=reinterpret pc=0x00007f28c51e01e0 method=java.util.Date.normalize()Lsun/util/calendar/BaseCalendar$Date; @ 45
Event: 23.111 Thread 0x00007f28d400a000 Uncommon trap: reason=predicate action=maybe_recompile pc=0x00007f28c531da84 method=java.util.StringTokenizer.skipDelimiters(I)I @ 17
Event: 23.111 Thread 0x00007f28d400a000 Uncommon trap: reason=unstable_if action=reinterpret pc=0x00007f28c52fa2a8 method=java.util.StringTokenizer.scanToken(I)I @ 96
Event: 23.122 Thread 0x00007f28d400a000 Uncommon trap: reason=unstable_if action=reinterpret pc=0x00007f28c5b50f44 method=java.lang.ref.ReferenceQueue.poll()Ljava/lang/ref/Reference; @ 4

Internal exceptions (10 events):
Event: 1.201 Thread 0x00007f28d400a000 Exception <a 'java/security/PrivilegedActionException'> (0x00000000ebc9e950) thrown at [/build/openjdk-8-YiEakL/openjdk-8-8u121-b13/src/hotspot/src/share/vm/prims/jvm.cpp, line 1390]
Event: 1.201 Thread 0x00007f28d400a000 Exception <a 'java/security/PrivilegedActionException'> (0x00000000ebc9eb60) thrown at [/build/openjdk-8-YiEakL/openjdk-8-8u121-b13/src/hotspot/src/share/vm/prims/jvm.cpp, line 1390]
Event: 1.202 Thread 0x00007f28d400a000 Exception <a 'java/security/PrivilegedActionException'> (0x00000000ebceece0) thrown at [/build/openjdk-8-YiEakL/openjdk-8-8u121-b13/src/hotspot/src/share/vm/prims/jvm.cpp, line 1390]
Event: 1.202 Thread 0x00007f28d400a000 Exception <a 'java/security/PrivilegedActionException'> (0x00000000ebceeef0) thrown at [/build/openjdk-8-YiEakL/openjdk-8-8u121-b13/src/hotspot/src/share/vm/prims/jvm.cpp, line 1390]
Event: 3.415 Thread 0x00007f28d400a000 Exception <a 'java/lang/NoSuchFieldError': method resolution failed> (0x00000000ec69f968) thrown at [/build/openjdk-8-YiEakL/openjdk-8-8u121-b13/src/hotspot/src/share/vm/prims/methodHandles.cpp, line 1146]
Event: 3.422 Thread 0x00007f28d400a000 Exception <a 'java/lang/NoSuchFieldError': method resolution failed> (0x00000000ec6ad028) thrown at [/build/openjdk-8-YiEakL/openjdk-8-8u121-b13/src/hotspot/src/share/vm/prims/methodHandles.cpp, line 1146]
Event: 4.060 Thread 0x00007f28d400a000 Exception <a 'java/lang/ClassNotFoundException': org/apache/tools/ant/helper/DefaultExecutor> (0x00000000ec8e6a08) thrown at [/build/openjdk-8-YiEakL/openjdk-8-8u121-b13/src/hotspot/src/share/vm/classfile/systemDictionary.cpp, line 210]
Event: 8.039 Thread 0x00007f28d400a000 Exception <a 'java/io/FileNotFoundException'> (0x00000000ec681638) thrown at [/build/openjdk-8-YiEakL/openjdk-8-8u121-b13/src/hotspot/src/share/vm/prims/jni.cpp, line 709]
Event: 8.050 Thread 0x00007f28d400a000 Exception <a 'java/io/FileNotFoundException'> (0x00000000ec6c24c8) thrown at [/build/openjdk-8-YiEakL/openjdk-8-8u121-b13/src/hotspot/src/share/vm/prims/jni.cpp, line 709]
Event: 8.050 Thread 0x00007f28d400a000 Exception <a 'java/io/FileNotFoundException'> (0x00000000ec6c3190) thrown at [/build/openjdk-8-YiEakL/openjdk-8-8u121-b13/src/hotspot/src/share/vm/prims/jni.cpp, line 709]

Events (10 events):
Event: 23.111 Thread 0x00007f28d400a000 Uncommon trap: trap_request=0xffffff86 fr.pc=0x00007f28c531da84
Event: 23.111 Thread 0x00007f28d400a000 DEOPT PACKING pc=0x00007f28c531da84 sp=0x00007f28dca3e790
Event: 23.111 Thread 0x00007f28d400a000 DEOPT UNPACKING pc=0x00007f28c5004f69 sp=0x00007f28dca3e750 mode 2
Event: 23.111 Thread 0x00007f28d400a000 Uncommon trap: trap_request=0xffffff65 fr.pc=0x00007f28c52fa2a8
Event: 23.111 Thread 0x00007f28d400a000 DEOPT PACKING pc=0x00007f28c52fa2a8 sp=0x00007f28dca3e780
Event: 23.111 Thread 0x00007f28d400a000 DEOPT UNPACKING pc=0x00007f28c5004f69 sp=0x00007f28dca3e738 mode 2
Event: 23.122 Thread 0x00007f28d400a000 Uncommon trap: trap_request=0xffffff65 fr.pc=0x00007f28c5b50f44
Event: 23.122 Thread 0x00007f28d400a000 DEOPT PACKING pc=0x00007f28c5b50f44 sp=0x00007f28dca3e280
Event: 23.122 Thread 0x00007f28d400a000 DEOPT UNPACKING pc=0x00007f28c5004f69 sp=0x00007f28dca3e0d8 mode 2
Event: 29.263 Executing VM operation: ParallelGCFailedAllocation


Dynamic libraries:
00400000-00401000 r-xp 00000000 08:04 7733285                            /usr/lib/jvm/java-8-openjdk-amd64/jre/bin/java
00600000-00601000 r--p 00000000 08:04 7733285                            /usr/lib/jvm/java-8-openjdk-amd64/jre/bin/java
00601000-00602000 rw-p 00001000 08:04 7733285                            /usr/lib/jvm/java-8-openjdk-amd64/jre/bin/java
024d9000-024fa000 rw-p 00000000 00:00 0                                  [heap]
c3400000-c5d80000 rw-p 00000000 00:00 0 
c5d80000-ebc00000 ---p 00000000 00:00 0 
ebc00000-f0c00000 rw-p 00000000 00:00 0 
f4900000-100000000 ---p 00000000 00:00 0 
100000000-1001c0000 rw-p 00000000 00:00 0 
1001c0000-140000000 ---p 00000000 00:00 0 
7f2880000000-7f2880021000 rw-p 00000000 00:00 0 
7f2880021000-7f2884000000 ---p 00000000 00:00 0 
7f2884000000-7f2884021000 rw-p 00000000 00:00 0 
7f2884021000-7f2888000000 ---p 00000000 00:00 0 
7f2888000000-7f2888021000 rw-p 00000000 00:00 0 
7f2888021000-7f288c000000 ---p 00000000 00:00 0 
7f288c000000-7f288c021000 rw-p 00000000 00:00 0 
7f288c021000-7f2890000000 ---p 00000000 00:00 0 
7f2890000000-7f2890cca000 rw-p 00000000 00:00 0 
7f2890cca000-7f2894000000 ---p 00000000 00:00 0 
7f2894000000-7f2894021000 rw-p 00000000 00:00 0 
7f2894021000-7f2898000000 ---p 00000000 00:00 0 
7f2898000000-7f2898fbf000 rw-p 00000000 00:00 0 
7f2898fbf000-7f289c000000 ---p 00000000 00:00 0 
7f289c000000-7f289d826000 rw-p 00000000 00:00 0 
7f289d826000-7f28a0000000 ---p 00000000 00:00 0 
7f28a0000000-7f28a0021000 rw-p 00000000 00:00 0 
7f28a0021000-7f28a4000000 ---p 00000000 00:00 0 
7f28a4000000-7f28a4021000 rw-p 00000000 00:00 0 
7f28a4021000-7f28a8000000 ---p 00000000 00:00 0 
7f28a8000000-7f28a8021000 rw-p 00000000 00:00 0 
7f28a8021000-7f28ac000000 ---p 00000000 00:00 0 
7f28ac000000-7f28ac021000 rw-p 00000000 00:00 0 
7f28ac021000-7f28b0000000 ---p 00000000 00:00 0 
7f28b0000000-7f28b0021000 rw-p 00000000 00:00 0 
7f28b0021000-7f28b4000000 ---p 00000000 00:00 0 
7f28b4000000-7f28b4021000 rw-p 00000000 00:00 0 
7f28b4021000-7f28b8000000 ---p 00000000 00:00 0 
7f28b8000000-7f28b8021000 rw-p 00000000 00:00 0 
7f28b8021000-7f28bc000000 ---p 00000000 00:00 0 
7f28bc19b000-7f28bc49c000 rw-p 00000000 00:00 0 
7f28bc49c000-7f28bc4b3000 r-xp 00000000 08:04 8257636                    /usr/lib/jvm/java-8-openjdk-amd64/jre/lib/amd64/libnet.so
7f28bc4b3000-7f28bc6b2000 ---p 00017000 08:04 8257636                    /usr/lib/jvm/java-8-openjdk-amd64/jre/lib/amd64/libnet.so
7f28bc6b2000-7f28bc6b3000 r--p 00016000 08:04 8257636                    /usr/lib/jvm/java-8-openjdk-amd64/jre/lib/amd64/libnet.so
7f28bc6b3000-7f28bc6b4000 rw-p 00017000 08:04 8257636                    /usr/lib/jvm/java-8-openjdk-amd64/jre/lib/amd64/libnet.so
7f28bc76d000-7f28bc77e000 r-xp 00000000 08:04 8257742                    /usr/lib/jvm/java-8-openjdk-amd64/jre/lib/amd64/libnio.so
7f28bc77e000-7f28bc97e000 ---p 00011000 08:04 8257742                    /usr/lib/jvm/java-8-openjdk-amd64/jre/lib/amd64/libnio.so
7f28bc97e000-7f28bc97f000 r--p 00011000 08:04 8257742                    /usr/lib/jvm/java-8-openjdk-amd64/jre/lib/amd64/libnio.so
7f28bc97f000-7f28bc980000 rw-p 00012000 08:04 8257742                    /usr/lib/jvm/java-8-openjdk-amd64/jre/lib/amd64/libnio.so
7f28bc980000-7f28bcb80000 rw-p 00000000 00:00 0 
7f28bcb80000-7f28bcd80000 rw-p 00000000 00:00 0 
7f28bcd80000-7f28bcf80000 rw-p 00000000 00:00 0 
7f28bcf80000-7f28bcf83000 ---p 00000000 00:00 0 
7f28bcf83000-7f28bd081000 rw-p 00000000 00:00 0 
7f28bd081000-7f28bd084000 ---p 00000000 00:00 0 
7f28bd084000-7f28bd182000 rw-p 00000000 00:00 0 
7f28bd182000-7f28bd185000 ---p 00000000 00:00 0 
7f28bd185000-7f28bd1bb000 rw-p 00000000 00:00 0 
7f28bd1bb000-7f28bd1bc000 ---p 00000000 00:00 0 
7f28bd1bc000-7f28bd2bc000 rw-p 00000000 00:00 0 
7f28bd2bc000-7f28bd2bf000 ---p 00000000 00:00 0 
7f28bd2bf000-7f28bd3bd000 rw-p 00000000 00:00 0 
7f28bd3bd000-7f28bd3c0000 ---p 00000000 00:00 0 
7f28bd3c0000-7f28bd4be000 rw-p 00000000 00:00 0 
7f28bd4be000-7f28bd4c1000 ---p 00000000 00:00 0 
7f28bd4c1000-7f28bd5bf000 rw-p 00000000 00:00 0 
7f28bd5bf000-7f28bd5c2000 ---p 00000000 00:00 0 
7f28bd5c2000-7f28bd6c0000 rw-p 00000000 00:00 0 
7f28bd6c0000-7f28bd6c3000 ---p 00000000 00:00 0 
7f28bd6c3000-7f28bd7c1000 rw-p 00000000 00:00 0 
7f28bd7c1000-7f28bda99000 r--p 00000000 08:04 5243882                    /usr/lib/locale/locale-archive
7f28bda99000-7f28bda9c000 ---p 00000000 00:00 0 
7f28bda9c000-7f28bdb9a000 rw-p 00000000 00:00 0 
7f28bdb9a000-7f28bdb9d000 ---p 00000000 00:00 0 
7f28bdb9d000-7f28bdc9b000 rw-p 00000000 00:00 0 
7f28bdc9b000-7f28bdc9c000 ---p 00000000 00:00 0 
7f28bdc9c000-7f28c0000000 rw-p 00000000 00:00 0 
7f28c0000000-7f28c0021000 rw-p 00000000 00:00 0 
7f28c0021000-7f28c4000000 ---p 00000000 00:00 0 
7f28c400c000-7f28c4085000 r--s 010fd000 08:04 7340065                    /usr/lib/jvm/java-8-openjdk-amd64/lib/tools.jar
7f28c4085000-7f28c4088000 r--s 00014000 08:04 5647391                    /usr/share/java/ant-commons-net-1.9.6.jar
7f28c4088000-7f28c4089000 r--s 00002000 08:04 5647378                    /usr/share/java/ant-antlr-1.9.6.jar
7f28c4089000-7f28c408a000 r--s 00001000 08:04 5647383                    /usr/share/java/ant-apache-xalan2-1.9.6.jar
7f28c408a000-7f28c408c000 r--s 00002000 08:04 5647388                    /usr/share/java/ant-jmf-1.9.6.jar
7f28c408c000-7f28c408d000 r--s 00006000 08:04 5647390                    /usr/share/java/ant-testutil-1.9.6.jar
7f28c408d000-7f28c408f000 r--s 0001b000 08:04 5647381                    /usr/share/java/ant-junit-1.9.6.jar
7f28c408f000-7f28c4090000 r--s 00002000 08:04 5647376                    /usr/share/java/ant-apache-regexp-1.9.6.jar
7f28c4090000-7f28c4091000 r--s 00002000 08:04 5647387                    /usr/share/java/ant-apache-oro-1.9.6.jar
7f28c4091000-7f28c4092000 r--s 00002000 08:04 5647379                    /usr/share/java/ant-apache-bsf-1.9.6.jar
7f28c4092000-7f28c4093000 r--s 00003000 08:04 5647380                    /usr/share/java/ant-apache-bcel-1.9.6.jar
7f28c4093000-7f28c4094000 r--s 00002000 08:04 5647392                    /usr/share/java/ant-apache-resolver-1.9.6.jar
7f28c4094000-7f28c4096000 r--s 0000a000 08:04 5647375                    /usr/share/java/ant-jsch-1.9.6.jar
7f28c4096000-7f28c4098000 r--s 00002000 08:04 5647389                    /usr/share/java/ant-junit4-1.9.6.jar
7f28c4098000-7f28c40b7000 r--s 001d1000 08:04 5647365                    /usr/share/java/ant-1.9.6.jar
7f28c40b7000-7f28c40b9000 r--s 00001000 08:04 5647385                    /usr/share/java/ant-apache-log4j-1.9.6.jar
7f28c40b9000-7f28c40c3000 r--s 00116000 08:04 8132563                    /usr/lib/jvm/java-8-openjdk-amd64/jre/lib/ext/localedata.jar
7f28c40c3000-7f28c40de000 r--s 001d6000 08:04 8132543                    /usr/lib/jvm/java-8-openjdk-amd64/jre/lib/ext/nashorn.jar
7f28c40de000-7f28c40f9000 r--s 00394000 08:04 8132549                    /usr/lib/jvm/java-8-openjdk-amd64/jre/lib/ext/cldrdata.jar
7f28c40f9000-7f28c5000000 rw-p 00000000 00:00 0 
7f28c5000000-7f28c5d10000 rwxp 00000000 00:00 0 
7f28c5d10000-7f28d4000000 ---p 00000000 00:00 0 
7f28d4000000-7f28d45a1000 rw-p 00000000 00:00 0 
7f28d45a1000-7f28d8000000 ---p 00000000 00:00 0 
7f28d8000000-7f28d8001000 r--s 00004000 08:04 5647366                    /usr/share/java/ant-launcher-1.9.6.jar
7f28d8001000-7f28d8002000 r--s 00002000 08:04 5647382                    /usr/share/java/ant-commons-logging-1.9.6.jar
7f28d8002000-7f28d8003000 r--s 00003000 08:04 5647384                    /usr/share/java/ant-javamail-1.9.6.jar
7f28d8003000-7f28d84b7000 rw-p 00000000 00:00 0 
7f28d84b7000-7f28d8685000 r--s 03c06000 08:04 7864358                    /usr/lib/jvm/java-8-openjdk-amd64/jre/lib/rt.jar
7f28d8685000-7f28d88e1000 rw-p 00000000 00:00 0 
7f28d88e1000-7f28d88e2000 ---p 00000000 00:00 0 
7f28d88e2000-7f28d89e2000 rw-p 00000000 00:00 0 
7f28d89e2000-7f28d89e3000 ---p 00000000 00:00 0 
7f28d89e3000-7f28d8ae3000 rw-p 00000000 00:00 0 
7f28d8ae3000-7f28d8ae4000 ---p 00000000 00:00 0 
7f28d8ae4000-7f28d8be4000 rw-p 00000000 00:00 0 
7f28d8be4000-7f28d8be5000 ---p 00000000 00:00 0 
7f28d8be5000-7f28d8cfa000 rw-p 00000000 00:00 0 
7f28d8cfa000-7f28d8e29000 ---p 00000000 00:00 0 
7f28d8e29000-7f28d8e3e000 rw-p 00000000 00:00 0 
7f28d8e3e000-7f28d8f6d000 ---p 00000000 00:00 0 
7f28d8f6d000-7f28d8f95000 rw-p 00000000 00:00 0 
7f28d8f95000-7f28d900f000 ---p 00000000 00:00 0 
7f28d900f000-7f28d9045000 rw-p 00000000 00:00 0 
7f28d9045000-7f28d93d0000 ---p 00000000 00:00 0 
7f28d93d0000-7f28d93d8000 r-xp 00000000 08:04 8257634                    /usr/lib/jvm/java-8-openjdk-amd64/jre/lib/amd64/libzip.so
7f28d93d8000-7f28d95d7000 ---p 00008000 08:04 8257634                    /usr/lib/jvm/java-8-openjdk-amd64/jre/lib/amd64/libzip.so
7f28d95d7000-7f28d95d8000 r--p 00007000 08:04 8257634                    /usr/lib/jvm/java-8-openjdk-amd64/jre/lib/amd64/libzip.so
7f28d95d8000-7f28d95d9000 rw-p 00008000 08:04 8257634                    /usr/lib/jvm/java-8-openjdk-amd64/jre/lib/amd64/libzip.so
7f28d95d9000-7f28d95e4000 r-xp 00000000 08:04 3670956                    /lib/x86_64-linux-gnu/libnss_files-2.23.so
7f28d95e4000-7f28d97e3000 ---p 0000b000 08:04 3670956                    /lib/x86_64-linux-gnu/libnss_files-2.23.so
7f28d97e3000-7f28d97e4000 r--p 0000a000 08:04 3670956                    /lib/x86_64-linux-gnu/libnss_files-2.23.so
7f28d97e4000-7f28d97e5000 rw-p 0000b000 08:04 3670956                    /lib/x86_64-linux-gnu/libnss_files-2.23.so
7f28d97e5000-7f28d97eb000 rw-p 00000000 00:00 0 
7f28d97eb000-7f28d97f6000 r-xp 00000000 08:04 3670928                    /lib/x86_64-linux-gnu/libnss_nis-2.23.so
7f28d97f6000-7f28d99f5000 ---p 0000b000 08:04 3670928                    /lib/x86_64-linux-gnu/libnss_nis-2.23.so
7f28d99f5000-7f28d99f6000 r--p 0000a000 08:04 3670928                    /lib/x86_64-linux-gnu/libnss_nis-2.23.so
7f28d99f6000-7f28d99f7000 rw-p 0000b000 08:04 3670928                    /lib/x86_64-linux-gnu/libnss_nis-2.23.so
7f28d99f7000-7f28d9a0d000 r-xp 00000000 08:04 3670950                    /lib/x86_64-linux-gnu/libnsl-2.23.so
7f28d9a0d000-7f28d9c0c000 ---p 00016000 08:04 3670950                    /lib/x86_64-linux-gnu/libnsl-2.23.so
7f28d9c0c000-7f28d9c0d000 r--p 00015000 08:04 3670950                    /lib/x86_64-linux-gnu/libnsl-2.23.so
7f28d9c0d000-7f28d9c0e000 rw-p 00016000 08:04 3670950                    /lib/x86_64-linux-gnu/libnsl-2.23.so
7f28d9c0e000-7f28d9c10000 rw-p 00000000 00:00 0 
7f28d9c10000-7f28d9c18000 r-xp 00000000 08:04 3670952                    /lib/x86_64-linux-gnu/libnss_compat-2.23.so
7f28d9c18000-7f28d9e17000 ---p 00008000 08:04 3670952                    /lib/x86_64-linux-gnu/libnss_compat-2.23.so
7f28d9e17000-7f28d9e18000 r--p 00007000 08:04 3670952                    /lib/x86_64-linux-gnu/libnss_compat-2.23.so
7f28d9e18000-7f28d9e19000 rw-p 00008000 08:04 3670952                    /lib/x86_64-linux-gnu/libnss_compat-2.23.so
7f28d9e19000-7f28d9e46000 r-xp 00000000 08:04 8257780                    /usr/lib/jvm/java-8-openjdk-amd64/jre/lib/amd64/libjava.so
7f28d9e46000-7f28da045000 ---p 0002d000 08:04 8257780                    /usr/lib/jvm/java-8-openjdk-amd64/jre/lib/amd64/libjava.so
7f28da045000-7f28da046000 r--p 0002c000 08:04 8257780                    /usr/lib/jvm/java-8-openjdk-amd64/jre/lib/amd64/libjava.so
7f28da046000-7f28da048000 rw-p 0002d000 08:04 8257780                    /usr/lib/jvm/java-8-openjdk-amd64/jre/lib/amd64/libjava.so
7f28da048000-7f28da057000 r-xp 00000000 08:04 8257582                    /usr/lib/jvm/java-8-openjdk-amd64/jre/lib/amd64/libverify.so
7f28da057000-7f28da256000 ---p 0000f000 08:04 8257582                    /usr/lib/jvm/java-8-openjdk-amd64/jre/lib/amd64/libverify.so
7f28da256000-7f28da258000 r--p 0000e000 08:04 8257582                    /usr/lib/jvm/java-8-openjdk-amd64/jre/lib/amd64/libverify.so
7f28da258000-7f28da259000 rw-p 00010000 08:04 8257582                    /usr/lib/jvm/java-8-openjdk-amd64/jre/lib/amd64/libverify.so
7f28da259000-7f28da260000 r-xp 00000000 08:04 3670926                    /lib/x86_64-linux-gnu/librt-2.23.so
7f28da260000-7f28da45f000 ---p 00007000 08:04 3670926                    /lib/x86_64-linux-gnu/librt-2.23.so
7f28da45f000-7f28da460000 r--p 00006000 08:04 3670926                    /lib/x86_64-linux-gnu/librt-2.23.so
7f28da460000-7f28da461000 rw-p 00007000 08:04 3670926                    /lib/x86_64-linux-gnu/librt-2.23.so
7f28da461000-7f28da477000 r-xp 00000000 08:04 3674212                    /lib/x86_64-linux-gnu/libgcc_s.so.1
7f28da477000-7f28da676000 ---p 00016000 08:04 3674212                    /lib/x86_64-linux-gnu/libgcc_s.so.1
7f28da676000-7f28da677000 rw-p 00015000 08:04 3674212                    /lib/x86_64-linux-gnu/libgcc_s.so.1
7f28da677000-7f28da77f000 r-xp 00000000 08:04 3670946                    /lib/x86_64-linux-gnu/libm-2.23.so
7f28da77f000-7f28da97e000 ---p 00108000 08:04 3670946                    /lib/x86_64-linux-gnu/libm-2.23.so
7f28da97e000-7f28da97f000 r--p 00107000 08:04 3670946                    /lib/x86_64-linux-gnu/libm-2.23.so
7f28da97f000-7f28da980000 rw-p 00108000 08:04 3670946                    /lib/x86_64-linux-gnu/libm-2.23.so
7f28da980000-7f28daaf2000 r-xp 00000000 08:04 5245011                    /usr/lib/x86_64-linux-gnu/libstdc++.so.6.0.21
7f28daaf2000-7f28dacf2000 ---p 00172000 08:04 5245011                    /usr/lib/x86_64-linux-gnu/libstdc++.so.6.0.21
7f28dacf2000-7f28dacfc000 r--p 00172000 08:04 5245011                    /usr/lib/x86_64-linux-gnu/libstdc++.so.6.0.21
7f28dacfc000-7f28dacfe000 rw-p 0017c000 08:04 5245011                    /usr/lib/x86_64-linux-gnu/libstdc++.so.6.0.21
7f28dacfe000-7f28dad02000 rw-p 00000000 00:00 0 
7f28dad02000-7f28db952000 r-xp 00000000 08:04 8388635                    /usr/lib/jvm/java-8-openjdk-amd64/jre/lib/amd64/server/libjvm.so
7f28db952000-7f28dbb51000 ---p 00c50000 08:04 8388635                    /usr/lib/jvm/java-8-openjdk-amd64/jre/lib/amd64/server/libjvm.so
7f28dbb51000-7f28dbbe4000 r--p 00c4f000 08:04 8388635                    /usr/lib/jvm/java-8-openjdk-amd64/jre/lib/amd64/server/libjvm.so
7f28dbbe4000-7f28dbc0d000 rw-p 00ce2000 08:04 8388635                    /usr/lib/jvm/java-8-openjdk-amd64/jre/lib/amd64/server/libjvm.so
7f28dbc0d000-7f28dbc3d000 rw-p 00000000 00:00 0 
7f28dbc3d000-7f28dbc55000 r-xp 00000000 08:04 3670948                    /lib/x86_64-linux-gnu/libpthread-2.23.so
7f28dbc55000-7f28dbe54000 ---p 00018000 08:04 3670948                    /lib/x86_64-linux-gnu/libpthread-2.23.so
7f28dbe54000-7f28dbe55000 r--p 00017000 08:04 3670948                    /lib/x86_64-linux-gnu/libpthread-2.23.so
7f28dbe55000-7f28dbe56000 rw-p 00018000 08:04 3670948                    /lib/x86_64-linux-gnu/libpthread-2.23.so
7f28dbe56000-7f28dbe5a000 rw-p 00000000 00:00 0 
7f28dbe5a000-7f28dbe5d000 r-xp 00000000 08:04 3670934                    /lib/x86_64-linux-gnu/libdl-2.23.so
7f28dbe5d000-7f28dc05c000 ---p 00003000 08:04 3670934                    /lib/x86_64-linux-gnu/libdl-2.23.so
7f28dc05c000-7f28dc05d000 r--p 00002000 08:04 3670934                    /lib/x86_64-linux-gnu/libdl-2.23.so
7f28dc05d000-7f28dc05e000 rw-p 00003000 08:04 3670934                    /lib/x86_64-linux-gnu/libdl-2.23.so
7f28dc05e000-7f28dc077000 r-xp 00000000 08:04 3670183                    /lib/x86_64-linux-gnu/libz.so.1.2.8
7f28dc077000-7f28dc276000 ---p 00019000 08:04 3670183                    /lib/x86_64-linux-gnu/libz.so.1.2.8
7f28dc276000-7f28dc277000 r--p 00018000 08:04 3670183                    /lib/x86_64-linux-gnu/libz.so.1.2.8
7f28dc277000-7f28dc278000 rw-p 00019000 08:04 3670183                    /lib/x86_64-linux-gnu/libz.so.1.2.8
7f28dc278000-7f28dc437000 r-xp 00000000 08:04 3670936                    /lib/x86_64-linux-gnu/libc-2.23.so
7f28dc437000-7f28dc637000 ---p 001bf000 08:04 3670936                    /lib/x86_64-linux-gnu/libc-2.23.so
7f28dc637000-7f28dc63b000 r--p 001bf000 08:04 3670936                    /lib/x86_64-linux-gnu/libc-2.23.so
7f28dc63b000-7f28dc63d000 rw-p 001c3000 08:04 3670936                    /lib/x86_64-linux-gnu/libc-2.23.so
7f28dc63d000-7f28dc641000 rw-p 00000000 00:00 0 
7f28dc641000-7f28dc64e000 r-xp 00000000 08:04 8519684                    /usr/lib/jvm/java-8-openjdk-amd64/jre/lib/amd64/jli/libjli.so
7f28dc64e000-7f28dc84e000 ---p 0000d000 08:04 8519684                    /usr/lib/jvm/java-8-openjdk-amd64/jre/lib/amd64/jli/libjli.so
7f28dc84e000-7f28dc84f000 r--p 0000d000 08:04 8519684                    /usr/lib/jvm/java-8-openjdk-amd64/jre/lib/amd64/jli/libjli.so
7f28dc84f000-7f28dc850000 rw-p 0000e000 08:04 8519684                    /usr/lib/jvm/java-8-openjdk-amd64/jre/lib/amd64/jli/libjli.so
7f28dc850000-7f28dc876000 r-xp 00000000 08:04 3670914                    /lib/x86_64-linux-gnu/ld-2.23.so
7f28dc876000-7f28dc87b000 r--s 0003b000 08:04 8132567                    /usr/lib/jvm/java-8-openjdk-amd64/jre/lib/ext/sunjce_provider.jar
7f28dc87b000-7f28dc940000 rw-p 00000000 00:00 0 
7f28dc940000-7f28dc943000 ---p 00000000 00:00 0 
7f28dc943000-7f28dca46000 rw-p 00000000 00:00 0 
7f28dca46000-7f28dca47000 r--s 00003000 08:04 5647386                    /usr/share/java/ant-jdepend-1.9.6.jar
7f28dca47000-7f28dca48000 r--s 00003000 08:04 5647377                    /usr/share/java/ant-swing-1.9.6.jar
7f28dca48000-7f28dca49000 r--s 00004000 08:04 5647366                    /usr/share/java/ant-launcher-1.9.6.jar
7f28dca49000-7f28dca4b000 r--s 00001000 08:04 8132547                    /usr/lib/jvm/java-8-openjdk-amd64/jre/lib/ext/dnsns.jar
7f28dca4b000-7f28dca4c000 r--s 0000a000 08:04 8132570                    /usr/lib/jvm/java-8-openjdk-amd64/jre/lib/ext/jaccess.jar
7f28dca4c000-7f28dca4d000 r--s 00010000 08:04 8132556                    /usr/lib/jvm/java-8-openjdk-amd64/jre/lib/ext/zipfs.jar
7f28dca4d000-7f28dca4f000 r--s 00008000 08:04 8132531                    /usr/lib/jvm/java-8-openjdk-amd64/jre/lib/ext/sunec.jar
7f28dca4f000-7f28dca53000 r--s 00037000 08:04 8132562                    /usr/lib/jvm/java-8-openjdk-amd64/jre/lib/ext/sunpkcs11.jar
7f28dca53000-7f28dca56000 r--s 0000f000 08:04 8132548                    /usr/lib/jvm/java-8-openjdk-amd64/jre/lib/ext/icedtea-sound.jar
7f28dca56000-7f28dca69000 rw-p 00000000 00:00 0 
7f28dca69000-7f28dca71000 rw-s 00000000 08:04 3670267                    /tmp/hsperfdata_saurabh/5439
7f28dca71000-7f28dca72000 rw-p 00000000 00:00 0 
7f28dca72000-7f28dca73000 ---p 00000000 00:00 0 
7f28dca73000-7f28dca75000 rw-p 00000000 00:00 0 
7f28dca75000-7f28dca76000 r--p 00025000 08:04 3670914                    /lib/x86_64-linux-gnu/ld-2.23.so
7f28dca76000-7f28dca77000 rw-p 00026000 08:04 3670914                    /lib/x86_64-linux-gnu/ld-2.23.so
7f28dca77000-7f28dca78000 rw-p 00000000 00:00 0 
7ffe672d0000-7ffe672f2000 rw-p 00000000 00:00 0                          [stack]
7ffe67302000-7ffe67304000 r--p 00000000 00:00 0                          [vvar]
7ffe67304000-7ffe67306000 r-xp 00000000 00:00 0                          [vdso]
ffffffffff600000-ffffffffff601000 r-xp 00000000 00:00 0                  [vsyscall]

VM Arguments:
jvm_args: -Dant.home=/usr/share/ant -Dant.library.dir=/usr/share/ant/lib 
java_command: org.apache.tools.ant.launch.Launcher -cp  java
java_class_path (initial): /usr/share/ant/lib/ant-launcher.jar
Launcher Type: SUN_STANDARD

Environment Variables:
PATH=/home/saurabh/SaurabhKumar/BeeWareVOC/PythonEnvironmets/VOC_Env/bin:/home/saurabh/anaconda2/bin:/home/saurabh/torch/install/bin:/home/saurabh/.pythonbrew/bin:/home/saurabh/.pythonbrew/bin:/home/saurabh/torch/install/bin:/usr/local/sbin:/usr/local/bin:/usr/sbin:/usr/bin:/sbin:/bin:/usr/games:/usr/local/games:/snap/bin:/usr/brlcad/bin
LD_LIBRARY_PATH=/home/saurabh/torch/install/lib:/home/saurabh/torch/install/lib:
SHELL=/bin/bash
DISPLAY=:0
DYLD_LIBRARY_PATH=/home/saurabh/torch/install/lib:/home/saurabh/torch/install/lib:

Signal Handlers:
SIGSEGV: [libjvm.so+0xa66fd0], sa_mask[0]=11111111011111111101111111111110, sa_flags=SA_RESTART|SA_SIGINFO
SIGBUS: [libjvm.so+0xa66fd0], sa_mask[0]=11111111011111111101111111111110, sa_flags=SA_RESTART|SA_SIGINFO
SIGFPE: [libjvm.so+0x8b0180], sa_mask[0]=11111111011111111101111111111110, sa_flags=SA_RESTART|SA_SIGINFO
SIGPIPE: [libjvm.so+0x8b0180], sa_mask[0]=11111111011111111101111111111110, sa_flags=SA_RESTART|SA_SIGINFO
SIGXFSZ: [libjvm.so+0x8b0180], sa_mask[0]=11111111011111111101111111111110, sa_flags=SA_RESTART|SA_SIGINFO
SIGILL: [libjvm.so+0x8b0180], sa_mask[0]=11111111011111111101111111111110, sa_flags=SA_RESTART|SA_SIGINFO
SIGUSR1: SIG_DFL, sa_mask[0]=00000000000000000000000000000000, sa_flags=none
SIGUSR2: [libjvm.so+0x8b0030], sa_mask[0]=00000000000000000000000000000000, sa_flags=SA_RESTART|SA_SIGINFO
SIGHUP: [libjvm.so+0x8b0500], sa_mask[0]=11111111011111111101111111111110, sa_flags=SA_RESTART|SA_SIGINFO
SIGINT: [libjvm.so+0x8b0500], sa_mask[0]=11111111011111111101111111111110, sa_flags=SA_RESTART|SA_SIGINFO
SIGTERM: [libjvm.so+0x8b0500], sa_mask[0]=11111111011111111101111111111110, sa_flags=SA_RESTART|SA_SIGINFO
SIGQUIT: [libjvm.so+0x8b0500], sa_mask[0]=11111111011111111101111111111110, sa_flags=SA_RESTART|SA_SIGINFO


---------------  S Y S T E M  ---------------

OS:DISTRIB_ID=Ubuntu
DISTRIB_RELEASE=16.04
DISTRIB_CODENAME=xenial
DISTRIB_DESCRIPTION="Ubuntu 16.04.2 LTS"

uname:Linux 4.4.0-65-generic #86-Ubuntu SMP Thu Feb 23 17:49:58 UTC 2017 x86_64
libc:glibc 2.23 NPTL 2.23 
rlimit: STACK 8192k, CORE 0k, NPROC 15392, NOFILE 65536, AS infinity
load average:13.07 10.68 6.02

/proc/meminfo:
MemTotal:        3980976 kB
MemFree:          276012 kB
MemAvailable:     187288 kB
Buffers:             980 kB
Cached:           329872 kB
SwapCached:            0 kB
Active:          3205884 kB
Inactive:         299136 kB
Active(anon):    3200340 kB
Inactive(anon):   272816 kB
Active(file):       5544 kB
Inactive(file):    26320 kB
Unevictable:         176 kB
Mlocked:             176 kB
SwapTotal:             0 kB
SwapFree:              0 kB
Dirty:               136 kB
Writeback:             0 kB
AnonPages:       3174876 kB
Mapped:           128708 kB
Shmem:            298456 kB
Slab:              79452 kB
SReclaimable:      35760 kB
SUnreclaim:        43692 kB
KernelStack:       11008 kB
PageTables:        62716 kB
NFS_Unstable:          0 kB
Bounce:                0 kB
WritebackTmp:          0 kB
CommitLimit:     1990488 kB
Committed_AS:    8593348 kB
VmallocTotal:   34359738367 kB
VmallocUsed:           0 kB
VmallocChunk:          0 kB
HardwareCorrupted:     0 kB
AnonHugePages:   1177600 kB
CmaTotal:              0 kB
CmaFree:               0 kB
HugePages_Total:       0
HugePages_Free:        0
HugePages_Rsvd:        0
HugePages_Surp:        0
Hugepagesize:       2048 kB
DirectMap4k:      197312 kB
DirectMap2M:     3932160 kB
DirectMap1G:     1048576 kB


CPU:total 4 (2 cores per cpu, 2 threads per core) family 6 model 69 stepping 1, cmov, cx8, fxsr, mmx, sse, sse2, sse3, ssse3, sse4.1, sse4.2, popcnt, avx, avx2, aes, clmul, erms, lzcnt, ht, tsc, tscinvbit, bmi1, bmi2

/proc/cpuinfo:
processor	: 0
vendor_id	: GenuineIntel
cpu family	: 6
model		: 69
model name	: Intel(R) Core(TM) i3-4005U CPU @ 1.70GHz
stepping	: 1
microcode	: 0x1d
cpu MHz		: 1631.335
cache size	: 3072 KB
physical id	: 0
siblings	: 4
core id		: 0
cpu cores	: 2
apicid		: 0
initial apicid	: 0
fpu		: yes
fpu_exception	: yes
cpuid level	: 13
wp		: yes
flags		: fpu vme de pse tsc msr pae mce cx8 apic sep mtrr pge mca cmov pat pse36 clflush dts acpi mmx fxsr sse sse2 ss ht tm pbe syscall nx pdpe1gb rdtscp lm constant_tsc arch_perfmon pebs bts rep_good nopl xtopology nonstop_tsc aperfmperf eagerfpu pni pclmulqdq dtes64 monitor ds_cpl vmx est tm2 ssse3 sdbg fma cx16 xtpr pdcm pcid sse4_1 sse4_2 movbe popcnt tsc_deadline_timer aes xsave avx f16c rdrand lahf_lm abm epb tpr_shadow vnmi flexpriority ept vpid fsgsbase tsc_adjust bmi1 avx2 smep bmi2 erms invpcid xsaveopt dtherm ida arat pln pts
bugs		:
bogomips	: 3392.08
clflush size	: 64
cache_alignment	: 64
address sizes	: 39 bits physical, 48 bits virtual
power management:

processor	: 1
vendor_id	: GenuineIntel
cpu family	: 6
model		: 69
model name	: Intel(R) Core(TM) i3-4005U CPU @ 1.70GHz
stepping	: 1
microcode	: 0x1d
cpu MHz		: 992.507
cache size	: 3072 KB
physical id	: 0
siblings	: 4
core id		: 0
cpu cores	: 2
apicid		: 1
initial apicid	: 1
fpu		: yes
fpu_exception	: yes
cpuid level	: 13
wp		: yes
flags		: fpu vme de pse tsc msr pae mce cx8 apic sep mtrr pge mca cmov pat pse36 clflush dts acpi mmx fxsr sse sse2 ss ht tm pbe syscall nx pdpe1gb rdtscp lm constant_tsc arch_perfmon pebs bts rep_good nopl xtopology nonstop_tsc aperfmperf eagerfpu pni pclmulqdq dtes64 monitor ds_cpl vmx est tm2 ssse3 sdbg fma cx16 xtpr pdcm pcid sse4_1 sse4_2 movbe popcnt tsc_deadline_timer aes xsave avx f16c rdrand lahf_lm abm epb tpr_shadow vnmi flexpriority ept vpid fsgsbase tsc_adjust bmi1 avx2 smep bmi2 erms invpcid xsaveopt dtherm ida arat pln pts
bugs		:
bogomips	: 3392.08
clflush size	: 64
cache_alignment	: 64
address sizes	: 39 bits physical, 48 bits virtual
power management:

processor	: 2
vendor_id	: GenuineIntel
cpu family	: 6
model		: 69
model name	: Intel(R) Core(TM) i3-4005U CPU @ 1.70GHz
stepping	: 1
microcode	: 0x1d
cpu MHz		: 1700.066
cache size	: 3072 KB
physical id	: 0
siblings	: 4
core id		: 1
cpu cores	: 2
apicid		: 2
initial apicid	: 2
fpu		: yes
fpu_exception	: yes
cpuid level	: 13
wp		: yes
flags		: fpu vme de pse tsc msr pae mce cx8 apic sep mtrr pge mca cmov pat pse36 clflush dts acpi mmx fxsr sse sse2 ss ht tm pbe syscall nx pdpe1gb rdtscp lm constant_tsc arch_perfmon pebs bts rep_good nopl xtopology nonstop_tsc aperfmperf eagerfpu pni pclmulqdq dtes64 monitor ds_cpl vmx est tm2 ssse3 sdbg fma cx16 xtpr pdcm pcid sse4_1 sse4_2 movbe popcnt tsc_deadline_timer aes xsave avx f16c rdrand lahf_lm abm epb tpr_shadow vnmi flexpriority ept vpid fsgsbase tsc_adjust bmi1 avx2 smep bmi2 erms invpcid xsaveopt dtherm ida arat pln pts
bugs		:
bogomips	: 3392.08
clflush size	: 64
cache_alignment	: 64
address sizes	: 39 bits physical, 48 bits virtual
power management:

processor	: 3
vendor_id	: GenuineIntel
cpu family	: 6
model		: 69
model name	: Intel(R) Core(TM) i3-4005U CPU @ 1.70GHz
stepping	: 1
microcode	: 0x1d
cpu MHz		: 810.753
cache size	: 3072 KB
physical id	: 0
siblings	: 4
core id		: 1
cpu cores	: 2
apicid		: 3
initial apicid	: 3
fpu		: yes
fpu_exception	: yes
cpuid level	: 13
wp		: yes
flags		: fpu vme de pse tsc msr pae mce cx8 apic sep mtrr pge mca cmov pat pse36 clflush dts acpi mmx fxsr sse sse2 ss ht tm pbe syscall nx pdpe1gb rdtscp lm constant_tsc arch_perfmon pebs bts rep_good nopl xtopology nonstop_tsc aperfmperf eagerfpu pni pclmulqdq dtes64 monitor ds_cpl vmx est tm2 ssse3 sdbg fma cx16 xtpr pdcm pcid sse4_1 sse4_2 movbe popcnt tsc_deadline_timer aes xsave avx f16c rdrand lahf_lm abm epb tpr_shadow vnmi flexpriority ept vpid fsgsbase tsc_adjust bmi1 avx2 smep bmi2 erms invpcid xsaveopt dtherm ida arat pln pts
bugs		:
bogomips	: 3392.08
clflush size	: 64
cache_alignment	: 64
address sizes	: 39 bits physical, 48 bits virtual
power management:



Memory: 4k page, physical 3980976k(276012k free), swap 0k(0k free)

vm_info: OpenJDK 64-Bit Server VM (25.121-b13) for linux-amd64 JRE (1.8.0_121-8u121-b13-0ubuntu1.16.04.2-b13), built on Jan 23 2017 15:51:29 by "buildd" with gcc 5.4.0 20160609

time: Fri Mar  3 14:29:14 2017
elapsed time: 32 seconds (0d 0h 0m 32s)

