#
# There is insufficient memory for the Java Runtime Environment to continue.
# Native memory allocation (mmap) failed to map 63963136 bytes for committing reserved memory.
# Possible reasons:
#   The system is out of physical RAM or swap space
#   In 32 bit mode, the process size limit was hit
# Possible solutions:
#   Reduce memory load on the system
#   Increase physical memory or swap space
#   Check if swap backing store is full
#   Use 64 bit Java on a 64 bit OS
#   Decrease Java heap size (-Xmx/-Xms)
#   Decrease number of Java threads
#   Decrease Java thread stack sizes (-Xss)
#   Set larger code cache with -XX:ReservedCodeCacheSize=
# This output file may be truncated or incomplete.
#
#  Out of Memory Error (os_linux.cpp:2630), pid=4683, tid=0x00007f5a375f5700
#
# JRE version: OpenJDK Runtime Environment (8.0_121-b13) (build 1.8.0_121-8u121-b13-0ubuntu1.16.04.2-b13)
# Java VM: OpenJDK 64-Bit Server VM (25.121-b13 mixed mode linux-amd64 compressed oops)
# Failed to write core dump. Core dumps have been disabled. To enable core dumping, try "ulimit -c unlimited" before starting Java again
#

---------------  T H R E A D  ---------------

Current thread (0x00007f5a4c077800):  VMThread [stack: 0x00007f5a374f5000,0x00007f5a375f6000] [id=4716]

Stack: [0x00007f5a374f5000,0x00007f5a375f6000],  sp=0x00007f5a375f44c0,  free space=1021k
Native frames: (J=compiled Java code, j=interpreted, Vv=VM code, C=native code)
V  [libjvm.so+0xa6647b]
V  [libjvm.so+0x4c32dc]
V  [libjvm.so+0x8b4b60]
V  [libjvm.so+0x8aefde]
V  [libjvm.so+0x929a16]
V  [libjvm.so+0x92ad43]
V  [libjvm.so+0x9273f3]
V  [libjvm.so+0x9276bc]
V  [libjvm.so+0x8d9553]
V  [libjvm.so+0xa68132]
V  [libjvm.so+0xa6d217]
V  [libjvm.so+0xa6a9e7]
V  [libjvm.so+0xa6be6f]
V  [libjvm.so+0xa6c361]
V  [libjvm.so+0x8b2042]

VM_Operation (0x00007f5a56252110): ParallelGCFailedAllocation, mode: safepoint, requested by thread 0x00007f5a4c00a000


---------------  P R O C E S S  ---------------

Java Threads: ( => current thread )
  0x00007f5a4c36a000 JavaThread "process reaper" daemon [_thread_blocked, id=4757, stack(0x00007f5a3c007000,0x00007f5a3c040000)]
  0x00007f5a4c0d9000 JavaThread "Service Thread" daemon [_thread_blocked, id=4743, stack(0x00007f5a36b16000,0x00007f5a36c17000)]
  0x00007f5a4c0b1800 JavaThread "C1 CompilerThread2" daemon [_thread_blocked, id=4735, stack(0x00007f5a36c17000,0x00007f5a36d18000)]
  0x00007f5a4c0af800 JavaThread "C2 CompilerThread1" daemon [_thread_blocked, id=4733, stack(0x00007f5a36d18000,0x00007f5a36e19000)]
  0x00007f5a4c0ac800 JavaThread "C2 CompilerThread0" daemon [_thread_blocked, id=4731, stack(0x00007f5a36e19000,0x00007f5a36f1a000)]
  0x00007f5a4c0aa800 JavaThread "Signal Dispatcher" daemon [_thread_blocked, id=4726, stack(0x00007f5a36f1a000,0x00007f5a3701b000)]
  0x00007f5a4c083800 JavaThread "Finalizer" daemon [_thread_blocked, id=4723, stack(0x00007f5a372f3000,0x00007f5a373f4000)]
  0x00007f5a4c07f000 JavaThread "Reference Handler" daemon [_thread_blocked, id=4718, stack(0x00007f5a373f4000,0x00007f5a374f5000)]
  0x00007f5a4c00a000 JavaThread "main" [_thread_blocked, id=4692, stack(0x00007f5a56155000,0x00007f5a56256000)]

Other Threads:
=>0x00007f5a4c077800 VMThread [stack: 0x00007f5a374f5000,0x00007f5a375f6000] [id=4716]
  0x00007f5a4c0eb800 WatcherThread [stack: 0x00007f5a36a15000,0x00007f5a36b16000] [id=4746]

VM state:at safepoint (normal execution)

VM Mutex/Monitor currently owned by a thread:  ([mutex/lock_event])
[0x00007f5a4c0062c0] Threads_lock - owner thread: 0x00007f5a4c077800
[0x00007f5a4c0067c0] Heap_lock - owner thread: 0x00007f5a4c00a000

Heap:
 PSYoungGen      total 72704K, used 5734K [0x00000000ebc00000, 0x00000000f0c00000, 0x0000000100000000)
  eden space 63488K, 0% used [0x00000000ebc00000,0x00000000ebc00000,0x00000000efa00000)
  from space 9216K, 62% used [0x00000000efa00000,0x00000000eff99970,0x00000000f0300000)
  to   space 9216K, 0% used [0x00000000f0300000,0x00000000f0300000,0x00000000f0c00000)
 ParOldGen       total 42496K, used 15389K [0x00000000c3400000, 0x00000000c5d80000, 0x00000000ebc00000)
  object space 42496K, 36% used [0x00000000c3400000,0x00000000c4307698,0x00000000c5d80000)
 Metaspace       used 15700K, capacity 15972K, committed 16128K, reserved 1062912K
  class space    used 1643K, capacity 1740K, committed 1792K, reserved 1048576K

Card table byte_map: [0x00007f5a5263e000,0x00007f5a52825000] byte_map_base: 0x00007f5a52024000

Marking Bits: (ParMarkBitMap*) 0x00007f5a55435220
 Begin Bits: [0x00007f5a50296000, 0x00007f5a511c6000)
 End Bits:   [0x00007f5a511c6000, 0x00007f5a520f6000)

Polling page: 0x00007f5a56287000

CodeCache: size=245760Kb used=13882Kb max_used=13882Kb free=231877Kb
 bounds [0x00007f5a3d000000, 0x00007f5a3dda0000, 0x00007f5a4c000000]
 total_blobs=4012 nmethods=3643 adapters=281
 compilation: enabled

Compilation events (10 events):
Event: 24.693 Thread 0x00007f5a4c0b1800 nmethod 3895 0x00007f5a3dd7d4d0 code [0x00007f5a3dd7d680, 0x00007f5a3dd7db90]
Event: 24.701 Thread 0x00007f5a4c0b1800 3896  s    3       org.apache.tools.ant.types.resources.FailFast::add (47 bytes)
Event: 24.702 Thread 0x00007f5a4c0b1800 nmethod 3896 0x00007f5a3dd7de50 code [0x00007f5a3dd7e040, 0x00007f5a3dd7ea08]
Event: 24.703 Thread 0x00007f5a4c0b1800 3897       1       java.lang.AbstractStringBuilder::length (5 bytes)
Event: 24.703 Thread 0x00007f5a4c0b1800 nmethod 3897 0x00007f5a3dd7ee10 code [0x00007f5a3dd7ef60, 0x00007f5a3dd7f070]
Event: 24.709 Thread 0x00007f5a4c0b1800 3898       3       java.lang.Class::checkMemberAccess (49 bytes)
Event: 24.710 Thread 0x00007f5a4c0b1800 nmethod 3898 0x00007f5a3dd7f0d0 code [0x00007f5a3dd7f280, 0x00007f5a3dd7f7d8]
Event: 24.710 Thread 0x00007f5a4c0b1800 3899       3       org.apache.tools.ant.ProjectComponent::setProject (6 bytes)
Event: 24.710 Thread 0x00007f5a4c0b1800 nmethod 3899 0x00007f5a3dd7f990 code [0x00007f5a3dd7fae0, 0x00007f5a3dd7fc50]
Event: 24.718 Thread 0x00007f5a4c0b1800 3901 % !   3       com.sun.tools.javac.parser.JavaTokenizer::readToken @ 520 (2243 bytes)

GC Heap History (10 events):
Event: 7.548 GC heap after
Heap after GC invocations=2 (full 0):
 PSYoungGen      total 18432K, used 2558K [0x00000000ebc00000, 0x00000000ee000000, 0x0000000100000000)
  eden space 15872K, 0% used [0x00000000ebc00000,0x00000000ebc00000,0x00000000ecb80000)
  from space 2560K, 99% used [0x00000000ece00000,0x00000000ed07f978,0x00000000ed080000)
  to   space 2560K, 0% used [0x00000000ecb80000,0x00000000ecb80000,0x00000000ece00000)
 ParOldGen       total 42496K, used 1782K [0x00000000c3400000, 0x00000000c5d80000, 0x00000000ebc00000)
  object space 42496K, 4% used [0x00000000c3400000,0x00000000c35bd878,0x00000000c5d80000)
 Metaspace       used 10725K, capacity 11006K, committed 11136K, reserved 1058816K
  class space    used 1255K, capacity 1323K, committed 1408K, reserved 1048576K
}
Event: 8.987 GC heap before
{Heap before GC invocations=3 (full 0):
 PSYoungGen      total 18432K, used 18430K [0x00000000ebc00000, 0x00000000ee000000, 0x0000000100000000)
  eden space 15872K, 100% used [0x00000000ebc00000,0x00000000ecb80000,0x00000000ecb80000)
  from space 2560K, 99% used [0x00000000ece00000,0x00000000ed07f978,0x00000000ed080000)
  to   space 2560K, 0% used [0x00000000ecb80000,0x00000000ecb80000,0x00000000ece00000)
 ParOldGen       total 42496K, used 1782K [0x00000000c3400000, 0x00000000c5d80000, 0x00000000ebc00000)
  object space 42496K, 4% used [0x00000000c3400000,0x00000000c35bd878,0x00000000c5d80000)
 Metaspace       used 12409K, capacity 12638K, committed 12800K, reserved 1060864K
  class space    used 1416K, capacity 1483K, committed 1536K, reserved 1048576K
Event: 9.052 GC heap after
Heap after GC invocations=3 (full 0):
 PSYoungGen      total 18432K, used 2544K [0x00000000ebc00000, 0x00000000ee000000, 0x0000000100000000)
  eden space 15872K, 0% used [0x00000000ebc00000,0x00000000ebc00000,0x00000000ecb80000)
  from space 2560K, 99% used [0x00000000ecb80000,0x00000000ecdfc040,0x00000000ece00000)
  to   space 2560K, 0% used [0x00000000edd80000,0x00000000edd80000,0x00000000ee000000)
 ParOldGen       total 42496K, used 5363K [0x00000000c3400000, 0x00000000c5d80000, 0x00000000ebc00000)
  object space 42496K, 12% used [0x00000000c3400000,0x00000000c393cd80,0x00000000c5d80000)
 Metaspace       used 12409K, capacity 12638K, committed 12800K, reserved 1060864K
  class space    used 1416K, capacity 1483K, committed 1536K, reserved 1048576K
}
Event: 10.268 GC heap before
{Heap before GC invocations=4 (full 0):
 PSYoungGen      total 18432K, used 18416K [0x00000000ebc00000, 0x00000000ee000000, 0x0000000100000000)
  eden space 15872K, 100% used [0x00000000ebc00000,0x00000000ecb80000,0x00000000ecb80000)
  from space 2560K, 99% used [0x00000000ecb80000,0x00000000ecdfc040,0x00000000ece00000)
  to   space 2560K, 0% used [0x00000000edd80000,0x00000000edd80000,0x00000000ee000000)
 ParOldGen       total 42496K, used 5363K [0x00000000c3400000, 0x00000000c5d80000, 0x00000000ebc00000)
  object space 42496K, 12% used [0x00000000c3400000,0x00000000c393cd80,0x00000000c5d80000)
 Metaspace       used 12634K, capacity 12830K, committed 13056K, reserved 1060864K
  class space    used 1431K, capacity 1483K, committed 1536K, reserved 1048576K
Event: 10.342 GC heap after
Heap after GC invocations=4 (full 0):
 PSYoungGen      total 34304K, used 2544K [0x00000000ebc00000, 0x00000000ee000000, 0x0000000100000000)
  eden space 31744K, 0% used [0x00000000ebc00000,0x00000000ebc00000,0x00000000edb00000)
  from space 2560K, 99% used [0x00000000edd80000,0x00000000edffc030,0x00000000ee000000)
  to   space 2560K, 0% used [0x00000000edb00000,0x00000000edb00000,0x00000000edd80000)
 ParOldGen       total 42496K, used 10714K [0x00000000c3400000, 0x00000000c5d80000, 0x00000000ebc00000)
  object space 42496K, 25% used [0x00000000c3400000,0x00000000c3e768a0,0x00000000c5d80000)
 Metaspace       used 12634K, capacity 12830K, committed 13056K, reserved 1060864K
  class space    used 1431K, capacity 1483K, committed 1536K, reserved 1048576K
}
Event: 15.193 GC heap before
{Heap before GC invocations=5 (full 0):
 PSYoungGen      total 34304K, used 34288K [0x00000000ebc00000, 0x00000000ee000000, 0x0000000100000000)
  eden space 31744K, 100% used [0x00000000ebc00000,0x00000000edb00000,0x00000000edb00000)
  from space 2560K, 99% used [0x00000000edd80000,0x00000000edffc030,0x00000000ee000000)
  to   space 2560K, 0% used [0x00000000edb00000,0x00000000edb00000,0x00000000edd80000)
 ParOldGen       total 42496K, used 10714K [0x00000000c3400000, 0x00000000c5d80000, 0x00000000ebc00000)
  object space 42496K, 25% used [0x00000000c3400000,0x00000000c3e768a0,0x00000000c5d80000)
 Metaspace       used 14491K, capacity 14718K, committed 14976K, reserved 1062912K
  class space    used 1574K, capacity 1643K, committed 1664K, reserved 1048576K
Event: 15.266 GC heap after
Heap after GC invocations=5 (full 0):
 PSYoungGen      total 34304K, used 2528K [0x00000000ebc00000, 0x00000000f0c00000, 0x0000000100000000)
  eden space 31744K, 0% used [0x00000000ebc00000,0x00000000ebc00000,0x00000000edb00000)
  from space 2560K, 98% used [0x00000000edb00000,0x00000000edd78040,0x00000000edd80000)
  to   space 9216K, 0% used [0x00000000f0300000,0x00000000f0300000,0x00000000f0c00000)
 ParOldGen       total 42496K, used 14232K [0x00000000c3400000, 0x00000000c5d80000, 0x00000000ebc00000)
  object space 42496K, 33% used [0x00000000c3400000,0x00000000c41e61b8,0x00000000c5d80000)
 Metaspace       used 14491K, capacity 14718K, committed 14976K, reserved 1062912K
  class space    used 1574K, capacity 1643K, committed 1664K, reserved 1048576K
}
Event: 18.862 GC heap before
{Heap before GC invocations=6 (full 0):
 PSYoungGen      total 34304K, used 34272K [0x00000000ebc00000, 0x00000000f0c00000, 0x0000000100000000)
  eden space 31744K, 100% used [0x00000000ebc00000,0x00000000edb00000,0x00000000edb00000)
  from space 2560K, 98% used [0x00000000edb00000,0x00000000edd78040,0x00000000edd80000)
  to   space 9216K, 0% used [0x00000000f0300000,0x00000000f0300000,0x00000000f0c00000)
 ParOldGen       total 42496K, used 14232K [0x00000000c3400000, 0x00000000c5d80000, 0x00000000ebc00000)
  object space 42496K, 33% used [0x00000000c3400000,0x00000000c41e61b8,0x00000000c5d80000)
 Metaspace       used 14976K, capacity 15230K, committed 15488K, reserved 1062912K
  class space    used 1581K, capacity 1643K, committed 1664K, reserved 1048576K
Event: 18.916 GC heap after
Heap after GC invocations=6 (full 0):
 PSYoungGen      total 72704K, used 3312K [0x00000000ebc00000, 0x00000000f0c00000, 0x0000000100000000)
  eden space 63488K, 0% used [0x00000000ebc00000,0x00000000ebc00000,0x00000000efa00000)
  from space 9216K, 35% used [0x00000000f0300000,0x00000000f063c030,0x00000000f0c00000)
  to   space 9216K, 0% used [0x00000000efa00000,0x00000000efa00000,0x00000000f0300000)
 ParOldGen       total 42496K, used 14232K [0x00000000c3400000, 0x00000000c5d80000, 0x00000000ebc00000)
  object space 42496K, 33% used [0x00000000c3400000,0x00000000c41e61b8,0x00000000c5d80000)
 Metaspace       used 14976K, capacity 15230K, committed 15488K, reserved 1062912K
  class space    used 1581K, capacity 1643K, committed 1664K, reserved 1048576K
}
Event: 24.765 GC heap before
{Heap before GC invocations=7 (full 0):
 PSYoungGen      total 72704K, used 66800K [0x00000000ebc00000, 0x00000000f0c00000, 0x0000000100000000)
  eden space 63488K, 100% used [0x00000000ebc00000,0x00000000efa00000,0x00000000efa00000)
  from space 9216K, 35% used [0x00000000f0300000,0x00000000f063c030,0x00000000f0c00000)
  to   space 9216K, 0% used [0x00000000efa00000,0x00000000efa00000,0x00000000f0300000)
 ParOldGen       total 42496K, used 14232K [0x00000000c3400000, 0x00000000c5d80000, 0x00000000ebc00000)
  object space 42496K, 33% used [0x00000000c3400000,0x00000000c41e61b8,0x00000000c5d80000)
 Metaspace       used 15700K, capacity 15972K, committed 16128K, reserved 1062912K
  class space    used 1643K, capacity 1740K, committed 1792K, reserved 1048576K

Deoptimization events (10 events):
Event: 24.708 Thread 0x00007f5a4c00a000 Uncommon trap: reason=class_check action=maybe_recompile pc=0x00007f5a3d9053e0 method=java.util.regex.Pattern$Start.match(Ljava/util/regex/Matcher;ILjava/lang/CharSequence;)Z @ 44
Event: 24.708 Thread 0x00007f5a4c00a000 Uncommon trap: reason=class_check action=maybe_recompile pc=0x00007f5a3d7e5104 method=java.util.regex.Pattern$BmpCharProperty.match(Ljava/util/regex/Matcher;ILjava/lang/CharSequence;)Z @ 31
Event: 24.708 Thread 0x00007f5a4c00a000 Uncommon trap: reason=unstable_if action=reinterpret pc=0x00007f5a3d90547c method=java.util.regex.Matcher.search(I)Z @ 30
Event: 24.708 Thread 0x00007f5a4c00a000 Uncommon trap: reason=class_check action=maybe_recompile pc=0x00007f5a3d7e5104 method=java.util.regex.Pattern$BmpCharProperty.match(Ljava/util/regex/Matcher;ILjava/lang/CharSequence;)Z @ 31
Event: 24.708 Thread 0x00007f5a4c00a000 Uncommon trap: reason=class_check action=maybe_recompile pc=0x00007f5a3d7e5104 method=java.util.regex.Pattern$BmpCharProperty.match(Ljava/util/regex/Matcher;ILjava/lang/CharSequence;)Z @ 31
Event: 24.708 Thread 0x00007f5a4c00a000 Uncommon trap: reason=class_check action=maybe_recompile pc=0x00007f5a3d7e5104 method=java.util.regex.Pattern$BmpCharProperty.match(Ljava/util/regex/Matcher;ILjava/lang/CharSequence;)Z @ 31
Event: 24.715 Thread 0x00007f5a4c00a000 Uncommon trap: reason=class_check action=maybe_recompile pc=0x00007f5a3d2e04c4 method=sun.misc.URLClassPath.getLoader(I)Lsun/misc/URLClassPath$Loader; @ 94
Event: 24.716 Thread 0x00007f5a4c00a000 Uncommon trap: reason=class_check action=maybe_recompile pc=0x00007f5a3d2e04c4 method=sun.misc.URLClassPath.getLoader(I)Lsun/misc/URLClassPath$Loader; @ 94
Event: 24.717 Thread 0x00007f5a4c00a000 Uncommon trap: reason=unstable_if action=reinterpret pc=0x00007f5a3d5c9604 method=com.sun.tools.javac.parser.JavaTokenizer.readToken()Lcom/sun/tools/javac/parser/Tokens$Token; @ 961
Event: 24.740 Thread 0x00007f5a4c00a000 Uncommon trap: reason=unstable_if action=reinterpret pc=0x00007f5a3d5f7de4 method=com.sun.tools.javac.parser.JavacParser.term3()Lcom/sun/tools/javac/tree/JCTree$JCExpression; @ 1519

Internal exceptions (10 events):
Event: 5.052 Thread 0x00007f5a4c00a000 Exception <a 'java/lang/NoSuchFieldError': method resolution failed> (0x00000000ec69e8e8) thrown at [/build/openjdk-8-YiEakL/openjdk-8-8u121-b13/src/hotspot/src/share/vm/prims/methodHandles.cpp, line 1146]
Event: 5.056 Thread 0x00007f5a4c00a000 Exception <a 'java/lang/NoSuchFieldError': method resolution failed> (0x00000000ec6abfa8) thrown at [/build/openjdk-8-YiEakL/openjdk-8-8u121-b13/src/hotspot/src/share/vm/prims/methodHandles.cpp, line 1146]
Event: 5.812 Thread 0x00007f5a4c00a000 Exception <a 'java/lang/ClassNotFoundException': org/apache/tools/ant/helper/DefaultExecutor> (0x00000000ec8e5618) thrown at [/build/openjdk-8-YiEakL/openjdk-8-8u121-b13/src/hotspot/src/share/vm/classfile/systemDictionary.cpp, line 210]
Event: 9.756 Thread 0x00007f5a4c00a000 Exception <a 'java/io/FileNotFoundException'> (0x00000000ec660870) thrown at [/build/openjdk-8-YiEakL/openjdk-8-8u121-b13/src/hotspot/src/share/vm/prims/jni.cpp, line 709]
Event: 9.802 Thread 0x00007f5a4c00a000 Exception <a 'java/io/FileNotFoundException'> (0x00000000ec6939f8) thrown at [/build/openjdk-8-YiEakL/openjdk-8-8u121-b13/src/hotspot/src/share/vm/prims/jni.cpp, line 709]
Event: 9.802 Thread 0x00007f5a4c00a000 Exception <a 'java/io/FileNotFoundException'> (0x00000000ec6946c0) thrown at [/build/openjdk-8-YiEakL/openjdk-8-8u121-b13/src/hotspot/src/share/vm/prims/jni.cpp, line 709]
Event: 21.984 Thread 0x00007f5a4c00a000 Implicit null exception at 0x00007f5a3dc3dca2 to 0x00007f5a3dc3df9d
Event: 24.745 Thread 0x00007f5a4c00a000 Exception <a 'java/io/FileNotFoundException'> (0x00000000ef8e2238) thrown at [/build/openjdk-8-YiEakL/openjdk-8-8u121-b13/src/hotspot/src/share/vm/prims/jni.cpp, line 709]
Event: 24.745 Thread 0x00007f5a4c00a000 Exception <a 'java/io/FileNotFoundException'> (0x00000000ef8e3100) thrown at [/build/openjdk-8-YiEakL/openjdk-8-8u121-b13/src/hotspot/src/share/vm/prims/jni.cpp, line 709]
Event: 24.745 Thread 0x00007f5a4c00a000 Exception <a 'java/io/FileNotFoundException'> (0x00000000ef8e3be0) thrown at [/build/openjdk-8-YiEakL/openjdk-8-8u121-b13/src/hotspot/src/share/vm/prims/jni.cpp, line 709]

Events (10 events):
Event: 24.716 Thread 0x00007f5a4c00a000 DEOPT UNPACKING pc=0x00007f5a3d004f69 sp=0x00007f5a56252098 mode 2
Event: 24.717 Thread 0x00007f5a4c00a000 Uncommon trap: trap_request=0xffffff65 fr.pc=0x00007f5a3d5c9604
Event: 24.717 Thread 0x00007f5a4c00a000 DEOPT PACKING pc=0x00007f5a3d5c9604 sp=0x00007f5a56252540
Event: 24.717 Thread 0x00007f5a4c00a000 DEOPT UNPACKING pc=0x00007f5a3d004f69 sp=0x00007f5a56252528 mode 2
Event: 24.740 Thread 0x00007f5a4c00a000 Uncommon trap: trap_request=0xffffff65 fr.pc=0x00007f5a3d5f7de4
Event: 24.740 Thread 0x00007f5a4c00a000 DEOPT PACKING pc=0x00007f5a3d5f7de4 sp=0x00007f5a56251180
Event: 24.740 Thread 0x00007f5a4c00a000 DEOPT UNPACKING pc=0x00007f5a3d004f69 sp=0x00007f5a562511d8 mode 2
Event: 24.747 Thread 0x00007f5a4c00a000 DEOPT PACKING pc=0x00007f5a3d4f4e3d sp=0x00007f5a56252510
Event: 24.747 Thread 0x00007f5a4c00a000 DEOPT UNPACKING pc=0x00007f5a3d047373 sp=0x00007f5a56252280 mode 0
Event: 24.762 Executing VM operation: ParallelGCFailedAllocation


Dynamic libraries:
00400000-00401000 r-xp 00000000 08:04 7733285                            /usr/lib/jvm/java-8-openjdk-amd64/jre/bin/java
00600000-00601000 r--p 00000000 08:04 7733285                            /usr/lib/jvm/java-8-openjdk-amd64/jre/bin/java
00601000-00602000 rw-p 00001000 08:04 7733285                            /usr/lib/jvm/java-8-openjdk-amd64/jre/bin/java
02115000-02136000 rw-p 00000000 00:00 0                                  [heap]
c3400000-c5d80000 rw-p 00000000 00:00 0 
c5d80000-ebc00000 ---p 00000000 00:00 0 
ebc00000-f0c00000 rw-p 00000000 00:00 0 
f4900000-100000000 ---p 00000000 00:00 0 
100000000-1001c0000 rw-p 00000000 00:00 0 
1001c0000-140000000 ---p 00000000 00:00 0 
7f59f0000000-7f59f0021000 rw-p 00000000 00:00 0 
7f59f0021000-7f59f4000000 ---p 00000000 00:00 0 
7f59f8000000-7f59f8021000 rw-p 00000000 00:00 0 
7f59f8021000-7f59fc000000 ---p 00000000 00:00 0 
7f59fc000000-7f59fc021000 rw-p 00000000 00:00 0 
7f59fc021000-7f5a00000000 ---p 00000000 00:00 0 
7f5a00000000-7f5a00021000 rw-p 00000000 00:00 0 
7f5a00021000-7f5a04000000 ---p 00000000 00:00 0 
7f5a04000000-7f5a04021000 rw-p 00000000 00:00 0 
7f5a04021000-7f5a08000000 ---p 00000000 00:00 0 
7f5a08000000-7f5a0906b000 rw-p 00000000 00:00 0 
7f5a0906b000-7f5a0c000000 ---p 00000000 00:00 0 
7f5a0c000000-7f5a0d037000 rw-p 00000000 00:00 0 
7f5a0d037000-7f5a10000000 ---p 00000000 00:00 0 
7f5a10000000-7f5a10021000 rw-p 00000000 00:00 0 
7f5a10021000-7f5a14000000 ---p 00000000 00:00 0 
7f5a14000000-7f5a14f54000 rw-p 00000000 00:00 0 
7f5a14f54000-7f5a18000000 ---p 00000000 00:00 0 
7f5a18000000-7f5a18021000 rw-p 00000000 00:00 0 
7f5a18021000-7f5a1c000000 ---p 00000000 00:00 0 
7f5a1c000000-7f5a1c021000 rw-p 00000000 00:00 0 
7f5a1c021000-7f5a20000000 ---p 00000000 00:00 0 
7f5a20000000-7f5a20021000 rw-p 00000000 00:00 0 
7f5a20021000-7f5a24000000 ---p 00000000 00:00 0 
7f5a24000000-7f5a24021000 rw-p 00000000 00:00 0 
7f5a24021000-7f5a28000000 ---p 00000000 00:00 0 
7f5a28000000-7f5a28021000 rw-p 00000000 00:00 0 
7f5a28021000-7f5a2c000000 ---p 00000000 00:00 0 
7f5a30000000-7f5a30021000 rw-p 00000000 00:00 0 
7f5a30021000-7f5a34000000 ---p 00000000 00:00 0 
7f5a35a6e000-7f5a35a7f000 r-xp 00000000 08:04 8257742                    /usr/lib/jvm/java-8-openjdk-amd64/jre/lib/amd64/libnio.so
7f5a35a7f000-7f5a35c7f000 ---p 00011000 08:04 8257742                    /usr/lib/jvm/java-8-openjdk-amd64/jre/lib/amd64/libnio.so
7f5a35c7f000-7f5a35c80000 r--p 00011000 08:04 8257742                    /usr/lib/jvm/java-8-openjdk-amd64/jre/lib/amd64/libnio.so
7f5a35c80000-7f5a35c81000 rw-p 00012000 08:04 8257742                    /usr/lib/jvm/java-8-openjdk-amd64/jre/lib/amd64/libnio.so
7f5a35c81000-7f5a35f82000 rw-p 00000000 00:00 0 
7f5a35f82000-7f5a35f99000 r-xp 00000000 08:04 8257636                    /usr/lib/jvm/java-8-openjdk-amd64/jre/lib/amd64/libnet.so
7f5a35f99000-7f5a36198000 ---p 00017000 08:04 8257636                    /usr/lib/jvm/java-8-openjdk-amd64/jre/lib/amd64/libnet.so
7f5a36198000-7f5a36199000 r--p 00016000 08:04 8257636                    /usr/lib/jvm/java-8-openjdk-amd64/jre/lib/amd64/libnet.so
7f5a36199000-7f5a3619a000 rw-p 00017000 08:04 8257636                    /usr/lib/jvm/java-8-openjdk-amd64/jre/lib/amd64/libnet.so
7f5a3619a000-7f5a3639a000 rw-p 00000000 00:00 0 
7f5a3639a000-7f5a3659a000 rw-p 00000000 00:00 0 
7f5a3659a000-7f5a3679a000 rw-p 00000000 00:00 0 
7f5a3679a000-7f5a3679d000 ---p 00000000 00:00 0 
7f5a3679d000-7f5a3689b000 rw-p 00000000 00:00 0 
7f5a3689b000-7f5a3689e000 ---p 00000000 00:00 0 
7f5a3689e000-7f5a3699c000 rw-p 00000000 00:00 0 
7f5a3699c000-7f5a36a15000 r--s 010fd000 08:04 7340065                    /usr/lib/jvm/java-8-openjdk-amd64/lib/tools.jar
7f5a36a15000-7f5a36a16000 ---p 00000000 00:00 0 
7f5a36a16000-7f5a36b16000 rw-p 00000000 00:00 0 
7f5a36b16000-7f5a36b19000 ---p 00000000 00:00 0 
7f5a36b19000-7f5a36c17000 rw-p 00000000 00:00 0 
7f5a36c17000-7f5a36c1a000 ---p 00000000 00:00 0 
7f5a36c1a000-7f5a36d18000 rw-p 00000000 00:00 0 
7f5a36d18000-7f5a36d1b000 ---p 00000000 00:00 0 
7f5a36d1b000-7f5a36e19000 rw-p 00000000 00:00 0 
7f5a36e19000-7f5a36e1c000 ---p 00000000 00:00 0 
7f5a36e1c000-7f5a36f1a000 rw-p 00000000 00:00 0 
7f5a36f1a000-7f5a36f1d000 ---p 00000000 00:00 0 
7f5a36f1d000-7f5a3701b000 rw-p 00000000 00:00 0 
7f5a3701b000-7f5a372f3000 r--p 00000000 08:04 5243882                    /usr/lib/locale/locale-archive
7f5a372f3000-7f5a372f6000 ---p 00000000 00:00 0 
7f5a372f6000-7f5a373f4000 rw-p 00000000 00:00 0 
7f5a373f4000-7f5a373f7000 ---p 00000000 00:00 0 
7f5a373f7000-7f5a374f5000 rw-p 00000000 00:00 0 
7f5a374f5000-7f5a374f6000 ---p 00000000 00:00 0 
7f5a374f6000-7f5a38000000 rw-p 00000000 00:00 0 
7f5a38000000-7f5a38021000 rw-p 00000000 00:00 0 
7f5a38021000-7f5a3c000000 ---p 00000000 00:00 0 
7f5a3c007000-7f5a3c00a000 ---p 00000000 00:00 0 
7f5a3c00a000-7f5a3c040000 rw-p 00000000 00:00 0 
7f5a3c040000-7f5a3c043000 r--s 00014000 08:04 5647391                    /usr/share/java/ant-commons-net-1.9.6.jar
7f5a3c043000-7f5a3c044000 r--s 00002000 08:04 5647378                    /usr/share/java/ant-antlr-1.9.6.jar
7f5a3c044000-7f5a3c045000 r--s 00001000 08:04 5647383                    /usr/share/java/ant-apache-xalan2-1.9.6.jar
7f5a3c045000-7f5a3c047000 r--s 00002000 08:04 5647388                    /usr/share/java/ant-jmf-1.9.6.jar
7f5a3c047000-7f5a3c049000 r--s 0001b000 08:04 5647381                    /usr/share/java/ant-junit-1.9.6.jar
7f5a3c049000-7f5a3c068000 r--s 001d1000 08:04 5647365                    /usr/share/java/ant-1.9.6.jar
7f5a3c068000-7f5a3c083000 r--s 001d6000 08:04 8132543                    /usr/lib/jvm/java-8-openjdk-amd64/jre/lib/ext/nashorn.jar
7f5a3c083000-7f5a3c09e000 r--s 00394000 08:04 8132549                    /usr/lib/jvm/java-8-openjdk-amd64/jre/lib/ext/cldrdata.jar
7f5a3c09e000-7f5a3c632000 rw-p 00000000 00:00 0 
7f5a3c632000-7f5a3c800000 r--s 03c06000 08:04 7864358                    /usr/lib/jvm/java-8-openjdk-amd64/jre/lib/rt.jar
7f5a3c800000-7f5a3d000000 rw-p 00000000 00:00 0 
7f5a3d000000-7f5a3dda0000 rwxp 00000000 00:00 0 
7f5a3dda0000-7f5a4c000000 ---p 00000000 00:00 0 
7f5a4c000000-7f5a4c662000 rw-p 00000000 00:00 0 
7f5a4c662000-7f5a50000000 ---p 00000000 00:00 0 
7f5a50000000-7f5a50001000 r--s 00006000 08:04 5647390                    /usr/share/java/ant-testutil-1.9.6.jar
7f5a50001000-7f5a50002000 r--s 00002000 08:04 5647376                    /usr/share/java/ant-apache-regexp-1.9.6.jar
7f5a50002000-7f5a50003000 r--s 00002000 08:04 5647387                    /usr/share/java/ant-apache-oro-1.9.6.jar
7f5a50003000-7f5a50004000 r--s 00002000 08:04 5647379                    /usr/share/java/ant-apache-bsf-1.9.6.jar
7f5a50004000-7f5a50005000 r--s 00003000 08:04 5647380                    /usr/share/java/ant-apache-bcel-1.9.6.jar
7f5a50005000-7f5a50006000 r--s 00002000 08:04 5647392                    /usr/share/java/ant-apache-resolver-1.9.6.jar
7f5a50006000-7f5a50008000 r--s 0000a000 08:04 5647375                    /usr/share/java/ant-jsch-1.9.6.jar
7f5a50008000-7f5a5000a000 r--s 00002000 08:04 5647389                    /usr/share/java/ant-junit4-1.9.6.jar
7f5a5000a000-7f5a5000b000 r--s 00004000 08:04 5647366                    /usr/share/java/ant-launcher-1.9.6.jar
7f5a5000b000-7f5a5000d000 r--s 00001000 08:04 5647385                    /usr/share/java/ant-apache-log4j-1.9.6.jar
7f5a5000d000-7f5a5000e000 r--s 00002000 08:04 5647382                    /usr/share/java/ant-commons-logging-1.9.6.jar
7f5a5000e000-7f5a5000f000 r--s 00003000 08:04 5647384                    /usr/share/java/ant-javamail-1.9.6.jar
7f5a5000f000-7f5a50019000 r--s 00116000 08:04 8132563                    /usr/lib/jvm/java-8-openjdk-amd64/jre/lib/ext/localedata.jar
7f5a50019000-7f5a520f6000 rw-p 00000000 00:00 0 
7f5a520f6000-7f5a520f7000 ---p 00000000 00:00 0 
7f5a520f7000-7f5a521f7000 rw-p 00000000 00:00 0 
7f5a521f7000-7f5a521f8000 ---p 00000000 00:00 0 
7f5a521f8000-7f5a522f8000 rw-p 00000000 00:00 0 
7f5a522f8000-7f5a522f9000 ---p 00000000 00:00 0 
7f5a522f9000-7f5a523f9000 rw-p 00000000 00:00 0 
7f5a523f9000-7f5a523fa000 ---p 00000000 00:00 0 
7f5a523fa000-7f5a5250f000 rw-p 00000000 00:00 0 
7f5a5250f000-7f5a5263e000 ---p 00000000 00:00 0 
7f5a5263e000-7f5a52653000 rw-p 00000000 00:00 0 
7f5a52653000-7f5a52782000 ---p 00000000 00:00 0 
7f5a52782000-7f5a527aa000 rw-p 00000000 00:00 0 
7f5a527aa000-7f5a52824000 ---p 00000000 00:00 0 
7f5a52824000-7f5a5285c000 rw-p 00000000 00:00 0 
7f5a5285c000-7f5a52be5000 ---p 00000000 00:00 0 
7f5a52be5000-7f5a52bed000 r-xp 00000000 08:04 8257634                    /usr/lib/jvm/java-8-openjdk-amd64/jre/lib/amd64/libzip.so
7f5a52bed000-7f5a52dec000 ---p 00008000 08:04 8257634                    /usr/lib/jvm/java-8-openjdk-amd64/jre/lib/amd64/libzip.so
7f5a52dec000-7f5a52ded000 r--p 00007000 08:04 8257634                    /usr/lib/jvm/java-8-openjdk-amd64/jre/lib/amd64/libzip.so
7f5a52ded000-7f5a52dee000 rw-p 00008000 08:04 8257634                    /usr/lib/jvm/java-8-openjdk-amd64/jre/lib/amd64/libzip.so
7f5a52dee000-7f5a52df9000 r-xp 00000000 08:04 3670956                    /lib/x86_64-linux-gnu/libnss_files-2.23.so
7f5a52df9000-7f5a52ff8000 ---p 0000b000 08:04 3670956                    /lib/x86_64-linux-gnu/libnss_files-2.23.so
7f5a52ff8000-7f5a52ff9000 r--p 0000a000 08:04 3670956                    /lib/x86_64-linux-gnu/libnss_files-2.23.so
7f5a52ff9000-7f5a52ffa000 rw-p 0000b000 08:04 3670956                    /lib/x86_64-linux-gnu/libnss_files-2.23.so
7f5a52ffa000-7f5a53000000 rw-p 00000000 00:00 0 
7f5a53000000-7f5a5300b000 r-xp 00000000 08:04 3670928                    /lib/x86_64-linux-gnu/libnss_nis-2.23.so
7f5a5300b000-7f5a5320a000 ---p 0000b000 08:04 3670928                    /lib/x86_64-linux-gnu/libnss_nis-2.23.so
7f5a5320a000-7f5a5320b000 r--p 0000a000 08:04 3670928                    /lib/x86_64-linux-gnu/libnss_nis-2.23.so
7f5a5320b000-7f5a5320c000 rw-p 0000b000 08:04 3670928                    /lib/x86_64-linux-gnu/libnss_nis-2.23.so
7f5a5320c000-7f5a53222000 r-xp 00000000 08:04 3670950                    /lib/x86_64-linux-gnu/libnsl-2.23.so
7f5a53222000-7f5a53421000 ---p 00016000 08:04 3670950                    /lib/x86_64-linux-gnu/libnsl-2.23.so
7f5a53421000-7f5a53422000 r--p 00015000 08:04 3670950                    /lib/x86_64-linux-gnu/libnsl-2.23.so
7f5a53422000-7f5a53423000 rw-p 00016000 08:04 3670950                    /lib/x86_64-linux-gnu/libnsl-2.23.so
7f5a53423000-7f5a53425000 rw-p 00000000 00:00 0 
7f5a53425000-7f5a5342d000 r-xp 00000000 08:04 3670952                    /lib/x86_64-linux-gnu/libnss_compat-2.23.so
7f5a5342d000-7f5a5362c000 ---p 00008000 08:04 3670952                    /lib/x86_64-linux-gnu/libnss_compat-2.23.so
7f5a5362c000-7f5a5362d000 r--p 00007000 08:04 3670952                    /lib/x86_64-linux-gnu/libnss_compat-2.23.so
7f5a5362d000-7f5a5362e000 rw-p 00008000 08:04 3670952                    /lib/x86_64-linux-gnu/libnss_compat-2.23.so
7f5a5362e000-7f5a5365b000 r-xp 00000000 08:04 8257780                    /usr/lib/jvm/java-8-openjdk-amd64/jre/lib/amd64/libjava.so
7f5a5365b000-7f5a5385a000 ---p 0002d000 08:04 8257780                    /usr/lib/jvm/java-8-openjdk-amd64/jre/lib/amd64/libjava.so
7f5a5385a000-7f5a5385b000 r--p 0002c000 08:04 8257780                    /usr/lib/jvm/java-8-openjdk-amd64/jre/lib/amd64/libjava.so
7f5a5385b000-7f5a5385d000 rw-p 0002d000 08:04 8257780                    /usr/lib/jvm/java-8-openjdk-amd64/jre/lib/amd64/libjava.so
7f5a5385d000-7f5a5386c000 r-xp 00000000 08:04 8257582                    /usr/lib/jvm/java-8-openjdk-amd64/jre/lib/amd64/libverify.so
7f5a5386c000-7f5a53a6b000 ---p 0000f000 08:04 8257582                    /usr/lib/jvm/java-8-openjdk-amd64/jre/lib/amd64/libverify.so
7f5a53a6b000-7f5a53a6d000 r--p 0000e000 08:04 8257582                    /usr/lib/jvm/java-8-openjdk-amd64/jre/lib/amd64/libverify.so
7f5a53a6d000-7f5a53a6e000 rw-p 00010000 08:04 8257582                    /usr/lib/jvm/java-8-openjdk-amd64/jre/lib/amd64/libverify.so
7f5a53a6e000-7f5a53a75000 r-xp 00000000 08:04 3670926                    /lib/x86_64-linux-gnu/librt-2.23.so
7f5a53a75000-7f5a53c74000 ---p 00007000 08:04 3670926                    /lib/x86_64-linux-gnu/librt-2.23.so
7f5a53c74000-7f5a53c75000 r--p 00006000 08:04 3670926                    /lib/x86_64-linux-gnu/librt-2.23.so
7f5a53c75000-7f5a53c76000 rw-p 00007000 08:04 3670926                    /lib/x86_64-linux-gnu/librt-2.23.so
7f5a53c76000-7f5a53c8c000 r-xp 00000000 08:04 3674212                    /lib/x86_64-linux-gnu/libgcc_s.so.1
7f5a53c8c000-7f5a53e8b000 ---p 00016000 08:04 3674212                    /lib/x86_64-linux-gnu/libgcc_s.so.1
7f5a53e8b000-7f5a53e8c000 rw-p 00015000 08:04 3674212                    /lib/x86_64-linux-gnu/libgcc_s.so.1
7f5a53e8c000-7f5a53f94000 r-xp 00000000 08:04 3670946                    /lib/x86_64-linux-gnu/libm-2.23.so
7f5a53f94000-7f5a54193000 ---p 00108000 08:04 3670946                    /lib/x86_64-linux-gnu/libm-2.23.so
7f5a54193000-7f5a54194000 r--p 00107000 08:04 3670946                    /lib/x86_64-linux-gnu/libm-2.23.so
7f5a54194000-7f5a54195000 rw-p 00108000 08:04 3670946                    /lib/x86_64-linux-gnu/libm-2.23.so
7f5a54195000-7f5a54307000 r-xp 00000000 08:04 5245011                    /usr/lib/x86_64-linux-gnu/libstdc++.so.6.0.21
7f5a54307000-7f5a54507000 ---p 00172000 08:04 5245011                    /usr/lib/x86_64-linux-gnu/libstdc++.so.6.0.21
7f5a54507000-7f5a54511000 r--p 00172000 08:04 5245011                    /usr/lib/x86_64-linux-gnu/libstdc++.so.6.0.21
7f5a54511000-7f5a54513000 rw-p 0017c000 08:04 5245011                    /usr/lib/x86_64-linux-gnu/libstdc++.so.6.0.21
7f5a54513000-7f5a54517000 rw-p 00000000 00:00 0 
7f5a54517000-7f5a55167000 r-xp 00000000 08:04 8388635                    /usr/lib/jvm/java-8-openjdk-amd64/jre/lib/amd64/server/libjvm.so
7f5a55167000-7f5a55366000 ---p 00c50000 08:04 8388635                    /usr/lib/jvm/java-8-openjdk-amd64/jre/lib/amd64/server/libjvm.so
7f5a55366000-7f5a553f9000 r--p 00c4f000 08:04 8388635                    /usr/lib/jvm/java-8-openjdk-amd64/jre/lib/amd64/server/libjvm.so
7f5a553f9000-7f5a55422000 rw-p 00ce2000 08:04 8388635                    /usr/lib/jvm/java-8-openjdk-amd64/jre/lib/amd64/server/libjvm.so
7f5a55422000-7f5a55452000 rw-p 00000000 00:00 0 
7f5a55452000-7f5a5546a000 r-xp 00000000 08:04 3670948                    /lib/x86_64-linux-gnu/libpthread-2.23.so
7f5a5546a000-7f5a55669000 ---p 00018000 08:04 3670948                    /lib/x86_64-linux-gnu/libpthread-2.23.so
7f5a55669000-7f5a5566a000 r--p 00017000 08:04 3670948                    /lib/x86_64-linux-gnu/libpthread-2.23.so
7f5a5566a000-7f5a5566b000 rw-p 00018000 08:04 3670948                    /lib/x86_64-linux-gnu/libpthread-2.23.so
7f5a5566b000-7f5a5566f000 rw-p 00000000 00:00 0 
7f5a5566f000-7f5a55672000 r-xp 00000000 08:04 3670934                    /lib/x86_64-linux-gnu/libdl-2.23.so
7f5a55672000-7f5a55871000 ---p 00003000 08:04 3670934                    /lib/x86_64-linux-gnu/libdl-2.23.so
7f5a55871000-7f5a55872000 r--p 00002000 08:04 3670934                    /lib/x86_64-linux-gnu/libdl-2.23.so
7f5a55872000-7f5a55873000 rw-p 00003000 08:04 3670934                    /lib/x86_64-linux-gnu/libdl-2.23.so
7f5a55873000-7f5a5588c000 r-xp 00000000 08:04 3670183                    /lib/x86_64-linux-gnu/libz.so.1.2.8
7f5a5588c000-7f5a55a8b000 ---p 00019000 08:04 3670183                    /lib/x86_64-linux-gnu/libz.so.1.2.8
7f5a55a8b000-7f5a55a8c000 r--p 00018000 08:04 3670183                    /lib/x86_64-linux-gnu/libz.so.1.2.8
7f5a55a8c000-7f5a55a8d000 rw-p 00019000 08:04 3670183                    /lib/x86_64-linux-gnu/libz.so.1.2.8
7f5a55a8d000-7f5a55c4c000 r-xp 00000000 08:04 3670936                    /lib/x86_64-linux-gnu/libc-2.23.so
7f5a55c4c000-7f5a55e4c000 ---p 001bf000 08:04 3670936                    /lib/x86_64-linux-gnu/libc-2.23.so
7f5a55e4c000-7f5a55e50000 r--p 001bf000 08:04 3670936                    /lib/x86_64-linux-gnu/libc-2.23.so
7f5a55e50000-7f5a55e52000 rw-p 001c3000 08:04 3670936                    /lib/x86_64-linux-gnu/libc-2.23.so
7f5a55e52000-7f5a55e56000 rw-p 00000000 00:00 0 
7f5a55e56000-7f5a55e63000 r-xp 00000000 08:04 8519684                    /usr/lib/jvm/java-8-openjdk-amd64/jre/lib/amd64/jli/libjli.so
7f5a55e63000-7f5a56063000 ---p 0000d000 08:04 8519684                    /usr/lib/jvm/java-8-openjdk-amd64/jre/lib/amd64/jli/libjli.so
7f5a56063000-7f5a56064000 r--p 0000d000 08:04 8519684                    /usr/lib/jvm/java-8-openjdk-amd64/jre/lib/amd64/jli/libjli.so
7f5a56064000-7f5a56065000 rw-p 0000e000 08:04 8519684                    /usr/lib/jvm/java-8-openjdk-amd64/jre/lib/amd64/jli/libjli.so
7f5a56065000-7f5a5608b000 r-xp 00000000 08:04 3670914                    /lib/x86_64-linux-gnu/ld-2.23.so
7f5a5608b000-7f5a56090000 r--s 0003b000 08:04 8132567                    /usr/lib/jvm/java-8-openjdk-amd64/jre/lib/ext/sunjce_provider.jar
7f5a56090000-7f5a56155000 rw-p 00000000 00:00 0 
7f5a56155000-7f5a56158000 ---p 00000000 00:00 0 
7f5a56158000-7f5a5625b000 rw-p 00000000 00:00 0 
7f5a5625b000-7f5a5625c000 r--s 00003000 08:04 5647386                    /usr/share/java/ant-jdepend-1.9.6.jar
7f5a5625c000-7f5a5625d000 r--s 00003000 08:04 5647377                    /usr/share/java/ant-swing-1.9.6.jar
7f5a5625d000-7f5a5625e000 r--s 00004000 08:04 5647366                    /usr/share/java/ant-launcher-1.9.6.jar
7f5a5625e000-7f5a56260000 r--s 00001000 08:04 8132547                    /usr/lib/jvm/java-8-openjdk-amd64/jre/lib/ext/dnsns.jar
7f5a56260000-7f5a56261000 r--s 0000a000 08:04 8132570                    /usr/lib/jvm/java-8-openjdk-amd64/jre/lib/ext/jaccess.jar
7f5a56261000-7f5a56262000 r--s 00010000 08:04 8132556                    /usr/lib/jvm/java-8-openjdk-amd64/jre/lib/ext/zipfs.jar
7f5a56262000-7f5a56264000 r--s 00008000 08:04 8132531                    /usr/lib/jvm/java-8-openjdk-amd64/jre/lib/ext/sunec.jar
7f5a56264000-7f5a56268000 r--s 00037000 08:04 8132562                    /usr/lib/jvm/java-8-openjdk-amd64/jre/lib/ext/sunpkcs11.jar
7f5a56268000-7f5a5626b000 r--s 0000f000 08:04 8132548                    /usr/lib/jvm/java-8-openjdk-amd64/jre/lib/ext/icedtea-sound.jar
7f5a5626b000-7f5a5627e000 rw-p 00000000 00:00 0 
7f5a5627e000-7f5a56286000 rw-s 00000000 08:04 3670266                    /tmp/hsperfdata_saurabh/4683
7f5a56286000-7f5a56287000 rw-p 00000000 00:00 0 
7f5a56287000-7f5a56288000 ---p 00000000 00:00 0 
7f5a56288000-7f5a5628a000 rw-p 00000000 00:00 0 
7f5a5628a000-7f5a5628b000 r--p 00025000 08:04 3670914                    /lib/x86_64-linux-gnu/ld-2.23.so
7f5a5628b000-7f5a5628c000 rw-p 00026000 08:04 3670914                    /lib/x86_64-linux-gnu/ld-2.23.so
7f5a5628c000-7f5a5628d000 rw-p 00000000 00:00 0 
7ffe8cad4000-7ffe8caf6000 rw-p 00000000 00:00 0                          [stack]
7ffe8cbf8000-7ffe8cbfa000 r--p 00000000 00:00 0                          [vvar]
7ffe8cbfa000-7ffe8cbfc000 r-xp 00000000 00:00 0                          [vdso]
ffffffffff600000-ffffffffff601000 r-xp 00000000 00:00 0                  [vsyscall]

VM Arguments:
jvm_args: -Dant.home=/usr/share/ant -Dant.library.dir=/usr/share/ant/lib 
java_command: org.apache.tools.ant.launch.Launcher -cp  java
java_class_path (initial): /usr/share/ant/lib/ant-launcher.jar
Launcher Type: SUN_STANDARD

Environment Variables:
PATH=/home/saurabh/SaurabhKumar/BeeWareVOC/PythonEnvironmets/VOC_Env/bin:/home/saurabh/anaconda2/bin:/home/saurabh/torch/install/bin:/home/saurabh/.pythonbrew/bin:/home/saurabh/.pythonbrew/bin:/home/saurabh/torch/install/bin:/usr/local/sbin:/usr/local/bin:/usr/sbin:/usr/bin:/sbin:/bin:/usr/games:/usr/local/games:/snap/bin:/usr/brlcad/bin
LD_LIBRARY_PATH=/home/saurabh/torch/install/lib:/home/saurabh/torch/install/lib:
SHELL=/bin/bash
DISPLAY=:0
DYLD_LIBRARY_PATH=/home/saurabh/torch/install/lib:/home/saurabh/torch/install/lib:

Signal Handlers:
SIGSEGV: [libjvm.so+0xa66fd0], sa_mask[0]=11111111011111111101111111111110, sa_flags=SA_RESTART|SA_SIGINFO
SIGBUS: [libjvm.so+0xa66fd0], sa_mask[0]=11111111011111111101111111111110, sa_flags=SA_RESTART|SA_SIGINFO
SIGFPE: [libjvm.so+0x8b0180], sa_mask[0]=11111111011111111101111111111110, sa_flags=SA_RESTART|SA_SIGINFO
SIGPIPE: [libjvm.so+0x8b0180], sa_mask[0]=11111111011111111101111111111110, sa_flags=SA_RESTART|SA_SIGINFO
SIGXFSZ: [libjvm.so+0x8b0180], sa_mask[0]=11111111011111111101111111111110, sa_flags=SA_RESTART|SA_SIGINFO
SIGILL: [libjvm.so+0x8b0180], sa_mask[0]=11111111011111111101111111111110, sa_flags=SA_RESTART|SA_SIGINFO
SIGUSR1: SIG_DFL, sa_mask[0]=00000000000000000000000000000000, sa_flags=none
SIGUSR2: [libjvm.so+0x8b0030], sa_mask[0]=00000000000000000000000000000000, sa_flags=SA_RESTART|SA_SIGINFO
SIGHUP: [libjvm.so+0x8b0500], sa_mask[0]=11111111011111111101111111111110, sa_flags=SA_RESTART|SA_SIGINFO
SIGINT: [libjvm.so+0x8b0500], sa_mask[0]=11111111011111111101111111111110, sa_flags=SA_RESTART|SA_SIGINFO
SIGTERM: [libjvm.so+0x8b0500], sa_mask[0]=11111111011111111101111111111110, sa_flags=SA_RESTART|SA_SIGINFO
SIGQUIT: [libjvm.so+0x8b0500], sa_mask[0]=11111111011111111101111111111110, sa_flags=SA_RESTART|SA_SIGINFO


---------------  S Y S T E M  ---------------

OS:DISTRIB_ID=Ubuntu
DISTRIB_RELEASE=16.04
DISTRIB_CODENAME=xenial
DISTRIB_DESCRIPTION="Ubuntu 16.04.2 LTS"

uname:Linux 4.4.0-65-generic #86-Ubuntu SMP Thu Feb 23 17:49:58 UTC 2017 x86_64
libc:glibc 2.23 NPTL 2.23 
rlimit: STACK 8192k, CORE 0k, NPROC 15392, NOFILE 65536, AS infinity
load average:12.88 8.01 3.87

/proc/meminfo:
MemTotal:        3980976 kB
MemFree:          112396 kB
MemAvailable:      22256 kB
Buffers:            1100 kB
Cached:           318112 kB
SwapCached:            0 kB
Active:          3374148 kB
Inactive:         293984 kB
Active(anon):    3370840 kB
Inactive(anon):   268156 kB
Active(file):       3308 kB
Inactive(file):    25828 kB
Unevictable:         176 kB
Mlocked:             176 kB
SwapTotal:             0 kB
SwapFree:              0 kB
Dirty:                40 kB
Writeback:             0 kB
AnonPages:       3349484 kB
Mapped:           123040 kB
Shmem:            289688 kB
Slab:              79560 kB
SReclaimable:      35652 kB
SUnreclaim:        43908 kB
KernelStack:       11312 kB
PageTables:        63332 kB
NFS_Unstable:          0 kB
Bounce:                0 kB
WritebackTmp:          0 kB
CommitLimit:     1990488 kB
Committed_AS:    8823648 kB
VmallocTotal:   34359738367 kB
VmallocUsed:           0 kB
VmallocChunk:          0 kB
HardwareCorrupted:     0 kB
AnonHugePages:   1253376 kB
CmaTotal:              0 kB
CmaFree:               0 kB
HugePages_Total:       0
HugePages_Free:        0
HugePages_Rsvd:        0
HugePages_Surp:        0
Hugepagesize:       2048 kB
DirectMap4k:      197312 kB
DirectMap2M:     3932160 kB
DirectMap1G:     1048576 kB


CPU:total 4 (2 cores per cpu, 2 threads per core) family 6 model 69 stepping 1, cmov, cx8, fxsr, mmx, sse, sse2, sse3, ssse3, sse4.1, sse4.2, popcnt, avx, avx2, aes, clmul, erms, lzcnt, ht, tsc, tscinvbit, bmi1, bmi2

/proc/cpuinfo:
processor	: 0
vendor_id	: GenuineIntel
cpu family	: 6
model		: 69
model name	: Intel(R) Core(TM) i3-4005U CPU @ 1.70GHz
stepping	: 1
microcode	: 0x1d
cpu MHz		: 899.738
cache size	: 3072 KB
physical id	: 0
siblings	: 4
core id		: 0
cpu cores	: 2
apicid		: 0
initial apicid	: 0
fpu		: yes
fpu_exception	: yes
cpuid level	: 13
wp		: yes
flags		: fpu vme de pse tsc msr pae mce cx8 apic sep mtrr pge mca cmov pat pse36 clflush dts acpi mmx fxsr sse sse2 ss ht tm pbe syscall nx pdpe1gb rdtscp lm constant_tsc arch_perfmon pebs bts rep_good nopl xtopology nonstop_tsc aperfmperf eagerfpu pni pclmulqdq dtes64 monitor ds_cpl vmx est tm2 ssse3 sdbg fma cx16 xtpr pdcm pcid sse4_1 sse4_2 movbe popcnt tsc_deadline_timer aes xsave avx f16c rdrand lahf_lm abm epb tpr_shadow vnmi flexpriority ept vpid fsgsbase tsc_adjust bmi1 avx2 smep bmi2 erms invpcid xsaveopt dtherm ida arat pln pts
bugs		:
bogomips	: 3392.08
clflush size	: 64
cache_alignment	: 64
address sizes	: 39 bits physical, 48 bits virtual
power management:

processor	: 1
vendor_id	: GenuineIntel
cpu family	: 6
model		: 69
model name	: Intel(R) Core(TM) i3-4005U CPU @ 1.70GHz
stepping	: 1
microcode	: 0x1d
cpu MHz		: 899.605
cache size	: 3072 KB
physical id	: 0
siblings	: 4
core id		: 0
cpu cores	: 2
apicid		: 1
initial apicid	: 1
fpu		: yes
fpu_exception	: yes
cpuid level	: 13
wp		: yes
flags		: fpu vme de pse tsc msr pae mce cx8 apic sep mtrr pge mca cmov pat pse36 clflush dts acpi mmx fxsr sse sse2 ss ht tm pbe syscall nx pdpe1gb rdtscp lm constant_tsc arch_perfmon pebs bts rep_good nopl xtopology nonstop_tsc aperfmperf eagerfpu pni pclmulqdq dtes64 monitor ds_cpl vmx est tm2 ssse3 sdbg fma cx16 xtpr pdcm pcid sse4_1 sse4_2 movbe popcnt tsc_deadline_timer aes xsave avx f16c rdrand lahf_lm abm epb tpr_shadow vnmi flexpriority ept vpid fsgsbase tsc_adjust bmi1 avx2 smep bmi2 erms invpcid xsaveopt dtherm ida arat pln pts
bugs		:
bogomips	: 3392.08
clflush size	: 64
cache_alignment	: 64
address sizes	: 39 bits physical, 48 bits virtual
power management:

processor	: 2
vendor_id	: GenuineIntel
cpu family	: 6
model		: 69
model name	: Intel(R) Core(TM) i3-4005U CPU @ 1.70GHz
stepping	: 1
microcode	: 0x1d
cpu MHz		: 899.671
cache size	: 3072 KB
physical id	: 0
siblings	: 4
core id		: 1
cpu cores	: 2
apicid		: 2
initial apicid	: 2
fpu		: yes
fpu_exception	: yes
cpuid level	: 13
wp		: yes
flags		: fpu vme de pse tsc msr pae mce cx8 apic sep mtrr pge mca cmov pat pse36 clflush dts acpi mmx fxsr sse sse2 ss ht tm pbe syscall nx pdpe1gb rdtscp lm constant_tsc arch_perfmon pebs bts rep_good nopl xtopology nonstop_tsc aperfmperf eagerfpu pni pclmulqdq dtes64 monitor ds_cpl vmx est tm2 ssse3 sdbg fma cx16 xtpr pdcm pcid sse4_1 sse4_2 movbe popcnt tsc_deadline_timer aes xsave avx f16c rdrand lahf_lm abm epb tpr_shadow vnmi flexpriority ept vpid fsgsbase tsc_adjust bmi1 avx2 smep bmi2 erms invpcid xsaveopt dtherm ida arat pln pts
bugs		:
bogomips	: 3392.08
clflush size	: 64
cache_alignment	: 64
address sizes	: 39 bits physical, 48 bits virtual
power management:

processor	: 3
vendor_id	: GenuineIntel
cpu family	: 6
model		: 69
model name	: Intel(R) Core(TM) i3-4005U CPU @ 1.70GHz
stepping	: 1
microcode	: 0x1d
cpu MHz		: 906.445
cache size	: 3072 KB
physical id	: 0
siblings	: 4
core id		: 1
cpu cores	: 2
apicid		: 3
initial apicid	: 3
fpu		: yes
fpu_exception	: yes
cpuid level	: 13
wp		: yes
flags		: fpu vme de pse tsc msr pae mce cx8 apic sep mtrr pge mca cmov pat pse36 clflush dts acpi mmx fxsr sse sse2 ss ht tm pbe syscall nx pdpe1gb rdtscp lm constant_tsc arch_perfmon pebs bts rep_good nopl xtopology nonstop_tsc aperfmperf eagerfpu pni pclmulqdq dtes64 monitor ds_cpl vmx est tm2 ssse3 sdbg fma cx16 xtpr pdcm pcid sse4_1 sse4_2 movbe popcnt tsc_deadline_timer aes xsave avx f16c rdrand lahf_lm abm epb tpr_shadow vnmi flexpriority ept vpid fsgsbase tsc_adjust bmi1 avx2 smep bmi2 erms invpcid xsaveopt dtherm ida arat pln pts
bugs		:
bogomips	: 3392.08
clflush size	: 64
cache_alignment	: 64
address sizes	: 39 bits physical, 48 bits virtual
power management:



Memory: 4k page, physical 3980976k(112396k free), swap 0k(0k free)

vm_info: OpenJDK 64-Bit Server VM (25.121-b13) for linux-amd64 JRE (1.8.0_121-8u121-b13-0ubuntu1.16.04.2-b13), built on Jan 23 2017 15:51:29 by "buildd" with gcc 5.4.0 20160609

time: Fri Mar  3 14:24:44 2017
elapsed time: 30 seconds (0d 0h 0m 30s)

